PARAFILE=1000_3.pnm, PROTOCOL=MPI, NODES= 2
TABLE NO.     1: MCMC Bayesian Analysis: Goal Function=AVERAGE VALUE OF LIKELIHOOD FUNCTION: Problem=1 Subproblem=0 Superproblem1=0 Iteration1=0 Superproblem2=0 Iteration2=0
 ITERATION        -1000
 STARTING SUBJECTS          1 TO       80 ON MANAGER: OK
 STARTING SUBJECTS         81 TO      160 ON WORKER1: OK
 COLLECTING SUBJECTS        1 TO       80 ON MANAGER
 COLLECTING SUBJECTS       81 TO      160 ON WORKER1
 Tot. mngr. proc.   Time for this  Iteration  (DDD:HH:MM:SS.DD) 000:00:00:00.02
 Total Load         Time for this  Iteration  (DDD:HH:MM:SS.DD) 000:00:00:00.00
 Total Computation  Time for this  Iteration  (DDD:HH:MM:SS.DD) 000:00:00:00.11
 Accum. mngr. proc. Time among all Iterations (DDD:HH:MM:SS.DD) 000:00:00:15.58
 Accumulated Load   Time among all Iterations (DDD:HH:MM:SS.DD) 000:00:00:01.77
 Accumulated Comp.  Time among all Iterations (DDD:HH:MM:SS.DD) 000:00:01:46.69
 Accumulated CPU    Time of present job       (DDD:HH:MM:SS.DD) 000:00:01:40.99

 ITERATION           -1
 STARTING SUBJECTS          1 TO       77 ON MANAGER: OK
 STARTING SUBJECTS         78 TO      160 ON WORKER1: OK
 COLLECTING SUBJECTS        1 TO       77 ON MANAGER
 COLLECTING SUBJECTS       78 TO      160 ON WORKER1
 Tot. mngr. proc.   Time for this  Iteration  (DDD:HH:MM:SS.DD) 000:00:00:00.02
 Total Load         Time for this  Iteration  (DDD:HH:MM:SS.DD) 000:00:00:00.00
 Total Computation  Time for this  Iteration  (DDD:HH:MM:SS.DD) 000:00:00:00.11
 Accum. mngr. proc. Time among all Iterations (DDD:HH:MM:SS.DD) 000:00:00:15.59
 Accumulated Load   Time among all Iterations (DDD:HH:MM:SS.DD) 000:00:00:01.77
 Accumulated Comp.  Time among all Iterations (DDD:HH:MM:SS.DD) 000:00:01:46.79
 Accumulated CPU    Time of present job       (DDD:HH:MM:SS.DD) 000:00:01:40.99

 ITERATION            0
 STARTING SUBJECTS          1 TO       77 ON MANAGER: OK
 STARTING SUBJECTS         78 TO      160 ON WORKER1: OK
 COLLECTING SUBJECTS        1 TO       77 ON MANAGER
 COLLECTING SUBJECTS       78 TO      160 ON WORKER1
 Tot. mngr. proc.   Time for this  Iteration  (DDD:HH:MM:SS.DD) 000:00:00:00.02
 Total Load         Time for this  Iteration  (DDD:HH:MM:SS.DD) 000:00:00:00.00
 Total Computation  Time for this  Iteration  (DDD:HH:MM:SS.DD) 000:00:00:00.11
 Accum. mngr. proc. Time among all Iterations (DDD:HH:MM:SS.DD) 000:00:02:52.14
 Accumulated Load   Time among all Iterations (DDD:HH:MM:SS.DD) 000:00:00:21.58
 Accumulated Comp.  Time among all Iterations (DDD:HH:MM:SS.DD) 000:00:19:45.45
 Accumulated CPU    Time of present job       (DDD:HH:MM:SS.DD) 000:00:22:58.82

 ITERATION        10000
 STARTING SUBJECTS          1 TO       75 ON MANAGER: OK
 STARTING SUBJECTS         76 TO      160 ON WORKER1: OK
 COLLECTING SUBJECTS        1 TO       75 ON MANAGER
 COLLECTING SUBJECTS       76 TO      160 ON WORKER1
 ITERATION        10000
 STARTING SUBJECTS          1 TO       75 ON MANAGER: OK
 STARTING SUBJECTS         76 TO      160 ON WORKER1: OK
 COLLECTING SUBJECTS        1 TO       75 ON MANAGER
 COLLECTING SUBJECTS       76 TO      160 ON WORKER1
PARAFILE=1000_3.pnm, PROTOCOL=MPI, NODES= 2
FNLETA STEP : Problem=1 Subproblem=0 Superproblem1=0 Iteration1=0 Superproblem2=0 Iteration2=0
 ITERATION            0
 STARTING SUBJECTS          1 TO       80 ON MANAGER: OK
 STARTING SUBJECTS         81 TO      160 ON WORKER1: OK
 COLLECTING SUBJECTS        1 TO       80 ON MANAGER
 COLLECTING SUBJECTS       81 TO      160 ON WORKER1
PARAFILE=1000_3.pnm, PROTOCOL=MPI, NODES= 2
WRES STEP : Problem=1 Subproblem=0 Superproblem1=0 Iteration1=0 Superproblem2=0 Iteration2=0
 ITERATION            0
 STARTING SUBJECTS          1 TO       80 ON MANAGER: OK
 STARTING SUBJECTS         81 TO      160 ON WORKER1: OK
 COLLECTING SUBJECTS        1 TO       80 ON MANAGER
 COLLECTING SUBJECTS       81 TO      160 ON WORKER1
 Tot. mngr. proc.   Time for this  Iteration  (DDD:HH:MM:SS.DD) 000:00:00:00.01
 Total Load         Time for this  Iteration  (DDD:HH:MM:SS.DD) 000:00:00:00.01
 Total Computation  Time for this  Iteration  (DDD:HH:MM:SS.DD) 000:00:00:00.02
 Accum. mngr. proc. Time among all Iterations (DDD:HH:MM:SS.DD) 000:00:00:00.01
 Accumulated Load   Time among all Iterations (DDD:HH:MM:SS.DD) 000:00:00:00.01
 Accumulated Comp.  Time among all Iterations (DDD:HH:MM:SS.DD) 000:00:00:00.02
 Accumulated CPU    Time of present job       (DDD:HH:MM:SS.DD) 000:00:22:58.82

 ITERATION            1
 STARTING SUBJECTS          1 TO       58 ON MANAGER: OK
 STARTING SUBJECTS         59 TO      160 ON WORKER1: OK
 COLLECTING SUBJECTS        1 TO       58 ON MANAGER
 COLLECTING SUBJECTS       59 TO      160 ON WORKER1
