Starting NMTRAN
  
 WARNINGS AND ERRORS (IF ANY) FOR PROBLEM    1
             
 (WARNING  2) NM-TRAN INFERS THAT THE DATA ARE POPULATION.

 (MU_WARNING 26) DATA ITEM(S) USED IN DEFINITION OF MU_(S) SHOULD BE CONSTANT FOR INDIV. REC.:
  WT
             
 (WARNING  121) INTERACTION IS IMPLIED WITH EM/BAYES ESTIMATION METHODS

 LIM VALUES MAXLIM ASSESSED BY NMTRAN: 1,2,3,4,5,6,7,8,10,11,13,15,16        
Recompiling certain components
 Minimum value for a list item exceeded:      1

 USING PARALLEL PROFILE 1000_3.pnm
 MPI TRANSFER TYPE SELECTED
Building NONMEM Executable
 Minimum value for a list item exceeded:      1
 Parallelization Warnings are in FPWARN
Starting MPI version of nonmem execution ...
Manager Location ip-10-128-46-46//data/bbr-nonmem-poppk-bayes/model/pk/1000/1000_3
 Minimum value for a list item exceeded:      1
 Parallelization Warnings are in FPWARN
License Registered to: Metrum Research Group (with RADAR5NM)
Expiration Date:    14 JUL 2023
Current Date:        2 NOV 2022
Days until program expires : 257
 Minimum value for a list item exceeded:      1
 Parallelization Warnings are in FPWARN


 Chain Method Processing


 Minimum value for a list item exceeded:      1
 Parallelization Warnings are in FPWARN


 MCMC Bayesian Analysis
 MONITORING OF SEARCH:

 Burn-in Mode
 iteration        -1000 MCMCOBJ=    35876.627809951773     
 iteration         -990 MCMCOBJ=    28986.003284386985     
 iteration         -980 MCMCOBJ=    28518.390248247135     
 iteration         -970 MCMCOBJ=    28275.150860298749     
 iteration         -960 MCMCOBJ=    28253.858478231115     
 iteration         -950 MCMCOBJ=    28227.919706022556     
 iteration         -940 MCMCOBJ=    28196.910791190705     
 iteration         -930 MCMCOBJ=    28183.992196416970     
 iteration         -920 MCMCOBJ=    28250.641491509785     
 iteration         -910 MCMCOBJ=    28164.567871861324     
 iteration         -900 MCMCOBJ=    28085.741337849951     
 iteration         -890 MCMCOBJ=    28196.508188819847     
 iteration         -880 MCMCOBJ=    28244.571535117964     
 iteration         -870 MCMCOBJ=    28256.977455112694     
 iteration         -860 MCMCOBJ=    28187.577618904244     
 iteration         -850 MCMCOBJ=    28170.627523581337     
 iteration         -840 MCMCOBJ=    28256.880496897891     
 iteration         -830 MCMCOBJ=    28183.696984724589     
 iteration         -820 MCMCOBJ=    28216.487381549436     
 iteration         -810 MCMCOBJ=    28197.552879479270     
 iteration         -800 MCMCOBJ=    28168.692740651248     
 iteration         -790 MCMCOBJ=    28181.648114914100     
 iteration         -780 MCMCOBJ=    28238.763592464045     
 iteration         -770 MCMCOBJ=    28203.407875948007     
 iteration         -760 MCMCOBJ=    28156.383827544614     
 iteration         -750 MCMCOBJ=    28169.489612988338     
 iteration         -740 MCMCOBJ=    28159.457900207704     
 iteration         -730 MCMCOBJ=    28178.072291518023     
 iteration         -720 MCMCOBJ=    28102.357842339523     
 iteration         -710 MCMCOBJ=    28197.141069548619     
 iteration         -700 MCMCOBJ=    28258.448249282006     
 iteration         -690 MCMCOBJ=    28169.661824794777     
 iteration         -680 MCMCOBJ=    28246.642795013453     
 iteration         -670 MCMCOBJ=    28170.622608166752     
 iteration         -660 MCMCOBJ=    28231.575241162533     
 iteration         -650 MCMCOBJ=    28249.671591245067     
 iteration         -640 MCMCOBJ=    28254.052737785409     
 iteration         -630 MCMCOBJ=    28213.547189680474     
 iteration         -620 MCMCOBJ=    28297.963905108958     
 iteration         -610 MCMCOBJ=    28152.303690196764     
 iteration         -600 MCMCOBJ=    28234.595647606624     
 iteration         -590 MCMCOBJ=    28239.876317280716     
 iteration         -580 MCMCOBJ=    28185.083443016170     
 iteration         -570 MCMCOBJ=    28178.866247673872     
 iteration         -560 MCMCOBJ=    28175.354664294966     
 iteration         -550 MCMCOBJ=    28263.825781867901     
 iteration         -540 MCMCOBJ=    28192.002266421910     
 iteration         -530 MCMCOBJ=    28197.036134419854     
 iteration         -520 MCMCOBJ=    28183.516161913340     
 iteration         -510 MCMCOBJ=    28175.840123627579     
 iteration         -500 MCMCOBJ=    28115.539057996106     
 iteration         -490 MCMCOBJ=    28113.547319501158     
 iteration         -480 MCMCOBJ=    28127.484157395022     
 iteration         -470 MCMCOBJ=    28232.145264586452     
 iteration         -460 MCMCOBJ=    28199.403688157636     
 iteration         -450 MCMCOBJ=    28107.121210493628     
 iteration         -440 MCMCOBJ=    28053.132799618717     
 iteration         -430 MCMCOBJ=    28156.048400502983     
 iteration         -420 MCMCOBJ=    28241.716799936043     
 iteration         -410 MCMCOBJ=    28234.308493653341     
 iteration         -400 MCMCOBJ=    28175.026125752844     
 iteration         -390 MCMCOBJ=    28189.470386108074     
 iteration         -380 MCMCOBJ=    28137.294149129928     
 iteration         -370 MCMCOBJ=    28140.940858798993     
 iteration         -360 MCMCOBJ=    28225.048767558910     
 iteration         -350 MCMCOBJ=    28139.417808857848     
 iteration         -340 MCMCOBJ=    28159.065216587376     
 iteration         -330 MCMCOBJ=    28142.210358823024     
 iteration         -320 MCMCOBJ=    28281.705219219497     
 iteration         -310 MCMCOBJ=    28336.045399815033     
 iteration         -300 MCMCOBJ=    28213.433181419437     
 iteration         -290 MCMCOBJ=    28234.884489925735     
 iteration         -280 MCMCOBJ=    28115.045076288159     
 iteration         -270 MCMCOBJ=    28222.145364778957     
 iteration         -260 MCMCOBJ=    28181.154840599367     
 iteration         -250 MCMCOBJ=    28216.442955550781     
 iteration         -240 MCMCOBJ=    28191.805326260728     
 iteration         -230 MCMCOBJ=    28184.219996829030     
 iteration         -220 MCMCOBJ=    28142.305295993869     
 iteration         -210 MCMCOBJ=    28195.233611657128     
 iteration         -200 MCMCOBJ=    28316.198636133213     
 iteration         -190 MCMCOBJ=    28248.904257683404     
 iteration         -180 MCMCOBJ=    28129.333741006409     
 iteration         -170 MCMCOBJ=    28240.831849560596     
 iteration         -160 MCMCOBJ=    28173.501687498578     
 iteration         -150 MCMCOBJ=    28161.959864024124     
 iteration         -140 MCMCOBJ=    28213.112214358742     
 iteration         -130 MCMCOBJ=    28177.640886772660     
 iteration         -120 MCMCOBJ=    28189.469552117098     
 iteration         -110 MCMCOBJ=    28247.222258647820     
 iteration         -100 MCMCOBJ=    28214.321591931068     
 iteration          -90 MCMCOBJ=    28276.189421766670     
 iteration          -80 MCMCOBJ=    28222.269099149424     
 iteration          -70 MCMCOBJ=    28226.664832759969     
 iteration          -60 MCMCOBJ=    28270.042948108123     
 iteration          -50 MCMCOBJ=    28282.786246471311     
 iteration          -40 MCMCOBJ=    28246.537174096626     
 iteration          -30 MCMCOBJ=    28317.069604209744     
 iteration          -20 MCMCOBJ=    28177.847852702522     
 iteration          -10 MCMCOBJ=    28155.256174883900     
 Sampling Mode
 iteration            0 MCMCOBJ=    28157.512306257238     
 iteration           10 MCMCOBJ=    28264.688845503242     
 iteration           20 MCMCOBJ=    28196.799603595337     
 iteration           30 MCMCOBJ=    28117.546403293192     
 iteration           40 MCMCOBJ=    28118.564266577880     
 iteration           50 MCMCOBJ=    28203.828415570082     
 iteration           60 MCMCOBJ=    28244.518894360626     
 iteration           70 MCMCOBJ=    28278.799283195753     
 iteration           80 MCMCOBJ=    28197.730725838723     
 iteration           90 MCMCOBJ=    28197.648333635214     
 iteration          100 MCMCOBJ=    28171.479290483108     
 iteration          110 MCMCOBJ=    28186.173710043800     
 iteration          120 MCMCOBJ=    28183.303840294084     
 iteration          130 MCMCOBJ=    28203.741908352604     
 iteration          140 MCMCOBJ=    28168.073344939399     
 iteration          150 MCMCOBJ=    28255.065437688529     
 iteration          160 MCMCOBJ=    28276.008854166947     
 iteration          170 MCMCOBJ=    28148.246140333711     
 iteration          180 MCMCOBJ=    28146.382893957889     
 iteration          190 MCMCOBJ=    28103.038821276979     
 iteration          200 MCMCOBJ=    28142.685380628649     
 iteration          210 MCMCOBJ=    28147.681795299490     
 iteration          220 MCMCOBJ=    28218.610065505352     
 iteration          230 MCMCOBJ=    28234.358794155833     
 iteration          240 MCMCOBJ=    28249.424747764111     
 iteration          250 MCMCOBJ=    28218.839067718996     
 iteration          260 MCMCOBJ=    28201.610850851655     
 iteration          270 MCMCOBJ=    28179.530982071694     
 iteration          280 MCMCOBJ=    28164.185207841936     
 iteration          290 MCMCOBJ=    28233.083694492765     
 iteration          300 MCMCOBJ=    28094.001675280546     
 iteration          310 MCMCOBJ=    28223.950479291063     
 iteration          320 MCMCOBJ=    28168.421823700304     
 iteration          330 MCMCOBJ=    28144.337201091210     
 iteration          340 MCMCOBJ=    28156.226297739620     
 iteration          350 MCMCOBJ=    28220.811278139150     
 iteration          360 MCMCOBJ=    28148.000117412845     
 iteration          370 MCMCOBJ=    28205.897460563920     
 iteration          380 MCMCOBJ=    28216.112056755686     
 iteration          390 MCMCOBJ=    28159.062314019058     
 iteration          400 MCMCOBJ=    28260.492548300575     
 iteration          410 MCMCOBJ=    28192.244021718125     
 iteration          420 MCMCOBJ=    28201.870118477629     
 iteration          430 MCMCOBJ=    28136.457146653946     
 iteration          440 MCMCOBJ=    28193.037529030062     
 iteration          450 MCMCOBJ=    28186.967476094575     
 iteration          460 MCMCOBJ=    28147.514755497599     
 iteration          470 MCMCOBJ=    28189.736994766728     
 iteration          480 MCMCOBJ=    28215.547721720242     
 iteration          490 MCMCOBJ=    28147.788951977043     
 iteration          500 MCMCOBJ=    28239.404062942227     
 iteration          510 MCMCOBJ=    28201.422334522929     
 iteration          520 MCMCOBJ=    28188.771200426676     
 iteration          530 MCMCOBJ=    28084.607159832776     
 iteration          540 MCMCOBJ=    28161.031054608538     
 iteration          550 MCMCOBJ=    28183.177021139534     
 iteration          560 MCMCOBJ=    28203.361103038740     
 iteration          570 MCMCOBJ=    28223.683443202961     
 iteration          580 MCMCOBJ=    28258.316293661544     
 iteration          590 MCMCOBJ=    28242.452930781506     
 iteration          600 MCMCOBJ=    28291.591257517430     
 iteration          610 MCMCOBJ=    28209.586696675386     
 iteration          620 MCMCOBJ=    28312.904576590954     
 iteration          630 MCMCOBJ=    28161.938993439318     
 iteration          640 MCMCOBJ=    28272.780353666494     
 iteration          650 MCMCOBJ=    28229.999716409835     
 iteration          660 MCMCOBJ=    28190.866166972115     
 iteration          670 MCMCOBJ=    28111.039060087413     
 iteration          680 MCMCOBJ=    28219.746177305791     
 iteration          690 MCMCOBJ=    28244.550462089694     
 iteration          700 MCMCOBJ=    28202.368489434364     
 iteration          710 MCMCOBJ=    28197.478895829041     
 iteration          720 MCMCOBJ=    28221.745289148006     
 iteration          730 MCMCOBJ=    28204.557134783190     
 iteration          740 MCMCOBJ=    28271.855602857308     
 iteration          750 MCMCOBJ=    28120.145759920681     
 iteration          760 MCMCOBJ=    28179.936286387529     
 iteration          770 MCMCOBJ=    28199.278963913574     
 iteration          780 MCMCOBJ=    28187.978260696560     
 iteration          790 MCMCOBJ=    28198.941486390206     
 iteration          800 MCMCOBJ=    28163.303797166325     
 iteration          810 MCMCOBJ=    28118.404905396648     
 iteration          820 MCMCOBJ=    28130.158442459160     
 iteration          830 MCMCOBJ=    28182.728405270431     
 iteration          840 MCMCOBJ=    28192.996724278855     
 iteration          850 MCMCOBJ=    28142.876943038813     
 iteration          860 MCMCOBJ=    28217.030419413059     
 iteration          870 MCMCOBJ=    28170.430330735791     
 iteration          880 MCMCOBJ=    28203.825294509526     
 iteration          890 MCMCOBJ=    28150.219574478040     
 iteration          900 MCMCOBJ=    28199.269339514340     
 iteration          910 MCMCOBJ=    28120.148944343739     
 iteration          920 MCMCOBJ=    28203.905307678655     
 iteration          930 MCMCOBJ=    28178.334041514197     
 iteration          940 MCMCOBJ=    28221.987024641614     
 iteration          950 MCMCOBJ=    28217.350962016913     
 iteration          960 MCMCOBJ=    28171.951493495715     
 iteration          970 MCMCOBJ=    28197.161707538413     
 iteration          980 MCMCOBJ=    28265.794470218203     
 iteration          990 MCMCOBJ=    28169.132655786576     
 iteration         1000 MCMCOBJ=    28203.173114386922     
 iteration         1010 MCMCOBJ=    28241.585628571265     
 iteration         1020 MCMCOBJ=    28282.425998470055     
 iteration         1030 MCMCOBJ=    28198.927167730257     
 iteration         1040 MCMCOBJ=    28225.155753728202     
 iteration         1050 MCMCOBJ=    28280.996511829249     
 iteration         1060 MCMCOBJ=    28158.727296081466     
 iteration         1070 MCMCOBJ=    28145.476100811225     
 iteration         1080 MCMCOBJ=    28170.324038891787     
 iteration         1090 MCMCOBJ=    28185.385044262213     
 iteration         1100 MCMCOBJ=    28129.071461724874     
 iteration         1110 MCMCOBJ=    28236.397573114027     
 iteration         1120 MCMCOBJ=    28156.027856603865     
 iteration         1130 MCMCOBJ=    28184.724142076993     
 iteration         1140 MCMCOBJ=    28205.276849456528     
 iteration         1150 MCMCOBJ=    28150.659021648124     
 iteration         1160 MCMCOBJ=    28233.413882695055     
 iteration         1170 MCMCOBJ=    28227.593474558234     
 iteration         1180 MCMCOBJ=    28234.390356294378     
 iteration         1190 MCMCOBJ=    28115.506583714683     
 iteration         1200 MCMCOBJ=    28235.587249376338     
 iteration         1210 MCMCOBJ=    28213.489973410007     
 iteration         1220 MCMCOBJ=    28184.796302697898     
 iteration         1230 MCMCOBJ=    28199.378761166223     
 iteration         1240 MCMCOBJ=    28190.364366377871     
 iteration         1250 MCMCOBJ=    28215.824970396283     
 iteration         1260 MCMCOBJ=    28219.531639694644     
 iteration         1270 MCMCOBJ=    28201.053579955373     
 iteration         1280 MCMCOBJ=    28235.336676786850     
 iteration         1290 MCMCOBJ=    28180.307454636888     
 iteration         1300 MCMCOBJ=    28266.639342265422     
 iteration         1310 MCMCOBJ=    28200.522395329754     
 iteration         1320 MCMCOBJ=    28273.002812476185     
 iteration         1330 MCMCOBJ=    28212.502176748054     
 iteration         1340 MCMCOBJ=    28248.826718509168     
 iteration         1350 MCMCOBJ=    28192.851384928035     
 iteration         1360 MCMCOBJ=    28213.006007829907     
 iteration         1370 MCMCOBJ=    28209.351635711384     
 iteration         1380 MCMCOBJ=    28130.866948232419     
 iteration         1390 MCMCOBJ=    28110.478268953018     
 iteration         1400 MCMCOBJ=    28165.994686914142     
 iteration         1410 MCMCOBJ=    28172.712558340554     
 iteration         1420 MCMCOBJ=    28235.248301952437     
 iteration         1430 MCMCOBJ=    28226.955423670050     
 iteration         1440 MCMCOBJ=    28184.060757138977     
 iteration         1450 MCMCOBJ=    28218.667830872251     
 iteration         1460 MCMCOBJ=    28263.976082154375     
 iteration         1470 MCMCOBJ=    28179.680810984741     
 iteration         1480 MCMCOBJ=    28085.365997578745     
 iteration         1490 MCMCOBJ=    28207.767237846085     
 iteration         1500 MCMCOBJ=    28243.934673056461     
 iteration         1510 MCMCOBJ=    28132.775097133690     
 iteration         1520 MCMCOBJ=    28186.471253795447     
 iteration         1530 MCMCOBJ=    28220.490245215813     
 iteration         1540 MCMCOBJ=    28200.906096095729     
 iteration         1550 MCMCOBJ=    28147.946284067606     
 iteration         1560 MCMCOBJ=    28257.916375559202     
 iteration         1570 MCMCOBJ=    28129.976277559977     
 iteration         1580 MCMCOBJ=    28165.931425645758     
 iteration         1590 MCMCOBJ=    28193.699036647842     
 iteration         1600 MCMCOBJ=    28248.140365062744     
 iteration         1610 MCMCOBJ=    28111.455303952873     
 iteration         1620 MCMCOBJ=    28273.407242846777     
 iteration         1630 MCMCOBJ=    28283.384016939366     
 iteration         1640 MCMCOBJ=    28189.803545144165     
 iteration         1650 MCMCOBJ=    28251.253856544568     
 iteration         1660 MCMCOBJ=    28255.087145889440     
 iteration         1670 MCMCOBJ=    28210.400737615899     
 iteration         1680 MCMCOBJ=    28261.916488538591     
 iteration         1690 MCMCOBJ=    28179.493860159124     
 iteration         1700 MCMCOBJ=    28210.007128781010     
 iteration         1710 MCMCOBJ=    28259.080164874351     
 iteration         1720 MCMCOBJ=    28183.268224969815     
 iteration         1730 MCMCOBJ=    28179.927047057834     
 iteration         1740 MCMCOBJ=    28147.409153896988     
 iteration         1750 MCMCOBJ=    28170.413777618400     
 iteration         1760 MCMCOBJ=    28213.840912499378     
 iteration         1770 MCMCOBJ=    28177.068858188020     
 iteration         1780 MCMCOBJ=    28253.462652699844     
 iteration         1790 MCMCOBJ=    28187.066588920898     
 iteration         1800 MCMCOBJ=    28259.488053234840     
 iteration         1810 MCMCOBJ=    28245.550390042346     
 iteration         1820 MCMCOBJ=    28188.828799190505     
 iteration         1830 MCMCOBJ=    28204.116549566115     
 iteration         1840 MCMCOBJ=    28164.446108741176     
 iteration         1850 MCMCOBJ=    28213.809204677436     
 iteration         1860 MCMCOBJ=    28229.688130174814     
 iteration         1870 MCMCOBJ=    28158.906006251895     
 iteration         1880 MCMCOBJ=    28295.112593511414     
 iteration         1890 MCMCOBJ=    28205.021217901191     
 iteration         1900 MCMCOBJ=    28160.498489617563     
 iteration         1910 MCMCOBJ=    28184.012168759804     
 iteration         1920 MCMCOBJ=    28244.090879716314     
 iteration         1930 MCMCOBJ=    28167.424659649150     
 iteration         1940 MCMCOBJ=    28244.444138279014     
 iteration         1950 MCMCOBJ=    28245.463530744441     
 iteration         1960 MCMCOBJ=    28165.078254116204     
 iteration         1970 MCMCOBJ=    28206.138005414890     
 iteration         1980 MCMCOBJ=    28228.125832283018     
 iteration         1990 MCMCOBJ=    28296.057419000816     
 iteration         2000 MCMCOBJ=    28207.956575388962     
 iteration         2010 MCMCOBJ=    28105.072396901240     
 iteration         2020 MCMCOBJ=    28078.955377939110     
 iteration         2030 MCMCOBJ=    28112.449113758983     
 iteration         2040 MCMCOBJ=    28141.914506506044     
 iteration         2050 MCMCOBJ=    28190.177130002638     
 iteration         2060 MCMCOBJ=    28137.962875380494     
 iteration         2070 MCMCOBJ=    28215.563775656199     
 iteration         2080 MCMCOBJ=    28173.251828108092     
 iteration         2090 MCMCOBJ=    28261.969101976887     
 iteration         2100 MCMCOBJ=    28308.849798943247     
 iteration         2110 MCMCOBJ=    28299.900223298850     
 iteration         2120 MCMCOBJ=    28159.697225275992     
 iteration         2130 MCMCOBJ=    28215.267529002133     
 iteration         2140 MCMCOBJ=    28291.234606665927     
 iteration         2150 MCMCOBJ=    28173.242956493017     
 iteration         2160 MCMCOBJ=    28224.080882242779     
 iteration         2170 MCMCOBJ=    28163.316303446689     
 iteration         2180 MCMCOBJ=    28188.141696102855     
 iteration         2190 MCMCOBJ=    28202.973808759863     
 iteration         2200 MCMCOBJ=    28228.932279403190     
 iteration         2210 MCMCOBJ=    28217.923359647215     
 iteration         2220 MCMCOBJ=    28142.496841130487     
 iteration         2230 MCMCOBJ=    28214.360673039449     
 iteration         2240 MCMCOBJ=    28135.455751748825     
 iteration         2250 MCMCOBJ=    28203.972037293352     
 iteration         2260 MCMCOBJ=    28151.085953954553     
 iteration         2270 MCMCOBJ=    28202.901403890777     
 iteration         2280 MCMCOBJ=    28290.089629367423     
 iteration         2290 MCMCOBJ=    28143.970644424000     
 iteration         2300 MCMCOBJ=    28212.250735648289     
 iteration         2310 MCMCOBJ=    28173.189517376846     
 iteration         2320 MCMCOBJ=    28254.591921345513     
 iteration         2330 MCMCOBJ=    28163.435510186711     
 iteration         2340 MCMCOBJ=    28282.395933862284     
 iteration         2350 MCMCOBJ=    28194.645051638927     
 iteration         2360 MCMCOBJ=    28205.537819916637     
 iteration         2370 MCMCOBJ=    28156.885950885535     
 iteration         2380 MCMCOBJ=    28195.179521124344     
 iteration         2390 MCMCOBJ=    28235.211705675672     
 iteration         2400 MCMCOBJ=    28209.551470251245     
 iteration         2410 MCMCOBJ=    28314.234785226636     
 iteration         2420 MCMCOBJ=    28164.689130030973     
 iteration         2430 MCMCOBJ=    28289.396429543176     
 iteration         2440 MCMCOBJ=    28224.434279019184     
 iteration         2450 MCMCOBJ=    28271.822045083944     
 iteration         2460 MCMCOBJ=    28228.846722228023     
 iteration         2470 MCMCOBJ=    28208.215635687724     
 iteration         2480 MCMCOBJ=    28205.449761619831     
 iteration         2490 MCMCOBJ=    28192.503198290586     
 iteration         2500 MCMCOBJ=    28174.159503741921     
 iteration         2510 MCMCOBJ=    28175.397319227690     
 iteration         2520 MCMCOBJ=    28124.858272111909     
 iteration         2530 MCMCOBJ=    28145.428874484358     
 iteration         2540 MCMCOBJ=    28215.325102162642     
 iteration         2550 MCMCOBJ=    28310.704924364480     
 iteration         2560 MCMCOBJ=    28203.910014255838     
 iteration         2570 MCMCOBJ=    28241.009876164328     
 iteration         2580 MCMCOBJ=    28198.353049965317     
 iteration         2590 MCMCOBJ=    28098.334056473137     
 iteration         2600 MCMCOBJ=    28202.270976654065     
 iteration         2610 MCMCOBJ=    28201.356230866888     
 iteration         2620 MCMCOBJ=    28250.506246143355     
 iteration         2630 MCMCOBJ=    28131.377006648741     
 iteration         2640 MCMCOBJ=    28214.528586208162     
 iteration         2650 MCMCOBJ=    28192.944332412375     
 iteration         2660 MCMCOBJ=    28276.109942915249     
 iteration         2670 MCMCOBJ=    28155.172364632323     
 iteration         2680 MCMCOBJ=    28206.811066519760     
 iteration         2690 MCMCOBJ=    28208.693858807139     
 iteration         2700 MCMCOBJ=    28132.346641695527     
 iteration         2710 MCMCOBJ=    28263.110701694091     
 iteration         2720 MCMCOBJ=    28281.989919980497     
 iteration         2730 MCMCOBJ=    28250.575365736542     
 iteration         2740 MCMCOBJ=    28219.546860725681     
 iteration         2750 MCMCOBJ=    28251.383459004519     
 iteration         2760 MCMCOBJ=    28246.705186098818     
 iteration         2770 MCMCOBJ=    28235.830491237684     
 iteration         2780 MCMCOBJ=    28181.497933449420     
 iteration         2790 MCMCOBJ=    28245.539367937668     
 iteration         2800 MCMCOBJ=    28245.394812185510     
 iteration         2810 MCMCOBJ=    28229.053145469119     
 iteration         2820 MCMCOBJ=    28168.931224350847     
 iteration         2830 MCMCOBJ=    28248.035352457777     
 iteration         2840 MCMCOBJ=    28220.971292837996     
 iteration         2850 MCMCOBJ=    28260.940917822474     
 iteration         2860 MCMCOBJ=    28237.584710548628     
 iteration         2870 MCMCOBJ=    28113.054219522277     
 iteration         2880 MCMCOBJ=    28145.624265081875     
 iteration         2890 MCMCOBJ=    28242.481747547783     
 iteration         2900 MCMCOBJ=    28208.672221147030     
 iteration         2910 MCMCOBJ=    28160.821136903396     
 iteration         2920 MCMCOBJ=    28244.541493331657     
 iteration         2930 MCMCOBJ=    28197.060445052612     
 iteration         2940 MCMCOBJ=    28189.931504192809     
 iteration         2950 MCMCOBJ=    28181.803272773595     
 iteration         2960 MCMCOBJ=    28199.626181011266     
 iteration         2970 MCMCOBJ=    28168.492730686346     
 iteration         2980 MCMCOBJ=    28183.882224470708     
 iteration         2990 MCMCOBJ=    28250.624441307300     
 iteration         3000 MCMCOBJ=    28131.966832870730     
 iteration         3010 MCMCOBJ=    28078.793604896331     
 iteration         3020 MCMCOBJ=    28172.729937800985     
 iteration         3030 MCMCOBJ=    28176.654969103030     
 iteration         3040 MCMCOBJ=    28114.368598107703     
 iteration         3050 MCMCOBJ=    28217.812988007758     
 iteration         3060 MCMCOBJ=    28264.657657283238     
 iteration         3070 MCMCOBJ=    28202.411203655127     
 iteration         3080 MCMCOBJ=    28147.807842440205     
 iteration         3090 MCMCOBJ=    28161.405235810686     
 iteration         3100 MCMCOBJ=    28200.170493178830     
 iteration         3110 MCMCOBJ=    28213.317289970691     
 iteration         3120 MCMCOBJ=    28195.648297423479     
 iteration         3130 MCMCOBJ=    28199.807486637121     
 iteration         3140 MCMCOBJ=    28229.292231414020     
 iteration         3150 MCMCOBJ=    28216.493312137540     
 iteration         3160 MCMCOBJ=    28207.475544386012     
 iteration         3170 MCMCOBJ=    28140.936395651170     
 iteration         3180 MCMCOBJ=    28154.811826134141     
 iteration         3190 MCMCOBJ=    28239.263955930139     
 iteration         3200 MCMCOBJ=    28107.680749001916     
 iteration         3210 MCMCOBJ=    28130.065281011630     
 iteration         3220 MCMCOBJ=    28131.011784977436     
 iteration         3230 MCMCOBJ=    28134.425309522503     
 iteration         3240 MCMCOBJ=    28126.888843408262     
 iteration         3250 MCMCOBJ=    28200.084158302652     
 iteration         3260 MCMCOBJ=    28215.350411516076     
 iteration         3270 MCMCOBJ=    28265.896697415345     
 iteration         3280 MCMCOBJ=    28155.558683551390     
 iteration         3290 MCMCOBJ=    28124.803272898029     
 iteration         3300 MCMCOBJ=    28197.156321320243     
 iteration         3310 MCMCOBJ=    28188.515880212555     
 iteration         3320 MCMCOBJ=    28197.123530236680     
 iteration         3330 MCMCOBJ=    28128.644533841016     
 iteration         3340 MCMCOBJ=    28231.311446084754     
 iteration         3350 MCMCOBJ=    28168.978315495082     
 iteration         3360 MCMCOBJ=    28266.660792205661     
 iteration         3370 MCMCOBJ=    28218.664635815054     
 iteration         3380 MCMCOBJ=    28103.997000968953     
 iteration         3390 MCMCOBJ=    28193.821212209517     
 iteration         3400 MCMCOBJ=    28238.683513732296     
 iteration         3410 MCMCOBJ=    28172.595191284188     
 iteration         3420 MCMCOBJ=    28152.028482007692     
 iteration         3430 MCMCOBJ=    28218.767852940018     
 iteration         3440 MCMCOBJ=    28230.002861827757     
 iteration         3450 MCMCOBJ=    28139.355675569543     
 iteration         3460 MCMCOBJ=    28163.602679600805     
 iteration         3470 MCMCOBJ=    28118.156977301212     
 iteration         3480 MCMCOBJ=    28254.528252507400     
 iteration         3490 MCMCOBJ=    28188.735136015603     
 iteration         3500 MCMCOBJ=    28085.215426913546     
 iteration         3510 MCMCOBJ=    28094.286200422557     
 iteration         3520 MCMCOBJ=    28232.554248282853     
 iteration         3530 MCMCOBJ=    28165.155347744687     
 iteration         3540 MCMCOBJ=    28198.022278808254     
 iteration         3550 MCMCOBJ=    28160.910589853294     
 iteration         3560 MCMCOBJ=    28199.952167480533     
 iteration         3570 MCMCOBJ=    28145.558484556379     
 iteration         3580 MCMCOBJ=    28235.367681476419     
 iteration         3590 MCMCOBJ=    28249.394742850658     
 iteration         3600 MCMCOBJ=    28209.603705017533     
 iteration         3610 MCMCOBJ=    28134.551283213132     
 iteration         3620 MCMCOBJ=    28127.181909050611     
 iteration         3630 MCMCOBJ=    28158.969920359024     
 iteration         3640 MCMCOBJ=    28198.112420013291     
 iteration         3650 MCMCOBJ=    28206.334162623421     
 iteration         3660 MCMCOBJ=    28162.856163968507     
 iteration         3670 MCMCOBJ=    28162.876091161892     
 iteration         3680 MCMCOBJ=    28181.674240633791     
 iteration         3690 MCMCOBJ=    28181.604350289781     
 iteration         3700 MCMCOBJ=    28222.308002027803     
 iteration         3710 MCMCOBJ=    28183.170550322866     
 iteration         3720 MCMCOBJ=    28166.700637583148     
 iteration         3730 MCMCOBJ=    28137.216790854804     
 iteration         3740 MCMCOBJ=    28261.020106307038     
 iteration         3750 MCMCOBJ=    28191.477332454302     
 iteration         3760 MCMCOBJ=    28195.360195288660     
 iteration         3770 MCMCOBJ=    28162.132815084031     
 iteration         3780 MCMCOBJ=    28197.659112162226     
 iteration         3790 MCMCOBJ=    28195.939876258421     
 iteration         3800 MCMCOBJ=    28086.316015982586     
 iteration         3810 MCMCOBJ=    28134.849974274803     
 iteration         3820 MCMCOBJ=    28278.571730832617     
 iteration         3830 MCMCOBJ=    28224.096865790023     
 iteration         3840 MCMCOBJ=    28203.026198121901     
 iteration         3850 MCMCOBJ=    28280.415723560211     
 iteration         3860 MCMCOBJ=    28164.493444193744     
 iteration         3870 MCMCOBJ=    28182.568643216749     
 iteration         3880 MCMCOBJ=    28204.096433885210     
 iteration         3890 MCMCOBJ=    28260.851686547438     
 iteration         3900 MCMCOBJ=    28242.502100682774     
 iteration         3910 MCMCOBJ=    28224.407146232057     
 iteration         3920 MCMCOBJ=    28166.332091976001     
 iteration         3930 MCMCOBJ=    28299.548006361121     
 iteration         3940 MCMCOBJ=    28140.294062656394     
 iteration         3950 MCMCOBJ=    28177.360215341123     
 iteration         3960 MCMCOBJ=    28209.035336741883     
 iteration         3970 MCMCOBJ=    28102.720233330441     
 iteration         3980 MCMCOBJ=    28227.910010713080     
 iteration         3990 MCMCOBJ=    28232.375211976974     
 iteration         4000 MCMCOBJ=    28320.653966038877     
 iteration         4010 MCMCOBJ=    28224.121674431728     
 iteration         4020 MCMCOBJ=    28186.250866782873     
 iteration         4030 MCMCOBJ=    28218.375525004820     
 iteration         4040 MCMCOBJ=    28203.166824797507     
 iteration         4050 MCMCOBJ=    28262.274209755302     
 iteration         4060 MCMCOBJ=    28175.033683808600     
 iteration         4070 MCMCOBJ=    28190.550415116220     
 iteration         4080 MCMCOBJ=    28155.506188739571     
 iteration         4090 MCMCOBJ=    28250.954478650987     
 iteration         4100 MCMCOBJ=    28162.475713269130     
 iteration         4110 MCMCOBJ=    28206.878557784043     
 iteration         4120 MCMCOBJ=    28216.167099679777     
 iteration         4130 MCMCOBJ=    28202.996373268219     
 iteration         4140 MCMCOBJ=    28162.179538393852     
 iteration         4150 MCMCOBJ=    28265.553557660041     
 iteration         4160 MCMCOBJ=    28224.174773235423     
 iteration         4170 MCMCOBJ=    28137.603302912386     
 iteration         4180 MCMCOBJ=    28199.605602812648     
 iteration         4190 MCMCOBJ=    28148.470931620916     
 iteration         4200 MCMCOBJ=    28183.239725165582     
 iteration         4210 MCMCOBJ=    28212.459420399704     
 iteration         4220 MCMCOBJ=    28222.554504715317     
 iteration         4230 MCMCOBJ=    28184.954113786542     
 iteration         4240 MCMCOBJ=    28131.922719914524     
 iteration         4250 MCMCOBJ=    28155.581463449620     
 iteration         4260 MCMCOBJ=    28212.483852710739     
 iteration         4270 MCMCOBJ=    28144.845132540031     
 iteration         4280 MCMCOBJ=    28166.318938523556     
 iteration         4290 MCMCOBJ=    28134.820829523702     
 iteration         4300 MCMCOBJ=    28209.785734825113     
 iteration         4310 MCMCOBJ=    28270.878423527785     
 iteration         4320 MCMCOBJ=    28206.076356855701     
 iteration         4330 MCMCOBJ=    28216.349699658313     
 iteration         4340 MCMCOBJ=    28170.189543644192     
 iteration         4350 MCMCOBJ=    28170.949320928787     
 iteration         4360 MCMCOBJ=    28102.263089811491     
 iteration         4370 MCMCOBJ=    28256.885039983619     
 iteration         4380 MCMCOBJ=    28223.112254977685     
 iteration         4390 MCMCOBJ=    28102.968789335981     
 iteration         4400 MCMCOBJ=    28288.609578951306     
 iteration         4410 MCMCOBJ=    28238.874819645305     
 iteration         4420 MCMCOBJ=    28282.397506683083     
 iteration         4430 MCMCOBJ=    28204.141223591061     
 iteration         4440 MCMCOBJ=    28233.075869626002     
 iteration         4450 MCMCOBJ=    28275.855535394643     
 iteration         4460 MCMCOBJ=    28219.508430644299     
 iteration         4470 MCMCOBJ=    28235.583853048440     
 iteration         4480 MCMCOBJ=    28153.129652297725     
 iteration         4490 MCMCOBJ=    28191.328728237597     
 iteration         4500 MCMCOBJ=    28131.277619447377     
 iteration         4510 MCMCOBJ=    28199.100189934699     
 iteration         4520 MCMCOBJ=    28206.818296875044     
 iteration         4530 MCMCOBJ=    28177.623909980102     
 iteration         4540 MCMCOBJ=    28150.385103627763     
 iteration         4550 MCMCOBJ=    28194.775497387822     
 iteration         4560 MCMCOBJ=    28132.184585698280     
 iteration         4570 MCMCOBJ=    28242.184033748825     
 iteration         4580 MCMCOBJ=    28190.260430865248     
 iteration         4590 MCMCOBJ=    28181.024161364545     
 iteration         4600 MCMCOBJ=    28211.037516950630     
 iteration         4610 MCMCOBJ=    28132.288340929194     
 iteration         4620 MCMCOBJ=    28206.877848614589     
 iteration         4630 MCMCOBJ=    28251.570759549832     
 iteration         4640 MCMCOBJ=    28231.531015364726     
 iteration         4650 MCMCOBJ=    28205.081434925480     
 iteration         4660 MCMCOBJ=    28230.600337929838     
 iteration         4670 MCMCOBJ=    28170.188762590951     
 iteration         4680 MCMCOBJ=    28286.964999524112     
 iteration         4690 MCMCOBJ=    28119.837818955908     
 iteration         4700 MCMCOBJ=    28162.290897160256     
 iteration         4710 MCMCOBJ=    28113.862953904478     
 iteration         4720 MCMCOBJ=    28159.813468149860     
 iteration         4730 MCMCOBJ=    28162.024679099497     
 iteration         4740 MCMCOBJ=    28191.778711839073     
 iteration         4750 MCMCOBJ=    28190.389714738099     
 iteration         4760 MCMCOBJ=    28183.841372268838     
 iteration         4770 MCMCOBJ=    28250.965441837048     
 iteration         4780 MCMCOBJ=    28186.910354758740     
 iteration         4790 MCMCOBJ=    28208.260780368575     
 iteration         4800 MCMCOBJ=    28150.004964585223     
 iteration         4810 MCMCOBJ=    28253.514220147743     
 iteration         4820 MCMCOBJ=    28202.660308930583     
 iteration         4830 MCMCOBJ=    28175.514679484761     
 iteration         4840 MCMCOBJ=    28228.187231677835     
 iteration         4850 MCMCOBJ=    28177.546971603660     
 iteration         4860 MCMCOBJ=    28139.932691567836     
 iteration         4870 MCMCOBJ=    28093.251869151565     
 iteration         4880 MCMCOBJ=    28199.308873333088     
 iteration         4890 MCMCOBJ=    28215.026027946355     
 iteration         4900 MCMCOBJ=    28253.489088065697     
 iteration         4910 MCMCOBJ=    28222.753097483059     
 iteration         4920 MCMCOBJ=    28083.226342809485     
 iteration         4930 MCMCOBJ=    28188.943265585138     
 iteration         4940 MCMCOBJ=    28166.426936683627     
 iteration         4950 MCMCOBJ=    28120.260685960802     
 iteration         4960 MCMCOBJ=    28234.042492534620     
 iteration         4970 MCMCOBJ=    28146.307799642804     
 iteration         4980 MCMCOBJ=    28136.312247804162     
 iteration         4990 MCMCOBJ=    28253.927525329756     
 iteration         5000 MCMCOBJ=    28238.837173173029     
 iteration         5010 MCMCOBJ=    28184.231979210104     
 iteration         5020 MCMCOBJ=    28131.858936376681     
 iteration         5030 MCMCOBJ=    28138.843884814753     
 iteration         5040 MCMCOBJ=    28191.722155191488     
 iteration         5050 MCMCOBJ=    28159.949173043380     
 iteration         5060 MCMCOBJ=    28234.089466168771     
 iteration         5070 MCMCOBJ=    28239.633619524451     
 iteration         5080 MCMCOBJ=    28346.242025663996     
 iteration         5090 MCMCOBJ=    28244.657080112833     
 iteration         5100 MCMCOBJ=    28120.193658806977     
 iteration         5110 MCMCOBJ=    28246.643839152242     
 iteration         5120 MCMCOBJ=    28154.888800202647     
 iteration         5130 MCMCOBJ=    28201.890564464724     
 iteration         5140 MCMCOBJ=    28250.434261085240     
 iteration         5150 MCMCOBJ=    28161.395390709218     
 iteration         5160 MCMCOBJ=    28139.831970667281     
 iteration         5170 MCMCOBJ=    28185.712104556027     
 iteration         5180 MCMCOBJ=    28098.718316588529     
 iteration         5190 MCMCOBJ=    28177.845162482576     
 iteration         5200 MCMCOBJ=    28222.641398144828     
 iteration         5210 MCMCOBJ=    28090.549356300147     
 iteration         5220 MCMCOBJ=    28157.433906001312     
 iteration         5230 MCMCOBJ=    28184.613546929431     
 iteration         5240 MCMCOBJ=    28272.981462175801     
 iteration         5250 MCMCOBJ=    28192.480718880994     
 iteration         5260 MCMCOBJ=    28179.294486493400     
 iteration         5270 MCMCOBJ=    28155.586577946182     
 iteration         5280 MCMCOBJ=    28187.786434806421     
 iteration         5290 MCMCOBJ=    28159.696944529234     
 iteration         5300 MCMCOBJ=    28158.992718032438     
 iteration         5310 MCMCOBJ=    28137.800421283533     
 iteration         5320 MCMCOBJ=    28199.443028120782     
 iteration         5330 MCMCOBJ=    28213.904222846963     
 iteration         5340 MCMCOBJ=    28104.908993899720     
 iteration         5350 MCMCOBJ=    28263.190724215103     
 iteration         5360 MCMCOBJ=    28265.825424686947     
 iteration         5370 MCMCOBJ=    28334.054960180401     
 iteration         5380 MCMCOBJ=    28236.360562418831     
 iteration         5390 MCMCOBJ=    28168.026067208273     
 iteration         5400 MCMCOBJ=    28210.623263459845     
 iteration         5410 MCMCOBJ=    28217.104027155827     
 iteration         5420 MCMCOBJ=    28146.308296044259     
 iteration         5430 MCMCOBJ=    28234.728856694561     
 iteration         5440 MCMCOBJ=    28170.146306370469     
 iteration         5450 MCMCOBJ=    28146.101012353814     
 iteration         5460 MCMCOBJ=    28258.857128238797     
 iteration         5470 MCMCOBJ=    28184.252026639075     
 iteration         5480 MCMCOBJ=    28214.563713842621     
 iteration         5490 MCMCOBJ=    28256.773793599466     
 iteration         5500 MCMCOBJ=    28165.818035742825     
 iteration         5510 MCMCOBJ=    28251.956440212325     
 iteration         5520 MCMCOBJ=    28151.622263766141     
 iteration         5530 MCMCOBJ=    28157.998399204545     
 iteration         5540 MCMCOBJ=    28279.168524491986     
 iteration         5550 MCMCOBJ=    28139.492632469595     
 iteration         5560 MCMCOBJ=    28169.313621721521     
 iteration         5570 MCMCOBJ=    28124.038299453015     
 iteration         5580 MCMCOBJ=    28197.478081763133     
 iteration         5590 MCMCOBJ=    28175.928740736279     
 iteration         5600 MCMCOBJ=    28266.963600629031     
 iteration         5610 MCMCOBJ=    28224.647821240629     
 iteration         5620 MCMCOBJ=    28232.217783492742     
 iteration         5630 MCMCOBJ=    28253.705952700435     
 iteration         5640 MCMCOBJ=    28196.091377397075     
 iteration         5650 MCMCOBJ=    28163.975969847430     
 iteration         5660 MCMCOBJ=    28208.452808916612     
 iteration         5670 MCMCOBJ=    28184.108228240508     
 iteration         5680 MCMCOBJ=    28162.497125466834     
 iteration         5690 MCMCOBJ=    28296.458413091234     
 iteration         5700 MCMCOBJ=    28156.320172572428     
 iteration         5710 MCMCOBJ=    28158.642741353528     
 iteration         5720 MCMCOBJ=    28299.395703118724     
 iteration         5730 MCMCOBJ=    28236.746791574820     
 iteration         5740 MCMCOBJ=    28243.337369934543     
 iteration         5750 MCMCOBJ=    28150.699626059704     
 iteration         5760 MCMCOBJ=    28211.448392614991     
 iteration         5770 MCMCOBJ=    28197.116545835746     
 iteration         5780 MCMCOBJ=    28140.584514336537     
 iteration         5790 MCMCOBJ=    28119.561910793534     
 iteration         5800 MCMCOBJ=    28243.659764569140     
 iteration         5810 MCMCOBJ=    28219.414974662559     
 iteration         5820 MCMCOBJ=    28151.432996547854     
 iteration         5830 MCMCOBJ=    28124.940481120550     
 iteration         5840 MCMCOBJ=    28267.053768245736     
 iteration         5850 MCMCOBJ=    28197.693267241506     
 iteration         5860 MCMCOBJ=    28192.999540249653     
 iteration         5870 MCMCOBJ=    28138.201696210675     
 iteration         5880 MCMCOBJ=    28252.401540168325     
 iteration         5890 MCMCOBJ=    28210.616369610419     
 iteration         5900 MCMCOBJ=    28177.409942640290     
 iteration         5910 MCMCOBJ=    28111.617013056202     
 iteration         5920 MCMCOBJ=    28177.756674925771     
 iteration         5930 MCMCOBJ=    28130.452154483206     
 iteration         5940 MCMCOBJ=    28166.617201343081     
 iteration         5950 MCMCOBJ=    28161.514573075368     
 iteration         5960 MCMCOBJ=    28164.915673904601     
 iteration         5970 MCMCOBJ=    28246.904469627905     
 iteration         5980 MCMCOBJ=    28244.612096400255     
 iteration         5990 MCMCOBJ=    28173.400545498185     
 iteration         6000 MCMCOBJ=    28155.336697598519     
 iteration         6010 MCMCOBJ=    28180.785342679264     
 iteration         6020 MCMCOBJ=    28146.391509579211     
 iteration         6030 MCMCOBJ=    28203.129551763363     
 iteration         6040 MCMCOBJ=    28189.418132763542     
 iteration         6050 MCMCOBJ=    28215.755068873754     
 iteration         6060 MCMCOBJ=    28202.212334223321     
 iteration         6070 MCMCOBJ=    28116.068984956830     
 iteration         6080 MCMCOBJ=    28149.888839661358     
 iteration         6090 MCMCOBJ=    28248.987854219744     
 iteration         6100 MCMCOBJ=    28178.386748183613     
 iteration         6110 MCMCOBJ=    28221.695559415053     
 iteration         6120 MCMCOBJ=    28242.651457099328     
 iteration         6130 MCMCOBJ=    28159.723911545116     
 iteration         6140 MCMCOBJ=    28272.326995171741     
 iteration         6150 MCMCOBJ=    28158.633222230819     
 iteration         6160 MCMCOBJ=    28188.015654709106     
 iteration         6170 MCMCOBJ=    28205.653992467811     
 iteration         6180 MCMCOBJ=    28199.064508572214     
 iteration         6190 MCMCOBJ=    28149.365055714334     
 iteration         6200 MCMCOBJ=    28267.870965901871     
 iteration         6210 MCMCOBJ=    28202.543826852248     
 iteration         6220 MCMCOBJ=    28126.264041508650     
 iteration         6230 MCMCOBJ=    28229.366396604284     
 iteration         6240 MCMCOBJ=    28224.967382223931     
 iteration         6250 MCMCOBJ=    28296.742727388253     
 iteration         6260 MCMCOBJ=    28174.392851599881     
 iteration         6270 MCMCOBJ=    28135.673509664757     
 iteration         6280 MCMCOBJ=    28247.051230248777     
 iteration         6290 MCMCOBJ=    28173.911606978978     
 iteration         6300 MCMCOBJ=    28162.709374795617     
 iteration         6310 MCMCOBJ=    28151.808161033205     
 iteration         6320 MCMCOBJ=    28184.362916705883     
 iteration         6330 MCMCOBJ=    28166.814022510825     
 iteration         6340 MCMCOBJ=    28171.787482500164     
 iteration         6350 MCMCOBJ=    28209.861091538562     
 iteration         6360 MCMCOBJ=    28199.372180993752     
 iteration         6370 MCMCOBJ=    28213.099772439902     
 iteration         6380 MCMCOBJ=    28277.787961471069     
 iteration         6390 MCMCOBJ=    28279.977322846946     
 iteration         6400 MCMCOBJ=    28206.643870335829     
 iteration         6410 MCMCOBJ=    28289.270517352059     
 iteration         6420 MCMCOBJ=    28237.061130276004     
 iteration         6430 MCMCOBJ=    28220.742242263826     
 iteration         6440 MCMCOBJ=    28182.713140614404     
 iteration         6450 MCMCOBJ=    28253.518974381594     
 iteration         6460 MCMCOBJ=    28240.324152524750     
 iteration         6470 MCMCOBJ=    28227.328856362219     
 iteration         6480 MCMCOBJ=    28204.023059137933     
 iteration         6490 MCMCOBJ=    28278.065588067937     
 iteration         6500 MCMCOBJ=    28291.536378863075     
 iteration         6510 MCMCOBJ=    28223.783947110020     
 iteration         6520 MCMCOBJ=    28184.633061609278     
 iteration         6530 MCMCOBJ=    28188.528432323499     
 iteration         6540 MCMCOBJ=    28155.386735365806     
 iteration         6550 MCMCOBJ=    28167.147653136402     
 iteration         6560 MCMCOBJ=    28128.972335231796     
 iteration         6570 MCMCOBJ=    28217.392730967022     
 iteration         6580 MCMCOBJ=    28223.441367159405     
 iteration         6590 MCMCOBJ=    28109.167482112145     
 iteration         6600 MCMCOBJ=    28183.421380193351     
 iteration         6610 MCMCOBJ=    28265.116211068722     
 iteration         6620 MCMCOBJ=    28134.207522461686     
 iteration         6630 MCMCOBJ=    28163.505653745542     
 iteration         6640 MCMCOBJ=    28188.899368671646     
 iteration         6650 MCMCOBJ=    28188.088563146372     
 iteration         6660 MCMCOBJ=    28159.083237794035     
 iteration         6670 MCMCOBJ=    28187.606240395373     
 iteration         6680 MCMCOBJ=    28192.372651733454     
 iteration         6690 MCMCOBJ=    28253.626684150517     
 iteration         6700 MCMCOBJ=    28177.608864177728     
 iteration         6710 MCMCOBJ=    28209.998518123426     
 iteration         6720 MCMCOBJ=    28168.107461597599     
 iteration         6730 MCMCOBJ=    28331.282496239492     
 iteration         6740 MCMCOBJ=    28266.229453618103     
 iteration         6750 MCMCOBJ=    28172.237799347837     
 iteration         6760 MCMCOBJ=    28172.101215585382     
 iteration         6770 MCMCOBJ=    28179.879366420482     
 iteration         6780 MCMCOBJ=    28223.255541807805     
 iteration         6790 MCMCOBJ=    28165.929502444797     
 iteration         6800 MCMCOBJ=    28186.970233323827     
 iteration         6810 MCMCOBJ=    28197.479344090716     
 iteration         6820 MCMCOBJ=    28249.558771092248     
 iteration         6830 MCMCOBJ=    28192.153064281738     
 iteration         6840 MCMCOBJ=    28238.190117141603     
 iteration         6850 MCMCOBJ=    28135.720740687157     
 iteration         6860 MCMCOBJ=    28254.061877460485     
 iteration         6870 MCMCOBJ=    28148.293867906636     
 iteration         6880 MCMCOBJ=    28246.735955551612     
 iteration         6890 MCMCOBJ=    28133.882640750016     
 iteration         6900 MCMCOBJ=    28115.765413540084     
 iteration         6910 MCMCOBJ=    28200.570846199931     
 iteration         6920 MCMCOBJ=    28254.998409054548     
 iteration         6930 MCMCOBJ=    28174.348365134356     
 iteration         6940 MCMCOBJ=    28219.300491936345     
 iteration         6950 MCMCOBJ=    28237.967255046522     
 iteration         6960 MCMCOBJ=    28300.839288452647     
 iteration         6970 MCMCOBJ=    28230.248426192080     
 iteration         6980 MCMCOBJ=    28244.298283460419     
 iteration         6990 MCMCOBJ=    28196.701928623570     
 iteration         7000 MCMCOBJ=    28245.194445340516     
 iteration         7010 MCMCOBJ=    28167.622779910907     
 iteration         7020 MCMCOBJ=    28184.340292888366     
 iteration         7030 MCMCOBJ=    28207.159285177931     
 iteration         7040 MCMCOBJ=    28138.153656608505     
 iteration         7050 MCMCOBJ=    28155.548429209994     
 iteration         7060 MCMCOBJ=    28229.457595972170     
 iteration         7070 MCMCOBJ=    28246.041443615090     
 iteration         7080 MCMCOBJ=    28195.969962531071     
 iteration         7090 MCMCOBJ=    28249.026455209423     
 iteration         7100 MCMCOBJ=    28284.561953232391     
 iteration         7110 MCMCOBJ=    28129.116105979076     
 iteration         7120 MCMCOBJ=    28165.729005250247     
 iteration         7130 MCMCOBJ=    28193.527326006093     
 iteration         7140 MCMCOBJ=    28151.048662423200     
 iteration         7150 MCMCOBJ=    28164.176875399338     
 iteration         7160 MCMCOBJ=    28166.396957578101     
 iteration         7170 MCMCOBJ=    28212.876890099480     
 iteration         7180 MCMCOBJ=    28196.665301921937     
 iteration         7190 MCMCOBJ=    28226.085329378693     
 iteration         7200 MCMCOBJ=    28150.806759943072     
 iteration         7210 MCMCOBJ=    28182.203540468519     
 iteration         7220 MCMCOBJ=    28142.126387889261     
 iteration         7230 MCMCOBJ=    28216.331554097833     
 iteration         7240 MCMCOBJ=    28098.437912457437     
 iteration         7250 MCMCOBJ=    28221.908760516046     
 iteration         7260 MCMCOBJ=    28292.981754702443     
 iteration         7270 MCMCOBJ=    28181.384028990371     
 iteration         7280 MCMCOBJ=    28173.458971086045     
 iteration         7290 MCMCOBJ=    28260.770007175226     
 iteration         7300 MCMCOBJ=    28172.849184856514     
 iteration         7310 MCMCOBJ=    28140.290125637199     
 iteration         7320 MCMCOBJ=    28295.980913160736     
 iteration         7330 MCMCOBJ=    28300.652550553448     
 iteration         7340 MCMCOBJ=    28231.645103871630     
 iteration         7350 MCMCOBJ=    28199.916267587734     
 iteration         7360 MCMCOBJ=    28215.309455137860     
 iteration         7370 MCMCOBJ=    28184.563777178602     
 iteration         7380 MCMCOBJ=    28202.607570249162     
 iteration         7390 MCMCOBJ=    28141.224505803570     
 iteration         7400 MCMCOBJ=    28175.268939191330     
 iteration         7410 MCMCOBJ=    28136.166315683222     
 iteration         7420 MCMCOBJ=    28202.658474158568     
 iteration         7430 MCMCOBJ=    28197.687830294992     
 iteration         7440 MCMCOBJ=    28185.652457358621     
 iteration         7450 MCMCOBJ=    28176.272000269157     
 iteration         7460 MCMCOBJ=    28138.610083793741     
 iteration         7470 MCMCOBJ=    28132.491046294763     
 iteration         7480 MCMCOBJ=    28190.214048910711     
 iteration         7490 MCMCOBJ=    28205.216625326117     
 iteration         7500 MCMCOBJ=    28198.584019535094     
 iteration         7510 MCMCOBJ=    28140.692024004555     
 iteration         7520 MCMCOBJ=    28199.081020769616     
 iteration         7530 MCMCOBJ=    28180.891843576588     
 iteration         7540 MCMCOBJ=    28250.407591438772     
 iteration         7550 MCMCOBJ=    28185.789319657881     
 iteration         7560 MCMCOBJ=    28133.569880697803     
 iteration         7570 MCMCOBJ=    28211.892310484218     
 iteration         7580 MCMCOBJ=    28165.036861523102     
 iteration         7590 MCMCOBJ=    28179.363427593307     
 iteration         7600 MCMCOBJ=    28204.246759394453     
 iteration         7610 MCMCOBJ=    28324.085588012411     
 iteration         7620 MCMCOBJ=    28264.985090103492     
 iteration         7630 MCMCOBJ=    28130.937372238979     
 iteration         7640 MCMCOBJ=    28051.828466337312     
 iteration         7650 MCMCOBJ=    28195.175460672952     
 iteration         7660 MCMCOBJ=    28149.349464278028     
 iteration         7670 MCMCOBJ=    28160.117287646859     
 iteration         7680 MCMCOBJ=    28160.922037032087     
 iteration         7690 MCMCOBJ=    28260.939660822009     
 iteration         7700 MCMCOBJ=    28288.156047066204     
 iteration         7710 MCMCOBJ=    28155.244311125811     
 iteration         7720 MCMCOBJ=    28173.003330334101     
 iteration         7730 MCMCOBJ=    28198.050934964205     
 iteration         7740 MCMCOBJ=    28229.065201480636     
 iteration         7750 MCMCOBJ=    28127.082198953703     
 iteration         7760 MCMCOBJ=    28238.629047744842     
 iteration         7770 MCMCOBJ=    28160.679551145709     
 iteration         7780 MCMCOBJ=    28226.864561546732     
 iteration         7790 MCMCOBJ=    28128.068017017395     
 iteration         7800 MCMCOBJ=    28181.373101176778     
 iteration         7810 MCMCOBJ=    28195.530927195705     
 iteration         7820 MCMCOBJ=    28177.970153485396     
 iteration         7830 MCMCOBJ=    28263.671101099000     
 iteration         7840 MCMCOBJ=    28089.892327965550     
 iteration         7850 MCMCOBJ=    28165.039623840617     
 iteration         7860 MCMCOBJ=    28165.965937244149     
 iteration         7870 MCMCOBJ=    28144.007010920839     
 iteration         7880 MCMCOBJ=    28163.082631641984     
 iteration         7890 MCMCOBJ=    28182.093691956972     
 iteration         7900 MCMCOBJ=    28230.344673230466     
 iteration         7910 MCMCOBJ=    28211.537951341827     
 iteration         7920 MCMCOBJ=    28161.973781852957     
 iteration         7930 MCMCOBJ=    28202.330035173305     
 iteration         7940 MCMCOBJ=    28225.267138619362     
 iteration         7950 MCMCOBJ=    28224.273127468688     
 iteration         7960 MCMCOBJ=    28217.387990606043     
 iteration         7970 MCMCOBJ=    28260.567405873535     
 iteration         7980 MCMCOBJ=    28207.598932609228     
 iteration         7990 MCMCOBJ=    28130.301449156472     
 iteration         8000 MCMCOBJ=    28190.048255312613     
 iteration         8010 MCMCOBJ=    28190.584251008833     
 iteration         8020 MCMCOBJ=    28133.303032345957     
 iteration         8030 MCMCOBJ=    28195.771968424739     
 iteration         8040 MCMCOBJ=    28229.667667008107     
 iteration         8050 MCMCOBJ=    28242.903949548738     
 iteration         8060 MCMCOBJ=    28135.947782985317     
 iteration         8070 MCMCOBJ=    28153.471101540050     
 iteration         8080 MCMCOBJ=    28199.254980940012     
 iteration         8090 MCMCOBJ=    28184.244849898758     
 iteration         8100 MCMCOBJ=    28221.477068733213     
 iteration         8110 MCMCOBJ=    28234.402684433509     
 iteration         8120 MCMCOBJ=    28189.942225232302     
 iteration         8130 MCMCOBJ=    28070.780833550954     
 iteration         8140 MCMCOBJ=    28168.777866444434     
 iteration         8150 MCMCOBJ=    28249.981060078935     
 iteration         8160 MCMCOBJ=    28244.057466151542     
 iteration         8170 MCMCOBJ=    28174.162318416165     
 iteration         8180 MCMCOBJ=    28159.569100677443     
 iteration         8190 MCMCOBJ=    28137.172011019462     
 iteration         8200 MCMCOBJ=    28189.302323672389     
 iteration         8210 MCMCOBJ=    28218.723770264216     
 iteration         8220 MCMCOBJ=    28133.845881689376     
 iteration         8230 MCMCOBJ=    28183.439364487935     
 iteration         8240 MCMCOBJ=    28219.910312959539     
 iteration         8250 MCMCOBJ=    28208.243304309326     
 iteration         8260 MCMCOBJ=    28222.331241384654     
 iteration         8270 MCMCOBJ=    28187.220791780401     
 iteration         8280 MCMCOBJ=    28163.200676198849     
 iteration         8290 MCMCOBJ=    28158.516506900305     
 iteration         8300 MCMCOBJ=    28175.981512044971     
 iteration         8310 MCMCOBJ=    28229.956892913237     
 iteration         8320 MCMCOBJ=    28206.115703285494     
 iteration         8330 MCMCOBJ=    28180.163929539172     
 iteration         8340 MCMCOBJ=    28218.564534067867     
 iteration         8350 MCMCOBJ=    28205.600134023807     
 iteration         8360 MCMCOBJ=    28231.951481483378     
 iteration         8370 MCMCOBJ=    28258.699919302213     
 iteration         8380 MCMCOBJ=    28195.539128069933     
 iteration         8390 MCMCOBJ=    28211.270595699894     
 iteration         8400 MCMCOBJ=    28185.210638565015     
 iteration         8410 MCMCOBJ=    28184.616045631956     
 iteration         8420 MCMCOBJ=    28151.408830342949     
 iteration         8430 MCMCOBJ=    28202.478533344864     
 iteration         8440 MCMCOBJ=    28249.060714235922     
 iteration         8450 MCMCOBJ=    28146.173841800428     
 iteration         8460 MCMCOBJ=    28325.231879654890     
 iteration         8470 MCMCOBJ=    28159.642545632501     
 iteration         8480 MCMCOBJ=    28220.141516430074     
 iteration         8490 MCMCOBJ=    28215.615454903291     
 iteration         8500 MCMCOBJ=    28214.763606837409     
 iteration         8510 MCMCOBJ=    28263.256044053905     
 iteration         8520 MCMCOBJ=    28182.407591682622     
 iteration         8530 MCMCOBJ=    28188.167406902354     
 iteration         8540 MCMCOBJ=    28161.679483306350     
 iteration         8550 MCMCOBJ=    28158.426715565718     
 iteration         8560 MCMCOBJ=    28279.977123743738     
 iteration         8570 MCMCOBJ=    28218.151709557602     
 iteration         8580 MCMCOBJ=    28169.328287110631     
 iteration         8590 MCMCOBJ=    28181.102230698249     
 iteration         8600 MCMCOBJ=    28143.559557801520     
 iteration         8610 MCMCOBJ=    28231.924623147905     
 iteration         8620 MCMCOBJ=    28158.516358003959     
 iteration         8630 MCMCOBJ=    28187.584864437882     
 iteration         8640 MCMCOBJ=    28242.882485005513     
 iteration         8650 MCMCOBJ=    28240.347252339754     
 iteration         8660 MCMCOBJ=    28215.088681109519     
 iteration         8670 MCMCOBJ=    28257.345768151630     
 iteration         8680 MCMCOBJ=    28138.860767220845     
 iteration         8690 MCMCOBJ=    28214.114230577859     
 iteration         8700 MCMCOBJ=    28194.295236471571     
 iteration         8710 MCMCOBJ=    28144.679089487428     
 iteration         8720 MCMCOBJ=    28189.034323171614     
 iteration         8730 MCMCOBJ=    28216.146871356450     
 iteration         8740 MCMCOBJ=    28133.327731237172     
 iteration         8750 MCMCOBJ=    28179.459277214581     
 iteration         8760 MCMCOBJ=    28119.934830988714     
 iteration         8770 MCMCOBJ=    28273.739479931362     
 iteration         8780 MCMCOBJ=    28290.857270645989     
 iteration         8790 MCMCOBJ=    28145.939645658094     
 iteration         8800 MCMCOBJ=    28247.544568491059     
 iteration         8810 MCMCOBJ=    28242.278987715770     
 iteration         8820 MCMCOBJ=    28257.414858523844     
 iteration         8830 MCMCOBJ=    28319.131153844373     
 iteration         8840 MCMCOBJ=    28311.546410527677     
 iteration         8850 MCMCOBJ=    28244.835390000331     
 iteration         8860 MCMCOBJ=    28312.484886263363     
 iteration         8870 MCMCOBJ=    28196.228991113014     
 iteration         8880 MCMCOBJ=    28260.998375083007     
 iteration         8890 MCMCOBJ=    28190.015035497279     
 iteration         8900 MCMCOBJ=    28151.337135583635     
 iteration         8910 MCMCOBJ=    28203.544175931849     
 iteration         8920 MCMCOBJ=    28179.965380871199     
 iteration         8930 MCMCOBJ=    28168.249708453015     
 iteration         8940 MCMCOBJ=    28169.997714377529     
 iteration         8950 MCMCOBJ=    28153.040833353516     
 iteration         8960 MCMCOBJ=    28202.513979311836     
 iteration         8970 MCMCOBJ=    28257.630338701878     
 iteration         8980 MCMCOBJ=    28193.845164229897     
 iteration         8990 MCMCOBJ=    28181.705280330767     
 iteration         9000 MCMCOBJ=    28276.967427737731     
 iteration         9010 MCMCOBJ=    28256.917435703264     
 iteration         9020 MCMCOBJ=    28221.290521030471     
 iteration         9030 MCMCOBJ=    28169.965370025973     
 iteration         9040 MCMCOBJ=    28154.520131423269     
 iteration         9050 MCMCOBJ=    28244.033764948450     
 iteration         9060 MCMCOBJ=    28248.220415721938     
 iteration         9070 MCMCOBJ=    28160.290666319881     
 iteration         9080 MCMCOBJ=    28177.901229084451     
 iteration         9090 MCMCOBJ=    28147.562648131621     
 iteration         9100 MCMCOBJ=    28141.010824411565     
 iteration         9110 MCMCOBJ=    28177.083866159966     
 iteration         9120 MCMCOBJ=    28200.824231735289     
 iteration         9130 MCMCOBJ=    28155.356373794020     
 iteration         9140 MCMCOBJ=    28175.084144493187     
 iteration         9150 MCMCOBJ=    28234.138196484564     
 iteration         9160 MCMCOBJ=    28226.830331401492     
 iteration         9170 MCMCOBJ=    28169.939248604529     
 iteration         9180 MCMCOBJ=    28189.359532555347     
 iteration         9190 MCMCOBJ=    28209.703268074001     
 iteration         9200 MCMCOBJ=    28191.708980245789     
 iteration         9210 MCMCOBJ=    28226.994497625285     
 iteration         9220 MCMCOBJ=    28212.046639001841     
 iteration         9230 MCMCOBJ=    28226.373316679259     
 iteration         9240 MCMCOBJ=    28196.061795060308     
 iteration         9250 MCMCOBJ=    28083.400767342959     
 iteration         9260 MCMCOBJ=    28164.807363588585     
 iteration         9270 MCMCOBJ=    28241.501720658882     
 iteration         9280 MCMCOBJ=    28171.046736632867     
 iteration         9290 MCMCOBJ=    28228.343575398714     
 iteration         9300 MCMCOBJ=    28158.228659336237     
 iteration         9310 MCMCOBJ=    28169.582579504207     
 iteration         9320 MCMCOBJ=    28245.816258513612     
 iteration         9330 MCMCOBJ=    28127.869855352204     
 iteration         9340 MCMCOBJ=    28216.791456460836     
 iteration         9350 MCMCOBJ=    28257.801044373606     
 iteration         9360 MCMCOBJ=    28164.005542844439     
 iteration         9370 MCMCOBJ=    28153.702796957579     
 iteration         9380 MCMCOBJ=    28269.247875209781     
 iteration         9390 MCMCOBJ=    28230.168654098266     
 iteration         9400 MCMCOBJ=    28209.146600844644     
 iteration         9410 MCMCOBJ=    28195.968780883031     
 iteration         9420 MCMCOBJ=    28209.940367377825     
 iteration         9430 MCMCOBJ=    28235.766977469524     
 iteration         9440 MCMCOBJ=    28184.746186748540     
 iteration         9450 MCMCOBJ=    28244.915364497323     
 iteration         9460 MCMCOBJ=    28159.615027470205     
 iteration         9470 MCMCOBJ=    28191.769644470547     
 iteration         9480 MCMCOBJ=    28178.421100920710     
 iteration         9490 MCMCOBJ=    28168.145835936248     
 iteration         9500 MCMCOBJ=    28161.044297796718     
 iteration         9510 MCMCOBJ=    28160.293782375171     
 iteration         9520 MCMCOBJ=    28235.693098795520     
 iteration         9530 MCMCOBJ=    28171.358107365693     
 iteration         9540 MCMCOBJ=    28242.347504302252     
 iteration         9550 MCMCOBJ=    28190.791452483692     
 iteration         9560 MCMCOBJ=    28271.366180959223     
 iteration         9570 MCMCOBJ=    28228.644281756231     
 iteration         9580 MCMCOBJ=    28118.527624464947     
 iteration         9590 MCMCOBJ=    28081.558254315169     
 iteration         9600 MCMCOBJ=    28238.712094464703     
 iteration         9610 MCMCOBJ=    28200.590822019578     
 iteration         9620 MCMCOBJ=    28178.292304207149     
 iteration         9630 MCMCOBJ=    28145.703424182870     
 iteration         9640 MCMCOBJ=    28205.329950467818     
 iteration         9650 MCMCOBJ=    28318.855873806599     
 iteration         9660 MCMCOBJ=    28189.794403054620     
 iteration         9670 MCMCOBJ=    28081.915156224779     
 iteration         9680 MCMCOBJ=    28157.795779975113     
 iteration         9690 MCMCOBJ=    28118.857110738300     
 iteration         9700 MCMCOBJ=    28242.464027838196     
 iteration         9710 MCMCOBJ=    28199.604614775300     
 iteration         9720 MCMCOBJ=    28278.594648952425     
 iteration         9730 MCMCOBJ=    28182.543963732267     
 iteration         9740 MCMCOBJ=    28137.798472390285     
 iteration         9750 MCMCOBJ=    28122.104198999237     
 iteration         9760 MCMCOBJ=    28227.496295434525     
 iteration         9770 MCMCOBJ=    28154.435763246729     
 iteration         9780 MCMCOBJ=    28144.962412027613     
 iteration         9790 MCMCOBJ=    28279.671416140303     
 iteration         9800 MCMCOBJ=    28325.618831535281     
 iteration         9810 MCMCOBJ=    28251.442303374912     
 iteration         9820 MCMCOBJ=    28215.642807932312     
 iteration         9830 MCMCOBJ=    28226.746486242151     
 iteration         9840 MCMCOBJ=    28147.271853438884     
 iteration         9850 MCMCOBJ=    28164.877648354057     
 iteration         9860 MCMCOBJ=    28097.681441441233     
 iteration         9870 MCMCOBJ=    28239.655043917664     
 iteration         9880 MCMCOBJ=    28131.589890546755     
 iteration         9890 MCMCOBJ=    28148.767511080423     
 iteration         9900 MCMCOBJ=    28217.257237404643     
 iteration         9910 MCMCOBJ=    28208.551873609158     
 iteration         9920 MCMCOBJ=    28144.079250253755     
 iteration         9930 MCMCOBJ=    28251.997024201388     
 iteration         9940 MCMCOBJ=    28220.382337534484     
 iteration         9950 MCMCOBJ=    28186.569961234305     
 iteration         9960 MCMCOBJ=    28200.726499570228     
 iteration         9970 MCMCOBJ=    28210.441051367652     
 iteration         9980 MCMCOBJ=    28351.660100841807     
 iteration         9990 MCMCOBJ=    28218.503583449390     
 iteration        10000 MCMCOBJ=    28306.238345707807     
 Elapsed estimation  time in seconds:   893.03
 BURN-IN WAS NOT TESTED FOR CONVERGENCE
 STATISTICAL PORTION WAS COMPLETED

 Elapsed covariance  time in seconds:     0.00
 Minimum value for a list item exceeded:      1
 Parallelization Warnings are in FPWARN
 Minimum value for a list item exceeded:      1
 Parallelization Warnings are in FPWARN
 Elapsed postprocess time in seconds:     3.64
 Elapsed finaloutput time in seconds:     0.25
Done with nonmem execution
