PARAFILE=2004_3.pnm, PROTOCOL=MPI, NODES= 2
TABLE NO.     1: MCMC Bayesian Analysis: Goal Function=AVERAGE VALUE OF LIKELIHOOD FUNCTION: Problem=1 Subproblem=0 Superproblem1=0 Iteration1=0 Superproblem2=0 Iteration2=0
 ITERATION        -1000
 STARTING SUBJECTS          1 TO       20 ON MANAGER: OK
 STARTING SUBJECTS         21 TO       39 ON WORKER1: OK
 COLLECTING SUBJECTS        1 TO       20 ON MANAGER
 COLLECTING SUBJECTS       21 TO       39 ON WORKER1
 ITERATION        -1000
 STARTING SUBJECTS          1 TO       20 ON MANAGER: OK
 STARTING SUBJECTS         21 TO       39 ON WORKER1: OK
 COLLECTING SUBJECTS        1 TO       20 ON MANAGER
 COLLECTING SUBJECTS       21 TO       39 ON WORKER1
 ITERATION        -1000
 STARTING SUBJECTS          1 TO       20 ON MANAGER: OK
 STARTING SUBJECTS         21 TO       39 ON WORKER1: OK
 COLLECTING SUBJECTS        1 TO       20 ON MANAGER
 COLLECTING SUBJECTS       21 TO       39 ON WORKER1
 ITERATION        -1000
 STARTING SUBJECTS          1 TO       20 ON MANAGER: OK
 STARTING SUBJECTS         21 TO       39 ON WORKER1: OK
 COLLECTING SUBJECTS        1 TO       20 ON MANAGER
 COLLECTING SUBJECTS       21 TO       39 ON WORKER1
 ITERATION        -1000
 STARTING SUBJECTS          1 TO       20 ON MANAGER: OK
 STARTING SUBJECTS         21 TO       39 ON WORKER1: OK
 COLLECTING SUBJECTS        1 TO       20 ON MANAGER
 COLLECTING SUBJECTS       21 TO       39 ON WORKER1
 ITERATION        -1000
 STARTING SUBJECTS          1 TO       20 ON MANAGER: OK
 STARTING SUBJECTS         21 TO       39 ON WORKER1: OK
 COLLECTING SUBJECTS        1 TO       20 ON MANAGER
 COLLECTING SUBJECTS       21 TO       39 ON WORKER1
 ITERATION        -1000
 STARTING SUBJECTS          1 TO       20 ON MANAGER: OK
 STARTING SUBJECTS         21 TO       39 ON WORKER1: OK
 COLLECTING SUBJECTS        1 TO       20 ON MANAGER
 COLLECTING SUBJECTS       21 TO       39 ON WORKER1
 ITERATION        -1000
 STARTING SUBJECTS          1 TO       20 ON MANAGER: OK
 STARTING SUBJECTS         21 TO       39 ON WORKER1: OK
 COLLECTING SUBJECTS        1 TO       20 ON MANAGER
 COLLECTING SUBJECTS       21 TO       39 ON WORKER1
 ITERATION        -1000
 STARTING SUBJECTS          1 TO       20 ON MANAGER: OK
 STARTING SUBJECTS         21 TO       39 ON WORKER1: OK
 COLLECTING SUBJECTS        1 TO       20 ON MANAGER
 COLLECTING SUBJECTS       21 TO       39 ON WORKER1
 ITERATION        -1000
 STARTING SUBJECTS          1 TO       20 ON MANAGER: OK
 STARTING SUBJECTS         21 TO       39 ON WORKER1: OK
 COLLECTING SUBJECTS        1 TO       20 ON MANAGER
 COLLECTING SUBJECTS       21 TO       39 ON WORKER1
 ITERATION        -1000
 STARTING SUBJECTS          1 TO       20 ON MANAGER: OK
 STARTING SUBJECTS         21 TO       39 ON WORKER1: OK
 COLLECTING SUBJECTS        1 TO       20 ON MANAGER
 COLLECTING SUBJECTS       21 TO       39 ON WORKER1
 ITERATION        -1000
 STARTING SUBJECTS          1 TO       20 ON MANAGER: OK
 STARTING SUBJECTS         21 TO       39 ON WORKER1: OK
 COLLECTING SUBJECTS        1 TO       20 ON MANAGER
 COLLECTING SUBJECTS       21 TO       39 ON WORKER1
 ITERATION        -1000
 STARTING SUBJECTS          1 TO       20 ON MANAGER: OK
 STARTING SUBJECTS         21 TO       39 ON WORKER1: OK
 COLLECTING SUBJECTS        1 TO       20 ON MANAGER
 COLLECTING SUBJECTS       21 TO       39 ON WORKER1
 Tot. mngr. proc.   Time for this  Iteration  (DDD:HH:MM:SS.DD) 000:00:00:00.00
 Total Load         Time for this  Iteration  (DDD:HH:MM:SS.DD) 000:00:00:00.02
 Total Computation  Time for this  Iteration  (DDD:HH:MM:SS.DD) 000:00:00:00.10
 Accum. mngr. proc. Time among all Iterations (DDD:HH:MM:SS.DD) 000:00:00:00.74
 Accumulated Load   Time among all Iterations (DDD:HH:MM:SS.DD) 000:00:00:25.79
 Accumulated Comp.  Time among all Iterations (DDD:HH:MM:SS.DD) 000:00:01:39.18
 Accumulated CPU    Time of present job       (DDD:HH:MM:SS.DD) 000:00:03:17.13

 ITERATION            0
 STARTING SUBJECTS          1 TO       20 ON MANAGER: OK
 STARTING SUBJECTS         21 TO       39 ON WORKER1: OK
 COLLECTING SUBJECTS        1 TO       20 ON MANAGER
 COLLECTING SUBJECTS       21 TO       39 ON WORKER1
 ITERATION            0
 STARTING SUBJECTS          1 TO       20 ON MANAGER: OK
 STARTING SUBJECTS         21 TO       39 ON WORKER1: OK
 COLLECTING SUBJECTS        1 TO       20 ON MANAGER
 COLLECTING SUBJECTS       21 TO       39 ON WORKER1
 ITERATION            0
 STARTING SUBJECTS          1 TO       20 ON MANAGER: OK
 STARTING SUBJECTS         21 TO       39 ON WORKER1: OK
 COLLECTING SUBJECTS        1 TO       20 ON MANAGER
 COLLECTING SUBJECTS       21 TO       39 ON WORKER1
 ITERATION            0
 STARTING SUBJECTS          1 TO       20 ON MANAGER: OK
 STARTING SUBJECTS         21 TO       39 ON WORKER1: OK
 COLLECTING SUBJECTS        1 TO       20 ON MANAGER
 COLLECTING SUBJECTS       21 TO       39 ON WORKER1
 ITERATION            0
 STARTING SUBJECTS          1 TO       20 ON MANAGER: OK
 STARTING SUBJECTS         21 TO       39 ON WORKER1: OK
 COLLECTING SUBJECTS        1 TO       20 ON MANAGER
 COLLECTING SUBJECTS       21 TO       39 ON WORKER1
 ITERATION            0
 STARTING SUBJECTS          1 TO       20 ON MANAGER: OK
 STARTING SUBJECTS         21 TO       39 ON WORKER1: OK
 COLLECTING SUBJECTS        1 TO       20 ON MANAGER
 COLLECTING SUBJECTS       21 TO       39 ON WORKER1
 ITERATION            0
 STARTING SUBJECTS          1 TO       20 ON MANAGER: OK
 STARTING SUBJECTS         21 TO       39 ON WORKER1: OK
 COLLECTING SUBJECTS        1 TO       20 ON MANAGER
 COLLECTING SUBJECTS       21 TO       39 ON WORKER1
 ITERATION            0
 STARTING SUBJECTS          1 TO       20 ON MANAGER: OK
 STARTING SUBJECTS         21 TO       39 ON WORKER1: OK
 COLLECTING SUBJECTS        1 TO       20 ON MANAGER
 COLLECTING SUBJECTS       21 TO       39 ON WORKER1
 ITERATION            0
 STARTING SUBJECTS          1 TO       20 ON MANAGER: OK
 STARTING SUBJECTS         21 TO       39 ON WORKER1: OK
 COLLECTING SUBJECTS        1 TO       20 ON MANAGER
 COLLECTING SUBJECTS       21 TO       39 ON WORKER1
 ITERATION            0
 STARTING SUBJECTS          1 TO       20 ON MANAGER: OK
 STARTING SUBJECTS         21 TO       39 ON WORKER1: OK
 COLLECTING SUBJECTS        1 TO       20 ON MANAGER
 COLLECTING SUBJECTS       21 TO       39 ON WORKER1
 ITERATION            0
 STARTING SUBJECTS          1 TO       20 ON MANAGER: OK
 STARTING SUBJECTS         21 TO       39 ON WORKER1: OK
 COLLECTING SUBJECTS        1 TO       20 ON MANAGER
 COLLECTING SUBJECTS       21 TO       39 ON WORKER1
 ITERATION            0
 STARTING SUBJECTS          1 TO       20 ON MANAGER: OK
 STARTING SUBJECTS         21 TO       39 ON WORKER1: OK
 COLLECTING SUBJECTS        1 TO       20 ON MANAGER
 COLLECTING SUBJECTS       21 TO       39 ON WORKER1
 ITERATION            0
 STARTING SUBJECTS          1 TO       20 ON MANAGER: OK
 STARTING SUBJECTS         21 TO       39 ON WORKER1: OK
 COLLECTING SUBJECTS        1 TO       20 ON MANAGER
 COLLECTING SUBJECTS       21 TO       39 ON WORKER1
 ITERATION            0
 STARTING SUBJECTS          1 TO       20 ON MANAGER: OK
 STARTING SUBJECTS         21 TO       39 ON WORKER1: OK
 COLLECTING SUBJECTS        1 TO       20 ON MANAGER
 COLLECTING SUBJECTS       21 TO       39 ON WORKER1
 ITERATION            0
 STARTING SUBJECTS          1 TO       20 ON MANAGER: OK
 STARTING SUBJECTS         21 TO       39 ON WORKER1: OK
 COLLECTING SUBJECTS        1 TO       20 ON MANAGER
 COLLECTING SUBJECTS       21 TO       39 ON WORKER1
 ITERATION            0
 STARTING SUBJECTS          1 TO       20 ON MANAGER: OK
 STARTING SUBJECTS         21 TO       39 ON WORKER1: OK
 COLLECTING SUBJECTS        1 TO       20 ON MANAGER
 COLLECTING SUBJECTS       21 TO       39 ON WORKER1
 ITERATION            0
 STARTING SUBJECTS          1 TO       20 ON MANAGER: OK
 STARTING SUBJECTS         21 TO       39 ON WORKER1: OK
 COLLECTING SUBJECTS        1 TO       20 ON MANAGER
 COLLECTING SUBJECTS       21 TO       39 ON WORKER1
 ITERATION            0
 STARTING SUBJECTS          1 TO       20 ON MANAGER: OK
 STARTING SUBJECTS         21 TO       39 ON WORKER1: OK
 COLLECTING SUBJECTS        1 TO       20 ON MANAGER
 COLLECTING SUBJECTS       21 TO       39 ON WORKER1
 ITERATION            0
 STARTING SUBJECTS          1 TO       20 ON MANAGER: OK
 STARTING SUBJECTS         21 TO       39 ON WORKER1: OK
 COLLECTING SUBJECTS        1 TO       20 ON MANAGER
 COLLECTING SUBJECTS       21 TO       39 ON WORKER1
 ITERATION            0
 STARTING SUBJECTS          1 TO       20 ON MANAGER: OK
 STARTING SUBJECTS         21 TO       39 ON WORKER1: OK
 COLLECTING SUBJECTS        1 TO       20 ON MANAGER
 COLLECTING SUBJECTS       21 TO       39 ON WORKER1
 ITERATION            0
 STARTING SUBJECTS          1 TO       20 ON MANAGER: OK
 STARTING SUBJECTS         21 TO       39 ON WORKER1: OK
 COLLECTING SUBJECTS        1 TO       20 ON MANAGER
 COLLECTING SUBJECTS       21 TO       39 ON WORKER1
 ITERATION            0
 STARTING SUBJECTS          1 TO       20 ON MANAGER: OK
 STARTING SUBJECTS         21 TO       39 ON WORKER1: OK
 COLLECTING SUBJECTS        1 TO       20 ON MANAGER
 COLLECTING SUBJECTS       21 TO       39 ON WORKER1
 ITERATION            0
 STARTING SUBJECTS          1 TO       20 ON MANAGER: OK
 STARTING SUBJECTS         21 TO       39 ON WORKER1: OK
 COLLECTING SUBJECTS        1 TO       20 ON MANAGER
 COLLECTING SUBJECTS       21 TO       39 ON WORKER1
 ITERATION            0
 STARTING SUBJECTS          1 TO       20 ON MANAGER: OK
 STARTING SUBJECTS         21 TO       39 ON WORKER1: OK
 COLLECTING SUBJECTS        1 TO       20 ON MANAGER
 COLLECTING SUBJECTS       21 TO       39 ON WORKER1
 ITERATION            0
 STARTING SUBJECTS          1 TO       20 ON MANAGER: OK
 STARTING SUBJECTS         21 TO       39 ON WORKER1: OK
 COLLECTING SUBJECTS        1 TO       20 ON MANAGER
 COLLECTING SUBJECTS       21 TO       39 ON WORKER1
 ITERATION            0
 STARTING SUBJECTS          1 TO       20 ON MANAGER: OK
 STARTING SUBJECTS         21 TO       39 ON WORKER1: OK
 COLLECTING SUBJECTS        1 TO       20 ON MANAGER
 COLLECTING SUBJECTS       21 TO       39 ON WORKER1
 ITERATION            0
 STARTING SUBJECTS          1 TO       20 ON MANAGER: OK
 STARTING SUBJECTS         21 TO       39 ON WORKER1: OK
 COLLECTING SUBJECTS        1 TO       20 ON MANAGER
 COLLECTING SUBJECTS       21 TO       39 ON WORKER1
 ITERATION            0
 STARTING SUBJECTS          1 TO       20 ON MANAGER: OK
 STARTING SUBJECTS         21 TO       39 ON WORKER1: OK
 COLLECTING SUBJECTS        1 TO       20 ON MANAGER
 COLLECTING SUBJECTS       21 TO       39 ON WORKER1
 ITERATION            0
 STARTING SUBJECTS          1 TO       20 ON MANAGER: OK
 STARTING SUBJECTS         21 TO       39 ON WORKER1: OK
 COLLECTING SUBJECTS        1 TO       20 ON MANAGER
 COLLECTING SUBJECTS       21 TO       39 ON WORKER1
 ITERATION            0
 STARTING SUBJECTS          1 TO       20 ON MANAGER: OK
 STARTING SUBJECTS         21 TO       39 ON WORKER1: OK
 COLLECTING SUBJECTS        1 TO       20 ON MANAGER
 COLLECTING SUBJECTS       21 TO       39 ON WORKER1
 ITERATION            0
 STARTING SUBJECTS          1 TO       20 ON MANAGER: OK
 STARTING SUBJECTS         21 TO       39 ON WORKER1: OK
 COLLECTING SUBJECTS        1 TO       20 ON MANAGER
 COLLECTING SUBJECTS       21 TO       39 ON WORKER1
 ITERATION            0
 STARTING SUBJECTS          1 TO       20 ON MANAGER: OK
 STARTING SUBJECTS         21 TO       39 ON WORKER1: OK
 COLLECTING SUBJECTS        1 TO       20 ON MANAGER
 COLLECTING SUBJECTS       21 TO       39 ON WORKER1
 ITERATION            0
 STARTING SUBJECTS          1 TO       20 ON MANAGER: OK
 STARTING SUBJECTS         21 TO       39 ON WORKER1: OK
 COLLECTING SUBJECTS        1 TO       20 ON MANAGER
 COLLECTING SUBJECTS       21 TO       39 ON WORKER1
 ITERATION            0
 STARTING SUBJECTS          1 TO       20 ON MANAGER: OK
 STARTING SUBJECTS         21 TO       39 ON WORKER1: OK
 COLLECTING SUBJECTS        1 TO       20 ON MANAGER
 COLLECTING SUBJECTS       21 TO       39 ON WORKER1
 ITERATION            0
 STARTING SUBJECTS          1 TO       20 ON MANAGER: OK
 STARTING SUBJECTS         21 TO       39 ON WORKER1: OK
 COLLECTING SUBJECTS        1 TO       20 ON MANAGER
 COLLECTING SUBJECTS       21 TO       39 ON WORKER1
 Tot. mngr. proc.   Time for this  Iteration  (DDD:HH:MM:SS.DD) 000:00:00:00.00
 Total Load         Time for this  Iteration  (DDD:HH:MM:SS.DD) 000:00:00:00.06
 Total Computation  Time for this  Iteration  (DDD:HH:MM:SS.DD) 000:00:00:00.25
 Accum. mngr. proc. Time among all Iterations (DDD:HH:MM:SS.DD) 000:00:00:06.38
 Accumulated Load   Time among all Iterations (DDD:HH:MM:SS.DD) 000:00:01:17.15
 Accumulated Comp.  Time among all Iterations (DDD:HH:MM:SS.DD) 000:00:05:01.00
 Accumulated CPU    Time of present job       (DDD:HH:MM:SS.DD) 000:00:13:13.69

 ITERATION         2000
 STARTING SUBJECTS          1 TO       25 ON MANAGER: OK
 STARTING SUBJECTS         26 TO       39 ON WORKER1: OK
 COLLECTING SUBJECTS        1 TO       25 ON MANAGER
 COLLECTING SUBJECTS       26 TO       39 ON WORKER1
 ITERATION         2000
 STARTING SUBJECTS          1 TO       25 ON MANAGER: OK
 STARTING SUBJECTS         26 TO       39 ON WORKER1: OK
 COLLECTING SUBJECTS        1 TO       25 ON MANAGER
 COLLECTING SUBJECTS       26 TO       39 ON WORKER1
 ITERATION         2000
 STARTING SUBJECTS          1 TO       25 ON MANAGER: OK
 STARTING SUBJECTS         26 TO       39 ON WORKER1: OK
 COLLECTING SUBJECTS        1 TO       25 ON MANAGER
 COLLECTING SUBJECTS       26 TO       39 ON WORKER1
 ITERATION         2000
 STARTING SUBJECTS          1 TO       25 ON MANAGER: OK
 STARTING SUBJECTS         26 TO       39 ON WORKER1: OK
 COLLECTING SUBJECTS        1 TO       25 ON MANAGER
 COLLECTING SUBJECTS       26 TO       39 ON WORKER1
 ITERATION         2000
 STARTING SUBJECTS          1 TO       25 ON MANAGER: OK
 STARTING SUBJECTS         26 TO       39 ON WORKER1: OK
 COLLECTING SUBJECTS        1 TO       25 ON MANAGER
 COLLECTING SUBJECTS       26 TO       39 ON WORKER1
 ITERATION         2000
 STARTING SUBJECTS          1 TO       25 ON MANAGER: OK
 STARTING SUBJECTS         26 TO       39 ON WORKER1: OK
 COLLECTING SUBJECTS        1 TO       25 ON MANAGER
 COLLECTING SUBJECTS       26 TO       39 ON WORKER1
 ITERATION         2000
 STARTING SUBJECTS          1 TO       25 ON MANAGER: OK
 STARTING SUBJECTS         26 TO       39 ON WORKER1: OK
 COLLECTING SUBJECTS        1 TO       25 ON MANAGER
 COLLECTING SUBJECTS       26 TO       39 ON WORKER1
 ITERATION         2000
 STARTING SUBJECTS          1 TO       25 ON MANAGER: OK
 STARTING SUBJECTS         26 TO       39 ON WORKER1: OK
 COLLECTING SUBJECTS        1 TO       25 ON MANAGER
 COLLECTING SUBJECTS       26 TO       39 ON WORKER1
 ITERATION         2000
 STARTING SUBJECTS          1 TO       25 ON MANAGER: OK
 STARTING SUBJECTS         26 TO       39 ON WORKER1: OK
 COLLECTING SUBJECTS        1 TO       25 ON MANAGER
 COLLECTING SUBJECTS       26 TO       39 ON WORKER1
 ITERATION         2000
 STARTING SUBJECTS          1 TO       25 ON MANAGER: OK
 STARTING SUBJECTS         26 TO       39 ON WORKER1: OK
 COLLECTING SUBJECTS        1 TO       25 ON MANAGER
 COLLECTING SUBJECTS       26 TO       39 ON WORKER1
 ITERATION         2000
 STARTING SUBJECTS          1 TO       25 ON MANAGER: OK
 STARTING SUBJECTS         26 TO       39 ON WORKER1: OK
 COLLECTING SUBJECTS        1 TO       25 ON MANAGER
 COLLECTING SUBJECTS       26 TO       39 ON WORKER1
 ITERATION         2000
 STARTING SUBJECTS          1 TO       25 ON MANAGER: OK
 STARTING SUBJECTS         26 TO       39 ON WORKER1: OK
 COLLECTING SUBJECTS        1 TO       25 ON MANAGER
 COLLECTING SUBJECTS       26 TO       39 ON WORKER1
 ITERATION         2000
 STARTING SUBJECTS          1 TO       25 ON MANAGER: OK
 STARTING SUBJECTS         26 TO       39 ON WORKER1: OK
 COLLECTING SUBJECTS        1 TO       25 ON MANAGER
 COLLECTING SUBJECTS       26 TO       39 ON WORKER1
 ITERATION         2000
 STARTING SUBJECTS          1 TO       25 ON MANAGER: OK
 STARTING SUBJECTS         26 TO       39 ON WORKER1: OK
 COLLECTING SUBJECTS        1 TO       25 ON MANAGER
 COLLECTING SUBJECTS       26 TO       39 ON WORKER1
 ITERATION         2000
 STARTING SUBJECTS          1 TO       25 ON MANAGER: OK
 STARTING SUBJECTS         26 TO       39 ON WORKER1: OK
 COLLECTING SUBJECTS        1 TO       25 ON MANAGER
 COLLECTING SUBJECTS       26 TO       39 ON WORKER1
 ITERATION         2000
 STARTING SUBJECTS          1 TO       25 ON MANAGER: OK
 STARTING SUBJECTS         26 TO       39 ON WORKER1: OK
 COLLECTING SUBJECTS        1 TO       25 ON MANAGER
 COLLECTING SUBJECTS       26 TO       39 ON WORKER1
 ITERATION         2000
 STARTING SUBJECTS          1 TO       25 ON MANAGER: OK
 STARTING SUBJECTS         26 TO       39 ON WORKER1: OK
 COLLECTING SUBJECTS        1 TO       25 ON MANAGER
 COLLECTING SUBJECTS       26 TO       39 ON WORKER1
 ITERATION         2000
 STARTING SUBJECTS          1 TO       25 ON MANAGER: OK
 STARTING SUBJECTS         26 TO       39 ON WORKER1: OK
 COLLECTING SUBJECTS        1 TO       25 ON MANAGER
 COLLECTING SUBJECTS       26 TO       39 ON WORKER1
 ITERATION         2000
 STARTING SUBJECTS          1 TO       25 ON MANAGER: OK
 STARTING SUBJECTS         26 TO       39 ON WORKER1: OK
 COLLECTING SUBJECTS        1 TO       25 ON MANAGER
 COLLECTING SUBJECTS       26 TO       39 ON WORKER1
 ITERATION         2000
 STARTING SUBJECTS          1 TO       25 ON MANAGER: OK
 STARTING SUBJECTS         26 TO       39 ON WORKER1: OK
 COLLECTING SUBJECTS        1 TO       25 ON MANAGER
 COLLECTING SUBJECTS       26 TO       39 ON WORKER1
 ITERATION         2000
 STARTING SUBJECTS          1 TO       25 ON MANAGER: OK
 STARTING SUBJECTS         26 TO       39 ON WORKER1: OK
 COLLECTING SUBJECTS        1 TO       25 ON MANAGER
 COLLECTING SUBJECTS       26 TO       39 ON WORKER1
 ITERATION         2000
 STARTING SUBJECTS          1 TO       25 ON MANAGER: OK
 STARTING SUBJECTS         26 TO       39 ON WORKER1: OK
 COLLECTING SUBJECTS        1 TO       25 ON MANAGER
 COLLECTING SUBJECTS       26 TO       39 ON WORKER1
 ITERATION         2000
 STARTING SUBJECTS          1 TO       25 ON MANAGER: OK
 STARTING SUBJECTS         26 TO       39 ON WORKER1: OK
 COLLECTING SUBJECTS        1 TO       25 ON MANAGER
 COLLECTING SUBJECTS       26 TO       39 ON WORKER1
 ITERATION         2000
 STARTING SUBJECTS          1 TO       25 ON MANAGER: OK
 STARTING SUBJECTS         26 TO       39 ON WORKER1: OK
 COLLECTING SUBJECTS        1 TO       25 ON MANAGER
 COLLECTING SUBJECTS       26 TO       39 ON WORKER1
 ITERATION         2000
 STARTING SUBJECTS          1 TO       25 ON MANAGER: OK
 STARTING SUBJECTS         26 TO       39 ON WORKER1: OK
 COLLECTING SUBJECTS        1 TO       25 ON MANAGER
 COLLECTING SUBJECTS       26 TO       39 ON WORKER1
 ITERATION         2000
 STARTING SUBJECTS          1 TO       25 ON MANAGER: OK
 STARTING SUBJECTS         26 TO       39 ON WORKER1: OK
 COLLECTING SUBJECTS        1 TO       25 ON MANAGER
 COLLECTING SUBJECTS       26 TO       39 ON WORKER1
 ITERATION         2000
 STARTING SUBJECTS          1 TO       25 ON MANAGER: OK
 STARTING SUBJECTS         26 TO       39 ON WORKER1: OK
 COLLECTING SUBJECTS        1 TO       25 ON MANAGER
 COLLECTING SUBJECTS       26 TO       39 ON WORKER1
 ITERATION         2000
 STARTING SUBJECTS          1 TO       25 ON MANAGER: OK
 STARTING SUBJECTS         26 TO       39 ON WORKER1: OK
 COLLECTING SUBJECTS        1 TO       25 ON MANAGER
 COLLECTING SUBJECTS       26 TO       39 ON WORKER1
 ITERATION         2000
 STARTING SUBJECTS          1 TO       25 ON MANAGER: OK
 STARTING SUBJECTS         26 TO       39 ON WORKER1: OK
 COLLECTING SUBJECTS        1 TO       25 ON MANAGER
 COLLECTING SUBJECTS       26 TO       39 ON WORKER1
 ITERATION         2000
 STARTING SUBJECTS          1 TO       25 ON MANAGER: OK
 STARTING SUBJECTS         26 TO       39 ON WORKER1: OK
 COLLECTING SUBJECTS        1 TO       25 ON MANAGER
 COLLECTING SUBJECTS       26 TO       39 ON WORKER1
 ITERATION         2000
 STARTING SUBJECTS          1 TO       25 ON MANAGER: OK
 STARTING SUBJECTS         26 TO       39 ON WORKER1: OK
 COLLECTING SUBJECTS        1 TO       25 ON MANAGER
 COLLECTING SUBJECTS       26 TO       39 ON WORKER1
 ITERATION         2000
 STARTING SUBJECTS          1 TO       25 ON MANAGER: OK
 STARTING SUBJECTS         26 TO       39 ON WORKER1: OK
 COLLECTING SUBJECTS        1 TO       25 ON MANAGER
 COLLECTING SUBJECTS       26 TO       39 ON WORKER1
 ITERATION         2000
 STARTING SUBJECTS          1 TO       25 ON MANAGER: OK
 STARTING SUBJECTS         26 TO       39 ON WORKER1: OK
 COLLECTING SUBJECTS        1 TO       25 ON MANAGER
 COLLECTING SUBJECTS       26 TO       39 ON WORKER1
 ITERATION         2000
 STARTING SUBJECTS          1 TO       25 ON MANAGER: OK
 STARTING SUBJECTS         26 TO       39 ON WORKER1: OK
 COLLECTING SUBJECTS        1 TO       25 ON MANAGER
 COLLECTING SUBJECTS       26 TO       39 ON WORKER1
 ITERATION         2000
 STARTING SUBJECTS          1 TO       25 ON MANAGER: OK
 STARTING SUBJECTS         26 TO       39 ON WORKER1: OK
 COLLECTING SUBJECTS        1 TO       25 ON MANAGER
 COLLECTING SUBJECTS       26 TO       39 ON WORKER1
 ITERATION         2000
 STARTING SUBJECTS          1 TO       25 ON MANAGER: OK
 STARTING SUBJECTS         26 TO       39 ON WORKER1: OK
 COLLECTING SUBJECTS        1 TO       25 ON MANAGER
 COLLECTING SUBJECTS       26 TO       39 ON WORKER1
PARAFILE=2004_3.pnm, PROTOCOL=MPI, NODES= 2
FNLETA STEP : Problem=1 Subproblem=0 Superproblem1=0 Iteration1=0 Superproblem2=0 Iteration2=0
 ITERATION            0
 STARTING SUBJECTS          1 TO       20 ON MANAGER: OK
 STARTING SUBJECTS         21 TO       39 ON WORKER1: OK
 COLLECTING SUBJECTS        1 TO       20 ON MANAGER
 COLLECTING SUBJECTS       21 TO       39 ON WORKER1
PARAFILE=2004_3.pnm, PROTOCOL=MPI, NODES= 2
WRES STEP : Problem=1 Subproblem=0 Superproblem1=0 Iteration1=0 Superproblem2=0 Iteration2=0
 ITERATION            0
 STARTING SUBJECTS          1 TO       20 ON MANAGER: OK
 STARTING SUBJECTS         21 TO       39 ON WORKER1: OK
 COLLECTING SUBJECTS        1 TO       20 ON MANAGER
 COLLECTING SUBJECTS       21 TO       39 ON WORKER1
 Tot. mngr. proc.   Time for this  Iteration  (DDD:HH:MM:SS.DD) 000:00:00:00.00
 Total Load         Time for this  Iteration  (DDD:HH:MM:SS.DD) 000:00:00:00.00
 Total Computation  Time for this  Iteration  (DDD:HH:MM:SS.DD) 000:00:00:00.00
 Accum. mngr. proc. Time among all Iterations (DDD:HH:MM:SS.DD) 000:00:00:00.00
 Accumulated Load   Time among all Iterations (DDD:HH:MM:SS.DD) 000:00:00:00.00
 Accumulated Comp.  Time among all Iterations (DDD:HH:MM:SS.DD) 000:00:00:00.00
 Accumulated CPU    Time of present job       (DDD:HH:MM:SS.DD) 000:00:13:13.69

 ITERATION            1
 STARTING SUBJECTS          1 TO       16 ON MANAGER: OK
 STARTING SUBJECTS         17 TO       39 ON WORKER1: OK
 COLLECTING SUBJECTS        1 TO       16 ON MANAGER
 COLLECTING SUBJECTS       17 TO       39 ON WORKER1
