Starting NMTRAN
  
 WARNINGS AND ERRORS (IF ANY) FOR PROBLEM    1
             
 (WARNING  2) NM-TRAN INFERS THAT THE DATA ARE POPULATION.

 (MU_WARNING 26) DATA ITEM(S) USED IN DEFINITION OF MU_(S) SHOULD BE CONSTANT FOR INDIV. REC.:
  WT
             
 (WARNING  121) INTERACTION IS IMPLIED WITH EM/BAYES ESTIMATION METHODS

 LIM VALUES MAXLIM ASSESSED BY NMTRAN: 1,2,3,4,5,6,7,8,10,11,13,15,16        
Recompiling certain components
 Minimum value for a list item exceeded:      1

 USING PARALLEL PROFILE 1000_1.pnm
 MPI TRANSFER TYPE SELECTED
Building NONMEM Executable
 Minimum value for a list item exceeded:      1
 Parallelization Warnings are in FPWARN
Starting MPI version of nonmem execution ...
Manager Location ip-10-128-46-46//data/bbr-nonmem-poppk-bayes/model/pk/1000/1000_1
 Minimum value for a list item exceeded:      1
 Parallelization Warnings are in FPWARN
License Registered to: Metrum Research Group (with RADAR5NM)
Expiration Date:    14 JUL 2023
Current Date:        2 NOV 2022
Days until program expires : 257
 Minimum value for a list item exceeded:      1
 Parallelization Warnings are in FPWARN


 Chain Method Processing


 Minimum value for a list item exceeded:      1
 Parallelization Warnings are in FPWARN


 MCMC Bayesian Analysis
 MONITORING OF SEARCH:

 Burn-in Mode
 iteration        -1000 MCMCOBJ=    33254.574776414505     
 iteration         -990 MCMCOBJ=    29002.476494863055     
 iteration         -980 MCMCOBJ=    28513.846141709135     
 iteration         -970 MCMCOBJ=    28403.833283785276     
 iteration         -960 MCMCOBJ=    28291.019164466808     
 iteration         -950 MCMCOBJ=    28199.931102104711     
 iteration         -940 MCMCOBJ=    28310.852173618579     
 iteration         -930 MCMCOBJ=    28200.420789921234     
 iteration         -920 MCMCOBJ=    28317.184512381733     
 iteration         -910 MCMCOBJ=    28178.643324761910     
 iteration         -900 MCMCOBJ=    28065.436455550993     
 iteration         -890 MCMCOBJ=    28199.212092788683     
 iteration         -880 MCMCOBJ=    28273.146055271965     
 iteration         -870 MCMCOBJ=    28284.207512272027     
 iteration         -860 MCMCOBJ=    28215.712697786134     
 iteration         -850 MCMCOBJ=    28198.454274162334     
 iteration         -840 MCMCOBJ=    28220.905149345821     
 iteration         -830 MCMCOBJ=    28233.536905673111     
 iteration         -820 MCMCOBJ=    28232.762429689134     
 iteration         -810 MCMCOBJ=    28205.279456993449     
 iteration         -800 MCMCOBJ=    28178.791560189635     
 iteration         -790 MCMCOBJ=    28140.371017185196     
 iteration         -780 MCMCOBJ=    28210.866972736298     
 iteration         -770 MCMCOBJ=    28117.550574165612     
 iteration         -760 MCMCOBJ=    28154.273113648978     
 iteration         -750 MCMCOBJ=    28190.422407938171     
 iteration         -740 MCMCOBJ=    28227.691970975622     
 iteration         -730 MCMCOBJ=    28143.115088569150     
 iteration         -720 MCMCOBJ=    28070.442924077583     
 iteration         -710 MCMCOBJ=    28163.866900143486     
 iteration         -700 MCMCOBJ=    28225.699615332825     
 iteration         -690 MCMCOBJ=    28166.674499154808     
 iteration         -680 MCMCOBJ=    28227.163245057433     
 iteration         -670 MCMCOBJ=    28156.895034464844     
 iteration         -660 MCMCOBJ=    28263.248395805775     
 iteration         -650 MCMCOBJ=    28208.104052314517     
 iteration         -640 MCMCOBJ=    28167.035494721662     
 iteration         -630 MCMCOBJ=    28199.635873949181     
 iteration         -620 MCMCOBJ=    28158.728122886438     
 iteration         -610 MCMCOBJ=    28183.995761003767     
 iteration         -600 MCMCOBJ=    28237.858792040250     
 iteration         -590 MCMCOBJ=    28226.052262967514     
 iteration         -580 MCMCOBJ=    28274.301471740193     
 iteration         -570 MCMCOBJ=    28180.769873481197     
 iteration         -560 MCMCOBJ=    28111.598095063779     
 iteration         -550 MCMCOBJ=    28245.806686714812     
 iteration         -540 MCMCOBJ=    28158.293631029472     
 iteration         -530 MCMCOBJ=    28191.371710791544     
 iteration         -520 MCMCOBJ=    28178.939498267588     
 iteration         -510 MCMCOBJ=    28234.656852069802     
 iteration         -500 MCMCOBJ=    28162.514656976859     
 iteration         -490 MCMCOBJ=    28168.382672806561     
 iteration         -480 MCMCOBJ=    28194.172886986016     
 iteration         -470 MCMCOBJ=    28134.559331558452     
 iteration         -460 MCMCOBJ=    28179.382817375335     
 iteration         -450 MCMCOBJ=    28191.603332897295     
 iteration         -440 MCMCOBJ=    28106.640527392792     
 iteration         -430 MCMCOBJ=    28123.124521646270     
 iteration         -420 MCMCOBJ=    28175.569541688506     
 iteration         -410 MCMCOBJ=    28244.977046462409     
 iteration         -400 MCMCOBJ=    28130.355032820338     
 iteration         -390 MCMCOBJ=    28200.938417632507     
 iteration         -380 MCMCOBJ=    28088.866865614345     
 iteration         -370 MCMCOBJ=    28159.327288337154     
 iteration         -360 MCMCOBJ=    28193.892955296422     
 iteration         -350 MCMCOBJ=    28187.942228092572     
 iteration         -340 MCMCOBJ=    28179.784243166516     
 iteration         -330 MCMCOBJ=    28172.144799216199     
 iteration         -320 MCMCOBJ=    28211.755083880595     
 iteration         -310 MCMCOBJ=    28246.777371140925     
 iteration         -300 MCMCOBJ=    28186.883271257266     
 iteration         -290 MCMCOBJ=    28184.304553581653     
 iteration         -280 MCMCOBJ=    28098.287943738727     
 iteration         -270 MCMCOBJ=    28187.981468299349     
 iteration         -260 MCMCOBJ=    28224.824874807506     
 iteration         -250 MCMCOBJ=    28260.110966270589     
 iteration         -240 MCMCOBJ=    28221.737215935831     
 iteration         -230 MCMCOBJ=    28149.908538456923     
 iteration         -220 MCMCOBJ=    28123.992045584782     
 iteration         -210 MCMCOBJ=    28209.353532957757     
 iteration         -200 MCMCOBJ=    28206.330320635396     
 iteration         -190 MCMCOBJ=    28188.427096405081     
 iteration         -180 MCMCOBJ=    28099.220567034768     
 iteration         -170 MCMCOBJ=    28129.324145125833     
 iteration         -160 MCMCOBJ=    28171.874604750017     
 iteration         -150 MCMCOBJ=    28205.386745158397     
 iteration         -140 MCMCOBJ=    28207.977906413649     
 iteration         -130 MCMCOBJ=    28168.269924319364     
 iteration         -120 MCMCOBJ=    28158.121970986707     
 iteration         -110 MCMCOBJ=    28272.356574353013     
 iteration         -100 MCMCOBJ=    28210.677483833697     
 iteration          -90 MCMCOBJ=    28223.888042957646     
 iteration          -80 MCMCOBJ=    28209.060978015099     
 iteration          -70 MCMCOBJ=    28213.565355989937     
 iteration          -60 MCMCOBJ=    28250.182706290947     
 iteration          -50 MCMCOBJ=    28297.295773879032     
 iteration          -40 MCMCOBJ=    28199.145379566726     
 iteration          -30 MCMCOBJ=    28271.554419946318     
 iteration          -20 MCMCOBJ=    28132.384281254013     
 iteration          -10 MCMCOBJ=    28126.591963744831     
 Sampling Mode
 iteration            0 MCMCOBJ=    28197.526698459042     
 iteration           10 MCMCOBJ=    28235.956718492122     
 iteration           20 MCMCOBJ=    28203.120690183528     
 iteration           30 MCMCOBJ=    28147.048973243305     
 iteration           40 MCMCOBJ=    28138.587811475030     
 iteration           50 MCMCOBJ=    28216.372582289838     
 iteration           60 MCMCOBJ=    28230.612381295727     
 iteration           70 MCMCOBJ=    28240.352719119186     
 iteration           80 MCMCOBJ=    28215.109656040331     
 iteration           90 MCMCOBJ=    28239.842552093553     
 iteration          100 MCMCOBJ=    28237.441585299799     
 iteration          110 MCMCOBJ=    28206.658432085842     
 iteration          120 MCMCOBJ=    28166.238035715593     
 iteration          130 MCMCOBJ=    28234.506984739644     
 iteration          140 MCMCOBJ=    28148.034248775777     
 iteration          150 MCMCOBJ=    28251.479649274217     
 iteration          160 MCMCOBJ=    28263.390163513272     
 iteration          170 MCMCOBJ=    28160.907547653940     
 iteration          180 MCMCOBJ=    28162.773736065508     
 iteration          190 MCMCOBJ=    28159.241877630619     
 iteration          200 MCMCOBJ=    28092.072035102650     
 iteration          210 MCMCOBJ=    28142.871873691929     
 iteration          220 MCMCOBJ=    28264.165290579887     
 iteration          230 MCMCOBJ=    28202.962687272182     
 iteration          240 MCMCOBJ=    28238.874479137085     
 iteration          250 MCMCOBJ=    28200.630213899087     
 iteration          260 MCMCOBJ=    28247.506324505313     
 iteration          270 MCMCOBJ=    28191.641873343564     
 iteration          280 MCMCOBJ=    28201.276283883828     
 iteration          290 MCMCOBJ=    28235.707161915314     
 iteration          300 MCMCOBJ=    28084.917795687506     
 iteration          310 MCMCOBJ=    28172.586781312180     
 iteration          320 MCMCOBJ=    28170.130738517462     
 iteration          330 MCMCOBJ=    28089.409771419851     
 iteration          340 MCMCOBJ=    28205.056434475533     
 iteration          350 MCMCOBJ=    28205.570979181914     
 iteration          360 MCMCOBJ=    28222.426657285392     
 iteration          370 MCMCOBJ=    28245.694090034889     
 iteration          380 MCMCOBJ=    28253.998159747727     
 iteration          390 MCMCOBJ=    28152.839280894706     
 iteration          400 MCMCOBJ=    28209.609799583061     
 iteration          410 MCMCOBJ=    28179.290023416634     
 iteration          420 MCMCOBJ=    28247.988596237265     
 iteration          430 MCMCOBJ=    28134.142965960040     
 iteration          440 MCMCOBJ=    28213.704394888820     
 iteration          450 MCMCOBJ=    28178.076703055202     
 iteration          460 MCMCOBJ=    28187.842041915064     
 iteration          470 MCMCOBJ=    28157.788717094267     
 iteration          480 MCMCOBJ=    28216.869628348046     
 iteration          490 MCMCOBJ=    28133.728102991419     
 iteration          500 MCMCOBJ=    28255.340341736231     
 iteration          510 MCMCOBJ=    28199.738538032270     
 iteration          520 MCMCOBJ=    28320.089984195438     
 iteration          530 MCMCOBJ=    28115.529864157994     
 iteration          540 MCMCOBJ=    28204.272040674612     
 iteration          550 MCMCOBJ=    28165.915080432296     
 iteration          560 MCMCOBJ=    28206.084503020997     
 iteration          570 MCMCOBJ=    28279.042645190781     
 iteration          580 MCMCOBJ=    28325.139536504688     
 iteration          590 MCMCOBJ=    28213.041914799385     
 iteration          600 MCMCOBJ=    28241.025860240836     
 iteration          610 MCMCOBJ=    28214.508514792291     
 iteration          620 MCMCOBJ=    28329.681763956796     
 iteration          630 MCMCOBJ=    28161.802851210236     
 iteration          640 MCMCOBJ=    28213.695993320478     
 iteration          650 MCMCOBJ=    28264.638662432757     
 iteration          660 MCMCOBJ=    28190.890934673116     
 iteration          670 MCMCOBJ=    28099.647367979011     
 iteration          680 MCMCOBJ=    28193.598055085615     
 iteration          690 MCMCOBJ=    28199.118886238663     
 iteration          700 MCMCOBJ=    28188.483936973687     
 iteration          710 MCMCOBJ=    28226.752484534401     
 iteration          720 MCMCOBJ=    28290.076305783688     
 iteration          730 MCMCOBJ=    28176.169571716695     
 iteration          740 MCMCOBJ=    28257.858618908715     
 iteration          750 MCMCOBJ=    28127.742782243335     
 iteration          760 MCMCOBJ=    28128.612220730971     
 iteration          770 MCMCOBJ=    28271.545799068215     
 iteration          780 MCMCOBJ=    28246.924490477872     
 iteration          790 MCMCOBJ=    28247.386037645963     
 iteration          800 MCMCOBJ=    28149.319915829259     
 iteration          810 MCMCOBJ=    28076.666268023491     
 iteration          820 MCMCOBJ=    28111.097057862175     
 iteration          830 MCMCOBJ=    28187.515653167724     
 iteration          840 MCMCOBJ=    28167.175907451820     
 iteration          850 MCMCOBJ=    28119.504872549300     
 iteration          860 MCMCOBJ=    28218.493025309166     
 iteration          870 MCMCOBJ=    28157.051534671122     
 iteration          880 MCMCOBJ=    28225.616097181664     
 iteration          890 MCMCOBJ=    28170.983644978616     
 iteration          900 MCMCOBJ=    28186.752739003899     
 iteration          910 MCMCOBJ=    28177.604385878221     
 iteration          920 MCMCOBJ=    28199.372298023747     
 iteration          930 MCMCOBJ=    28221.821269468714     
 iteration          940 MCMCOBJ=    28170.565356443727     
 iteration          950 MCMCOBJ=    28256.023145026702     
 iteration          960 MCMCOBJ=    28207.278149985505     
 iteration          970 MCMCOBJ=    28203.831281673240     
 iteration          980 MCMCOBJ=    28228.028082579214     
 iteration          990 MCMCOBJ=    28217.972870989273     
 iteration         1000 MCMCOBJ=    28228.531541810560     
 iteration         1010 MCMCOBJ=    28237.272989551482     
 iteration         1020 MCMCOBJ=    28191.337651819958     
 iteration         1030 MCMCOBJ=    28209.521588884731     
 iteration         1040 MCMCOBJ=    28223.242625523366     
 iteration         1050 MCMCOBJ=    28260.164869083750     
 iteration         1060 MCMCOBJ=    28184.646578933371     
 iteration         1070 MCMCOBJ=    28202.808106371514     
 iteration         1080 MCMCOBJ=    28220.112129277361     
 iteration         1090 MCMCOBJ=    28201.605493259784     
 iteration         1100 MCMCOBJ=    28169.432247573382     
 iteration         1110 MCMCOBJ=    28216.423458793386     
 iteration         1120 MCMCOBJ=    28190.360661065548     
 iteration         1130 MCMCOBJ=    28174.009975476467     
 iteration         1140 MCMCOBJ=    28171.603022309817     
 iteration         1150 MCMCOBJ=    28127.221970136601     
 iteration         1160 MCMCOBJ=    28264.607223027106     
 iteration         1170 MCMCOBJ=    28159.705789503496     
 iteration         1180 MCMCOBJ=    28183.839681828878     
 iteration         1190 MCMCOBJ=    28194.716622668548     
 iteration         1200 MCMCOBJ=    28305.015489660891     
 iteration         1210 MCMCOBJ=    28239.434014629274     
 iteration         1220 MCMCOBJ=    28150.442779492158     
 iteration         1230 MCMCOBJ=    28243.711136047405     
 iteration         1240 MCMCOBJ=    28221.790159058324     
 iteration         1250 MCMCOBJ=    28261.485443354210     
 iteration         1260 MCMCOBJ=    28216.295047435957     
 iteration         1270 MCMCOBJ=    28206.595259296704     
 iteration         1280 MCMCOBJ=    28262.971013140384     
 iteration         1290 MCMCOBJ=    28246.493829246785     
 iteration         1300 MCMCOBJ=    28251.776781795732     
 iteration         1310 MCMCOBJ=    28160.664402570830     
 iteration         1320 MCMCOBJ=    28286.781227866570     
 iteration         1330 MCMCOBJ=    28118.151228029707     
 iteration         1340 MCMCOBJ=    28206.504498110226     
 iteration         1350 MCMCOBJ=    28215.588148920302     
 iteration         1360 MCMCOBJ=    28246.966509671322     
 iteration         1370 MCMCOBJ=    28242.212779880327     
 iteration         1380 MCMCOBJ=    28131.827648787123     
 iteration         1390 MCMCOBJ=    28167.687606725100     
 iteration         1400 MCMCOBJ=    28216.479493974584     
 iteration         1410 MCMCOBJ=    28201.398868351604     
 iteration         1420 MCMCOBJ=    28329.474871125531     
 iteration         1430 MCMCOBJ=    28187.879785932339     
 iteration         1440 MCMCOBJ=    28230.865655679543     
 iteration         1450 MCMCOBJ=    28241.804148919979     
 iteration         1460 MCMCOBJ=    28226.876670645266     
 iteration         1470 MCMCOBJ=    28263.265555434729     
 iteration         1480 MCMCOBJ=    28104.934539279187     
 iteration         1490 MCMCOBJ=    28184.525656798371     
 iteration         1500 MCMCOBJ=    28233.580872158556     
 iteration         1510 MCMCOBJ=    28180.906392291425     
 iteration         1520 MCMCOBJ=    28179.227841268301     
 iteration         1530 MCMCOBJ=    28239.385203302638     
 iteration         1540 MCMCOBJ=    28224.196543951886     
 iteration         1550 MCMCOBJ=    28111.797994746066     
 iteration         1560 MCMCOBJ=    28234.376408962788     
 iteration         1570 MCMCOBJ=    28146.527042557766     
 iteration         1580 MCMCOBJ=    28232.708121313706     
 iteration         1590 MCMCOBJ=    28206.558292721271     
 iteration         1600 MCMCOBJ=    28270.724957828235     
 iteration         1610 MCMCOBJ=    28189.359332776094     
 iteration         1620 MCMCOBJ=    28193.994984644472     
 iteration         1630 MCMCOBJ=    28250.827933264536     
 iteration         1640 MCMCOBJ=    28209.029856325385     
 iteration         1650 MCMCOBJ=    28254.210903813186     
 iteration         1660 MCMCOBJ=    28255.069734886438     
 iteration         1670 MCMCOBJ=    28256.867950356227     
 iteration         1680 MCMCOBJ=    28216.275630381126     
 iteration         1690 MCMCOBJ=    28190.549777522439     
 iteration         1700 MCMCOBJ=    28179.990345011502     
 iteration         1710 MCMCOBJ=    28191.550438360129     
 iteration         1720 MCMCOBJ=    28195.278906786312     
 iteration         1730 MCMCOBJ=    28150.838175058183     
 iteration         1740 MCMCOBJ=    28176.323475385976     
 iteration         1750 MCMCOBJ=    28203.262481406979     
 iteration         1760 MCMCOBJ=    28199.853480840873     
 iteration         1770 MCMCOBJ=    28203.647934612007     
 iteration         1780 MCMCOBJ=    28200.491950666968     
 iteration         1790 MCMCOBJ=    28238.871782159626     
 iteration         1800 MCMCOBJ=    28288.993613345843     
 iteration         1810 MCMCOBJ=    28239.950683846120     
 iteration         1820 MCMCOBJ=    28220.453354775531     
 iteration         1830 MCMCOBJ=    28214.239840592254     
 iteration         1840 MCMCOBJ=    28170.352079233944     
 iteration         1850 MCMCOBJ=    28214.356387462260     
 iteration         1860 MCMCOBJ=    28201.593043019067     
 iteration         1870 MCMCOBJ=    28125.251563298720     
 iteration         1880 MCMCOBJ=    28273.300874695924     
 iteration         1890 MCMCOBJ=    28204.290003469938     
 iteration         1900 MCMCOBJ=    28118.035935918495     
 iteration         1910 MCMCOBJ=    28227.403959006428     
 iteration         1920 MCMCOBJ=    28222.515934125491     
 iteration         1930 MCMCOBJ=    28162.991044085011     
 iteration         1940 MCMCOBJ=    28192.893801207651     
 iteration         1950 MCMCOBJ=    28182.894601398420     
 iteration         1960 MCMCOBJ=    28164.921010725124     
 iteration         1970 MCMCOBJ=    28212.846838769743     
 iteration         1980 MCMCOBJ=    28206.014749568476     
 iteration         1990 MCMCOBJ=    28260.841810363967     
 iteration         2000 MCMCOBJ=    28209.938403488624     
 iteration         2010 MCMCOBJ=    28065.463928924652     
 iteration         2020 MCMCOBJ=    28076.864204569792     
 iteration         2030 MCMCOBJ=    28139.067666904768     
 iteration         2040 MCMCOBJ=    28143.388409803458     
 iteration         2050 MCMCOBJ=    28157.094453320293     
 iteration         2060 MCMCOBJ=    28167.580505024445     
 iteration         2070 MCMCOBJ=    28243.479972487417     
 iteration         2080 MCMCOBJ=    28190.040775983558     
 iteration         2090 MCMCOBJ=    28255.857371727139     
 iteration         2100 MCMCOBJ=    28298.349356630792     
 iteration         2110 MCMCOBJ=    28238.238743239086     
 iteration         2120 MCMCOBJ=    28219.234542976646     
 iteration         2130 MCMCOBJ=    28145.130186104536     
 iteration         2140 MCMCOBJ=    28155.762871221061     
 iteration         2150 MCMCOBJ=    28161.261643545709     
 iteration         2160 MCMCOBJ=    28188.030113705037     
 iteration         2170 MCMCOBJ=    28193.769563391616     
 iteration         2180 MCMCOBJ=    28124.748261669029     
 iteration         2190 MCMCOBJ=    28169.220049961135     
 iteration         2200 MCMCOBJ=    28206.363661178155     
 iteration         2210 MCMCOBJ=    28202.949392518000     
 iteration         2220 MCMCOBJ=    28165.130023838101     
 iteration         2230 MCMCOBJ=    28199.183217971771     
 iteration         2240 MCMCOBJ=    28128.430048717553     
 iteration         2250 MCMCOBJ=    28215.488781692180     
 iteration         2260 MCMCOBJ=    28136.359070830022     
 iteration         2270 MCMCOBJ=    28242.981938710207     
 iteration         2280 MCMCOBJ=    28241.832478415890     
 iteration         2290 MCMCOBJ=    28153.887342141297     
 iteration         2300 MCMCOBJ=    28204.480014563214     
 iteration         2310 MCMCOBJ=    28158.803154462399     
 iteration         2320 MCMCOBJ=    28211.625749755607     
 iteration         2330 MCMCOBJ=    28143.275778006067     
 iteration         2340 MCMCOBJ=    28247.293772508867     
 iteration         2350 MCMCOBJ=    28230.133771404140     
 iteration         2360 MCMCOBJ=    28204.338988137151     
 iteration         2370 MCMCOBJ=    28132.452727621134     
 iteration         2380 MCMCOBJ=    28219.380517463214     
 iteration         2390 MCMCOBJ=    28276.406738834121     
 iteration         2400 MCMCOBJ=    28150.503820627942     
 iteration         2410 MCMCOBJ=    28254.193414953501     
 iteration         2420 MCMCOBJ=    28178.716165142705     
 iteration         2430 MCMCOBJ=    28263.410477556459     
 iteration         2440 MCMCOBJ=    28241.819285215151     
 iteration         2450 MCMCOBJ=    28217.243705175086     
 iteration         2460 MCMCOBJ=    28268.891396834089     
 iteration         2470 MCMCOBJ=    28190.373063284133     
 iteration         2480 MCMCOBJ=    28254.265380550871     
 iteration         2490 MCMCOBJ=    28174.755643831970     
 iteration         2500 MCMCOBJ=    28221.551665495743     
 iteration         2510 MCMCOBJ=    28204.371799424371     
 iteration         2520 MCMCOBJ=    28126.818536914139     
 iteration         2530 MCMCOBJ=    28188.880587077998     
 iteration         2540 MCMCOBJ=    28222.189562368316     
 iteration         2550 MCMCOBJ=    28270.507203551151     
 iteration         2560 MCMCOBJ=    28185.289828719655     
 iteration         2570 MCMCOBJ=    28251.493360172342     
 iteration         2580 MCMCOBJ=    28166.033792045411     
 iteration         2590 MCMCOBJ=    28125.274841097802     
 iteration         2600 MCMCOBJ=    28185.916480617314     
 iteration         2610 MCMCOBJ=    28126.637129742376     
 iteration         2620 MCMCOBJ=    28280.474782166635     
 iteration         2630 MCMCOBJ=    28144.509316611438     
 iteration         2640 MCMCOBJ=    28236.800539496064     
 iteration         2650 MCMCOBJ=    28147.052623191514     
 iteration         2660 MCMCOBJ=    28193.964591585067     
 iteration         2670 MCMCOBJ=    28172.691785966574     
 iteration         2680 MCMCOBJ=    28173.927420563759     
 iteration         2690 MCMCOBJ=    28236.787057690683     
 iteration         2700 MCMCOBJ=    28204.988148049411     
 iteration         2710 MCMCOBJ=    28216.861891755409     
 iteration         2720 MCMCOBJ=    28238.410048786205     
 iteration         2730 MCMCOBJ=    28242.196644766882     
 iteration         2740 MCMCOBJ=    28206.287228865807     
 iteration         2750 MCMCOBJ=    28246.919123051743     
 iteration         2760 MCMCOBJ=    28224.601854214085     
 iteration         2770 MCMCOBJ=    28208.839280156757     
 iteration         2780 MCMCOBJ=    28196.068469989856     
 iteration         2790 MCMCOBJ=    28264.120052157399     
 iteration         2800 MCMCOBJ=    28224.078884423507     
 iteration         2810 MCMCOBJ=    28240.745896831519     
 iteration         2820 MCMCOBJ=    28176.821400792771     
 iteration         2830 MCMCOBJ=    28249.745725524954     
 iteration         2840 MCMCOBJ=    28310.355330301420     
 iteration         2850 MCMCOBJ=    28224.576207518734     
 iteration         2860 MCMCOBJ=    28239.598541186620     
 iteration         2870 MCMCOBJ=    28193.988024424776     
 iteration         2880 MCMCOBJ=    28175.261665037262     
 iteration         2890 MCMCOBJ=    28270.321457296242     
 iteration         2900 MCMCOBJ=    28201.749074512387     
 iteration         2910 MCMCOBJ=    28172.248592816588     
 iteration         2920 MCMCOBJ=    28226.605050284244     
 iteration         2930 MCMCOBJ=    28249.680084649426     
 iteration         2940 MCMCOBJ=    28198.764739679838     
 iteration         2950 MCMCOBJ=    28244.598525090085     
 iteration         2960 MCMCOBJ=    28172.171031642254     
 iteration         2970 MCMCOBJ=    28183.370905203632     
 iteration         2980 MCMCOBJ=    28179.887375768052     
 iteration         2990 MCMCOBJ=    28181.413690036312     
 iteration         3000 MCMCOBJ=    28126.613982796040     
 iteration         3010 MCMCOBJ=    28082.801260791479     
 iteration         3020 MCMCOBJ=    28203.697707571053     
 iteration         3030 MCMCOBJ=    28199.663302632842     
 iteration         3040 MCMCOBJ=    28053.222076616006     
 iteration         3050 MCMCOBJ=    28197.412779281458     
 iteration         3060 MCMCOBJ=    28177.263264680067     
 iteration         3070 MCMCOBJ=    28237.547128003942     
 iteration         3080 MCMCOBJ=    28175.353749304424     
 iteration         3090 MCMCOBJ=    28137.426161345491     
 iteration         3100 MCMCOBJ=    28157.465379809251     
 iteration         3110 MCMCOBJ=    28249.647270790796     
 iteration         3120 MCMCOBJ=    28181.954242772306     
 iteration         3130 MCMCOBJ=    28228.078230326744     
 iteration         3140 MCMCOBJ=    28279.275670046707     
 iteration         3150 MCMCOBJ=    28195.284222810471     
 iteration         3160 MCMCOBJ=    28184.557664592514     
 iteration         3170 MCMCOBJ=    28163.919804000947     
 iteration         3180 MCMCOBJ=    28190.547014537264     
 iteration         3190 MCMCOBJ=    28215.063619344626     
 iteration         3200 MCMCOBJ=    28209.703366860165     
 iteration         3210 MCMCOBJ=    28165.011608264453     
 iteration         3220 MCMCOBJ=    28183.881033710310     
 iteration         3230 MCMCOBJ=    28166.254724528670     
 iteration         3240 MCMCOBJ=    28114.741943597524     
 iteration         3250 MCMCOBJ=    28264.788163261786     
 iteration         3260 MCMCOBJ=    28154.024852051407     
 iteration         3270 MCMCOBJ=    28227.813075657941     
 iteration         3280 MCMCOBJ=    28124.293330292930     
 iteration         3290 MCMCOBJ=    28109.948681657941     
 iteration         3300 MCMCOBJ=    28199.546320052577     
 iteration         3310 MCMCOBJ=    28149.454290285110     
 iteration         3320 MCMCOBJ=    28159.843905982492     
 iteration         3330 MCMCOBJ=    28191.933192230776     
 iteration         3340 MCMCOBJ=    28170.547359433825     
 iteration         3350 MCMCOBJ=    28173.936993125757     
 iteration         3360 MCMCOBJ=    28243.055649134993     
 iteration         3370 MCMCOBJ=    28130.106369499990     
 iteration         3380 MCMCOBJ=    28125.681517683082     
 iteration         3390 MCMCOBJ=    28220.544586300133     
 iteration         3400 MCMCOBJ=    28238.403245638106     
 iteration         3410 MCMCOBJ=    28235.515089445838     
 iteration         3420 MCMCOBJ=    28199.722723071995     
 iteration         3430 MCMCOBJ=    28198.810939471576     
 iteration         3440 MCMCOBJ=    28221.314122237083     
 iteration         3450 MCMCOBJ=    28199.781855946985     
 iteration         3460 MCMCOBJ=    28184.258648835188     
 iteration         3470 MCMCOBJ=    28070.306024040732     
 iteration         3480 MCMCOBJ=    28167.750708566982     
 iteration         3490 MCMCOBJ=    28207.018992235666     
 iteration         3500 MCMCOBJ=    28113.543862657742     
 iteration         3510 MCMCOBJ=    28084.705149392215     
 iteration         3520 MCMCOBJ=    28268.416914389098     
 iteration         3530 MCMCOBJ=    28159.215136238701     
 iteration         3540 MCMCOBJ=    28191.516770984894     
 iteration         3550 MCMCOBJ=    28165.914492675685     
 iteration         3560 MCMCOBJ=    28154.207797652263     
 iteration         3570 MCMCOBJ=    28151.545274472755     
 iteration         3580 MCMCOBJ=    28178.622541110570     
 iteration         3590 MCMCOBJ=    28223.577797930011     
 iteration         3600 MCMCOBJ=    28207.411991642573     
 iteration         3610 MCMCOBJ=    28163.561032547583     
 iteration         3620 MCMCOBJ=    28188.769427395724     
 iteration         3630 MCMCOBJ=    28136.147482563472     
 iteration         3640 MCMCOBJ=    28138.981895865276     
 iteration         3650 MCMCOBJ=    28238.367274198452     
 iteration         3660 MCMCOBJ=    28153.162542027410     
 iteration         3670 MCMCOBJ=    28105.062074361525     
 iteration         3680 MCMCOBJ=    28212.078719153251     
 iteration         3690 MCMCOBJ=    28164.607558617423     
 iteration         3700 MCMCOBJ=    28175.801173931493     
 iteration         3710 MCMCOBJ=    28125.042804843255     
 iteration         3720 MCMCOBJ=    28198.173110044747     
 iteration         3730 MCMCOBJ=    28173.561137272827     
 iteration         3740 MCMCOBJ=    28174.496220265031     
 iteration         3750 MCMCOBJ=    28139.379998434382     
 iteration         3760 MCMCOBJ=    28164.613247716694     
 iteration         3770 MCMCOBJ=    28242.771427745171     
 iteration         3780 MCMCOBJ=    28210.952360343694     
 iteration         3790 MCMCOBJ=    28119.418263701489     
 iteration         3800 MCMCOBJ=    28142.088551590787     
 iteration         3810 MCMCOBJ=    28166.354124888840     
 iteration         3820 MCMCOBJ=    28323.715747588278     
 iteration         3830 MCMCOBJ=    28217.573073153675     
 iteration         3840 MCMCOBJ=    28141.867196102910     
 iteration         3850 MCMCOBJ=    28264.519279543078     
 iteration         3860 MCMCOBJ=    28226.518128323161     
 iteration         3870 MCMCOBJ=    28266.120759077166     
 iteration         3880 MCMCOBJ=    28218.802951252550     
 iteration         3890 MCMCOBJ=    28228.401036568419     
 iteration         3900 MCMCOBJ=    28256.453110675469     
 iteration         3910 MCMCOBJ=    28305.271677976263     
 iteration         3920 MCMCOBJ=    28153.846443115181     
 iteration         3930 MCMCOBJ=    28237.879167965912     
 iteration         3940 MCMCOBJ=    28163.196007402967     
 iteration         3950 MCMCOBJ=    28158.187798148458     
 iteration         3960 MCMCOBJ=    28167.820552313100     
 iteration         3970 MCMCOBJ=    28155.587027157762     
 iteration         3980 MCMCOBJ=    28227.813494742310     
 iteration         3990 MCMCOBJ=    28254.910171191201     
 iteration         4000 MCMCOBJ=    28304.181102586212     
 iteration         4010 MCMCOBJ=    28209.717704382183     
 iteration         4020 MCMCOBJ=    28232.223943452929     
 iteration         4030 MCMCOBJ=    28231.081883143568     
 iteration         4040 MCMCOBJ=    28223.747919152072     
 iteration         4050 MCMCOBJ=    28157.934436606502     
 iteration         4060 MCMCOBJ=    28212.496675536811     
 iteration         4070 MCMCOBJ=    28195.657388515905     
 iteration         4080 MCMCOBJ=    28121.408121174169     
 iteration         4090 MCMCOBJ=    28224.316793397091     
 iteration         4100 MCMCOBJ=    28151.934831723080     
 iteration         4110 MCMCOBJ=    28177.503341349282     
 iteration         4120 MCMCOBJ=    28175.396874757982     
 iteration         4130 MCMCOBJ=    28201.527342021232     
 iteration         4140 MCMCOBJ=    28155.884644512775     
 iteration         4150 MCMCOBJ=    28257.699362613283     
 iteration         4160 MCMCOBJ=    28218.541467860476     
 iteration         4170 MCMCOBJ=    28163.554728678730     
 iteration         4180 MCMCOBJ=    28229.104488607605     
 iteration         4190 MCMCOBJ=    28205.539027035727     
 iteration         4200 MCMCOBJ=    28246.703054670343     
 iteration         4210 MCMCOBJ=    28182.981048953377     
 iteration         4220 MCMCOBJ=    28304.981555421564     
 iteration         4230 MCMCOBJ=    28094.540458447544     
 iteration         4240 MCMCOBJ=    28115.047340902442     
 iteration         4250 MCMCOBJ=    28217.093129669636     
 iteration         4260 MCMCOBJ=    28215.023229430080     
 iteration         4270 MCMCOBJ=    28120.883421109833     
 iteration         4280 MCMCOBJ=    28185.725149618451     
 iteration         4290 MCMCOBJ=    28152.727829997082     
 iteration         4300 MCMCOBJ=    28264.273075613844     
 iteration         4310 MCMCOBJ=    28322.532414885616     
 iteration         4320 MCMCOBJ=    28271.009461782258     
 iteration         4330 MCMCOBJ=    28229.895793631440     
 iteration         4340 MCMCOBJ=    28213.515860462976     
 iteration         4350 MCMCOBJ=    28214.551584343753     
 iteration         4360 MCMCOBJ=    28103.791269832243     
 iteration         4370 MCMCOBJ=    28280.696693231901     
 iteration         4380 MCMCOBJ=    28206.524831853108     
 iteration         4390 MCMCOBJ=    28155.700858119628     
 iteration         4400 MCMCOBJ=    28252.891625111824     
 iteration         4410 MCMCOBJ=    28214.165174978931     
 iteration         4420 MCMCOBJ=    28254.996378312495     
 iteration         4430 MCMCOBJ=    28149.895133706388     
 iteration         4440 MCMCOBJ=    28228.717841467340     
 iteration         4450 MCMCOBJ=    28233.857150550695     
 iteration         4460 MCMCOBJ=    28283.247738685895     
 iteration         4470 MCMCOBJ=    28286.034247990185     
 iteration         4480 MCMCOBJ=    28146.898261834296     
 iteration         4490 MCMCOBJ=    28266.465178347120     
 iteration         4500 MCMCOBJ=    28157.210714949910     
 iteration         4510 MCMCOBJ=    28161.405646571118     
 iteration         4520 MCMCOBJ=    28176.462278078692     
 iteration         4530 MCMCOBJ=    28124.882102686650     
 iteration         4540 MCMCOBJ=    28156.325522699546     
 iteration         4550 MCMCOBJ=    28215.111473525609     
 iteration         4560 MCMCOBJ=    28120.116868117671     
 iteration         4570 MCMCOBJ=    28158.954898661825     
 iteration         4580 MCMCOBJ=    28214.557042955992     
 iteration         4590 MCMCOBJ=    28163.602822704393     
 iteration         4600 MCMCOBJ=    28091.266811859827     
 iteration         4610 MCMCOBJ=    28066.332957575458     
 iteration         4620 MCMCOBJ=    28179.434046430950     
 iteration         4630 MCMCOBJ=    28268.744229927401     
 iteration         4640 MCMCOBJ=    28169.505319916974     
 iteration         4650 MCMCOBJ=    28223.004290486984     
 iteration         4660 MCMCOBJ=    28268.324735424889     
 iteration         4670 MCMCOBJ=    28187.937123998829     
 iteration         4680 MCMCOBJ=    28254.042278687302     
 iteration         4690 MCMCOBJ=    28140.602676979990     
 iteration         4700 MCMCOBJ=    28152.707464567105     
 iteration         4710 MCMCOBJ=    28101.185114493877     
 iteration         4720 MCMCOBJ=    28175.638323851352     
 iteration         4730 MCMCOBJ=    28175.611449430642     
 iteration         4740 MCMCOBJ=    28219.144256739761     
 iteration         4750 MCMCOBJ=    28201.831676407623     
 iteration         4760 MCMCOBJ=    28112.495368439260     
 iteration         4770 MCMCOBJ=    28226.409203014369     
 iteration         4780 MCMCOBJ=    28186.903233898920     
 iteration         4790 MCMCOBJ=    28231.016335981720     
 iteration         4800 MCMCOBJ=    28215.627265840056     
 iteration         4810 MCMCOBJ=    28237.266317007296     
 iteration         4820 MCMCOBJ=    28213.961798039720     
 iteration         4830 MCMCOBJ=    28242.305253741964     
 iteration         4840 MCMCOBJ=    28255.738492370343     
 iteration         4850 MCMCOBJ=    28147.042887178748     
 iteration         4860 MCMCOBJ=    28150.315109289306     
 iteration         4870 MCMCOBJ=    28152.106375383202     
 iteration         4880 MCMCOBJ=    28188.844767558156     
 iteration         4890 MCMCOBJ=    28271.603284622019     
 iteration         4900 MCMCOBJ=    28224.250287254610     
 iteration         4910 MCMCOBJ=    28217.414410412413     
 iteration         4920 MCMCOBJ=    28092.148546357737     
 iteration         4930 MCMCOBJ=    28190.145709858043     
 iteration         4940 MCMCOBJ=    28157.644460469717     
 iteration         4950 MCMCOBJ=    28098.123677336629     
 iteration         4960 MCMCOBJ=    28191.460474404674     
 iteration         4970 MCMCOBJ=    28172.899938985072     
 iteration         4980 MCMCOBJ=    28142.568865801306     
 iteration         4990 MCMCOBJ=    28227.168089924166     
 iteration         5000 MCMCOBJ=    28245.703407426336     
 iteration         5010 MCMCOBJ=    28189.661577299903     
 iteration         5020 MCMCOBJ=    28100.437201803419     
 iteration         5030 MCMCOBJ=    28142.559787571714     
 iteration         5040 MCMCOBJ=    28160.602576510551     
 iteration         5050 MCMCOBJ=    28127.083670296015     
 iteration         5060 MCMCOBJ=    28216.149772840527     
 iteration         5070 MCMCOBJ=    28257.303983811384     
 iteration         5080 MCMCOBJ=    28317.571889032086     
 iteration         5090 MCMCOBJ=    28182.775293853239     
 iteration         5100 MCMCOBJ=    28267.011130234110     
 iteration         5110 MCMCOBJ=    28310.523995180305     
 iteration         5120 MCMCOBJ=    28153.539368455367     
 iteration         5130 MCMCOBJ=    28192.131664367742     
 iteration         5140 MCMCOBJ=    28281.840906186830     
 iteration         5150 MCMCOBJ=    28149.268401303816     
 iteration         5160 MCMCOBJ=    28194.657530858942     
 iteration         5170 MCMCOBJ=    28204.995447205376     
 iteration         5180 MCMCOBJ=    28146.038785551915     
 iteration         5190 MCMCOBJ=    28129.946990932505     
 iteration         5200 MCMCOBJ=    28189.043699241931     
 iteration         5210 MCMCOBJ=    28073.476213935610     
 iteration         5220 MCMCOBJ=    28194.880693334289     
 iteration         5230 MCMCOBJ=    28215.102142425036     
 iteration         5240 MCMCOBJ=    28243.014817044459     
 iteration         5250 MCMCOBJ=    28202.011823160439     
 iteration         5260 MCMCOBJ=    28103.797116653066     
 iteration         5270 MCMCOBJ=    28155.710901513834     
 iteration         5280 MCMCOBJ=    28181.359206996600     
 iteration         5290 MCMCOBJ=    28175.726558969003     
 iteration         5300 MCMCOBJ=    28192.904249864401     
 iteration         5310 MCMCOBJ=    28103.675413021017     
 iteration         5320 MCMCOBJ=    28199.441253257421     
 iteration         5330 MCMCOBJ=    28250.690867016529     
 iteration         5340 MCMCOBJ=    28097.510813372719     
 iteration         5350 MCMCOBJ=    28194.347190480414     
 iteration         5360 MCMCOBJ=    28258.959955967326     
 iteration         5370 MCMCOBJ=    28240.841853919210     
 iteration         5380 MCMCOBJ=    28232.803062012597     
 iteration         5390 MCMCOBJ=    28161.335291797099     
 iteration         5400 MCMCOBJ=    28170.955130698228     
 iteration         5410 MCMCOBJ=    28233.807770759136     
 iteration         5420 MCMCOBJ=    28246.337454117074     
 iteration         5430 MCMCOBJ=    28308.840655647902     
 iteration         5440 MCMCOBJ=    28225.970479724368     
 iteration         5450 MCMCOBJ=    28166.755018657343     
 iteration         5460 MCMCOBJ=    28218.529036394619     
 iteration         5470 MCMCOBJ=    28195.913451095632     
 iteration         5480 MCMCOBJ=    28260.171740855036     
 iteration         5490 MCMCOBJ=    28301.431684468556     
 iteration         5500 MCMCOBJ=    28192.628217830312     
 iteration         5510 MCMCOBJ=    28182.369379233132     
 iteration         5520 MCMCOBJ=    28130.758157167002     
 iteration         5530 MCMCOBJ=    28086.849344416103     
 iteration         5540 MCMCOBJ=    28264.614372193104     
 iteration         5550 MCMCOBJ=    28156.226210403860     
 iteration         5560 MCMCOBJ=    28096.289553924420     
 iteration         5570 MCMCOBJ=    28057.818808236068     
 iteration         5580 MCMCOBJ=    28151.000830059245     
 iteration         5590 MCMCOBJ=    28088.644634411885     
 iteration         5600 MCMCOBJ=    28214.374999288815     
 iteration         5610 MCMCOBJ=    28220.230174894594     
 iteration         5620 MCMCOBJ=    28193.455746585019     
 iteration         5630 MCMCOBJ=    28204.226136563902     
 iteration         5640 MCMCOBJ=    28119.951968015852     
 iteration         5650 MCMCOBJ=    28240.542307554642     
 iteration         5660 MCMCOBJ=    28249.503998484874     
 iteration         5670 MCMCOBJ=    28256.538608514966     
 iteration         5680 MCMCOBJ=    28178.817467608609     
 iteration         5690 MCMCOBJ=    28325.854585755977     
 iteration         5700 MCMCOBJ=    28199.922791364763     
 iteration         5710 MCMCOBJ=    28119.829693522639     
 iteration         5720 MCMCOBJ=    28262.631496429138     
 iteration         5730 MCMCOBJ=    28115.229762402047     
 iteration         5740 MCMCOBJ=    28174.206210850080     
 iteration         5750 MCMCOBJ=    28113.214456491038     
 iteration         5760 MCMCOBJ=    28208.331888452409     
 iteration         5770 MCMCOBJ=    28193.345609011878     
 iteration         5780 MCMCOBJ=    28190.937238444978     
 iteration         5790 MCMCOBJ=    28156.627017402505     
 iteration         5800 MCMCOBJ=    28174.483614820983     
 iteration         5810 MCMCOBJ=    28226.863657793929     
 iteration         5820 MCMCOBJ=    28202.822589980820     
 iteration         5830 MCMCOBJ=    28161.805286130962     
 iteration         5840 MCMCOBJ=    28160.772422780290     
 iteration         5850 MCMCOBJ=    28248.699680809077     
 iteration         5860 MCMCOBJ=    28168.253741704837     
 iteration         5870 MCMCOBJ=    28213.011145868091     
 iteration         5880 MCMCOBJ=    28218.660207869732     
 iteration         5890 MCMCOBJ=    28156.168297495042     
 iteration         5900 MCMCOBJ=    28175.694922416686     
 iteration         5910 MCMCOBJ=    28134.085241405981     
 iteration         5920 MCMCOBJ=    28238.741390179017     
 iteration         5930 MCMCOBJ=    28215.014807385291     
 iteration         5940 MCMCOBJ=    28211.793649939220     
 iteration         5950 MCMCOBJ=    28212.700336721326     
 iteration         5960 MCMCOBJ=    28126.960417306727     
 iteration         5970 MCMCOBJ=    28233.443418590385     
 iteration         5980 MCMCOBJ=    28254.554668789693     
 iteration         5990 MCMCOBJ=    28219.881242433359     
 iteration         6000 MCMCOBJ=    28155.895062632208     
 iteration         6010 MCMCOBJ=    28154.708868401442     
 iteration         6020 MCMCOBJ=    28176.817924233059     
 iteration         6030 MCMCOBJ=    28186.428504692143     
 iteration         6040 MCMCOBJ=    28192.205585793508     
 iteration         6050 MCMCOBJ=    28268.882790514428     
 iteration         6060 MCMCOBJ=    28219.827750401157     
 iteration         6070 MCMCOBJ=    28162.626358613245     
 iteration         6080 MCMCOBJ=    28196.961896381406     
 iteration         6090 MCMCOBJ=    28241.364790567048     
 iteration         6100 MCMCOBJ=    28171.881470699318     
 iteration         6110 MCMCOBJ=    28219.925538566775     
 iteration         6120 MCMCOBJ=    28133.477292209223     
 iteration         6130 MCMCOBJ=    28218.375090410460     
 iteration         6140 MCMCOBJ=    28228.775782200213     
 iteration         6150 MCMCOBJ=    28144.307069097413     
 iteration         6160 MCMCOBJ=    28231.150220585096     
 iteration         6170 MCMCOBJ=    28174.281162558567     
 iteration         6180 MCMCOBJ=    28221.092583327518     
 iteration         6190 MCMCOBJ=    28181.308488365965     
 iteration         6200 MCMCOBJ=    28226.689424280084     
 iteration         6210 MCMCOBJ=    28242.142870624568     
 iteration         6220 MCMCOBJ=    28151.241810686512     
 iteration         6230 MCMCOBJ=    28252.187664776538     
 iteration         6240 MCMCOBJ=    28176.495481874921     
 iteration         6250 MCMCOBJ=    28236.271364537628     
 iteration         6260 MCMCOBJ=    28140.104131691263     
 iteration         6270 MCMCOBJ=    28103.564845308079     
 iteration         6280 MCMCOBJ=    28269.743494628859     
 iteration         6290 MCMCOBJ=    28145.738059857507     
 iteration         6300 MCMCOBJ=    28184.047770566332     
 iteration         6310 MCMCOBJ=    28250.053520939371     
 iteration         6320 MCMCOBJ=    28208.004771850232     
 iteration         6330 MCMCOBJ=    28136.982741522010     
 iteration         6340 MCMCOBJ=    28117.589438111787     
 iteration         6350 MCMCOBJ=    28204.163318836094     
 iteration         6360 MCMCOBJ=    28238.039702201080     
 iteration         6370 MCMCOBJ=    28248.073074341868     
 iteration         6380 MCMCOBJ=    28234.296417154870     
 iteration         6390 MCMCOBJ=    28284.227528514581     
 iteration         6400 MCMCOBJ=    28213.772462490779     
 iteration         6410 MCMCOBJ=    28245.395667558318     
 iteration         6420 MCMCOBJ=    28272.570776853368     
 iteration         6430 MCMCOBJ=    28217.102410317086     
 iteration         6440 MCMCOBJ=    28141.785836871513     
 iteration         6450 MCMCOBJ=    28219.153227653667     
 iteration         6460 MCMCOBJ=    28239.476275655805     
 iteration         6470 MCMCOBJ=    28172.309464979237     
 iteration         6480 MCMCOBJ=    28146.539390987000     
 iteration         6490 MCMCOBJ=    28207.658995072030     
 iteration         6500 MCMCOBJ=    28192.413866954714     
 iteration         6510 MCMCOBJ=    28240.094385422864     
 iteration         6520 MCMCOBJ=    28174.621987787101     
 iteration         6530 MCMCOBJ=    28231.382306605876     
 iteration         6540 MCMCOBJ=    28182.579929950345     
 iteration         6550 MCMCOBJ=    28170.328658261948     
 iteration         6560 MCMCOBJ=    28168.874632770054     
 iteration         6570 MCMCOBJ=    28258.055271929719     
 iteration         6580 MCMCOBJ=    28197.502900482712     
 iteration         6590 MCMCOBJ=    28141.697171813779     
 iteration         6600 MCMCOBJ=    28173.437778888707     
 iteration         6610 MCMCOBJ=    28250.388464849355     
 iteration         6620 MCMCOBJ=    28153.355771369439     
 iteration         6630 MCMCOBJ=    28166.342771964359     
 iteration         6640 MCMCOBJ=    28195.532502484992     
 iteration         6650 MCMCOBJ=    28182.768727888066     
 iteration         6660 MCMCOBJ=    28197.404750260470     
 iteration         6670 MCMCOBJ=    28201.803288315015     
 iteration         6680 MCMCOBJ=    28192.468514327600     
 iteration         6690 MCMCOBJ=    28205.455965014597     
 iteration         6700 MCMCOBJ=    28209.790535120588     
 iteration         6710 MCMCOBJ=    28246.309193547859     
 iteration         6720 MCMCOBJ=    28240.440079873340     
 iteration         6730 MCMCOBJ=    28226.420639169603     
 iteration         6740 MCMCOBJ=    28241.210312481900     
 iteration         6750 MCMCOBJ=    28153.118666271432     
 iteration         6760 MCMCOBJ=    28199.198982377136     
 iteration         6770 MCMCOBJ=    28274.090005018374     
 iteration         6780 MCMCOBJ=    28265.726543069217     
 iteration         6790 MCMCOBJ=    28253.422323584498     
 iteration         6800 MCMCOBJ=    28175.953480676235     
 iteration         6810 MCMCOBJ=    28139.821559266577     
 iteration         6820 MCMCOBJ=    28254.884690064351     
 iteration         6830 MCMCOBJ=    28183.132509978266     
 iteration         6840 MCMCOBJ=    28286.420456437914     
 iteration         6850 MCMCOBJ=    28190.332514888076     
 iteration         6860 MCMCOBJ=    28274.847910500303     
 iteration         6870 MCMCOBJ=    28150.923885022868     
 iteration         6880 MCMCOBJ=    28211.591497376088     
 iteration         6890 MCMCOBJ=    28205.953247397229     
 iteration         6900 MCMCOBJ=    28130.791658663904     
 iteration         6910 MCMCOBJ=    28178.002163520105     
 iteration         6920 MCMCOBJ=    28177.249010905656     
 iteration         6930 MCMCOBJ=    28193.733436538150     
 iteration         6940 MCMCOBJ=    28153.757167018990     
 iteration         6950 MCMCOBJ=    28161.253599966632     
 iteration         6960 MCMCOBJ=    28222.985783991506     
 iteration         6970 MCMCOBJ=    28249.991445743821     
 iteration         6980 MCMCOBJ=    28279.681398599576     
 iteration         6990 MCMCOBJ=    28197.764167932783     
 iteration         7000 MCMCOBJ=    28187.320264808001     
 iteration         7010 MCMCOBJ=    28177.781021726078     
 iteration         7020 MCMCOBJ=    28196.768981075926     
 iteration         7030 MCMCOBJ=    28170.874781086331     
 iteration         7040 MCMCOBJ=    28108.102018654896     
 iteration         7050 MCMCOBJ=    28138.954252629472     
 iteration         7060 MCMCOBJ=    28265.653988513935     
 iteration         7070 MCMCOBJ=    28213.778744034666     
 iteration         7080 MCMCOBJ=    28160.179314360514     
 iteration         7090 MCMCOBJ=    28219.200869599568     
 iteration         7100 MCMCOBJ=    28223.093765673671     
 iteration         7110 MCMCOBJ=    28187.675897720179     
 iteration         7120 MCMCOBJ=    28160.499876816721     
 iteration         7130 MCMCOBJ=    28163.152799102525     
 iteration         7140 MCMCOBJ=    28267.722904996237     
 iteration         7150 MCMCOBJ=    28228.799250784083     
 iteration         7160 MCMCOBJ=    28142.602309110320     
 iteration         7170 MCMCOBJ=    28234.508978230082     
 iteration         7180 MCMCOBJ=    28127.241240555381     
 iteration         7190 MCMCOBJ=    28191.751550056772     
 iteration         7200 MCMCOBJ=    28165.208585081346     
 iteration         7210 MCMCOBJ=    28170.693424846089     
 iteration         7220 MCMCOBJ=    28125.408423126977     
 iteration         7230 MCMCOBJ=    28187.236737076491     
 iteration         7240 MCMCOBJ=    28097.723325490497     
 iteration         7250 MCMCOBJ=    28235.798735037763     
 iteration         7260 MCMCOBJ=    28269.439306449876     
 iteration         7270 MCMCOBJ=    28168.546933922764     
 iteration         7280 MCMCOBJ=    28177.767617512036     
 iteration         7290 MCMCOBJ=    28233.132765643470     
 iteration         7300 MCMCOBJ=    28238.399826663892     
 iteration         7310 MCMCOBJ=    28146.954762777808     
 iteration         7320 MCMCOBJ=    28283.245910749807     
 iteration         7330 MCMCOBJ=    28391.682017677649     
 iteration         7340 MCMCOBJ=    28267.855804616967     
 iteration         7350 MCMCOBJ=    28250.423245353384     
 iteration         7360 MCMCOBJ=    28193.786085084052     
 iteration         7370 MCMCOBJ=    28201.806895633232     
 iteration         7380 MCMCOBJ=    28214.549483687577     
 iteration         7390 MCMCOBJ=    28152.596958016515     
 iteration         7400 MCMCOBJ=    28214.148604818733     
 iteration         7410 MCMCOBJ=    28270.627612588443     
 iteration         7420 MCMCOBJ=    28203.822200355411     
 iteration         7430 MCMCOBJ=    28222.373339977061     
 iteration         7440 MCMCOBJ=    28199.295080573847     
 iteration         7450 MCMCOBJ=    28127.810313438204     
 iteration         7460 MCMCOBJ=    28179.765863432393     
 iteration         7470 MCMCOBJ=    28126.081062724323     
 iteration         7480 MCMCOBJ=    28169.751698137996     
 iteration         7490 MCMCOBJ=    28145.602836336235     
 iteration         7500 MCMCOBJ=    28273.580184867005     
 iteration         7510 MCMCOBJ=    28120.889373711158     
 iteration         7520 MCMCOBJ=    28196.545328674638     
 iteration         7530 MCMCOBJ=    28176.248493548552     
 iteration         7540 MCMCOBJ=    28270.257976270943     
 iteration         7550 MCMCOBJ=    28210.941040689504     
 iteration         7560 MCMCOBJ=    28176.738832406663     
 iteration         7570 MCMCOBJ=    28264.250506689212     
 iteration         7580 MCMCOBJ=    28179.361550754835     
 iteration         7590 MCMCOBJ=    28204.201540263748     
 iteration         7600 MCMCOBJ=    28209.699330979562     
 iteration         7610 MCMCOBJ=    28259.054568274292     
 iteration         7620 MCMCOBJ=    28255.618927076121     
 iteration         7630 MCMCOBJ=    28091.517186577854     
 iteration         7640 MCMCOBJ=    28158.215787754380     
 iteration         7650 MCMCOBJ=    28175.219839248613     
 iteration         7660 MCMCOBJ=    28121.901414297456     
 iteration         7670 MCMCOBJ=    28168.260441424056     
 iteration         7680 MCMCOBJ=    28172.439236959544     
 iteration         7690 MCMCOBJ=    28188.755406921413     
 iteration         7700 MCMCOBJ=    28231.670876551685     
 iteration         7710 MCMCOBJ=    28156.281644262177     
 iteration         7720 MCMCOBJ=    28110.489817803060     
 iteration         7730 MCMCOBJ=    28264.667080054642     
 iteration         7740 MCMCOBJ=    28259.239633584952     
 iteration         7750 MCMCOBJ=    28131.945567415369     
 iteration         7760 MCMCOBJ=    28286.904282479230     
 iteration         7770 MCMCOBJ=    28181.834918412711     
 iteration         7780 MCMCOBJ=    28163.290947801914     
 iteration         7790 MCMCOBJ=    28208.818061561680     
 iteration         7800 MCMCOBJ=    28209.063142874944     
 iteration         7810 MCMCOBJ=    28209.225641457353     
 iteration         7820 MCMCOBJ=    28157.500332043714     
 iteration         7830 MCMCOBJ=    28178.002086591303     
 iteration         7840 MCMCOBJ=    28116.873371994829     
 iteration         7850 MCMCOBJ=    28224.836865023171     
 iteration         7860 MCMCOBJ=    28136.986479715320     
 iteration         7870 MCMCOBJ=    28102.562485935567     
 iteration         7880 MCMCOBJ=    28176.341367479239     
 iteration         7890 MCMCOBJ=    28147.716284315105     
 iteration         7900 MCMCOBJ=    28262.175388240514     
 iteration         7910 MCMCOBJ=    28187.992712152580     
 iteration         7920 MCMCOBJ=    28220.514800122870     
 iteration         7930 MCMCOBJ=    28215.668672839631     
 iteration         7940 MCMCOBJ=    28200.454566879343     
 iteration         7950 MCMCOBJ=    28283.515865918151     
 iteration         7960 MCMCOBJ=    28224.959692478416     
 iteration         7970 MCMCOBJ=    28208.219438273998     
 iteration         7980 MCMCOBJ=    28223.803833963244     
 iteration         7990 MCMCOBJ=    28187.806034174570     
 iteration         8000 MCMCOBJ=    28223.656956902771     
 iteration         8010 MCMCOBJ=    28129.887365396546     
 iteration         8020 MCMCOBJ=    28121.882451971789     
 iteration         8030 MCMCOBJ=    28172.940736219400     
 iteration         8040 MCMCOBJ=    28189.789990989360     
 iteration         8050 MCMCOBJ=    28166.257907844349     
 iteration         8060 MCMCOBJ=    28185.551331017832     
 iteration         8070 MCMCOBJ=    28202.442750714035     
 iteration         8080 MCMCOBJ=    28182.254536696881     
 iteration         8090 MCMCOBJ=    28196.997787078399     
 iteration         8100 MCMCOBJ=    28192.920044923892     
 iteration         8110 MCMCOBJ=    28240.202392967865     
 iteration         8120 MCMCOBJ=    28258.182591314297     
 iteration         8130 MCMCOBJ=    28169.675947712039     
 iteration         8140 MCMCOBJ=    28250.505660928473     
 iteration         8150 MCMCOBJ=    28197.796381894979     
 iteration         8160 MCMCOBJ=    28202.532237394949     
 iteration         8170 MCMCOBJ=    28192.435306502408     
 iteration         8180 MCMCOBJ=    28113.069161293202     
 iteration         8190 MCMCOBJ=    28189.370859212162     
 iteration         8200 MCMCOBJ=    28141.088033453663     
 iteration         8210 MCMCOBJ=    28260.309560725538     
 iteration         8220 MCMCOBJ=    28163.498902541502     
 iteration         8230 MCMCOBJ=    28150.470047684808     
 iteration         8240 MCMCOBJ=    28138.019216043518     
 iteration         8250 MCMCOBJ=    28181.658059396515     
 iteration         8260 MCMCOBJ=    28218.508303004633     
 iteration         8270 MCMCOBJ=    28158.504436163264     
 iteration         8280 MCMCOBJ=    28197.224665014026     
 iteration         8290 MCMCOBJ=    28192.308532144998     
 iteration         8300 MCMCOBJ=    28147.277384907520     
 iteration         8310 MCMCOBJ=    28224.085069998680     
 iteration         8320 MCMCOBJ=    28219.787541873975     
 iteration         8330 MCMCOBJ=    28184.086179646631     
 iteration         8340 MCMCOBJ=    28213.484413123148     
 iteration         8350 MCMCOBJ=    28180.850610492726     
 iteration         8360 MCMCOBJ=    28232.543799785835     
 iteration         8370 MCMCOBJ=    28145.026761104811     
 iteration         8380 MCMCOBJ=    28187.605190978771     
 iteration         8390 MCMCOBJ=    28211.794283212228     
 iteration         8400 MCMCOBJ=    28173.942171594219     
 iteration         8410 MCMCOBJ=    28179.412447293897     
 iteration         8420 MCMCOBJ=    28166.164661530282     
 iteration         8430 MCMCOBJ=    28204.565294743432     
 iteration         8440 MCMCOBJ=    28180.858750577660     
 iteration         8450 MCMCOBJ=    28170.089913754455     
 iteration         8460 MCMCOBJ=    28326.253978147266     
 iteration         8470 MCMCOBJ=    28179.591772552612     
 iteration         8480 MCMCOBJ=    28260.180217611389     
 iteration         8490 MCMCOBJ=    28195.206993209988     
 iteration         8500 MCMCOBJ=    28236.044869495294     
 iteration         8510 MCMCOBJ=    28245.903080408600     
 iteration         8520 MCMCOBJ=    28215.333490752877     
 iteration         8530 MCMCOBJ=    28206.654522737401     
 iteration         8540 MCMCOBJ=    28149.048271580581     
 iteration         8550 MCMCOBJ=    28175.703777156712     
 iteration         8560 MCMCOBJ=    28185.672849559160     
 iteration         8570 MCMCOBJ=    28189.569672526082     
 iteration         8580 MCMCOBJ=    28167.419674040364     
 iteration         8590 MCMCOBJ=    28198.131676717167     
 iteration         8600 MCMCOBJ=    28195.620771903214     
 iteration         8610 MCMCOBJ=    28229.678976115338     
 iteration         8620 MCMCOBJ=    28139.052509911089     
 iteration         8630 MCMCOBJ=    28179.948885468730     
 iteration         8640 MCMCOBJ=    28269.396103545649     
 iteration         8650 MCMCOBJ=    28244.863500349831     
 iteration         8660 MCMCOBJ=    28256.648208564013     
 iteration         8670 MCMCOBJ=    28244.582542443935     
 iteration         8680 MCMCOBJ=    28161.667051487399     
 iteration         8690 MCMCOBJ=    28161.889090915309     
 iteration         8700 MCMCOBJ=    28198.936043179976     
 iteration         8710 MCMCOBJ=    28182.949105228312     
 iteration         8720 MCMCOBJ=    28184.721985218617     
 iteration         8730 MCMCOBJ=    28232.260233267003     
 iteration         8740 MCMCOBJ=    28233.733130246925     
 iteration         8750 MCMCOBJ=    28212.181127182874     
 iteration         8760 MCMCOBJ=    28156.861644695622     
 iteration         8770 MCMCOBJ=    28230.653493951628     
 iteration         8780 MCMCOBJ=    28228.908912244282     
 iteration         8790 MCMCOBJ=    28203.012727119291     
 iteration         8800 MCMCOBJ=    28243.451039575815     
 iteration         8810 MCMCOBJ=    28220.384003238843     
 iteration         8820 MCMCOBJ=    28279.910973140089     
 iteration         8830 MCMCOBJ=    28259.236096863991     
 iteration         8840 MCMCOBJ=    28269.551188957284     
 iteration         8850 MCMCOBJ=    28225.003657819096     
 iteration         8860 MCMCOBJ=    28283.943011140975     
 iteration         8870 MCMCOBJ=    28148.664965126449     
 iteration         8880 MCMCOBJ=    28261.191092125740     
 iteration         8890 MCMCOBJ=    28169.202944518514     
 iteration         8900 MCMCOBJ=    28190.983476714970     
 iteration         8910 MCMCOBJ=    28186.481360118087     
 iteration         8920 MCMCOBJ=    28203.912812918508     
 iteration         8930 MCMCOBJ=    28188.811460030774     
 iteration         8940 MCMCOBJ=    28160.617448728593     
 iteration         8950 MCMCOBJ=    28140.367890819078     
 iteration         8960 MCMCOBJ=    28182.553007447164     
 iteration         8970 MCMCOBJ=    28210.419742749767     
 iteration         8980 MCMCOBJ=    28164.956598012843     
 iteration         8990 MCMCOBJ=    28163.968844093652     
 iteration         9000 MCMCOBJ=    28299.821200046779     
 iteration         9010 MCMCOBJ=    28173.397535783319     
 iteration         9020 MCMCOBJ=    28219.142659254430     
 iteration         9030 MCMCOBJ=    28138.833883783904     
 iteration         9040 MCMCOBJ=    28140.963830901943     
 iteration         9050 MCMCOBJ=    28177.071673252525     
 iteration         9060 MCMCOBJ=    28266.084921137553     
 iteration         9070 MCMCOBJ=    28197.221564387622     
 iteration         9080 MCMCOBJ=    28306.347789975654     
 iteration         9090 MCMCOBJ=    28131.566853699351     
 iteration         9100 MCMCOBJ=    28132.705405026263     
 iteration         9110 MCMCOBJ=    28183.554232994371     
 iteration         9120 MCMCOBJ=    28199.821728822280     
 iteration         9130 MCMCOBJ=    28193.461652219830     
 iteration         9140 MCMCOBJ=    28167.344850246554     
 iteration         9150 MCMCOBJ=    28227.663938001733     
 iteration         9160 MCMCOBJ=    28235.346978054913     
 iteration         9170 MCMCOBJ=    28169.136989890776     
 iteration         9180 MCMCOBJ=    28182.527983447853     
 iteration         9190 MCMCOBJ=    28162.972266182220     
 iteration         9200 MCMCOBJ=    28194.911957220989     
 iteration         9210 MCMCOBJ=    28207.714113835707     
 iteration         9220 MCMCOBJ=    28213.892951273348     
 iteration         9230 MCMCOBJ=    28210.324659753180     
 iteration         9240 MCMCOBJ=    28221.251128940483     
 iteration         9250 MCMCOBJ=    28148.183893108166     
 iteration         9260 MCMCOBJ=    28157.270111950995     
 iteration         9270 MCMCOBJ=    28200.455309320587     
 iteration         9280 MCMCOBJ=    28186.308663099247     
 iteration         9290 MCMCOBJ=    28298.360031836215     
 iteration         9300 MCMCOBJ=    28160.651043415262     
 iteration         9310 MCMCOBJ=    28185.355782227045     
 iteration         9320 MCMCOBJ=    28185.562111312418     
 iteration         9330 MCMCOBJ=    28157.342263581551     
 iteration         9340 MCMCOBJ=    28195.583956566436     
 iteration         9350 MCMCOBJ=    28267.044980264844     
 iteration         9360 MCMCOBJ=    28179.623153955978     
 iteration         9370 MCMCOBJ=    28220.973685060682     
 iteration         9380 MCMCOBJ=    28278.474859639078     
 iteration         9390 MCMCOBJ=    28252.592320785327     
 iteration         9400 MCMCOBJ=    28195.097619887027     
 iteration         9410 MCMCOBJ=    28120.361052657267     
 iteration         9420 MCMCOBJ=    28172.254012421654     
 iteration         9430 MCMCOBJ=    28221.497527651878     
 iteration         9440 MCMCOBJ=    28148.616465532559     
 iteration         9450 MCMCOBJ=    28244.936707099889     
 iteration         9460 MCMCOBJ=    28197.180133643196     
 iteration         9470 MCMCOBJ=    28214.728284540215     
 iteration         9480 MCMCOBJ=    28143.808259999176     
 iteration         9490 MCMCOBJ=    28215.906205401836     
 iteration         9500 MCMCOBJ=    28201.210776479318     
 iteration         9510 MCMCOBJ=    28192.672371639175     
 iteration         9520 MCMCOBJ=    28265.500491676419     
 iteration         9530 MCMCOBJ=    28198.855873100558     
 iteration         9540 MCMCOBJ=    28202.113542158702     
 iteration         9550 MCMCOBJ=    28262.997748678674     
 iteration         9560 MCMCOBJ=    28258.876158901763     
 iteration         9570 MCMCOBJ=    28218.571848049425     
 iteration         9580 MCMCOBJ=    28114.007686268727     
 iteration         9590 MCMCOBJ=    28100.592729045715     
 iteration         9600 MCMCOBJ=    28275.377190361734     
 iteration         9610 MCMCOBJ=    28167.473937252238     
 iteration         9620 MCMCOBJ=    28196.319753929311     
 iteration         9630 MCMCOBJ=    28163.774556307864     
 iteration         9640 MCMCOBJ=    28166.900301271875     
 iteration         9650 MCMCOBJ=    28309.517184651409     
 iteration         9660 MCMCOBJ=    28250.912894561268     
 iteration         9670 MCMCOBJ=    28039.572055752640     
 iteration         9680 MCMCOBJ=    28109.883585287345     
 iteration         9690 MCMCOBJ=    28186.265659696008     
 iteration         9700 MCMCOBJ=    28272.333470806647     
 iteration         9710 MCMCOBJ=    28207.593706629377     
 iteration         9720 MCMCOBJ=    28272.184508063008     
 iteration         9730 MCMCOBJ=    28204.970815187531     
 iteration         9740 MCMCOBJ=    28176.657592188774     
 iteration         9750 MCMCOBJ=    28164.000431837074     
 iteration         9760 MCMCOBJ=    28242.258971190837     
 iteration         9770 MCMCOBJ=    28183.481288722262     
 iteration         9780 MCMCOBJ=    28204.857535724554     
 iteration         9790 MCMCOBJ=    28265.187989615326     
 iteration         9800 MCMCOBJ=    28301.378852109872     
 iteration         9810 MCMCOBJ=    28176.315834258014     
 iteration         9820 MCMCOBJ=    28187.994447035147     
 iteration         9830 MCMCOBJ=    28251.887445261626     
 iteration         9840 MCMCOBJ=    28146.924728345704     
 iteration         9850 MCMCOBJ=    28122.653780230514     
 iteration         9860 MCMCOBJ=    28141.570984718190     
 iteration         9870 MCMCOBJ=    28258.995377770196     
 iteration         9880 MCMCOBJ=    28134.442857448412     
 iteration         9890 MCMCOBJ=    28218.536698044132     
 iteration         9900 MCMCOBJ=    28211.769862112138     
 iteration         9910 MCMCOBJ=    28198.210497223321     
 iteration         9920 MCMCOBJ=    28195.583295594672     
 iteration         9930 MCMCOBJ=    28291.496708556464     
 iteration         9940 MCMCOBJ=    28227.880618399937     
 iteration         9950 MCMCOBJ=    28262.043643267527     
 iteration         9960 MCMCOBJ=    28185.783764427866     
 iteration         9970 MCMCOBJ=    28248.289343675307     
 iteration         9980 MCMCOBJ=    28241.877170716736     
 iteration         9990 MCMCOBJ=    28247.970213192675     
 iteration        10000 MCMCOBJ=    28214.690913898394     
 Elapsed estimation  time in seconds:   898.54
 BURN-IN WAS NOT TESTED FOR CONVERGENCE
 STATISTICAL PORTION WAS COMPLETED

 Elapsed covariance  time in seconds:     0.00
 Minimum value for a list item exceeded:      1
 Parallelization Warnings are in FPWARN
 Minimum value for a list item exceeded:      1
 Parallelization Warnings are in FPWARN
 Elapsed postprocess time in seconds:     2.11
 Elapsed finaloutput time in seconds:     0.14
Done with nonmem execution
