Starting NMTRAN
  
 WARNINGS AND ERRORS (IF ANY) FOR PROBLEM    1
             
 (WARNING  2) NM-TRAN INFERS THAT THE DATA ARE POPULATION.

 (MU_WARNING 26) DATA ITEM(S) USED IN DEFINITION OF MU_(S) SHOULD BE CONSTANT FOR INDIV. REC.:
  WT
             
 (WARNING  121) INTERACTION IS IMPLIED WITH EM/BAYES ESTIMATION METHODS

 LIM VALUES MAXLIM ASSESSED BY NMTRAN: 1,2,3,4,5,6,7,8,10,11,13,15,16        
  
Note: Analytical 2nd Derivatives are constructed in FSUBS but are never used.
      You may insert $ABBR DERIV2=NO after the first $PROB to save FSUBS construction and compilation time
  
Recompiling certain components
 Minimum value for a list item exceeded:      1

 USING PARALLEL PROFILE 1000-3.pnm
 MPI TRANSFER TYPE SELECTED
Building NONMEM Executable
 Minimum value for a list item exceeded:      1
 Parallelization Warnings are in FPWARN
Starting MPI version of nonmem execution ...
Manager Location ip-10-128-6-114//data/NMBayesTutorial/model/pk/1000/1000-3
 Minimum value for a list item exceeded:      1
 Parallelization Warnings are in FPWARN
License Registered to: Metrum Research Group
Expiration Date:    14 JUL 2024
Current Date:       24 NOV 2023
Days until program expires : 235
 Minimum value for a list item exceeded:      1
 Parallelization Warnings are in FPWARN


 Chain Method Processing


 Minimum value for a list item exceeded:      1
 Parallelization Warnings are in FPWARN


 MCMC Bayesian Analysis
 MONITORING OF SEARCH:

 Burn-in Mode
 iteration        -1000 MCMCOBJ=    35876.627809951773     
 iteration         -990 MCMCOBJ=    29025.686681200488     
 iteration         -980 MCMCOBJ=    28528.905333324761     
 iteration         -970 MCMCOBJ=    28251.007118587881     
 iteration         -960 MCMCOBJ=    28267.996791638368     
 iteration         -950 MCMCOBJ=    28162.269494133358     
 iteration         -940 MCMCOBJ=    28247.549862697229     
 iteration         -930 MCMCOBJ=    28157.466477456503     
 iteration         -920 MCMCOBJ=    28230.473318105218     
 iteration         -910 MCMCOBJ=    28146.283746688809     
 iteration         -900 MCMCOBJ=    28083.660903301003     
 iteration         -890 MCMCOBJ=    28270.149512023920     
 iteration         -880 MCMCOBJ=    28229.825034440102     
 iteration         -870 MCMCOBJ=    28209.858709779342     
 iteration         -860 MCMCOBJ=    28170.661226082444     
 iteration         -850 MCMCOBJ=    28161.048360991754     
 iteration         -840 MCMCOBJ=    28201.880924247977     
 iteration         -830 MCMCOBJ=    28157.581965078749     
 iteration         -820 MCMCOBJ=    28193.079065018759     
 iteration         -810 MCMCOBJ=    28181.878439961678     
 iteration         -800 MCMCOBJ=    28182.266009157625     
 iteration         -790 MCMCOBJ=    28080.313298281373     
 iteration         -780 MCMCOBJ=    28213.341671564482     
 iteration         -770 MCMCOBJ=    28213.749432631670     
 iteration         -760 MCMCOBJ=    28140.541585794177     
 iteration         -750 MCMCOBJ=    28142.028204099366     
 iteration         -740 MCMCOBJ=    28117.312478353710     
 iteration         -730 MCMCOBJ=    28135.493514843289     
 iteration         -720 MCMCOBJ=    28158.411461255200     
 iteration         -710 MCMCOBJ=    28140.887293053707     
 iteration         -700 MCMCOBJ=    28186.387408101891     
 iteration         -690 MCMCOBJ=    28161.851953725469     
 iteration         -680 MCMCOBJ=    28209.722072283876     
 iteration         -670 MCMCOBJ=    28151.347813050881     
 iteration         -660 MCMCOBJ=    28213.737264111380     
 iteration         -650 MCMCOBJ=    28188.394558518430     
 iteration         -640 MCMCOBJ=    28220.938860850922     
 iteration         -630 MCMCOBJ=    28220.802348738747     
 iteration         -620 MCMCOBJ=    28274.770145073508     
 iteration         -610 MCMCOBJ=    28132.616066938299     
 iteration         -600 MCMCOBJ=    28227.399769037438     
 iteration         -590 MCMCOBJ=    28214.459857991973     
 iteration         -580 MCMCOBJ=    28193.004261115024     
 iteration         -570 MCMCOBJ=    28246.698105817137     
 iteration         -560 MCMCOBJ=    28164.750654242729     
 iteration         -550 MCMCOBJ=    28170.968410279645     
 iteration         -540 MCMCOBJ=    28167.564890762027     
 iteration         -530 MCMCOBJ=    28205.817798952590     
 iteration         -520 MCMCOBJ=    28209.760993269821     
 iteration         -510 MCMCOBJ=    28233.151520740772     
 iteration         -500 MCMCOBJ=    28129.120482889604     
 iteration         -490 MCMCOBJ=    28147.186510724499     
 iteration         -480 MCMCOBJ=    28143.944297671540     
 iteration         -470 MCMCOBJ=    28197.666634998812     
 iteration         -460 MCMCOBJ=    28164.033371996404     
 iteration         -450 MCMCOBJ=    28191.848857776495     
 iteration         -440 MCMCOBJ=    28075.115217777646     
 iteration         -430 MCMCOBJ=    28146.490698828205     
 iteration         -420 MCMCOBJ=    28193.322801785576     
 iteration         -410 MCMCOBJ=    28249.407686661354     
 iteration         -400 MCMCOBJ=    28193.299821801953     
 iteration         -390 MCMCOBJ=    28196.145822968167     
 iteration         -380 MCMCOBJ=    28143.552556365408     
 iteration         -370 MCMCOBJ=    28161.355117308252     
 iteration         -360 MCMCOBJ=    28221.553648270230     
 iteration         -350 MCMCOBJ=    28207.489581558501     
 iteration         -340 MCMCOBJ=    28186.946835837232     
 iteration         -330 MCMCOBJ=    28172.974524498488     
 iteration         -320 MCMCOBJ=    28231.791967139376     
 iteration         -310 MCMCOBJ=    28220.923760227222     
 iteration         -300 MCMCOBJ=    28238.423086187420     
 iteration         -290 MCMCOBJ=    28188.510536987749     
 iteration         -280 MCMCOBJ=    28092.581420576906     
 iteration         -270 MCMCOBJ=    28207.883603199745     
 iteration         -260 MCMCOBJ=    28170.940170642069     
 iteration         -250 MCMCOBJ=    28212.586183414511     
 iteration         -240 MCMCOBJ=    28194.051473624379     
 iteration         -230 MCMCOBJ=    28166.227061207810     
 iteration         -220 MCMCOBJ=    28079.512740689130     
 iteration         -210 MCMCOBJ=    28287.705888383953     
 iteration         -200 MCMCOBJ=    28258.379757729537     
 iteration         -190 MCMCOBJ=    28230.484857219402     
 iteration         -180 MCMCOBJ=    28129.585610162572     
 iteration         -170 MCMCOBJ=    28197.256853563780     
 iteration         -160 MCMCOBJ=    28198.886078403033     
 iteration         -150 MCMCOBJ=    28235.138674143273     
 iteration         -140 MCMCOBJ=    28198.479637413533     
 iteration         -130 MCMCOBJ=    28157.765710487634     
 iteration         -120 MCMCOBJ=    28159.595499860156     
 iteration         -110 MCMCOBJ=    28256.896287498523     
 iteration         -100 MCMCOBJ=    28223.394842769179     
 iteration          -90 MCMCOBJ=    28255.711162581676     
 iteration          -80 MCMCOBJ=    28193.056358677404     
 iteration          -70 MCMCOBJ=    28212.538344853132     
 iteration          -60 MCMCOBJ=    28195.003651273364     
 iteration          -50 MCMCOBJ=    28253.165386323202     
 iteration          -40 MCMCOBJ=    28231.836665691131     
 iteration          -30 MCMCOBJ=    28285.851061036708     
 iteration          -20 MCMCOBJ=    28213.135569446164     
 iteration          -10 MCMCOBJ=    28167.613748042204     
 Sampling Mode
 iteration            0 MCMCOBJ=    28201.641404273887     
 iteration           10 MCMCOBJ=    28278.867693488071     
 iteration           20 MCMCOBJ=    28181.159110473756     
 iteration           30 MCMCOBJ=    28132.021099220176     
 iteration           40 MCMCOBJ=    28106.747376200732     
 iteration           50 MCMCOBJ=    28221.296795426864     
 iteration           60 MCMCOBJ=    28252.323538438792     
 iteration           70 MCMCOBJ=    28293.134325572388     
 iteration           80 MCMCOBJ=    28155.971314073595     
 iteration           90 MCMCOBJ=    28160.451522314979     
 iteration          100 MCMCOBJ=    28189.550054019339     
 iteration          110 MCMCOBJ=    28138.657949781245     
 iteration          120 MCMCOBJ=    28221.114925892667     
 iteration          130 MCMCOBJ=    28198.008971023442     
 iteration          140 MCMCOBJ=    28195.531935169482     
 iteration          150 MCMCOBJ=    28263.800215621657     
 iteration          160 MCMCOBJ=    28246.442773386359     
 iteration          170 MCMCOBJ=    28145.740708956455     
 iteration          180 MCMCOBJ=    28130.470354690282     
 iteration          190 MCMCOBJ=    28149.860008013686     
 iteration          200 MCMCOBJ=    28116.258964582066     
 iteration          210 MCMCOBJ=    28108.438895978899     
 iteration          220 MCMCOBJ=    28215.048655149058     
 iteration          230 MCMCOBJ=    28164.625578409774     
 iteration          240 MCMCOBJ=    28260.233499845039     
 iteration          250 MCMCOBJ=    28245.277773523718     
 iteration          260 MCMCOBJ=    28214.326245882170     
 iteration          270 MCMCOBJ=    28215.931991189209     
 iteration          280 MCMCOBJ=    28157.493297808520     
 iteration          290 MCMCOBJ=    28210.597918295138     
 iteration          300 MCMCOBJ=    28108.076074751280     
 iteration          310 MCMCOBJ=    28204.358567769519     
 iteration          320 MCMCOBJ=    28142.172878723057     
 iteration          330 MCMCOBJ=    28139.459776119362     
 iteration          340 MCMCOBJ=    28216.654345647919     
 iteration          350 MCMCOBJ=    28188.202009913482     
 iteration          360 MCMCOBJ=    28180.431974937710     
 iteration          370 MCMCOBJ=    28185.754780648949     
 iteration          380 MCMCOBJ=    28228.413860859513     
 iteration          390 MCMCOBJ=    28225.791845397380     
 iteration          400 MCMCOBJ=    28241.043287623859     
 iteration          410 MCMCOBJ=    28195.537198354643     
 iteration          420 MCMCOBJ=    28277.741754559665     
 iteration          430 MCMCOBJ=    28202.588989077401     
 iteration          440 MCMCOBJ=    28174.612330813976     
 iteration          450 MCMCOBJ=    28218.759372091772     
 iteration          460 MCMCOBJ=    28141.542989267000     
 iteration          470 MCMCOBJ=    28173.170500509834     
 iteration          480 MCMCOBJ=    28175.309446802126     
 iteration          490 MCMCOBJ=    28129.954124815726     
 iteration          500 MCMCOBJ=    28210.662589724321     
 iteration          510 MCMCOBJ=    28175.137825216349     
 iteration          520 MCMCOBJ=    28196.738412421877     
 iteration          530 MCMCOBJ=    28082.934212805299     
 iteration          540 MCMCOBJ=    28201.892101837388     
 iteration          550 MCMCOBJ=    28138.183361631352     
 iteration          560 MCMCOBJ=    28187.988286251064     
 iteration          570 MCMCOBJ=    28225.054149967724     
 iteration          580 MCMCOBJ=    28248.774548438712     
 iteration          590 MCMCOBJ=    28276.685388819500     
 iteration          600 MCMCOBJ=    28267.297698133028     
 iteration          610 MCMCOBJ=    28190.877649887669     
 iteration          620 MCMCOBJ=    28346.237742010737     
 iteration          630 MCMCOBJ=    28192.896600929747     
 iteration          640 MCMCOBJ=    28229.173782839534     
 iteration          650 MCMCOBJ=    28237.015013140383     
 iteration          660 MCMCOBJ=    28162.004706986649     
 iteration          670 MCMCOBJ=    28102.492425504865     
 iteration          680 MCMCOBJ=    28214.103746996851     
 iteration          690 MCMCOBJ=    28248.810314648243     
 iteration          700 MCMCOBJ=    28208.767125846360     
 iteration          710 MCMCOBJ=    28233.225301164231     
 iteration          720 MCMCOBJ=    28258.807375371056     
 iteration          730 MCMCOBJ=    28215.443001553449     
 iteration          740 MCMCOBJ=    28256.951295867395     
 iteration          750 MCMCOBJ=    28178.513710968258     
 iteration          760 MCMCOBJ=    28206.357538065549     
 iteration          770 MCMCOBJ=    28200.118771749094     
 iteration          780 MCMCOBJ=    28207.434384534226     
 iteration          790 MCMCOBJ=    28167.232184003227     
 iteration          800 MCMCOBJ=    28162.246605347536     
 iteration          810 MCMCOBJ=    28071.277612190708     
 iteration          820 MCMCOBJ=    28119.340484081673     
 iteration          830 MCMCOBJ=    28135.417954993354     
 iteration          840 MCMCOBJ=    28163.932392130693     
 iteration          850 MCMCOBJ=    28100.845987418514     
 iteration          860 MCMCOBJ=    28222.382823773034     
 iteration          870 MCMCOBJ=    28142.388153847311     
 iteration          880 MCMCOBJ=    28236.828829937160     
 iteration          890 MCMCOBJ=    28195.619896875247     
 iteration          900 MCMCOBJ=    28198.116026952361     
 iteration          910 MCMCOBJ=    28149.499695975137     
 iteration          920 MCMCOBJ=    28154.637375793289     
 iteration          930 MCMCOBJ=    28205.119537912797     
 iteration          940 MCMCOBJ=    28217.635560646246     
 iteration          950 MCMCOBJ=    28200.996747355919     
 iteration          960 MCMCOBJ=    28204.227420934294     
 iteration          970 MCMCOBJ=    28160.019776951816     
 iteration          980 MCMCOBJ=    28248.068053985855     
 iteration          990 MCMCOBJ=    28221.988972643929     
 iteration         1000 MCMCOBJ=    28175.318666968218     
 iteration         1010 MCMCOBJ=    28224.182271379708     
 iteration         1020 MCMCOBJ=    28234.655344129267     
 iteration         1030 MCMCOBJ=    28147.980446298228     
 iteration         1040 MCMCOBJ=    28185.880762226170     
 iteration         1050 MCMCOBJ=    28261.184004681636     
 iteration         1060 MCMCOBJ=    28147.546140446710     
 iteration         1070 MCMCOBJ=    28147.177823215923     
 iteration         1080 MCMCOBJ=    28204.355889668368     
 iteration         1090 MCMCOBJ=    28201.544328561813     
 iteration         1100 MCMCOBJ=    28100.271625104735     
 iteration         1110 MCMCOBJ=    28203.103495145715     
 iteration         1120 MCMCOBJ=    28207.131184438033     
 iteration         1130 MCMCOBJ=    28162.925001178006     
 iteration         1140 MCMCOBJ=    28141.841956424130     
 iteration         1150 MCMCOBJ=    28170.375743571985     
 iteration         1160 MCMCOBJ=    28231.413248124434     
 iteration         1170 MCMCOBJ=    28195.136525395206     
 iteration         1180 MCMCOBJ=    28221.595790970907     
 iteration         1190 MCMCOBJ=    28151.035030164556     
 iteration         1200 MCMCOBJ=    28225.038170222801     
 iteration         1210 MCMCOBJ=    28175.714275792649     
 iteration         1220 MCMCOBJ=    28145.202708493653     
 iteration         1230 MCMCOBJ=    28212.343185213074     
 iteration         1240 MCMCOBJ=    28171.970449963086     
 iteration         1250 MCMCOBJ=    28198.281840046446     
 iteration         1260 MCMCOBJ=    28178.911029045194     
 iteration         1270 MCMCOBJ=    28157.896067651240     
 iteration         1280 MCMCOBJ=    28169.130913738183     
 iteration         1290 MCMCOBJ=    28165.856918829988     
 iteration         1300 MCMCOBJ=    28260.721289642155     
 iteration         1310 MCMCOBJ=    28202.527708943904     
 iteration         1320 MCMCOBJ=    28247.263251543343     
 iteration         1330 MCMCOBJ=    28202.168482924859     
 iteration         1340 MCMCOBJ=    28254.247187979912     
 iteration         1350 MCMCOBJ=    28177.371210267382     
 iteration         1360 MCMCOBJ=    28189.452855206469     
 iteration         1370 MCMCOBJ=    28181.563465824416     
 iteration         1380 MCMCOBJ=    28138.986773953093     
 iteration         1390 MCMCOBJ=    28098.764073466362     
 iteration         1400 MCMCOBJ=    28183.283789120524     
 iteration         1410 MCMCOBJ=    28162.562972123258     
 iteration         1420 MCMCOBJ=    28247.694717817078     
 iteration         1430 MCMCOBJ=    28246.382242610001     
 iteration         1440 MCMCOBJ=    28211.633840535669     
 iteration         1450 MCMCOBJ=    28189.745148935246     
 iteration         1460 MCMCOBJ=    28173.540432683520     
 iteration         1470 MCMCOBJ=    28235.021625986159     
 iteration         1480 MCMCOBJ=    28088.727678235555     
 iteration         1490 MCMCOBJ=    28215.744350747435     
 iteration         1500 MCMCOBJ=    28291.017071658382     
 iteration         1510 MCMCOBJ=    28139.920542609649     
 iteration         1520 MCMCOBJ=    28203.459866597295     
 iteration         1530 MCMCOBJ=    28175.558234324009     
 iteration         1540 MCMCOBJ=    28186.904055446204     
 iteration         1550 MCMCOBJ=    28151.743764523806     
 iteration         1560 MCMCOBJ=    28231.578672175892     
 iteration         1570 MCMCOBJ=    28107.787378876656     
 iteration         1580 MCMCOBJ=    28206.457386089769     
 iteration         1590 MCMCOBJ=    28157.304589659008     
 iteration         1600 MCMCOBJ=    28251.297642457219     
 iteration         1610 MCMCOBJ=    28116.777297969958     
 iteration         1620 MCMCOBJ=    28278.928951646936     
 iteration         1630 MCMCOBJ=    28250.368549766499     
 iteration         1640 MCMCOBJ=    28197.659672057169     
 iteration         1650 MCMCOBJ=    28203.175133570014     
 iteration         1660 MCMCOBJ=    28224.324646517682     
 iteration         1670 MCMCOBJ=    28214.185454223865     
 iteration         1680 MCMCOBJ=    28231.321106315856     
 iteration         1690 MCMCOBJ=    28213.886800918681     
 iteration         1700 MCMCOBJ=    28227.420062519606     
 iteration         1710 MCMCOBJ=    28225.972993509327     
 iteration         1720 MCMCOBJ=    28160.102936543859     
 iteration         1730 MCMCOBJ=    28173.682694999316     
 iteration         1740 MCMCOBJ=    28168.681838724227     
 iteration         1750 MCMCOBJ=    28132.857908126560     
 iteration         1760 MCMCOBJ=    28193.139299127357     
 iteration         1770 MCMCOBJ=    28176.295335470208     
 iteration         1780 MCMCOBJ=    28251.835755957876     
 iteration         1790 MCMCOBJ=    28197.709691826865     
 iteration         1800 MCMCOBJ=    28249.771637076923     
 iteration         1810 MCMCOBJ=    28256.691520020635     
 iteration         1820 MCMCOBJ=    28239.997508830176     
 iteration         1830 MCMCOBJ=    28223.643439287065     
 iteration         1840 MCMCOBJ=    28180.804537595395     
 iteration         1850 MCMCOBJ=    28206.867886902419     
 iteration         1860 MCMCOBJ=    28202.948284566366     
 iteration         1870 MCMCOBJ=    28168.110051302967     
 iteration         1880 MCMCOBJ=    28294.734073141004     
 iteration         1890 MCMCOBJ=    28183.647675363070     
 iteration         1900 MCMCOBJ=    28143.309890434353     
 iteration         1910 MCMCOBJ=    28183.880208949860     
 iteration         1920 MCMCOBJ=    28291.759952504224     
 iteration         1930 MCMCOBJ=    28176.132570980677     
 iteration         1940 MCMCOBJ=    28227.924397586008     
 iteration         1950 MCMCOBJ=    28191.741792927638     
 iteration         1960 MCMCOBJ=    28158.032535459773     
 iteration         1970 MCMCOBJ=    28206.968913982600     
 iteration         1980 MCMCOBJ=    28195.545994353666     
 iteration         1990 MCMCOBJ=    28274.023307074400     
 iteration         2000 MCMCOBJ=    28227.262736776356     
 iteration         2010 MCMCOBJ=    28083.222274942924     
 iteration         2020 MCMCOBJ=    28062.644874969847     
 iteration         2030 MCMCOBJ=    28094.836571600452     
 iteration         2040 MCMCOBJ=    28179.008629291980     
 iteration         2050 MCMCOBJ=    28200.338461503234     
 iteration         2060 MCMCOBJ=    28187.475277545396     
 iteration         2070 MCMCOBJ=    28194.493525463091     
 iteration         2080 MCMCOBJ=    28203.791062000986     
 iteration         2090 MCMCOBJ=    28253.354705884449     
 iteration         2100 MCMCOBJ=    28327.443993593144     
 iteration         2110 MCMCOBJ=    28269.911657990480     
 iteration         2120 MCMCOBJ=    28185.568481744369     
 iteration         2130 MCMCOBJ=    28174.880460423872     
 iteration         2140 MCMCOBJ=    28232.502432739075     
 iteration         2150 MCMCOBJ=    28195.756468477317     
 iteration         2160 MCMCOBJ=    28186.836442648055     
 iteration         2170 MCMCOBJ=    28181.263663191145     
 iteration         2180 MCMCOBJ=    28171.188652190889     
 iteration         2190 MCMCOBJ=    28201.267750364208     
 iteration         2200 MCMCOBJ=    28237.599500436310     
 iteration         2210 MCMCOBJ=    28213.923059041674     
 iteration         2220 MCMCOBJ=    28171.671159006128     
 iteration         2230 MCMCOBJ=    28233.248077067532     
 iteration         2240 MCMCOBJ=    28108.802051405601     
 iteration         2250 MCMCOBJ=    28185.076680989856     
 iteration         2260 MCMCOBJ=    28129.844702763927     
 iteration         2270 MCMCOBJ=    28224.507327727366     
 iteration         2280 MCMCOBJ=    28277.059426339849     
 iteration         2290 MCMCOBJ=    28193.765945326817     
 iteration         2300 MCMCOBJ=    28197.793114426837     
 iteration         2310 MCMCOBJ=    28166.200839263827     
 iteration         2320 MCMCOBJ=    28206.601074100530     
 iteration         2330 MCMCOBJ=    28184.092561308218     
 iteration         2340 MCMCOBJ=    28286.859155351907     
 iteration         2350 MCMCOBJ=    28177.612439522600     
 iteration         2360 MCMCOBJ=    28189.667952325341     
 iteration         2370 MCMCOBJ=    28164.959145284069     
 iteration         2380 MCMCOBJ=    28149.786871877252     
 iteration         2390 MCMCOBJ=    28227.103507142678     
 iteration         2400 MCMCOBJ=    28174.483772604926     
 iteration         2410 MCMCOBJ=    28285.092505650773     
 iteration         2420 MCMCOBJ=    28141.835520134988     
 iteration         2430 MCMCOBJ=    28335.463575754409     
 iteration         2440 MCMCOBJ=    28261.414672638701     
 iteration         2450 MCMCOBJ=    28222.044957642960     
 iteration         2460 MCMCOBJ=    28239.213056876990     
 iteration         2470 MCMCOBJ=    28184.061095652265     
 iteration         2480 MCMCOBJ=    28212.779694582543     
 iteration         2490 MCMCOBJ=    28148.542957097528     
 iteration         2500 MCMCOBJ=    28206.106875052548     
 iteration         2510 MCMCOBJ=    28218.070633080300     
 iteration         2520 MCMCOBJ=    28151.664484173165     
 iteration         2530 MCMCOBJ=    28200.619940394743     
 iteration         2540 MCMCOBJ=    28191.022841673504     
 iteration         2550 MCMCOBJ=    28327.443645496274     
 iteration         2560 MCMCOBJ=    28211.588385549454     
 iteration         2570 MCMCOBJ=    28225.141705258069     
 iteration         2580 MCMCOBJ=    28208.880065474019     
 iteration         2590 MCMCOBJ=    28118.040873287489     
 iteration         2600 MCMCOBJ=    28270.532814548547     
 iteration         2610 MCMCOBJ=    28166.453744597333     
 iteration         2620 MCMCOBJ=    28318.856354679232     
 iteration         2630 MCMCOBJ=    28170.737257473636     
 iteration         2640 MCMCOBJ=    28213.012370867989     
 iteration         2650 MCMCOBJ=    28197.572604383524     
 iteration         2660 MCMCOBJ=    28261.152270221039     
 iteration         2670 MCMCOBJ=    28144.170734038198     
 iteration         2680 MCMCOBJ=    28209.791145135277     
 iteration         2690 MCMCOBJ=    28211.097185473456     
 iteration         2700 MCMCOBJ=    28176.772621671720     
 iteration         2710 MCMCOBJ=    28250.032029201011     
 iteration         2720 MCMCOBJ=    28242.980056444714     
 iteration         2730 MCMCOBJ=    28220.183837907505     
 iteration         2740 MCMCOBJ=    28223.046767205025     
 iteration         2750 MCMCOBJ=    28268.885296608991     
 iteration         2760 MCMCOBJ=    28270.241328272175     
 iteration         2770 MCMCOBJ=    28205.085298929447     
 iteration         2780 MCMCOBJ=    28185.562005514486     
 iteration         2790 MCMCOBJ=    28268.465788903544     
 iteration         2800 MCMCOBJ=    28205.444816919160     
 iteration         2810 MCMCOBJ=    28198.231952164049     
 iteration         2820 MCMCOBJ=    28164.174954007583     
 iteration         2830 MCMCOBJ=    28207.781255868646     
 iteration         2840 MCMCOBJ=    28244.795424278538     
 iteration         2850 MCMCOBJ=    28235.786424799069     
 iteration         2860 MCMCOBJ=    28220.329502619843     
 iteration         2870 MCMCOBJ=    28119.199499580718     
 iteration         2880 MCMCOBJ=    28166.424531225664     
 iteration         2890 MCMCOBJ=    28225.078053319583     
 iteration         2900 MCMCOBJ=    28182.041962821313     
 iteration         2910 MCMCOBJ=    28211.695097080508     
 iteration         2920 MCMCOBJ=    28233.091727966203     
 iteration         2930 MCMCOBJ=    28194.746840669926     
 iteration         2940 MCMCOBJ=    28148.664179196265     
 iteration         2950 MCMCOBJ=    28191.710819331434     
 iteration         2960 MCMCOBJ=    28261.636290385566     
 iteration         2970 MCMCOBJ=    28170.756536419129     
 iteration         2980 MCMCOBJ=    28154.633492424528     
 iteration         2990 MCMCOBJ=    28227.893242257036     
 iteration         3000 MCMCOBJ=    28140.547534749108     
 iteration         3010 MCMCOBJ=    28053.453173523594     
 iteration         3020 MCMCOBJ=    28092.956535063244     
 iteration         3030 MCMCOBJ=    28159.719759609296     
 iteration         3040 MCMCOBJ=    28063.906318256075     
 iteration         3050 MCMCOBJ=    28207.372374324841     
 iteration         3060 MCMCOBJ=    28240.557942890682     
 iteration         3070 MCMCOBJ=    28208.257132141251     
 iteration         3080 MCMCOBJ=    28173.316398655239     
 iteration         3090 MCMCOBJ=    28149.975783695500     
 iteration         3100 MCMCOBJ=    28185.369327905442     
 iteration         3110 MCMCOBJ=    28242.225805298622     
 iteration         3120 MCMCOBJ=    28172.282736811383     
 iteration         3130 MCMCOBJ=    28228.173653407703     
 iteration         3140 MCMCOBJ=    28228.542555529668     
 iteration         3150 MCMCOBJ=    28161.723626100222     
 iteration         3160 MCMCOBJ=    28215.259481051828     
 iteration         3170 MCMCOBJ=    28201.246845687889     
 iteration         3180 MCMCOBJ=    28145.182888605457     
 iteration         3190 MCMCOBJ=    28251.891407258914     
 iteration         3200 MCMCOBJ=    28156.454404971413     
 iteration         3210 MCMCOBJ=    28156.754894682053     
 iteration         3220 MCMCOBJ=    28146.960660075401     
 iteration         3230 MCMCOBJ=    28165.960558169358     
 iteration         3240 MCMCOBJ=    28114.048173451683     
 iteration         3250 MCMCOBJ=    28195.871952258804     
 iteration         3260 MCMCOBJ=    28198.884790621756     
 iteration         3270 MCMCOBJ=    28256.620393918722     
 iteration         3280 MCMCOBJ=    28138.714051349372     
 iteration         3290 MCMCOBJ=    28104.963743840399     
 iteration         3300 MCMCOBJ=    28177.317552557000     
 iteration         3310 MCMCOBJ=    28167.003759193049     
 iteration         3320 MCMCOBJ=    28180.362147238771     
 iteration         3330 MCMCOBJ=    28154.560426774988     
 iteration         3340 MCMCOBJ=    28164.435277440229     
 iteration         3350 MCMCOBJ=    28169.385501948647     
 iteration         3360 MCMCOBJ=    28238.344012140384     
 iteration         3370 MCMCOBJ=    28184.534710144129     
 iteration         3380 MCMCOBJ=    28129.195004218724     
 iteration         3390 MCMCOBJ=    28212.324654606942     
 iteration         3400 MCMCOBJ=    28242.779552350403     
 iteration         3410 MCMCOBJ=    28193.834602747706     
 iteration         3420 MCMCOBJ=    28190.685091938634     
 iteration         3430 MCMCOBJ=    28174.750758017824     
 iteration         3440 MCMCOBJ=    28195.633190889974     
 iteration         3450 MCMCOBJ=    28176.504480395339     
 iteration         3460 MCMCOBJ=    28171.862504315221     
 iteration         3470 MCMCOBJ=    28106.543684829525     
 iteration         3480 MCMCOBJ=    28272.046200843492     
 iteration         3490 MCMCOBJ=    28144.251928080997     
 iteration         3500 MCMCOBJ=    28079.684937641745     
 iteration         3510 MCMCOBJ=    28073.432733569585     
 iteration         3520 MCMCOBJ=    28211.091118689503     
 iteration         3530 MCMCOBJ=    28176.819771630835     
 iteration         3540 MCMCOBJ=    28204.362056344529     
 iteration         3550 MCMCOBJ=    28165.350344805334     
 iteration         3560 MCMCOBJ=    28191.525118336394     
 iteration         3570 MCMCOBJ=    28189.462461402058     
 iteration         3580 MCMCOBJ=    28260.047474176048     
 iteration         3590 MCMCOBJ=    28184.868690146221     
 iteration         3600 MCMCOBJ=    28184.852748391120     
 iteration         3610 MCMCOBJ=    28150.642650120997     
 iteration         3620 MCMCOBJ=    28121.278725690456     
 iteration         3630 MCMCOBJ=    28122.714419125863     
 iteration         3640 MCMCOBJ=    28156.302912505151     
 iteration         3650 MCMCOBJ=    28234.410238313889     
 iteration         3660 MCMCOBJ=    28111.941068741609     
 iteration         3670 MCMCOBJ=    28153.134374639882     
 iteration         3680 MCMCOBJ=    28174.629605902068     
 iteration         3690 MCMCOBJ=    28132.449148426898     
 iteration         3700 MCMCOBJ=    28185.256048678100     
 iteration         3710 MCMCOBJ=    28168.795034983559     
 iteration         3720 MCMCOBJ=    28152.778205190571     
 iteration         3730 MCMCOBJ=    28153.086254212900     
 iteration         3740 MCMCOBJ=    28242.606812152400     
 iteration         3750 MCMCOBJ=    28179.315791921752     
 iteration         3760 MCMCOBJ=    28154.152843015378     
 iteration         3770 MCMCOBJ=    28174.963210061178     
 iteration         3780 MCMCOBJ=    28198.767246351563     
 iteration         3790 MCMCOBJ=    28178.697665352971     
 iteration         3800 MCMCOBJ=    28137.060589140914     
 iteration         3810 MCMCOBJ=    28175.422691179985     
 iteration         3820 MCMCOBJ=    28286.122224051462     
 iteration         3830 MCMCOBJ=    28186.300012041553     
 iteration         3840 MCMCOBJ=    28187.662247364060     
 iteration         3850 MCMCOBJ=    28243.872223415379     
 iteration         3860 MCMCOBJ=    28171.704685333967     
 iteration         3870 MCMCOBJ=    28199.347982655832     
 iteration         3880 MCMCOBJ=    28192.536347091591     
 iteration         3890 MCMCOBJ=    28272.483030225016     
 iteration         3900 MCMCOBJ=    28231.874854365484     
 iteration         3910 MCMCOBJ=    28208.411932321695     
 iteration         3920 MCMCOBJ=    28096.124866546386     
 iteration         3930 MCMCOBJ=    28256.894861953915     
 iteration         3940 MCMCOBJ=    28079.599161022888     
 iteration         3950 MCMCOBJ=    28147.870680977954     
 iteration         3960 MCMCOBJ=    28211.884492253441     
 iteration         3970 MCMCOBJ=    28130.081252068187     
 iteration         3980 MCMCOBJ=    28209.099968853039     
 iteration         3990 MCMCOBJ=    28183.468681853152     
 iteration         4000 MCMCOBJ=    28326.354878091257     
 iteration         4010 MCMCOBJ=    28190.425522690213     
 iteration         4020 MCMCOBJ=    28237.591141755212     
 iteration         4030 MCMCOBJ=    28232.061021546877     
 iteration         4040 MCMCOBJ=    28185.068368456890     
 iteration         4050 MCMCOBJ=    28209.868684550838     
 iteration         4060 MCMCOBJ=    28200.075302298381     
 iteration         4070 MCMCOBJ=    28183.919384167988     
 iteration         4080 MCMCOBJ=    28156.850217420779     
 iteration         4090 MCMCOBJ=    28222.034532346461     
 iteration         4100 MCMCOBJ=    28183.794468616550     
 iteration         4110 MCMCOBJ=    28192.413381685423     
 iteration         4120 MCMCOBJ=    28185.303342981737     
 iteration         4130 MCMCOBJ=    28248.831689163093     
 iteration         4140 MCMCOBJ=    28185.104812278743     
 iteration         4150 MCMCOBJ=    28240.830238834544     
 iteration         4160 MCMCOBJ=    28205.850284708034     
 iteration         4170 MCMCOBJ=    28165.079581106056     
 iteration         4180 MCMCOBJ=    28228.472774902984     
 iteration         4190 MCMCOBJ=    28147.280280166138     
 iteration         4200 MCMCOBJ=    28174.432011592646     
 iteration         4210 MCMCOBJ=    28197.839999154297     
 iteration         4220 MCMCOBJ=    28249.793748228647     
 iteration         4230 MCMCOBJ=    28159.639896644687     
 iteration         4240 MCMCOBJ=    28136.731486108845     
 iteration         4250 MCMCOBJ=    28167.180643687112     
 iteration         4260 MCMCOBJ=    28213.595761178567     
 iteration         4270 MCMCOBJ=    28180.378180381518     
 iteration         4280 MCMCOBJ=    28177.170050178785     
 iteration         4290 MCMCOBJ=    28184.410759544029     
 iteration         4300 MCMCOBJ=    28216.243333604310     
 iteration         4310 MCMCOBJ=    28334.920209859047     
 iteration         4320 MCMCOBJ=    28193.209469595473     
 iteration         4330 MCMCOBJ=    28200.295859407943     
 iteration         4340 MCMCOBJ=    28175.312220784210     
 iteration         4350 MCMCOBJ=    28152.848406581656     
 iteration         4360 MCMCOBJ=    28093.404849956911     
 iteration         4370 MCMCOBJ=    28210.550860282860     
 iteration         4380 MCMCOBJ=    28197.614023734950     
 iteration         4390 MCMCOBJ=    28109.559560358881     
 iteration         4400 MCMCOBJ=    28290.277611916863     
 iteration         4410 MCMCOBJ=    28254.931731844641     
 iteration         4420 MCMCOBJ=    28272.904230966051     
 iteration         4430 MCMCOBJ=    28188.191735286851     
 iteration         4440 MCMCOBJ=    28195.282665644088     
 iteration         4450 MCMCOBJ=    28288.654847688238     
 iteration         4460 MCMCOBJ=    28261.296496254938     
 iteration         4470 MCMCOBJ=    28275.658240730467     
 iteration         4480 MCMCOBJ=    28148.855509506211     
 iteration         4490 MCMCOBJ=    28207.794097095451     
 iteration         4500 MCMCOBJ=    28174.624142817731     
 iteration         4510 MCMCOBJ=    28158.423927869317     
 iteration         4520 MCMCOBJ=    28192.596740166904     
 iteration         4530 MCMCOBJ=    28201.317649521603     
 iteration         4540 MCMCOBJ=    28140.282091151155     
 iteration         4550 MCMCOBJ=    28183.807258736841     
 iteration         4560 MCMCOBJ=    28131.451278461893     
 iteration         4570 MCMCOBJ=    28203.734184113644     
 iteration         4580 MCMCOBJ=    28182.850606408494     
 iteration         4590 MCMCOBJ=    28158.547991616797     
 iteration         4600 MCMCOBJ=    28209.367235128768     
 iteration         4610 MCMCOBJ=    28133.589303005800     
 iteration         4620 MCMCOBJ=    28220.900634453275     
 iteration         4630 MCMCOBJ=    28202.160641894545     
 iteration         4640 MCMCOBJ=    28260.172321807433     
 iteration         4650 MCMCOBJ=    28204.258061899360     
 iteration         4660 MCMCOBJ=    28189.928916999528     
 iteration         4670 MCMCOBJ=    28164.349895988598     
 iteration         4680 MCMCOBJ=    28238.699659281447     
 iteration         4690 MCMCOBJ=    28100.064459190253     
 iteration         4700 MCMCOBJ=    28167.850991720719     
 iteration         4710 MCMCOBJ=    28110.964901555537     
 iteration         4720 MCMCOBJ=    28149.822596532696     
 iteration         4730 MCMCOBJ=    28173.429042823398     
 iteration         4740 MCMCOBJ=    28251.247074577303     
 iteration         4750 MCMCOBJ=    28248.879745024828     
 iteration         4760 MCMCOBJ=    28175.547651595210     
 iteration         4770 MCMCOBJ=    28239.590215500531     
 iteration         4780 MCMCOBJ=    28208.315096142556     
 iteration         4790 MCMCOBJ=    28176.907808445969     
 iteration         4800 MCMCOBJ=    28224.017600461801     
 iteration         4810 MCMCOBJ=    28264.600285211836     
 iteration         4820 MCMCOBJ=    28211.942743629679     
 iteration         4830 MCMCOBJ=    28217.961305451667     
 iteration         4840 MCMCOBJ=    28191.344018572046     
 iteration         4850 MCMCOBJ=    28187.194272007313     
 iteration         4860 MCMCOBJ=    28191.599244432327     
 iteration         4870 MCMCOBJ=    28113.069254198508     
 iteration         4880 MCMCOBJ=    28174.475009964175     
 iteration         4890 MCMCOBJ=    28267.751417225587     
 iteration         4900 MCMCOBJ=    28258.092245202370     
 iteration         4910 MCMCOBJ=    28210.555244932497     
 iteration         4920 MCMCOBJ=    28104.358248332719     
 iteration         4930 MCMCOBJ=    28192.673479778841     
 iteration         4940 MCMCOBJ=    28208.468025016304     
 iteration         4950 MCMCOBJ=    28150.947311043157     
 iteration         4960 MCMCOBJ=    28266.240690322680     
 iteration         4970 MCMCOBJ=    28106.401616539486     
 iteration         4980 MCMCOBJ=    28178.642711516804     
 iteration         4990 MCMCOBJ=    28239.275001240927     
 iteration         5000 MCMCOBJ=    28217.228506054595     
 iteration         5010 MCMCOBJ=    28186.973643100853     
 iteration         5020 MCMCOBJ=    28120.825725046961     
 iteration         5030 MCMCOBJ=    28145.673183600717     
 iteration         5040 MCMCOBJ=    28162.728046202748     
 iteration         5050 MCMCOBJ=    28150.542322901147     
 iteration         5060 MCMCOBJ=    28236.136260646366     
 iteration         5070 MCMCOBJ=    28238.918718248460     
 iteration         5080 MCMCOBJ=    28338.580047996144     
 iteration         5090 MCMCOBJ=    28169.118998392769     
 iteration         5100 MCMCOBJ=    28179.252311407759     
 iteration         5110 MCMCOBJ=    28273.162587884210     
 iteration         5120 MCMCOBJ=    28169.685766943690     
 iteration         5130 MCMCOBJ=    28169.438431286570     
 iteration         5140 MCMCOBJ=    28252.274534916312     
 iteration         5150 MCMCOBJ=    28192.029351371642     
 iteration         5160 MCMCOBJ=    28144.419442378428     
 iteration         5170 MCMCOBJ=    28224.574830476809     
 iteration         5180 MCMCOBJ=    28153.308801032312     
 iteration         5190 MCMCOBJ=    28143.954951821677     
 iteration         5200 MCMCOBJ=    28221.259338939653     
 iteration         5210 MCMCOBJ=    28129.296034045394     
 iteration         5220 MCMCOBJ=    28164.025438829431     
 iteration         5230 MCMCOBJ=    28229.142366981334     
 iteration         5240 MCMCOBJ=    28259.538877793180     
 iteration         5250 MCMCOBJ=    28162.577297843982     
 iteration         5260 MCMCOBJ=    28181.445030320880     
 iteration         5270 MCMCOBJ=    28160.224347919728     
 iteration         5280 MCMCOBJ=    28175.273359423798     
 iteration         5290 MCMCOBJ=    28166.169822055421     
 iteration         5300 MCMCOBJ=    28175.488777079448     
 iteration         5310 MCMCOBJ=    28137.457969746458     
 iteration         5320 MCMCOBJ=    28216.986250462600     
 iteration         5330 MCMCOBJ=    28233.428354710639     
 iteration         5340 MCMCOBJ=    28124.132975710545     
 iteration         5350 MCMCOBJ=    28215.587802913418     
 iteration         5360 MCMCOBJ=    28236.866210647644     
 iteration         5370 MCMCOBJ=    28325.684515947756     
 iteration         5380 MCMCOBJ=    28246.291280119389     
 iteration         5390 MCMCOBJ=    28179.817446002740     
 iteration         5400 MCMCOBJ=    28191.260574528027     
 iteration         5410 MCMCOBJ=    28203.713982063560     
 iteration         5420 MCMCOBJ=    28188.436554427662     
 iteration         5430 MCMCOBJ=    28251.783416720718     
 iteration         5440 MCMCOBJ=    28137.774162018653     
 iteration         5450 MCMCOBJ=    28142.912748710551     
 iteration         5460 MCMCOBJ=    28217.607278088653     
 iteration         5470 MCMCOBJ=    28164.961493218005     
 iteration         5480 MCMCOBJ=    28239.607333728440     
 iteration         5490 MCMCOBJ=    28265.184418755598     
 iteration         5500 MCMCOBJ=    28188.116205133821     
 iteration         5510 MCMCOBJ=    28283.759780780198     
 iteration         5520 MCMCOBJ=    28175.461213269238     
 iteration         5530 MCMCOBJ=    28138.890032095813     
 iteration         5540 MCMCOBJ=    28302.022943189182     
 iteration         5550 MCMCOBJ=    28170.426398557909     
 iteration         5560 MCMCOBJ=    28185.398703872699     
 iteration         5570 MCMCOBJ=    28134.288861377725     
 iteration         5580 MCMCOBJ=    28153.254719488501     
 iteration         5590 MCMCOBJ=    28163.917692715055     
 iteration         5600 MCMCOBJ=    28243.190282373507     
 iteration         5610 MCMCOBJ=    28243.256184351583     
 iteration         5620 MCMCOBJ=    28258.463383619248     
 iteration         5630 MCMCOBJ=    28260.214351009687     
 iteration         5640 MCMCOBJ=    28174.034837673244     
 iteration         5650 MCMCOBJ=    28202.608509415662     
 iteration         5660 MCMCOBJ=    28151.948579612334     
 iteration         5670 MCMCOBJ=    28169.646038721414     
 iteration         5680 MCMCOBJ=    28141.516378610857     
 iteration         5690 MCMCOBJ=    28272.423061785594     
 iteration         5700 MCMCOBJ=    28180.231385702849     
 iteration         5710 MCMCOBJ=    28111.188815224683     
 iteration         5720 MCMCOBJ=    28308.939474851020     
 iteration         5730 MCMCOBJ=    28207.564042944923     
 iteration         5740 MCMCOBJ=    28178.877752600140     
 iteration         5750 MCMCOBJ=    28169.552797221528     
 iteration         5760 MCMCOBJ=    28227.172576150937     
 iteration         5770 MCMCOBJ=    28188.601004460452     
 iteration         5780 MCMCOBJ=    28127.108355823002     
 iteration         5790 MCMCOBJ=    28106.240533886525     
 iteration         5800 MCMCOBJ=    28254.533367813496     
 iteration         5810 MCMCOBJ=    28216.982424281203     
 iteration         5820 MCMCOBJ=    28174.947467155333     
 iteration         5830 MCMCOBJ=    28190.004761913900     
 iteration         5840 MCMCOBJ=    28258.152182362985     
 iteration         5850 MCMCOBJ=    28221.682037537386     
 iteration         5860 MCMCOBJ=    28186.339710421355     
 iteration         5870 MCMCOBJ=    28108.899907786945     
 iteration         5880 MCMCOBJ=    28253.423299496968     
 iteration         5890 MCMCOBJ=    28256.238586635984     
 iteration         5900 MCMCOBJ=    28195.919994343305     
 iteration         5910 MCMCOBJ=    28123.642297079776     
 iteration         5920 MCMCOBJ=    28209.063996108805     
 iteration         5930 MCMCOBJ=    28156.334140592287     
 iteration         5940 MCMCOBJ=    28181.058308385847     
 iteration         5950 MCMCOBJ=    28171.723728668938     
 iteration         5960 MCMCOBJ=    28158.191490774982     
 iteration         5970 MCMCOBJ=    28191.695990653981     
 iteration         5980 MCMCOBJ=    28229.554381124955     
 iteration         5990 MCMCOBJ=    28179.604779989801     
 iteration         6000 MCMCOBJ=    28177.254678707806     
 iteration         6010 MCMCOBJ=    28184.139187765511     
 iteration         6020 MCMCOBJ=    28099.766546525178     
 iteration         6030 MCMCOBJ=    28210.124864671896     
 iteration         6040 MCMCOBJ=    28154.995354510280     
 iteration         6050 MCMCOBJ=    28220.465607608665     
 iteration         6060 MCMCOBJ=    28229.132950505864     
 iteration         6070 MCMCOBJ=    28119.422591916267     
 iteration         6080 MCMCOBJ=    28151.107410706329     
 iteration         6090 MCMCOBJ=    28233.153478551314     
 iteration         6100 MCMCOBJ=    28163.905533406876     
 iteration         6110 MCMCOBJ=    28228.431130805973     
 iteration         6120 MCMCOBJ=    28220.049872281579     
 iteration         6130 MCMCOBJ=    28160.506436142419     
 iteration         6140 MCMCOBJ=    28261.811414462012     
 iteration         6150 MCMCOBJ=    28151.496907064055     
 iteration         6160 MCMCOBJ=    28201.576239604779     
 iteration         6170 MCMCOBJ=    28207.264696321530     
 iteration         6180 MCMCOBJ=    28241.558506114376     
 iteration         6190 MCMCOBJ=    28174.422491986999     
 iteration         6200 MCMCOBJ=    28241.351148760492     
 iteration         6210 MCMCOBJ=    28212.164799239868     
 iteration         6220 MCMCOBJ=    28137.905352879083     
 iteration         6230 MCMCOBJ=    28230.384629202410     
 iteration         6240 MCMCOBJ=    28205.562034768762     
 iteration         6250 MCMCOBJ=    28262.115110015231     
 iteration         6260 MCMCOBJ=    28182.759883853931     
 iteration         6270 MCMCOBJ=    28211.821450727086     
 iteration         6280 MCMCOBJ=    28242.870138293703     
 iteration         6290 MCMCOBJ=    28145.828010331894     
 iteration         6300 MCMCOBJ=    28164.114675256889     
 iteration         6310 MCMCOBJ=    28199.199779827584     
 iteration         6320 MCMCOBJ=    28162.725154796826     
 iteration         6330 MCMCOBJ=    28171.901771597004     
 iteration         6340 MCMCOBJ=    28168.275133343428     
 iteration         6350 MCMCOBJ=    28209.828042927598     
 iteration         6360 MCMCOBJ=    28219.453964390388     
 iteration         6370 MCMCOBJ=    28215.587162017069     
 iteration         6380 MCMCOBJ=    28228.479431576736     
 iteration         6390 MCMCOBJ=    28257.305070292539     
 iteration         6400 MCMCOBJ=    28229.558815465945     
 iteration         6410 MCMCOBJ=    28260.138052256807     
 iteration         6420 MCMCOBJ=    28249.858069855083     
 iteration         6430 MCMCOBJ=    28229.612186996001     
 iteration         6440 MCMCOBJ=    28139.224367213214     
 iteration         6450 MCMCOBJ=    28206.011594686424     
 iteration         6460 MCMCOBJ=    28255.241377959730     
 iteration         6470 MCMCOBJ=    28223.824951375882     
 iteration         6480 MCMCOBJ=    28198.301239417953     
 iteration         6490 MCMCOBJ=    28236.589928139292     
 iteration         6500 MCMCOBJ=    28273.125558602969     
 iteration         6510 MCMCOBJ=    28233.863638001363     
 iteration         6520 MCMCOBJ=    28152.064236531016     
 iteration         6530 MCMCOBJ=    28175.666270679325     
 iteration         6540 MCMCOBJ=    28157.584024238782     
 iteration         6550 MCMCOBJ=    28119.946265880557     
 iteration         6560 MCMCOBJ=    28122.591791010702     
 iteration         6570 MCMCOBJ=    28219.077473960235     
 iteration         6580 MCMCOBJ=    28213.908379777120     
 iteration         6590 MCMCOBJ=    28117.138699358205     
 iteration         6600 MCMCOBJ=    28175.440188385812     
 iteration         6610 MCMCOBJ=    28236.956347766307     
 iteration         6620 MCMCOBJ=    28160.736441248398     
 iteration         6630 MCMCOBJ=    28210.740895782525     
 iteration         6640 MCMCOBJ=    28173.911227482295     
 iteration         6650 MCMCOBJ=    28183.232683213570     
 iteration         6660 MCMCOBJ=    28137.297949492458     
 iteration         6670 MCMCOBJ=    28147.883847239056     
 iteration         6680 MCMCOBJ=    28199.921521861939     
 iteration         6690 MCMCOBJ=    28266.225786096489     
 iteration         6700 MCMCOBJ=    28208.186150079775     
 iteration         6710 MCMCOBJ=    28181.627186062018     
 iteration         6720 MCMCOBJ=    28158.582409659208     
 iteration         6730 MCMCOBJ=    28274.754381505671     
 iteration         6740 MCMCOBJ=    28265.435395851673     
 iteration         6750 MCMCOBJ=    28184.383827724563     
 iteration         6760 MCMCOBJ=    28160.814729268262     
 iteration         6770 MCMCOBJ=    28219.903381904092     
 iteration         6780 MCMCOBJ=    28223.483010360240     
 iteration         6790 MCMCOBJ=    28202.781700093106     
 iteration         6800 MCMCOBJ=    28158.481480252321     
 iteration         6810 MCMCOBJ=    28230.455899791108     
 iteration         6820 MCMCOBJ=    28265.617703582880     
 iteration         6830 MCMCOBJ=    28260.587981513014     
 iteration         6840 MCMCOBJ=    28217.675372086105     
 iteration         6850 MCMCOBJ=    28131.340922352472     
 iteration         6860 MCMCOBJ=    28217.202751421148     
 iteration         6870 MCMCOBJ=    28162.727541292730     
 iteration         6880 MCMCOBJ=    28202.892017833150     
 iteration         6890 MCMCOBJ=    28162.435286600492     
 iteration         6900 MCMCOBJ=    28122.422703177144     
 iteration         6910 MCMCOBJ=    28182.699917817819     
 iteration         6920 MCMCOBJ=    28207.826613481164     
 iteration         6930 MCMCOBJ=    28192.418720495149     
 iteration         6940 MCMCOBJ=    28215.260725686214     
 iteration         6950 MCMCOBJ=    28190.464763253131     
 iteration         6960 MCMCOBJ=    28248.431928353297     
 iteration         6970 MCMCOBJ=    28154.572748761278     
 iteration         6980 MCMCOBJ=    28234.715146122271     
 iteration         6990 MCMCOBJ=    28190.751195198940     
 iteration         7000 MCMCOBJ=    28227.136230073502     
 iteration         7010 MCMCOBJ=    28176.013317473233     
 iteration         7020 MCMCOBJ=    28218.763425241948     
 iteration         7030 MCMCOBJ=    28227.915607936331     
 iteration         7040 MCMCOBJ=    28136.478831303262     
 iteration         7050 MCMCOBJ=    28127.466983215356     
 iteration         7060 MCMCOBJ=    28210.321161486838     
 iteration         7070 MCMCOBJ=    28229.148709956164     
 iteration         7080 MCMCOBJ=    28193.490448189397     
 iteration         7090 MCMCOBJ=    28262.169149393874     
 iteration         7100 MCMCOBJ=    28294.000341638573     
 iteration         7110 MCMCOBJ=    28127.670244270463     
 iteration         7120 MCMCOBJ=    28179.042525626042     
 iteration         7130 MCMCOBJ=    28219.132433643754     
 iteration         7140 MCMCOBJ=    28139.693898983802     
 iteration         7150 MCMCOBJ=    28191.604158401304     
 iteration         7160 MCMCOBJ=    28138.471429415265     
 iteration         7170 MCMCOBJ=    28194.048905195414     
 iteration         7180 MCMCOBJ=    28162.872345866010     
 iteration         7190 MCMCOBJ=    28256.709155869932     
 iteration         7200 MCMCOBJ=    28164.397883552094     
 iteration         7210 MCMCOBJ=    28228.411190794293     
 iteration         7220 MCMCOBJ=    28157.920386671794     
 iteration         7230 MCMCOBJ=    28195.864041751702     
 iteration         7240 MCMCOBJ=    28099.223795336111     
 iteration         7250 MCMCOBJ=    28162.211554787016     
 iteration         7260 MCMCOBJ=    28284.247804203336     
 iteration         7270 MCMCOBJ=    28210.466324752320     
 iteration         7280 MCMCOBJ=    28178.278429313494     
 iteration         7290 MCMCOBJ=    28252.314167033550     
 iteration         7300 MCMCOBJ=    28176.302340834238     
 iteration         7310 MCMCOBJ=    28136.809668133734     
 iteration         7320 MCMCOBJ=    28273.427056677814     
 iteration         7330 MCMCOBJ=    28309.656713366923     
 iteration         7340 MCMCOBJ=    28250.135755474064     
 iteration         7350 MCMCOBJ=    28208.605742867818     
 iteration         7360 MCMCOBJ=    28235.968107213226     
 iteration         7370 MCMCOBJ=    28164.593266071592     
 iteration         7380 MCMCOBJ=    28221.392164512301     
 iteration         7390 MCMCOBJ=    28152.230113678048     
 iteration         7400 MCMCOBJ=    28190.700619216837     
 iteration         7410 MCMCOBJ=    28149.420001872455     
 iteration         7420 MCMCOBJ=    28199.121962003275     
 iteration         7430 MCMCOBJ=    28212.523664671990     
 iteration         7440 MCMCOBJ=    28212.280775976946     
 iteration         7450 MCMCOBJ=    28171.686907590232     
 iteration         7460 MCMCOBJ=    28134.721673105316     
 iteration         7470 MCMCOBJ=    28153.751301518121     
 iteration         7480 MCMCOBJ=    28184.996437144284     
 iteration         7490 MCMCOBJ=    28201.357234614825     
 iteration         7500 MCMCOBJ=    28243.606628137601     
 iteration         7510 MCMCOBJ=    28101.174319708756     
 iteration         7520 MCMCOBJ=    28198.998819410950     
 iteration         7530 MCMCOBJ=    28178.303457883208     
 iteration         7540 MCMCOBJ=    28219.713927021327     
 iteration         7550 MCMCOBJ=    28202.874282019962     
 iteration         7560 MCMCOBJ=    28106.246399466781     
 iteration         7570 MCMCOBJ=    28232.589959648147     
 iteration         7580 MCMCOBJ=    28155.517293941230     
 iteration         7590 MCMCOBJ=    28196.074791706978     
 iteration         7600 MCMCOBJ=    28156.913052484990     
 iteration         7610 MCMCOBJ=    28335.679043186214     
 iteration         7620 MCMCOBJ=    28282.190253640318     
 iteration         7630 MCMCOBJ=    28156.493791553170     
 iteration         7640 MCMCOBJ=    28130.332707988393     
 iteration         7650 MCMCOBJ=    28191.813840000064     
 iteration         7660 MCMCOBJ=    28154.603968744570     
 iteration         7670 MCMCOBJ=    28142.842168999701     
 iteration         7680 MCMCOBJ=    28140.625966542517     
 iteration         7690 MCMCOBJ=    28235.042122630039     
 iteration         7700 MCMCOBJ=    28209.725683599921     
 iteration         7710 MCMCOBJ=    28141.226997692705     
 iteration         7720 MCMCOBJ=    28140.749028978295     
 iteration         7730 MCMCOBJ=    28208.629547689528     
 iteration         7740 MCMCOBJ=    28196.029074725237     
 iteration         7750 MCMCOBJ=    28102.028182881779     
 iteration         7760 MCMCOBJ=    28251.089650586702     
 iteration         7770 MCMCOBJ=    28167.184961372415     
 iteration         7780 MCMCOBJ=    28212.065836444148     
 iteration         7790 MCMCOBJ=    28138.105228708668     
 iteration         7800 MCMCOBJ=    28169.779476893364     
 iteration         7810 MCMCOBJ=    28200.694783769923     
 iteration         7820 MCMCOBJ=    28172.414531740811     
 iteration         7830 MCMCOBJ=    28247.502337270573     
 iteration         7840 MCMCOBJ=    28101.123656475069     
 iteration         7850 MCMCOBJ=    28163.480720904085     
 iteration         7860 MCMCOBJ=    28171.454031089863     
 iteration         7870 MCMCOBJ=    28167.708320324884     
 iteration         7880 MCMCOBJ=    28250.355236311138     
 iteration         7890 MCMCOBJ=    28162.434301971629     
 iteration         7900 MCMCOBJ=    28236.444039862505     
 iteration         7910 MCMCOBJ=    28200.206441326638     
 iteration         7920 MCMCOBJ=    28170.161076487944     
 iteration         7930 MCMCOBJ=    28201.422010043425     
 iteration         7940 MCMCOBJ=    28261.113838505109     
 iteration         7950 MCMCOBJ=    28259.322102468403     
 iteration         7960 MCMCOBJ=    28235.256553950428     
 iteration         7970 MCMCOBJ=    28263.995079480494     
 iteration         7980 MCMCOBJ=    28191.117205194412     
 iteration         7990 MCMCOBJ=    28144.381182294481     
 iteration         8000 MCMCOBJ=    28150.544271470939     
 iteration         8010 MCMCOBJ=    28177.419817668091     
 iteration         8020 MCMCOBJ=    28128.013640232264     
 iteration         8030 MCMCOBJ=    28261.438246527538     
 iteration         8040 MCMCOBJ=    28215.642222466347     
 iteration         8050 MCMCOBJ=    28229.513560660675     
 iteration         8060 MCMCOBJ=    28149.449873108184     
 iteration         8070 MCMCOBJ=    28151.717584692979     
 iteration         8080 MCMCOBJ=    28214.684316979226     
 iteration         8090 MCMCOBJ=    28173.953029875000     
 iteration         8100 MCMCOBJ=    28236.806219610353     
 iteration         8110 MCMCOBJ=    28214.543653324217     
 iteration         8120 MCMCOBJ=    28256.024942813528     
 iteration         8130 MCMCOBJ=    28129.061425652166     
 iteration         8140 MCMCOBJ=    28213.134381242897     
 iteration         8150 MCMCOBJ=    28205.658080286168     
 iteration         8160 MCMCOBJ=    28219.088355372649     
 iteration         8170 MCMCOBJ=    28183.714503702755     
 iteration         8180 MCMCOBJ=    28148.339235997770     
 iteration         8190 MCMCOBJ=    28157.247721009382     
 iteration         8200 MCMCOBJ=    28184.808794735909     
 iteration         8210 MCMCOBJ=    28247.116919601507     
 iteration         8220 MCMCOBJ=    28094.320123632719     
 iteration         8230 MCMCOBJ=    28181.281040929898     
 iteration         8240 MCMCOBJ=    28183.101438305595     
 iteration         8250 MCMCOBJ=    28209.658060333524     
 iteration         8260 MCMCOBJ=    28202.242224046680     
 iteration         8270 MCMCOBJ=    28181.067151468229     
 iteration         8280 MCMCOBJ=    28165.050054570573     
 iteration         8290 MCMCOBJ=    28167.387323895971     
 iteration         8300 MCMCOBJ=    28210.249794470354     
 iteration         8310 MCMCOBJ=    28261.762621325415     
 iteration         8320 MCMCOBJ=    28249.568543214984     
 iteration         8330 MCMCOBJ=    28122.039698990953     
 iteration         8340 MCMCOBJ=    28171.731049870967     
 iteration         8350 MCMCOBJ=    28226.846805407480     
 iteration         8360 MCMCOBJ=    28194.206397545426     
 iteration         8370 MCMCOBJ=    28208.954896494604     
 iteration         8380 MCMCOBJ=    28232.892099451790     
 iteration         8390 MCMCOBJ=    28225.426792005739     
 iteration         8400 MCMCOBJ=    28168.007690533548     
 iteration         8410 MCMCOBJ=    28162.463591492491     
 iteration         8420 MCMCOBJ=    28130.589998414420     
 iteration         8430 MCMCOBJ=    28207.922624702936     
 iteration         8440 MCMCOBJ=    28218.581955282720     
 iteration         8450 MCMCOBJ=    28178.157728524257     
 iteration         8460 MCMCOBJ=    28329.479196713630     
 iteration         8470 MCMCOBJ=    28174.919063656140     
 iteration         8480 MCMCOBJ=    28264.583700394105     
 iteration         8490 MCMCOBJ=    28194.422935804643     
 iteration         8500 MCMCOBJ=    28193.553740129330     
 iteration         8510 MCMCOBJ=    28298.148064951951     
 iteration         8520 MCMCOBJ=    28219.036543874918     
 iteration         8530 MCMCOBJ=    28177.455500373489     
 iteration         8540 MCMCOBJ=    28169.442451486633     
 iteration         8550 MCMCOBJ=    28173.036010831496     
 iteration         8560 MCMCOBJ=    28232.707534641821     
 iteration         8570 MCMCOBJ=    28204.617911381716     
 iteration         8580 MCMCOBJ=    28159.830489939766     
 iteration         8590 MCMCOBJ=    28146.639618032881     
 iteration         8600 MCMCOBJ=    28156.977807658637     
 iteration         8610 MCMCOBJ=    28246.935199162432     
 iteration         8620 MCMCOBJ=    28132.581610279303     
 iteration         8630 MCMCOBJ=    28191.181574484166     
 iteration         8640 MCMCOBJ=    28215.127169791009     
 iteration         8650 MCMCOBJ=    28201.078977591362     
 iteration         8660 MCMCOBJ=    28242.429731931610     
 iteration         8670 MCMCOBJ=    28269.256251066301     
 iteration         8680 MCMCOBJ=    28135.537712923928     
 iteration         8690 MCMCOBJ=    28215.603542595734     
 iteration         8700 MCMCOBJ=    28206.860810798215     
 iteration         8710 MCMCOBJ=    28176.331027721775     
 iteration         8720 MCMCOBJ=    28190.295016567343     
 iteration         8730 MCMCOBJ=    28244.891320523093     
 iteration         8740 MCMCOBJ=    28148.172667532202     
 iteration         8750 MCMCOBJ=    28170.809406582877     
 iteration         8760 MCMCOBJ=    28132.440968716164     
 iteration         8770 MCMCOBJ=    28253.375903089003     
 iteration         8780 MCMCOBJ=    28299.828869102690     
 iteration         8790 MCMCOBJ=    28206.715197815196     
 iteration         8800 MCMCOBJ=    28240.000152070479     
 iteration         8810 MCMCOBJ=    28226.474535949965     
 iteration         8820 MCMCOBJ=    28229.256572003971     
 iteration         8830 MCMCOBJ=    28291.066988192473     
 iteration         8840 MCMCOBJ=    28249.701962374136     
 iteration         8850 MCMCOBJ=    28231.014446141806     
 iteration         8860 MCMCOBJ=    28310.184796495811     
 iteration         8870 MCMCOBJ=    28207.814550584470     
 iteration         8880 MCMCOBJ=    28202.952575126026     
 iteration         8890 MCMCOBJ=    28180.115759767290     
 iteration         8900 MCMCOBJ=    28164.081262828855     
 iteration         8910 MCMCOBJ=    28211.014071169971     
 iteration         8920 MCMCOBJ=    28181.873923048202     
 iteration         8930 MCMCOBJ=    28130.820298303934     
 iteration         8940 MCMCOBJ=    28158.958962685709     
 iteration         8950 MCMCOBJ=    28180.933524546126     
 iteration         8960 MCMCOBJ=    28191.562240807303     
 iteration         8970 MCMCOBJ=    28254.129331362859     
 iteration         8980 MCMCOBJ=    28187.836858984676     
 iteration         8990 MCMCOBJ=    28190.778864349417     
 iteration         9000 MCMCOBJ=    28217.996950289245     
 iteration         9010 MCMCOBJ=    28223.643114759052     
 iteration         9020 MCMCOBJ=    28232.468936640449     
 iteration         9030 MCMCOBJ=    28172.293834306623     
 iteration         9040 MCMCOBJ=    28155.619277304075     
 iteration         9050 MCMCOBJ=    28246.383174620976     
 iteration         9060 MCMCOBJ=    28299.532979561664     
 iteration         9070 MCMCOBJ=    28175.711018276808     
 iteration         9080 MCMCOBJ=    28171.929647751153     
 iteration         9090 MCMCOBJ=    28173.507735343879     
 iteration         9100 MCMCOBJ=    28151.668912822264     
 iteration         9110 MCMCOBJ=    28203.297597499353     
 iteration         9120 MCMCOBJ=    28190.940567078356     
 iteration         9130 MCMCOBJ=    28172.736694876028     
 iteration         9140 MCMCOBJ=    28172.538238491554     
 iteration         9150 MCMCOBJ=    28238.624680113146     
 iteration         9160 MCMCOBJ=    28209.407818578489     
 iteration         9170 MCMCOBJ=    28191.168992890365     
 iteration         9180 MCMCOBJ=    28172.051498883899     
 iteration         9190 MCMCOBJ=    28179.198158474414     
 iteration         9200 MCMCOBJ=    28194.000155173861     
 iteration         9210 MCMCOBJ=    28217.964619582650     
 iteration         9220 MCMCOBJ=    28203.650150147481     
 iteration         9230 MCMCOBJ=    28194.647339636271     
 iteration         9240 MCMCOBJ=    28213.119185741874     
 iteration         9250 MCMCOBJ=    28106.988795721805     
 iteration         9260 MCMCOBJ=    28143.877469388914     
 iteration         9270 MCMCOBJ=    28230.967723182239     
 iteration         9280 MCMCOBJ=    28159.963813073744     
 iteration         9290 MCMCOBJ=    28278.046099054882     
 iteration         9300 MCMCOBJ=    28156.461011473453     
 iteration         9310 MCMCOBJ=    28195.198766969479     
 iteration         9320 MCMCOBJ=    28253.404964357080     
 iteration         9330 MCMCOBJ=    28132.159494247328     
 iteration         9340 MCMCOBJ=    28207.295507941548     
 iteration         9350 MCMCOBJ=    28236.979443012711     
 iteration         9360 MCMCOBJ=    28219.002562926646     
 iteration         9370 MCMCOBJ=    28170.206875731852     
 iteration         9380 MCMCOBJ=    28256.253995555842     
 iteration         9390 MCMCOBJ=    28222.375144109807     
 iteration         9400 MCMCOBJ=    28214.032749328726     
 iteration         9410 MCMCOBJ=    28115.729634774783     
 iteration         9420 MCMCOBJ=    28175.406160607665     
 iteration         9430 MCMCOBJ=    28248.056275349823     
 iteration         9440 MCMCOBJ=    28132.652358660547     
 iteration         9450 MCMCOBJ=    28246.147899688021     
 iteration         9460 MCMCOBJ=    28161.703494951747     
 iteration         9470 MCMCOBJ=    28214.583204808259     
 iteration         9480 MCMCOBJ=    28149.118641013276     
 iteration         9490 MCMCOBJ=    28156.714918881698     
 iteration         9500 MCMCOBJ=    28145.554078279405     
 iteration         9510 MCMCOBJ=    28163.707367055016     
 iteration         9520 MCMCOBJ=    28236.450639862935     
 iteration         9530 MCMCOBJ=    28197.883632217548     
 iteration         9540 MCMCOBJ=    28247.040899175645     
 iteration         9550 MCMCOBJ=    28221.143132593985     
 iteration         9560 MCMCOBJ=    28264.058297028449     
 iteration         9570 MCMCOBJ=    28194.035223505591     
 iteration         9580 MCMCOBJ=    28117.716175834721     
 iteration         9590 MCMCOBJ=    28142.692981741016     
 iteration         9600 MCMCOBJ=    28259.639164023982     
 iteration         9610 MCMCOBJ=    28196.631517200007     
 iteration         9620 MCMCOBJ=    28168.694358695597     
 iteration         9630 MCMCOBJ=    28171.111036124352     
 iteration         9640 MCMCOBJ=    28169.205634018210     
 iteration         9650 MCMCOBJ=    28286.187375825688     
 iteration         9660 MCMCOBJ=    28225.954127319816     
 iteration         9670 MCMCOBJ=    28058.098877671982     
 iteration         9680 MCMCOBJ=    28143.555680140518     
 iteration         9690 MCMCOBJ=    28125.748707517960     
 iteration         9700 MCMCOBJ=    28269.653199721291     
 iteration         9710 MCMCOBJ=    28194.460413589062     
 iteration         9720 MCMCOBJ=    28264.410747195911     
 iteration         9730 MCMCOBJ=    28165.640435017885     
 iteration         9740 MCMCOBJ=    28155.219244403361     
 iteration         9750 MCMCOBJ=    28108.406686312657     
 iteration         9760 MCMCOBJ=    28228.285761473726     
 iteration         9770 MCMCOBJ=    28201.230230369594     
 iteration         9780 MCMCOBJ=    28174.011115573634     
 iteration         9790 MCMCOBJ=    28240.510973393277     
 iteration         9800 MCMCOBJ=    28268.537708527900     
 iteration         9810 MCMCOBJ=    28222.293319484779     
 iteration         9820 MCMCOBJ=    28220.149881210069     
 iteration         9830 MCMCOBJ=    28217.023809321043     
 iteration         9840 MCMCOBJ=    28147.310967545814     
 iteration         9850 MCMCOBJ=    28132.089730944357     
 iteration         9860 MCMCOBJ=    28129.520004733171     
 iteration         9870 MCMCOBJ=    28251.446048385282     
 iteration         9880 MCMCOBJ=    28140.032474141804     
 iteration         9890 MCMCOBJ=    28173.470736587235     
 iteration         9900 MCMCOBJ=    28219.596244812295     
 iteration         9910 MCMCOBJ=    28212.793374428373     
 iteration         9920 MCMCOBJ=    28133.014649510365     
 iteration         9930 MCMCOBJ=    28239.258500095348     
 iteration         9940 MCMCOBJ=    28240.303248384331     
 iteration         9950 MCMCOBJ=    28187.582186545806     
 iteration         9960 MCMCOBJ=    28174.193784436939     
 iteration         9970 MCMCOBJ=    28221.195031533691     
 iteration         9980 MCMCOBJ=    28266.326337523195     
 iteration         9990 MCMCOBJ=    28222.072786225894     
 iteration        10000 MCMCOBJ=    28300.975160622835     
 Elapsed estimation  time in seconds:   884.30
 BURN-IN WAS NOT TESTED FOR CONVERGENCE
 STATISTICAL PORTION WAS COMPLETED

 Elapsed covariance  time in seconds:     0.00
 Minimum value for a list item exceeded:      1
 Parallelization Warnings are in FPWARN
 Minimum value for a list item exceeded:      1
 Parallelization Warnings are in FPWARN
 Elapsed postprocess time in seconds:     3.91
 Elapsed finaloutput time in seconds:     0.25
Done with nonmem execution
