Starting NMTRAN
  
 WARNINGS AND ERRORS (IF ANY) FOR PROBLEM    1
             
 (WARNING  2) NM-TRAN INFERS THAT THE DATA ARE POPULATION.

 (MU_WARNING 26) DATA ITEM(S) USED IN DEFINITION OF MU_(S) SHOULD BE CONSTANT FOR INDIV. REC.:
  WT
             
 (WARNING  121) INTERACTION IS IMPLIED WITH EM/BAYES ESTIMATION METHODS

 LIM VALUES MAXLIM ASSESSED BY NMTRAN: 1,2,3,4,5,6,7,8,10,11,13,15,16        
Recompiling certain components
 Minimum value for a list item exceeded:      1

 USING PARALLEL PROFILE 1000_2.pnm
 MPI TRANSFER TYPE SELECTED
Building NONMEM Executable
 Minimum value for a list item exceeded:      1
 Parallelization Warnings are in FPWARN
Starting MPI version of nonmem execution ...
Manager Location ip-10-128-46-46//data/bbr-nonmem-poppk-bayes/model/pk/1000/1000_2
 Minimum value for a list item exceeded:      1
 Parallelization Warnings are in FPWARN
License Registered to: Metrum Research Group (with RADAR5NM)
Expiration Date:    14 JUL 2023
Current Date:        2 NOV 2022
Days until program expires : 257
 Minimum value for a list item exceeded:      1
 Parallelization Warnings are in FPWARN


 Chain Method Processing


 Minimum value for a list item exceeded:      1
 Parallelization Warnings are in FPWARN


 MCMC Bayesian Analysis
 MONITORING OF SEARCH:

 Burn-in Mode
 iteration        -1000 MCMCOBJ=    2806729.3237380749     
 iteration         -990 MCMCOBJ=    32345.715659256239     
 iteration         -980 MCMCOBJ=    30079.303666369218     
 iteration         -970 MCMCOBJ=    29713.433054201920     
 iteration         -960 MCMCOBJ=    29310.419576399378     
 iteration         -950 MCMCOBJ=    28884.439843751185     
 iteration         -940 MCMCOBJ=    28533.710125808120     
 iteration         -930 MCMCOBJ=    28347.906239423304     
 iteration         -920 MCMCOBJ=    28274.433080828625     
 iteration         -910 MCMCOBJ=    28094.809083823369     
 iteration         -900 MCMCOBJ=    28132.728839036048     
 iteration         -890 MCMCOBJ=    28186.950708210705     
 iteration         -880 MCMCOBJ=    28165.009602614664     
 iteration         -870 MCMCOBJ=    28269.243913708793     
 iteration         -860 MCMCOBJ=    28265.206580003374     
 iteration         -850 MCMCOBJ=    28171.639295449491     
 iteration         -840 MCMCOBJ=    28231.629066183148     
 iteration         -830 MCMCOBJ=    28239.036237312306     
 iteration         -820 MCMCOBJ=    28259.958892422677     
 iteration         -810 MCMCOBJ=    28205.400229269628     
 iteration         -800 MCMCOBJ=    28189.546735156782     
 iteration         -790 MCMCOBJ=    28119.359024415346     
 iteration         -780 MCMCOBJ=    28175.154309750669     
 iteration         -770 MCMCOBJ=    28152.263753034778     
 iteration         -760 MCMCOBJ=    28073.559046558832     
 iteration         -750 MCMCOBJ=    28127.978985185702     
 iteration         -740 MCMCOBJ=    28279.868906940061     
 iteration         -730 MCMCOBJ=    28189.035080367095     
 iteration         -720 MCMCOBJ=    28142.837642228700     
 iteration         -710 MCMCOBJ=    28163.616603295046     
 iteration         -700 MCMCOBJ=    28280.514725244328     
 iteration         -690 MCMCOBJ=    28206.672928075790     
 iteration         -680 MCMCOBJ=    28186.907876315414     
 iteration         -670 MCMCOBJ=    28187.932383306048     
 iteration         -660 MCMCOBJ=    28200.418454419898     
 iteration         -650 MCMCOBJ=    28162.130643634777     
 iteration         -640 MCMCOBJ=    28188.050418410818     
 iteration         -630 MCMCOBJ=    28201.355345922846     
 iteration         -620 MCMCOBJ=    28177.930845599854     
 iteration         -610 MCMCOBJ=    28175.076130545302     
 iteration         -600 MCMCOBJ=    28213.042474327784     
 iteration         -590 MCMCOBJ=    28175.722758758991     
 iteration         -580 MCMCOBJ=    28182.840243497591     
 iteration         -570 MCMCOBJ=    28175.238687660007     
 iteration         -560 MCMCOBJ=    28213.609418550550     
 iteration         -550 MCMCOBJ=    28230.366821615549     
 iteration         -540 MCMCOBJ=    28238.559137888664     
 iteration         -530 MCMCOBJ=    28151.138156545789     
 iteration         -520 MCMCOBJ=    28090.496441719508     
 iteration         -510 MCMCOBJ=    28178.675012274467     
 iteration         -500 MCMCOBJ=    28193.832072800771     
 iteration         -490 MCMCOBJ=    28260.943551183780     
 iteration         -480 MCMCOBJ=    28269.223135786477     
 iteration         -470 MCMCOBJ=    28201.255954116750     
 iteration         -460 MCMCOBJ=    28175.350644164697     
 iteration         -450 MCMCOBJ=    28193.060344102076     
 iteration         -440 MCMCOBJ=    28178.610934694407     
 iteration         -430 MCMCOBJ=    28155.879350286814     
 iteration         -420 MCMCOBJ=    28257.765601121919     
 iteration         -410 MCMCOBJ=    28212.800687810286     
 iteration         -400 MCMCOBJ=    28132.873913562376     
 iteration         -390 MCMCOBJ=    28150.952963717606     
 iteration         -380 MCMCOBJ=    28255.342241646387     
 iteration         -370 MCMCOBJ=    28289.060172219557     
 iteration         -360 MCMCOBJ=    28154.437469264831     
 iteration         -350 MCMCOBJ=    28152.374722136836     
 iteration         -340 MCMCOBJ=    28217.656857316870     
 iteration         -330 MCMCOBJ=    28241.291633833607     
 iteration         -320 MCMCOBJ=    28225.682438009826     
 iteration         -310 MCMCOBJ=    28165.371485003325     
 iteration         -300 MCMCOBJ=    28184.572074201940     
 iteration         -290 MCMCOBJ=    28221.088055353754     
 iteration         -280 MCMCOBJ=    28190.192800991710     
 iteration         -270 MCMCOBJ=    28265.732230260634     
 iteration         -260 MCMCOBJ=    28229.919236441438     
 iteration         -250 MCMCOBJ=    28195.116119310631     
 iteration         -240 MCMCOBJ=    28104.161638619138     
 iteration         -230 MCMCOBJ=    28184.456039535515     
 iteration         -220 MCMCOBJ=    28171.326156107010     
 iteration         -210 MCMCOBJ=    28315.436918944641     
 iteration         -200 MCMCOBJ=    28304.194298831717     
 iteration         -190 MCMCOBJ=    28170.955940945809     
 iteration         -180 MCMCOBJ=    28253.503999256947     
 iteration         -170 MCMCOBJ=    28147.802301183518     
 iteration         -160 MCMCOBJ=    28208.636995429133     
 iteration         -150 MCMCOBJ=    28183.031394539776     
 iteration         -140 MCMCOBJ=    28157.929848481475     
 iteration         -130 MCMCOBJ=    28162.805846370295     
 iteration         -120 MCMCOBJ=    28203.725592803086     
 iteration         -110 MCMCOBJ=    28273.947797758272     
 iteration         -100 MCMCOBJ=    28194.789899733722     
 iteration          -90 MCMCOBJ=    28305.889493088060     
 iteration          -80 MCMCOBJ=    28174.417964012067     
 iteration          -70 MCMCOBJ=    28236.708974485828     
 iteration          -60 MCMCOBJ=    28275.672608481054     
 iteration          -50 MCMCOBJ=    28263.349221552115     
 iteration          -40 MCMCOBJ=    28214.826339459942     
 iteration          -30 MCMCOBJ=    28193.478446730165     
 iteration          -20 MCMCOBJ=    28213.725018825426     
 iteration          -10 MCMCOBJ=    28250.504276337702     
 Sampling Mode
 iteration            0 MCMCOBJ=    28275.338435607133     
 iteration           10 MCMCOBJ=    28249.083225365826     
 iteration           20 MCMCOBJ=    28215.027717960911     
 iteration           30 MCMCOBJ=    28154.369402812870     
 iteration           40 MCMCOBJ=    28200.235868114840     
 iteration           50 MCMCOBJ=    28302.112280609763     
 iteration           60 MCMCOBJ=    28241.240388245642     
 iteration           70 MCMCOBJ=    28211.941669332151     
 iteration           80 MCMCOBJ=    28181.674809754641     
 iteration           90 MCMCOBJ=    28198.779833112512     
 iteration          100 MCMCOBJ=    28252.819355145355     
 iteration          110 MCMCOBJ=    28230.377439202242     
 iteration          120 MCMCOBJ=    28166.339332092779     
 iteration          130 MCMCOBJ=    28228.177500257883     
 iteration          140 MCMCOBJ=    28223.037577319628     
 iteration          150 MCMCOBJ=    28249.030979193758     
 iteration          160 MCMCOBJ=    28194.333648160376     
 iteration          170 MCMCOBJ=    28162.799119207844     
 iteration          180 MCMCOBJ=    28181.489736766871     
 iteration          190 MCMCOBJ=    28212.548083036865     
 iteration          200 MCMCOBJ=    28123.946626375291     
 iteration          210 MCMCOBJ=    28201.821744863155     
 iteration          220 MCMCOBJ=    28167.964896796893     
 iteration          230 MCMCOBJ=    28170.709283082910     
 iteration          240 MCMCOBJ=    28158.678263056663     
 iteration          250 MCMCOBJ=    28188.692152573567     
 iteration          260 MCMCOBJ=    28252.881019170316     
 iteration          270 MCMCOBJ=    28252.136642851503     
 iteration          280 MCMCOBJ=    28258.882022665617     
 iteration          290 MCMCOBJ=    28216.161290322962     
 iteration          300 MCMCOBJ=    28047.875754799752     
 iteration          310 MCMCOBJ=    28186.624119333293     
 iteration          320 MCMCOBJ=    28154.017875422614     
 iteration          330 MCMCOBJ=    28198.624061239221     
 iteration          340 MCMCOBJ=    28233.450029632702     
 iteration          350 MCMCOBJ=    28212.174963980822     
 iteration          360 MCMCOBJ=    28251.234626848644     
 iteration          370 MCMCOBJ=    28183.201898317555     
 iteration          380 MCMCOBJ=    28255.659321019710     
 iteration          390 MCMCOBJ=    28148.799482708946     
 iteration          400 MCMCOBJ=    28204.810258073085     
 iteration          410 MCMCOBJ=    28170.003041509022     
 iteration          420 MCMCOBJ=    28223.758799111281     
 iteration          430 MCMCOBJ=    28170.755110288173     
 iteration          440 MCMCOBJ=    28182.536523291834     
 iteration          450 MCMCOBJ=    28257.326864014092     
 iteration          460 MCMCOBJ=    28212.153244000539     
 iteration          470 MCMCOBJ=    28225.608247522436     
 iteration          480 MCMCOBJ=    28170.813032615544     
 iteration          490 MCMCOBJ=    28180.993403061661     
 iteration          500 MCMCOBJ=    28274.292147783279     
 iteration          510 MCMCOBJ=    28190.902293846917     
 iteration          520 MCMCOBJ=    28265.288001763496     
 iteration          530 MCMCOBJ=    28200.192820518241     
 iteration          540 MCMCOBJ=    28206.411795014908     
 iteration          550 MCMCOBJ=    28206.857171745436     
 iteration          560 MCMCOBJ=    28141.735299326945     
 iteration          570 MCMCOBJ=    28303.671142316824     
 iteration          580 MCMCOBJ=    28151.600398417162     
 iteration          590 MCMCOBJ=    28094.927397372714     
 iteration          600 MCMCOBJ=    28209.240851094153     
 iteration          610 MCMCOBJ=    28239.889187081324     
 iteration          620 MCMCOBJ=    28261.531836379385     
 iteration          630 MCMCOBJ=    28185.311888353677     
 iteration          640 MCMCOBJ=    28237.980521338111     
 iteration          650 MCMCOBJ=    28281.816471085313     
 iteration          660 MCMCOBJ=    28196.744302129184     
 iteration          670 MCMCOBJ=    28159.277395499856     
 iteration          680 MCMCOBJ=    28151.358101830356     
 iteration          690 MCMCOBJ=    28152.390145414061     
 iteration          700 MCMCOBJ=    28169.790867669068     
 iteration          710 MCMCOBJ=    28167.495594399072     
 iteration          720 MCMCOBJ=    28240.485708500164     
 iteration          730 MCMCOBJ=    28180.937673842429     
 iteration          740 MCMCOBJ=    28237.882283347131     
 iteration          750 MCMCOBJ=    28217.805601037355     
 iteration          760 MCMCOBJ=    28192.189895041342     
 iteration          770 MCMCOBJ=    28235.978128608534     
 iteration          780 MCMCOBJ=    28168.492554907414     
 iteration          790 MCMCOBJ=    28226.224126000070     
 iteration          800 MCMCOBJ=    28202.482926959074     
 iteration          810 MCMCOBJ=    28135.937626579478     
 iteration          820 MCMCOBJ=    28115.098746783518     
 iteration          830 MCMCOBJ=    28116.253418086588     
 iteration          840 MCMCOBJ=    28101.223715948086     
 iteration          850 MCMCOBJ=    28179.290321793902     
 iteration          860 MCMCOBJ=    28148.154724826847     
 iteration          870 MCMCOBJ=    28137.224604916806     
 iteration          880 MCMCOBJ=    28254.150904803846     
 iteration          890 MCMCOBJ=    28228.325737221050     
 iteration          900 MCMCOBJ=    28146.943724832225     
 iteration          910 MCMCOBJ=    28130.878946294881     
 iteration          920 MCMCOBJ=    28199.940570487815     
 iteration          930 MCMCOBJ=    28204.353241694549     
 iteration          940 MCMCOBJ=    28198.978351281203     
 iteration          950 MCMCOBJ=    28281.083350506182     
 iteration          960 MCMCOBJ=    28207.809553975523     
 iteration          970 MCMCOBJ=    28202.895706300642     
 iteration          980 MCMCOBJ=    28178.582186969586     
 iteration          990 MCMCOBJ=    28079.114849447469     
 iteration         1000 MCMCOBJ=    28239.798540336804     
 iteration         1010 MCMCOBJ=    28182.587615440803     
 iteration         1020 MCMCOBJ=    28261.561971135558     
 iteration         1030 MCMCOBJ=    28130.357370973008     
 iteration         1040 MCMCOBJ=    28157.359131799753     
 iteration         1050 MCMCOBJ=    28196.385755193351     
 iteration         1060 MCMCOBJ=    28228.854285292215     
 iteration         1070 MCMCOBJ=    28190.316210587975     
 iteration         1080 MCMCOBJ=    28217.384889881927     
 iteration         1090 MCMCOBJ=    28179.316106271421     
 iteration         1100 MCMCOBJ=    28099.379208040569     
 iteration         1110 MCMCOBJ=    28269.079437099317     
 iteration         1120 MCMCOBJ=    28319.484887177256     
 iteration         1130 MCMCOBJ=    28202.636662439691     
 iteration         1140 MCMCOBJ=    28189.914531141520     
 iteration         1150 MCMCOBJ=    28218.507426373220     
 iteration         1160 MCMCOBJ=    28158.379596541799     
 iteration         1170 MCMCOBJ=    28244.421401879194     
 iteration         1180 MCMCOBJ=    28260.934734630540     
 iteration         1190 MCMCOBJ=    28178.526403301814     
 iteration         1200 MCMCOBJ=    28189.724129135218     
 iteration         1210 MCMCOBJ=    28199.558546599132     
 iteration         1220 MCMCOBJ=    28147.521518496033     
 iteration         1230 MCMCOBJ=    28266.674313364245     
 iteration         1240 MCMCOBJ=    28215.852408699397     
 iteration         1250 MCMCOBJ=    28289.847296292875     
 iteration         1260 MCMCOBJ=    28141.898696090011     
 iteration         1270 MCMCOBJ=    28195.325749487118     
 iteration         1280 MCMCOBJ=    28191.541171435052     
 iteration         1290 MCMCOBJ=    28186.998191819737     
 iteration         1300 MCMCOBJ=    28286.333175753043     
 iteration         1310 MCMCOBJ=    28199.315441219245     
 iteration         1320 MCMCOBJ=    28242.191965290669     
 iteration         1330 MCMCOBJ=    28179.412486337336     
 iteration         1340 MCMCOBJ=    28170.503305218332     
 iteration         1350 MCMCOBJ=    28164.148736850038     
 iteration         1360 MCMCOBJ=    28232.102196258515     
 iteration         1370 MCMCOBJ=    28170.096369305818     
 iteration         1380 MCMCOBJ=    28134.340590265634     
 iteration         1390 MCMCOBJ=    28167.345029290536     
 iteration         1400 MCMCOBJ=    28179.500380153284     
 iteration         1410 MCMCOBJ=    28232.704076155824     
 iteration         1420 MCMCOBJ=    28274.129805128734     
 iteration         1430 MCMCOBJ=    28150.939975156376     
 iteration         1440 MCMCOBJ=    28175.421411862404     
 iteration         1450 MCMCOBJ=    28263.570655052776     
 iteration         1460 MCMCOBJ=    28205.777520696407     
 iteration         1470 MCMCOBJ=    28217.013085217626     
 iteration         1480 MCMCOBJ=    28105.065908793935     
 iteration         1490 MCMCOBJ=    28242.802547603504     
 iteration         1500 MCMCOBJ=    28323.221564428430     
 iteration         1510 MCMCOBJ=    28145.828925962935     
 iteration         1520 MCMCOBJ=    28062.288232412422     
 iteration         1530 MCMCOBJ=    28105.267976895429     
 iteration         1540 MCMCOBJ=    28161.747643222294     
 iteration         1550 MCMCOBJ=    28145.368419164533     
 iteration         1560 MCMCOBJ=    28269.253003318445     
 iteration         1570 MCMCOBJ=    28212.790748023577     
 iteration         1580 MCMCOBJ=    28132.042954061460     
 iteration         1590 MCMCOBJ=    28177.304632217372     
 iteration         1600 MCMCOBJ=    28314.608201146293     
 iteration         1610 MCMCOBJ=    28170.917346288439     
 iteration         1620 MCMCOBJ=    28186.417034069185     
 iteration         1630 MCMCOBJ=    28250.131642579516     
 iteration         1640 MCMCOBJ=    28174.529673949062     
 iteration         1650 MCMCOBJ=    28203.364545446275     
 iteration         1660 MCMCOBJ=    28237.137183886767     
 iteration         1670 MCMCOBJ=    28214.804084124615     
 iteration         1680 MCMCOBJ=    28191.439016177159     
 iteration         1690 MCMCOBJ=    28194.929576179420     
 iteration         1700 MCMCOBJ=    28160.272423737817     
 iteration         1710 MCMCOBJ=    28152.162882129760     
 iteration         1720 MCMCOBJ=    28166.169962655400     
 iteration         1730 MCMCOBJ=    28154.302377231317     
 iteration         1740 MCMCOBJ=    28155.050952804300     
 iteration         1750 MCMCOBJ=    28086.540545014428     
 iteration         1760 MCMCOBJ=    28115.289524029340     
 iteration         1770 MCMCOBJ=    28168.884034594241     
 iteration         1780 MCMCOBJ=    28192.489879678331     
 iteration         1790 MCMCOBJ=    28140.674772497838     
 iteration         1800 MCMCOBJ=    28337.096970177427     
 iteration         1810 MCMCOBJ=    28223.582699011280     
 iteration         1820 MCMCOBJ=    28226.836185588454     
 iteration         1830 MCMCOBJ=    28244.869664661965     
 iteration         1840 MCMCOBJ=    28194.918398705653     
 iteration         1850 MCMCOBJ=    28232.615803152585     
 iteration         1860 MCMCOBJ=    28232.323526400494     
 iteration         1870 MCMCOBJ=    28124.161006774022     
 iteration         1880 MCMCOBJ=    28219.048541882537     
 iteration         1890 MCMCOBJ=    28117.582474525720     
 iteration         1900 MCMCOBJ=    28119.926471694176     
 iteration         1910 MCMCOBJ=    28175.166970634935     
 iteration         1920 MCMCOBJ=    28161.555867762443     
 iteration         1930 MCMCOBJ=    28128.412652679963     
 iteration         1940 MCMCOBJ=    28233.836059417907     
 iteration         1950 MCMCOBJ=    28189.978976323455     
 iteration         1960 MCMCOBJ=    28278.475222057081     
 iteration         1970 MCMCOBJ=    28249.664377317073     
 iteration         1980 MCMCOBJ=    28260.996287177535     
 iteration         1990 MCMCOBJ=    28323.611569968656     
 iteration         2000 MCMCOBJ=    28135.373204473854     
 iteration         2010 MCMCOBJ=    28116.512120452990     
 iteration         2020 MCMCOBJ=    28160.698199570452     
 iteration         2030 MCMCOBJ=    28106.705676360201     
 iteration         2040 MCMCOBJ=    28158.765512006084     
 iteration         2050 MCMCOBJ=    28201.483313624565     
 iteration         2060 MCMCOBJ=    28209.335736812569     
 iteration         2070 MCMCOBJ=    28175.450203907589     
 iteration         2080 MCMCOBJ=    28181.261586597855     
 iteration         2090 MCMCOBJ=    28288.246935345906     
 iteration         2100 MCMCOBJ=    28258.558716090556     
 iteration         2110 MCMCOBJ=    28317.088145932990     
 iteration         2120 MCMCOBJ=    28164.995507513770     
 iteration         2130 MCMCOBJ=    28191.480350511054     
 iteration         2140 MCMCOBJ=    28202.617477985372     
 iteration         2150 MCMCOBJ=    28201.302039139395     
 iteration         2160 MCMCOBJ=    28164.924756854474     
 iteration         2170 MCMCOBJ=    28195.751247155993     
 iteration         2180 MCMCOBJ=    28184.658870340147     
 iteration         2190 MCMCOBJ=    28158.563627950269     
 iteration         2200 MCMCOBJ=    28216.366646042439     
 iteration         2210 MCMCOBJ=    28213.432846998603     
 iteration         2220 MCMCOBJ=    28212.385918501881     
 iteration         2230 MCMCOBJ=    28184.001589645057     
 iteration         2240 MCMCOBJ=    28199.227001104995     
 iteration         2250 MCMCOBJ=    28185.107705824510     
 iteration         2260 MCMCOBJ=    28080.928767813853     
 iteration         2270 MCMCOBJ=    28183.664193067933     
 iteration         2280 MCMCOBJ=    28265.307981551214     
 iteration         2290 MCMCOBJ=    28173.365607754782     
 iteration         2300 MCMCOBJ=    28228.466853970687     
 iteration         2310 MCMCOBJ=    28176.169987080415     
 iteration         2320 MCMCOBJ=    28207.227902858220     
 iteration         2330 MCMCOBJ=    28221.948382854334     
 iteration         2340 MCMCOBJ=    28255.883664136454     
 iteration         2350 MCMCOBJ=    28250.211144320238     
 iteration         2360 MCMCOBJ=    28222.639364034425     
 iteration         2370 MCMCOBJ=    28160.849363154750     
 iteration         2380 MCMCOBJ=    28177.959621417052     
 iteration         2390 MCMCOBJ=    28264.293030889330     
 iteration         2400 MCMCOBJ=    28167.705701284587     
 iteration         2410 MCMCOBJ=    28300.050129068713     
 iteration         2420 MCMCOBJ=    28145.532424648522     
 iteration         2430 MCMCOBJ=    28254.914487532264     
 iteration         2440 MCMCOBJ=    28284.914543146155     
 iteration         2450 MCMCOBJ=    28244.530955486112     
 iteration         2460 MCMCOBJ=    28241.527179707762     
 iteration         2470 MCMCOBJ=    28185.958888500289     
 iteration         2480 MCMCOBJ=    28217.326468313542     
 iteration         2490 MCMCOBJ=    28244.492890398640     
 iteration         2500 MCMCOBJ=    28224.416438680561     
 iteration         2510 MCMCOBJ=    28150.363672164156     
 iteration         2520 MCMCOBJ=    28185.190860812858     
 iteration         2530 MCMCOBJ=    28160.426597902584     
 iteration         2540 MCMCOBJ=    28236.841242304607     
 iteration         2550 MCMCOBJ=    28288.692763927851     
 iteration         2560 MCMCOBJ=    28232.320573965048     
 iteration         2570 MCMCOBJ=    28214.352785912910     
 iteration         2580 MCMCOBJ=    28150.480149942847     
 iteration         2590 MCMCOBJ=    28139.121001854939     
 iteration         2600 MCMCOBJ=    28092.454971714327     
 iteration         2610 MCMCOBJ=    28051.713797747983     
 iteration         2620 MCMCOBJ=    28247.864619632855     
 iteration         2630 MCMCOBJ=    28089.049452709663     
 iteration         2640 MCMCOBJ=    28125.054562718473     
 iteration         2650 MCMCOBJ=    28136.443552328514     
 iteration         2660 MCMCOBJ=    28161.973651172011     
 iteration         2670 MCMCOBJ=    28106.312818799175     
 iteration         2680 MCMCOBJ=    28218.692903723313     
 iteration         2690 MCMCOBJ=    28241.555171714619     
 iteration         2700 MCMCOBJ=    28120.429109365788     
 iteration         2710 MCMCOBJ=    28247.213211938648     
 iteration         2720 MCMCOBJ=    28166.503897596715     
 iteration         2730 MCMCOBJ=    28256.867940467411     
 iteration         2740 MCMCOBJ=    28178.741711535127     
 iteration         2750 MCMCOBJ=    28184.091106057378     
 iteration         2760 MCMCOBJ=    28275.054850692421     
 iteration         2770 MCMCOBJ=    28200.369856277706     
 iteration         2780 MCMCOBJ=    28238.189981811323     
 iteration         2790 MCMCOBJ=    28233.410341820341     
 iteration         2800 MCMCOBJ=    28175.874697253617     
 iteration         2810 MCMCOBJ=    28221.956825088400     
 iteration         2820 MCMCOBJ=    28166.516784851825     
 iteration         2830 MCMCOBJ=    28188.942103253023     
 iteration         2840 MCMCOBJ=    28295.285873493722     
 iteration         2850 MCMCOBJ=    28271.631331672768     
 iteration         2860 MCMCOBJ=    28271.832993110816     
 iteration         2870 MCMCOBJ=    28152.125707608277     
 iteration         2880 MCMCOBJ=    28184.192560990268     
 iteration         2890 MCMCOBJ=    28207.936911111105     
 iteration         2900 MCMCOBJ=    28191.328292623290     
 iteration         2910 MCMCOBJ=    28182.412028553706     
 iteration         2920 MCMCOBJ=    28250.686955675956     
 iteration         2930 MCMCOBJ=    28175.712129751788     
 iteration         2940 MCMCOBJ=    28213.721152639821     
 iteration         2950 MCMCOBJ=    28242.440341167221     
 iteration         2960 MCMCOBJ=    28246.868277557140     
 iteration         2970 MCMCOBJ=    28195.219943438398     
 iteration         2980 MCMCOBJ=    28173.127997960390     
 iteration         2990 MCMCOBJ=    28172.906454924061     
 iteration         3000 MCMCOBJ=    28173.824890215619     
 iteration         3010 MCMCOBJ=    28092.060359393494     
 iteration         3020 MCMCOBJ=    28122.580697627476     
 iteration         3030 MCMCOBJ=    28228.171871449686     
 iteration         3040 MCMCOBJ=    28059.361741551067     
 iteration         3050 MCMCOBJ=    28171.465589523956     
 iteration         3060 MCMCOBJ=    28195.321742939490     
 iteration         3070 MCMCOBJ=    28232.353222763450     
 iteration         3080 MCMCOBJ=    28148.940539488227     
 iteration         3090 MCMCOBJ=    28118.872094627717     
 iteration         3100 MCMCOBJ=    28189.150457067080     
 iteration         3110 MCMCOBJ=    28253.097914730861     
 iteration         3120 MCMCOBJ=    28139.244399613050     
 iteration         3130 MCMCOBJ=    28228.534690355566     
 iteration         3140 MCMCOBJ=    28304.941185438471     
 iteration         3150 MCMCOBJ=    28236.309954665950     
 iteration         3160 MCMCOBJ=    28102.846900091150     
 iteration         3170 MCMCOBJ=    28175.755186652139     
 iteration         3180 MCMCOBJ=    28163.135241087097     
 iteration         3190 MCMCOBJ=    28225.637012758358     
 iteration         3200 MCMCOBJ=    28188.198862873138     
 iteration         3210 MCMCOBJ=    28147.690166252272     
 iteration         3220 MCMCOBJ=    28184.647080984429     
 iteration         3230 MCMCOBJ=    28183.637728245405     
 iteration         3240 MCMCOBJ=    28085.529620638936     
 iteration         3250 MCMCOBJ=    28223.347256452711     
 iteration         3260 MCMCOBJ=    28144.136981641215     
 iteration         3270 MCMCOBJ=    28328.561967788351     
 iteration         3280 MCMCOBJ=    28224.029983825993     
 iteration         3290 MCMCOBJ=    28090.673770065809     
 iteration         3300 MCMCOBJ=    28128.891146241367     
 iteration         3310 MCMCOBJ=    28128.862189603016     
 iteration         3320 MCMCOBJ=    28236.562138769939     
 iteration         3330 MCMCOBJ=    28150.874528907989     
 iteration         3340 MCMCOBJ=    28209.840603669381     
 iteration         3350 MCMCOBJ=    28134.323740668649     
 iteration         3360 MCMCOBJ=    28297.852950357486     
 iteration         3370 MCMCOBJ=    28176.639277384787     
 iteration         3380 MCMCOBJ=    28143.380805566056     
 iteration         3390 MCMCOBJ=    28218.602527718383     
 iteration         3400 MCMCOBJ=    28170.197233345232     
 iteration         3410 MCMCOBJ=    28210.382987946115     
 iteration         3420 MCMCOBJ=    28181.413527071483     
 iteration         3430 MCMCOBJ=    28203.887033642750     
 iteration         3440 MCMCOBJ=    28211.425328693458     
 iteration         3450 MCMCOBJ=    28208.794147710818     
 iteration         3460 MCMCOBJ=    28234.558732818688     
 iteration         3470 MCMCOBJ=    28202.972713104344     
 iteration         3480 MCMCOBJ=    28245.935650316707     
 iteration         3490 MCMCOBJ=    28126.074461564473     
 iteration         3500 MCMCOBJ=    28185.459049188445     
 iteration         3510 MCMCOBJ=    28095.631691416587     
 iteration         3520 MCMCOBJ=    28220.092689634308     
 iteration         3530 MCMCOBJ=    28183.857386796306     
 iteration         3540 MCMCOBJ=    28213.852594734042     
 iteration         3550 MCMCOBJ=    28153.610715430445     
 iteration         3560 MCMCOBJ=    28197.584444430984     
 iteration         3570 MCMCOBJ=    28168.869137659745     
 iteration         3580 MCMCOBJ=    28278.761959431991     
 iteration         3590 MCMCOBJ=    28267.581045278919     
 iteration         3600 MCMCOBJ=    28224.520218972451     
 iteration         3610 MCMCOBJ=    28142.799997737795     
 iteration         3620 MCMCOBJ=    28134.273720420249     
 iteration         3630 MCMCOBJ=    28070.701265031861     
 iteration         3640 MCMCOBJ=    28159.436991366474     
 iteration         3650 MCMCOBJ=    28229.927206614062     
 iteration         3660 MCMCOBJ=    28132.603146072939     
 iteration         3670 MCMCOBJ=    28169.853295946028     
 iteration         3680 MCMCOBJ=    28243.729903009709     
 iteration         3690 MCMCOBJ=    28181.607720407639     
 iteration         3700 MCMCOBJ=    28190.757437944343     
 iteration         3710 MCMCOBJ=    28196.866525244423     
 iteration         3720 MCMCOBJ=    28176.044470438577     
 iteration         3730 MCMCOBJ=    28143.963195323500     
 iteration         3740 MCMCOBJ=    28273.446998033563     
 iteration         3750 MCMCOBJ=    28089.208088177704     
 iteration         3760 MCMCOBJ=    28186.050929037097     
 iteration         3770 MCMCOBJ=    28106.409937696844     
 iteration         3780 MCMCOBJ=    28199.935706944034     
 iteration         3790 MCMCOBJ=    28139.427422070188     
 iteration         3800 MCMCOBJ=    28094.226381396387     
 iteration         3810 MCMCOBJ=    28219.041441379617     
 iteration         3820 MCMCOBJ=    28309.766541780238     
 iteration         3830 MCMCOBJ=    28202.940912871429     
 iteration         3840 MCMCOBJ=    28148.618176420303     
 iteration         3850 MCMCOBJ=    28301.298869923412     
 iteration         3860 MCMCOBJ=    28252.041177994288     
 iteration         3870 MCMCOBJ=    28207.435155017858     
 iteration         3880 MCMCOBJ=    28193.610197425653     
 iteration         3890 MCMCOBJ=    28315.743497904168     
 iteration         3900 MCMCOBJ=    28184.969907529758     
 iteration         3910 MCMCOBJ=    28236.636074418489     
 iteration         3920 MCMCOBJ=    28167.335304489297     
 iteration         3930 MCMCOBJ=    28282.881046225888     
 iteration         3940 MCMCOBJ=    28152.479843989393     
 iteration         3950 MCMCOBJ=    28187.758931431777     
 iteration         3960 MCMCOBJ=    28196.154720194794     
 iteration         3970 MCMCOBJ=    28127.655665089023     
 iteration         3980 MCMCOBJ=    28192.438484967704     
 iteration         3990 MCMCOBJ=    28286.400444813371     
 iteration         4000 MCMCOBJ=    28239.671947865681     
 iteration         4010 MCMCOBJ=    28188.296173655017     
 iteration         4020 MCMCOBJ=    28151.449945291806     
 iteration         4030 MCMCOBJ=    28211.400978373091     
 iteration         4040 MCMCOBJ=    28212.083376136816     
 iteration         4050 MCMCOBJ=    28235.462581298809     
 iteration         4060 MCMCOBJ=    28182.644633433159     
 iteration         4070 MCMCOBJ=    28202.498621584349     
 iteration         4080 MCMCOBJ=    28211.370992156466     
 iteration         4090 MCMCOBJ=    28143.608880625336     
 iteration         4100 MCMCOBJ=    28184.072664449923     
 iteration         4110 MCMCOBJ=    28159.617461485570     
 iteration         4120 MCMCOBJ=    28177.990065114322     
 iteration         4130 MCMCOBJ=    28262.380036924573     
 iteration         4140 MCMCOBJ=    28184.051009705137     
 iteration         4150 MCMCOBJ=    28214.308416366988     
 iteration         4160 MCMCOBJ=    28191.354747260644     
 iteration         4170 MCMCOBJ=    28188.044981976713     
 iteration         4180 MCMCOBJ=    28184.260823079250     
 iteration         4190 MCMCOBJ=    28209.278745564967     
 iteration         4200 MCMCOBJ=    28241.336825658644     
 iteration         4210 MCMCOBJ=    28206.003884549173     
 iteration         4220 MCMCOBJ=    28221.805362268729     
 iteration         4230 MCMCOBJ=    28089.146264697869     
 iteration         4240 MCMCOBJ=    28142.323052438303     
 iteration         4250 MCMCOBJ=    28228.680488164813     
 iteration         4260 MCMCOBJ=    28245.062631467084     
 iteration         4270 MCMCOBJ=    28090.268985676281     
 iteration         4280 MCMCOBJ=    28199.462739346785     
 iteration         4290 MCMCOBJ=    28161.392064756194     
 iteration         4300 MCMCOBJ=    28163.740920450913     
 iteration         4310 MCMCOBJ=    28204.934424362556     
 iteration         4320 MCMCOBJ=    28225.467069231370     
 iteration         4330 MCMCOBJ=    28275.045977334645     
 iteration         4340 MCMCOBJ=    28153.265392155768     
 iteration         4350 MCMCOBJ=    28146.912759099188     
 iteration         4360 MCMCOBJ=    28105.530569177994     
 iteration         4370 MCMCOBJ=    28212.694328969468     
 iteration         4380 MCMCOBJ=    28201.474849602004     
 iteration         4390 MCMCOBJ=    28127.647988235152     
 iteration         4400 MCMCOBJ=    28283.342869355991     
 iteration         4410 MCMCOBJ=    28253.998209469490     
 iteration         4420 MCMCOBJ=    28291.524671455110     
 iteration         4430 MCMCOBJ=    28213.984853332517     
 iteration         4440 MCMCOBJ=    28207.053316456229     
 iteration         4450 MCMCOBJ=    28239.900645725862     
 iteration         4460 MCMCOBJ=    28307.626690939163     
 iteration         4470 MCMCOBJ=    28201.168218958745     
 iteration         4480 MCMCOBJ=    28144.372866156114     
 iteration         4490 MCMCOBJ=    28262.186130847454     
 iteration         4500 MCMCOBJ=    28179.930657479083     
 iteration         4510 MCMCOBJ=    28165.047062781003     
 iteration         4520 MCMCOBJ=    28223.803820236637     
 iteration         4530 MCMCOBJ=    28194.038846700376     
 iteration         4540 MCMCOBJ=    28176.962586938975     
 iteration         4550 MCMCOBJ=    28205.688130628194     
 iteration         4560 MCMCOBJ=    28135.314183701597     
 iteration         4570 MCMCOBJ=    28199.105509876510     
 iteration         4580 MCMCOBJ=    28215.896270713358     
 iteration         4590 MCMCOBJ=    28133.646108132270     
 iteration         4600 MCMCOBJ=    28176.728090829813     
 iteration         4610 MCMCOBJ=    28154.285866539019     
 iteration         4620 MCMCOBJ=    28153.706654933569     
 iteration         4630 MCMCOBJ=    28238.651879488276     
 iteration         4640 MCMCOBJ=    28189.810645977661     
 iteration         4650 MCMCOBJ=    28176.487614951981     
 iteration         4660 MCMCOBJ=    28188.470384121687     
 iteration         4670 MCMCOBJ=    28211.505446918018     
 iteration         4680 MCMCOBJ=    28180.411144760623     
 iteration         4690 MCMCOBJ=    28110.429426602826     
 iteration         4700 MCMCOBJ=    28147.721295755884     
 iteration         4710 MCMCOBJ=    28128.730370947753     
 iteration         4720 MCMCOBJ=    28123.097697092438     
 iteration         4730 MCMCOBJ=    28172.165168700489     
 iteration         4740 MCMCOBJ=    28131.755861811580     
 iteration         4750 MCMCOBJ=    28231.620250782529     
 iteration         4760 MCMCOBJ=    28161.622383729395     
 iteration         4770 MCMCOBJ=    28167.619914668376     
 iteration         4780 MCMCOBJ=    28170.614866775231     
 iteration         4790 MCMCOBJ=    28195.760361034507     
 iteration         4800 MCMCOBJ=    28232.809489445004     
 iteration         4810 MCMCOBJ=    28230.879862238198     
 iteration         4820 MCMCOBJ=    28207.685121838007     
 iteration         4830 MCMCOBJ=    28224.574680432026     
 iteration         4840 MCMCOBJ=    28218.119304253909     
 iteration         4850 MCMCOBJ=    28149.342381058486     
 iteration         4860 MCMCOBJ=    28146.812260295803     
 iteration         4870 MCMCOBJ=    28120.416352523280     
 iteration         4880 MCMCOBJ=    28223.163133838614     
 iteration         4890 MCMCOBJ=    28153.915267936634     
 iteration         4900 MCMCOBJ=    28269.048771336260     
 iteration         4910 MCMCOBJ=    28246.596802356475     
 iteration         4920 MCMCOBJ=    28127.784858492476     
 iteration         4930 MCMCOBJ=    28184.632190669712     
 iteration         4940 MCMCOBJ=    28194.459406970029     
 iteration         4950 MCMCOBJ=    28154.019639729118     
 iteration         4960 MCMCOBJ=    28171.229817255935     
 iteration         4970 MCMCOBJ=    28112.375639548554     
 iteration         4980 MCMCOBJ=    28192.989951476178     
 iteration         4990 MCMCOBJ=    28212.805853152880     
 iteration         5000 MCMCOBJ=    28167.159106780349     
 iteration         5010 MCMCOBJ=    28161.864119693011     
 iteration         5020 MCMCOBJ=    28151.454943041277     
 iteration         5030 MCMCOBJ=    28204.196457066577     
 iteration         5040 MCMCOBJ=    28099.144946822795     
 iteration         5050 MCMCOBJ=    28179.536259855955     
 iteration         5060 MCMCOBJ=    28252.772953785694     
 iteration         5070 MCMCOBJ=    28199.669162699567     
 iteration         5080 MCMCOBJ=    28262.938297432600     
 iteration         5090 MCMCOBJ=    28198.535115372815     
 iteration         5100 MCMCOBJ=    28138.543381890468     
 iteration         5110 MCMCOBJ=    28237.621166353827     
 iteration         5120 MCMCOBJ=    28114.747513799764     
 iteration         5130 MCMCOBJ=    28173.059391527746     
 iteration         5140 MCMCOBJ=    28274.953581218779     
 iteration         5150 MCMCOBJ=    28125.808518857313     
 iteration         5160 MCMCOBJ=    28254.498581285912     
 iteration         5170 MCMCOBJ=    28198.159073796538     
 iteration         5180 MCMCOBJ=    28152.376322381242     
 iteration         5190 MCMCOBJ=    28173.749879686377     
 iteration         5200 MCMCOBJ=    28223.859852551879     
 iteration         5210 MCMCOBJ=    28111.794522982513     
 iteration         5220 MCMCOBJ=    28213.896374716467     
 iteration         5230 MCMCOBJ=    28159.302160438470     
 iteration         5240 MCMCOBJ=    28265.744412099684     
 iteration         5250 MCMCOBJ=    28175.978627155233     
 iteration         5260 MCMCOBJ=    28185.773044621244     
 iteration         5270 MCMCOBJ=    28259.244186669424     
 iteration         5280 MCMCOBJ=    28117.328517851347     
 iteration         5290 MCMCOBJ=    28212.441146108835     
 iteration         5300 MCMCOBJ=    28231.844903534289     
 iteration         5310 MCMCOBJ=    28111.693393231191     
 iteration         5320 MCMCOBJ=    28222.864458853070     
 iteration         5330 MCMCOBJ=    28305.561753608141     
 iteration         5340 MCMCOBJ=    28164.992169823410     
 iteration         5350 MCMCOBJ=    28144.290427679276     
 iteration         5360 MCMCOBJ=    28233.659069587698     
 iteration         5370 MCMCOBJ=    28242.662806515626     
 iteration         5380 MCMCOBJ=    28133.302634297586     
 iteration         5390 MCMCOBJ=    28156.677971889905     
 iteration         5400 MCMCOBJ=    28196.182852911596     
 iteration         5410 MCMCOBJ=    28125.872434110919     
 iteration         5420 MCMCOBJ=    28205.945545113002     
 iteration         5430 MCMCOBJ=    28233.545972155054     
 iteration         5440 MCMCOBJ=    28183.390218150733     
 iteration         5450 MCMCOBJ=    28160.318843363748     
 iteration         5460 MCMCOBJ=    28222.752939171871     
 iteration         5470 MCMCOBJ=    28226.875683716698     
 iteration         5480 MCMCOBJ=    28195.549962439130     
 iteration         5490 MCMCOBJ=    28336.606803992687     
 iteration         5500 MCMCOBJ=    28202.607828825912     
 iteration         5510 MCMCOBJ=    28235.898076599497     
 iteration         5520 MCMCOBJ=    28159.754052543423     
 iteration         5530 MCMCOBJ=    28111.355180177481     
 iteration         5540 MCMCOBJ=    28298.692411459338     
 iteration         5550 MCMCOBJ=    28171.668952373078     
 iteration         5560 MCMCOBJ=    28192.875832996135     
 iteration         5570 MCMCOBJ=    28074.960775185740     
 iteration         5580 MCMCOBJ=    28175.988654838180     
 iteration         5590 MCMCOBJ=    28185.252305146329     
 iteration         5600 MCMCOBJ=    28226.828819696097     
 iteration         5610 MCMCOBJ=    28206.710722696422     
 iteration         5620 MCMCOBJ=    28156.585654303301     
 iteration         5630 MCMCOBJ=    28216.654711355666     
 iteration         5640 MCMCOBJ=    28149.365905354363     
 iteration         5650 MCMCOBJ=    28159.332172341583     
 iteration         5660 MCMCOBJ=    28248.439365453058     
 iteration         5670 MCMCOBJ=    28193.167124535568     
 iteration         5680 MCMCOBJ=    28174.662039239378     
 iteration         5690 MCMCOBJ=    28222.197566786788     
 iteration         5700 MCMCOBJ=    28159.059909033611     
 iteration         5710 MCMCOBJ=    28109.807579692726     
 iteration         5720 MCMCOBJ=    28234.847067641029     
 iteration         5730 MCMCOBJ=    28185.691584792632     
 iteration         5740 MCMCOBJ=    28217.007831211882     
 iteration         5750 MCMCOBJ=    28202.667576885462     
 iteration         5760 MCMCOBJ=    28222.977123023069     
 iteration         5770 MCMCOBJ=    28219.850606209711     
 iteration         5780 MCMCOBJ=    28152.261898051740     
 iteration         5790 MCMCOBJ=    28169.924295641020     
 iteration         5800 MCMCOBJ=    28217.986898692703     
 iteration         5810 MCMCOBJ=    28252.357454021545     
 iteration         5820 MCMCOBJ=    28243.412905708239     
 iteration         5830 MCMCOBJ=    28226.058901531545     
 iteration         5840 MCMCOBJ=    28268.898605771697     
 iteration         5850 MCMCOBJ=    28227.682799153456     
 iteration         5860 MCMCOBJ=    28266.651788184197     
 iteration         5870 MCMCOBJ=    28213.098232899632     
 iteration         5880 MCMCOBJ=    28205.332316726901     
 iteration         5890 MCMCOBJ=    28149.976785616112     
 iteration         5900 MCMCOBJ=    28181.424258516974     
 iteration         5910 MCMCOBJ=    28168.854069973459     
 iteration         5920 MCMCOBJ=    28209.427263223530     
 iteration         5930 MCMCOBJ=    28197.657198173663     
 iteration         5940 MCMCOBJ=    28226.506661436186     
 iteration         5950 MCMCOBJ=    28173.913011223518     
 iteration         5960 MCMCOBJ=    28116.882486600680     
 iteration         5970 MCMCOBJ=    28246.128858512562     
 iteration         5980 MCMCOBJ=    28215.559060683969     
 iteration         5990 MCMCOBJ=    28196.723156831882     
 iteration         6000 MCMCOBJ=    28143.183924107532     
 iteration         6010 MCMCOBJ=    28140.586446689307     
 iteration         6020 MCMCOBJ=    28130.852447603917     
 iteration         6030 MCMCOBJ=    28199.569830810247     
 iteration         6040 MCMCOBJ=    28187.600553466284     
 iteration         6050 MCMCOBJ=    28167.326942666987     
 iteration         6060 MCMCOBJ=    28186.341963337523     
 iteration         6070 MCMCOBJ=    28123.010886779633     
 iteration         6080 MCMCOBJ=    28170.101438627851     
 iteration         6090 MCMCOBJ=    28203.473550522474     
 iteration         6100 MCMCOBJ=    28186.191188253390     
 iteration         6110 MCMCOBJ=    28240.443354301719     
 iteration         6120 MCMCOBJ=    28246.570237591219     
 iteration         6130 MCMCOBJ=    28177.574759492672     
 iteration         6140 MCMCOBJ=    28175.892272475110     
 iteration         6150 MCMCOBJ=    28136.721698447320     
 iteration         6160 MCMCOBJ=    28173.776947098901     
 iteration         6170 MCMCOBJ=    28142.805629345668     
 iteration         6180 MCMCOBJ=    28225.010127295263     
 iteration         6190 MCMCOBJ=    28163.085564675916     
 iteration         6200 MCMCOBJ=    28268.222001995156     
 iteration         6210 MCMCOBJ=    28258.539408211876     
 iteration         6220 MCMCOBJ=    28133.966710137247     
 iteration         6230 MCMCOBJ=    28264.664172379467     
 iteration         6240 MCMCOBJ=    28197.303204724572     
 iteration         6250 MCMCOBJ=    28266.858843980310     
 iteration         6260 MCMCOBJ=    28130.071121046720     
 iteration         6270 MCMCOBJ=    28163.912952964056     
 iteration         6280 MCMCOBJ=    28199.357535054318     
 iteration         6290 MCMCOBJ=    28142.611551026777     
 iteration         6300 MCMCOBJ=    28239.400853847539     
 iteration         6310 MCMCOBJ=    28127.618197849100     
 iteration         6320 MCMCOBJ=    28217.305451196415     
 iteration         6330 MCMCOBJ=    28163.452223996501     
 iteration         6340 MCMCOBJ=    28138.763836923456     
 iteration         6350 MCMCOBJ=    28220.196101098798     
 iteration         6360 MCMCOBJ=    28210.071824922139     
 iteration         6370 MCMCOBJ=    28301.833957505529     
 iteration         6380 MCMCOBJ=    28215.637026104705     
 iteration         6390 MCMCOBJ=    28330.604386699517     
 iteration         6400 MCMCOBJ=    28199.930764396500     
 iteration         6410 MCMCOBJ=    28278.497270505290     
 iteration         6420 MCMCOBJ=    28277.288186887698     
 iteration         6430 MCMCOBJ=    28248.474224879425     
 iteration         6440 MCMCOBJ=    28191.807526930370     
 iteration         6450 MCMCOBJ=    28252.346442182883     
 iteration         6460 MCMCOBJ=    28247.390255239108     
 iteration         6470 MCMCOBJ=    28184.433897453415     
 iteration         6480 MCMCOBJ=    28181.403197838194     
 iteration         6490 MCMCOBJ=    28299.208388152641     
 iteration         6500 MCMCOBJ=    28192.794140591745     
 iteration         6510 MCMCOBJ=    28213.697543938069     
 iteration         6520 MCMCOBJ=    28178.450931022380     
 iteration         6530 MCMCOBJ=    28203.813745586722     
 iteration         6540 MCMCOBJ=    28187.250098461078     
 iteration         6550 MCMCOBJ=    28151.065946701423     
 iteration         6560 MCMCOBJ=    28153.979895292025     
 iteration         6570 MCMCOBJ=    28194.141131494835     
 iteration         6580 MCMCOBJ=    28184.216827838292     
 iteration         6590 MCMCOBJ=    28140.611128393630     
 iteration         6600 MCMCOBJ=    28172.237739322904     
 iteration         6610 MCMCOBJ=    28278.465242521168     
 iteration         6620 MCMCOBJ=    28142.019297570481     
 iteration         6630 MCMCOBJ=    28117.686090378575     
 iteration         6640 MCMCOBJ=    28173.021318444236     
 iteration         6650 MCMCOBJ=    28201.370364880229     
 iteration         6660 MCMCOBJ=    28254.993308248024     
 iteration         6670 MCMCOBJ=    28215.441937684976     
 iteration         6680 MCMCOBJ=    28145.213963039147     
 iteration         6690 MCMCOBJ=    28238.541358521339     
 iteration         6700 MCMCOBJ=    28184.867675708632     
 iteration         6710 MCMCOBJ=    28185.513954469207     
 iteration         6720 MCMCOBJ=    28180.420774899278     
 iteration         6730 MCMCOBJ=    28265.112268849134     
 iteration         6740 MCMCOBJ=    28204.376630467130     
 iteration         6750 MCMCOBJ=    28144.364096723835     
 iteration         6760 MCMCOBJ=    28134.841690362086     
 iteration         6770 MCMCOBJ=    28197.053144453021     
 iteration         6780 MCMCOBJ=    28176.977359651406     
 iteration         6790 MCMCOBJ=    28237.709185430940     
 iteration         6800 MCMCOBJ=    28179.489161217647     
 iteration         6810 MCMCOBJ=    28138.609193809214     
 iteration         6820 MCMCOBJ=    28247.177121794080     
 iteration         6830 MCMCOBJ=    28219.907460145092     
 iteration         6840 MCMCOBJ=    28200.733656886678     
 iteration         6850 MCMCOBJ=    28123.542393639811     
 iteration         6860 MCMCOBJ=    28207.480330528553     
 iteration         6870 MCMCOBJ=    28192.332810445161     
 iteration         6880 MCMCOBJ=    28238.615615722785     
 iteration         6890 MCMCOBJ=    28246.732027127618     
 iteration         6900 MCMCOBJ=    28263.080409368868     
 iteration         6910 MCMCOBJ=    28204.318219639976     
 iteration         6920 MCMCOBJ=    28162.386657008519     
 iteration         6930 MCMCOBJ=    28193.047996670386     
 iteration         6940 MCMCOBJ=    28189.378742015891     
 iteration         6950 MCMCOBJ=    28187.807525305914     
 iteration         6960 MCMCOBJ=    28228.842570452805     
 iteration         6970 MCMCOBJ=    28193.960087117586     
 iteration         6980 MCMCOBJ=    28211.192142170850     
 iteration         6990 MCMCOBJ=    28160.583900076726     
 iteration         7000 MCMCOBJ=    28190.198658452613     
 iteration         7010 MCMCOBJ=    28239.061720645528     
 iteration         7020 MCMCOBJ=    28168.123847420309     
 iteration         7030 MCMCOBJ=    28234.672131167597     
 iteration         7040 MCMCOBJ=    28125.123443104396     
 iteration         7050 MCMCOBJ=    28219.244065244395     
 iteration         7060 MCMCOBJ=    28246.087232193669     
 iteration         7070 MCMCOBJ=    28238.939034300081     
 iteration         7080 MCMCOBJ=    28205.581447115022     
 iteration         7090 MCMCOBJ=    28275.554597564740     
 iteration         7100 MCMCOBJ=    28209.193458306308     
 iteration         7110 MCMCOBJ=    28177.289822958439     
 iteration         7120 MCMCOBJ=    28168.353818064457     
 iteration         7130 MCMCOBJ=    28091.492935310125     
 iteration         7140 MCMCOBJ=    28180.184131238380     
 iteration         7150 MCMCOBJ=    28190.787312175369     
 iteration         7160 MCMCOBJ=    28105.693504329316     
 iteration         7170 MCMCOBJ=    28171.426851111421     
 iteration         7180 MCMCOBJ=    28214.394095859388     
 iteration         7190 MCMCOBJ=    28271.199839348654     
 iteration         7200 MCMCOBJ=    28141.959285593744     
 iteration         7210 MCMCOBJ=    28210.487149883003     
 iteration         7220 MCMCOBJ=    28190.340541010839     
 iteration         7230 MCMCOBJ=    28221.974667862822     
 iteration         7240 MCMCOBJ=    28145.236225084125     
 iteration         7250 MCMCOBJ=    28225.417500434283     
 iteration         7260 MCMCOBJ=    28287.320381989564     
 iteration         7270 MCMCOBJ=    28234.776845754539     
 iteration         7280 MCMCOBJ=    28198.210592613461     
 iteration         7290 MCMCOBJ=    28227.362159819848     
 iteration         7300 MCMCOBJ=    28246.418332549805     
 iteration         7310 MCMCOBJ=    28147.748690755761     
 iteration         7320 MCMCOBJ=    28294.416901621440     
 iteration         7330 MCMCOBJ=    28279.868632980877     
 iteration         7340 MCMCOBJ=    28194.832803075114     
 iteration         7350 MCMCOBJ=    28250.176786250093     
 iteration         7360 MCMCOBJ=    28200.989624356625     
 iteration         7370 MCMCOBJ=    28182.211200372862     
 iteration         7380 MCMCOBJ=    28172.430977963752     
 iteration         7390 MCMCOBJ=    28119.269826733853     
 iteration         7400 MCMCOBJ=    28199.237647822818     
 iteration         7410 MCMCOBJ=    28213.210832188128     
 iteration         7420 MCMCOBJ=    28182.398111783321     
 iteration         7430 MCMCOBJ=    28191.056290554152     
 iteration         7440 MCMCOBJ=    28186.199115270119     
 iteration         7450 MCMCOBJ=    28162.320896118108     
 iteration         7460 MCMCOBJ=    28188.142472563512     
 iteration         7470 MCMCOBJ=    28151.656428216578     
 iteration         7480 MCMCOBJ=    28174.348717183631     
 iteration         7490 MCMCOBJ=    28245.571944329360     
 iteration         7500 MCMCOBJ=    28233.390493238508     
 iteration         7510 MCMCOBJ=    28198.413303464295     
 iteration         7520 MCMCOBJ=    28210.467308128416     
 iteration         7530 MCMCOBJ=    28175.005910618129     
 iteration         7540 MCMCOBJ=    28218.985742924833     
 iteration         7550 MCMCOBJ=    28280.355155549049     
 iteration         7560 MCMCOBJ=    28217.464185616718     
 iteration         7570 MCMCOBJ=    28179.168840724476     
 iteration         7580 MCMCOBJ=    28205.416140113906     
 iteration         7590 MCMCOBJ=    28169.523685563647     
 iteration         7600 MCMCOBJ=    28096.618833154622     
 iteration         7610 MCMCOBJ=    28236.770937942678     
 iteration         7620 MCMCOBJ=    28212.962156837388     
 iteration         7630 MCMCOBJ=    28165.447074500764     
 iteration         7640 MCMCOBJ=    28088.499305567930     
 iteration         7650 MCMCOBJ=    28161.859695174669     
 iteration         7660 MCMCOBJ=    28079.544551251649     
 iteration         7670 MCMCOBJ=    28126.643031479842     
 iteration         7680 MCMCOBJ=    28210.102507710053     
 iteration         7690 MCMCOBJ=    28226.857801680100     
 iteration         7700 MCMCOBJ=    28288.296076521499     
 iteration         7710 MCMCOBJ=    28138.885467316461     
 iteration         7720 MCMCOBJ=    28141.232287857812     
 iteration         7730 MCMCOBJ=    28231.299874972501     
 iteration         7740 MCMCOBJ=    28288.004120956502     
 iteration         7750 MCMCOBJ=    28133.420010779653     
 iteration         7760 MCMCOBJ=    28237.690043388022     
 iteration         7770 MCMCOBJ=    28196.762401948530     
 iteration         7780 MCMCOBJ=    28187.323537757962     
 iteration         7790 MCMCOBJ=    28138.502954965588     
 iteration         7800 MCMCOBJ=    28181.397902750261     
 iteration         7810 MCMCOBJ=    28154.694572473247     
 iteration         7820 MCMCOBJ=    28198.548376067418     
 iteration         7830 MCMCOBJ=    28140.914209022772     
 iteration         7840 MCMCOBJ=    28040.392355273201     
 iteration         7850 MCMCOBJ=    28181.721798988921     
 iteration         7860 MCMCOBJ=    28128.126792200492     
 iteration         7870 MCMCOBJ=    28171.272103816682     
 iteration         7880 MCMCOBJ=    28196.384705504912     
 iteration         7890 MCMCOBJ=    28140.416210012332     
 iteration         7900 MCMCOBJ=    28247.203598464705     
 iteration         7910 MCMCOBJ=    28257.089282413988     
 iteration         7920 MCMCOBJ=    28245.623844958005     
 iteration         7930 MCMCOBJ=    28202.101509898905     
 iteration         7940 MCMCOBJ=    28235.768563358590     
 iteration         7950 MCMCOBJ=    28225.005111240629     
 iteration         7960 MCMCOBJ=    28203.894377922545     
 iteration         7970 MCMCOBJ=    28199.470819994083     
 iteration         7980 MCMCOBJ=    28179.280420237526     
 iteration         7990 MCMCOBJ=    28160.107250719491     
 iteration         8000 MCMCOBJ=    28163.166635053309     
 iteration         8010 MCMCOBJ=    28168.433206003177     
 iteration         8020 MCMCOBJ=    28101.524897866508     
 iteration         8030 MCMCOBJ=    28135.731485289289     
 iteration         8040 MCMCOBJ=    28260.273370887015     
 iteration         8050 MCMCOBJ=    28209.900276600965     
 iteration         8060 MCMCOBJ=    28252.245071926180     
 iteration         8070 MCMCOBJ=    28252.734760148047     
 iteration         8080 MCMCOBJ=    28201.146333104662     
 iteration         8090 MCMCOBJ=    28151.252355154142     
 iteration         8100 MCMCOBJ=    28272.664010393859     
 iteration         8110 MCMCOBJ=    28178.651194006874     
 iteration         8120 MCMCOBJ=    28299.946321315816     
 iteration         8130 MCMCOBJ=    28168.073366556797     
 iteration         8140 MCMCOBJ=    28223.785993483933     
 iteration         8150 MCMCOBJ=    28210.996587524183     
 iteration         8160 MCMCOBJ=    28216.343647462276     
 iteration         8170 MCMCOBJ=    28147.267349236208     
 iteration         8180 MCMCOBJ=    28201.765371029229     
 iteration         8190 MCMCOBJ=    28169.487227560916     
 iteration         8200 MCMCOBJ=    28178.125866836694     
 iteration         8210 MCMCOBJ=    28222.607231053356     
 iteration         8220 MCMCOBJ=    28095.704137302091     
 iteration         8230 MCMCOBJ=    28163.552711552176     
 iteration         8240 MCMCOBJ=    28166.045394042922     
 iteration         8250 MCMCOBJ=    28236.605659668614     
 iteration         8260 MCMCOBJ=    28161.974734320782     
 iteration         8270 MCMCOBJ=    28196.784760112176     
 iteration         8280 MCMCOBJ=    28166.517995392202     
 iteration         8290 MCMCOBJ=    28162.124308432783     
 iteration         8300 MCMCOBJ=    28234.270778471044     
 iteration         8310 MCMCOBJ=    28202.717009600728     
 iteration         8320 MCMCOBJ=    28181.586025537617     
 iteration         8330 MCMCOBJ=    28226.901066578288     
 iteration         8340 MCMCOBJ=    28192.814468608962     
 iteration         8350 MCMCOBJ=    28191.182273155464     
 iteration         8360 MCMCOBJ=    28276.767011286713     
 iteration         8370 MCMCOBJ=    28184.119912118014     
 iteration         8380 MCMCOBJ=    28207.567278960836     
 iteration         8390 MCMCOBJ=    28216.385314657127     
 iteration         8400 MCMCOBJ=    28181.929163250337     
 iteration         8410 MCMCOBJ=    28211.403537717219     
 iteration         8420 MCMCOBJ=    28223.369087081915     
 iteration         8430 MCMCOBJ=    28199.525801620519     
 iteration         8440 MCMCOBJ=    28209.529799911983     
 iteration         8450 MCMCOBJ=    28176.523960910403     
 iteration         8460 MCMCOBJ=    28316.050814253373     
 iteration         8470 MCMCOBJ=    28178.406548615527     
 iteration         8480 MCMCOBJ=    28229.250613533259     
 iteration         8490 MCMCOBJ=    28147.671804456684     
 iteration         8500 MCMCOBJ=    28181.065430225237     
 iteration         8510 MCMCOBJ=    28295.017409859440     
 iteration         8520 MCMCOBJ=    28146.813699296330     
 iteration         8530 MCMCOBJ=    28157.315926515963     
 iteration         8540 MCMCOBJ=    28143.067678103267     
 iteration         8550 MCMCOBJ=    28156.694633152081     
 iteration         8560 MCMCOBJ=    28242.643488376892     
 iteration         8570 MCMCOBJ=    28226.677721048822     
 iteration         8580 MCMCOBJ=    28191.276243112792     
 iteration         8590 MCMCOBJ=    28139.632551419581     
 iteration         8600 MCMCOBJ=    28125.427309043578     
 iteration         8610 MCMCOBJ=    28272.458641376921     
 iteration         8620 MCMCOBJ=    28166.796975814919     
 iteration         8630 MCMCOBJ=    28198.599040539473     
 iteration         8640 MCMCOBJ=    28265.769391882477     
 iteration         8650 MCMCOBJ=    28230.783129394204     
 iteration         8660 MCMCOBJ=    28227.215486750487     
 iteration         8670 MCMCOBJ=    28217.309437964454     
 iteration         8680 MCMCOBJ=    28166.698745455069     
 iteration         8690 MCMCOBJ=    28232.653508319185     
 iteration         8700 MCMCOBJ=    28221.458916840857     
 iteration         8710 MCMCOBJ=    28191.585174355267     
 iteration         8720 MCMCOBJ=    28185.789014062004     
 iteration         8730 MCMCOBJ=    28250.398077619204     
 iteration         8740 MCMCOBJ=    28191.620098041541     
 iteration         8750 MCMCOBJ=    28219.208482657010     
 iteration         8760 MCMCOBJ=    28162.727190988538     
 iteration         8770 MCMCOBJ=    28323.742775805786     
 iteration         8780 MCMCOBJ=    28205.916226859616     
 iteration         8790 MCMCOBJ=    28212.492402369797     
 iteration         8800 MCMCOBJ=    28307.627353252159     
 iteration         8810 MCMCOBJ=    28189.639957032992     
 iteration         8820 MCMCOBJ=    28308.909087749387     
 iteration         8830 MCMCOBJ=    28261.147147440697     
 iteration         8840 MCMCOBJ=    28278.437432829145     
 iteration         8850 MCMCOBJ=    28211.348800208940     
 iteration         8860 MCMCOBJ=    28288.963634293184     
 iteration         8870 MCMCOBJ=    28171.696734343321     
 iteration         8880 MCMCOBJ=    28278.403951219436     
 iteration         8890 MCMCOBJ=    28114.222271781749     
 iteration         8900 MCMCOBJ=    28218.570547490308     
 iteration         8910 MCMCOBJ=    28216.657028662656     
 iteration         8920 MCMCOBJ=    28246.863607731026     
 iteration         8930 MCMCOBJ=    28194.008206320646     
 iteration         8940 MCMCOBJ=    28171.611318273212     
 iteration         8950 MCMCOBJ=    28167.347405753142     
 iteration         8960 MCMCOBJ=    28175.752655771714     
 iteration         8970 MCMCOBJ=    28229.320534782408     
 iteration         8980 MCMCOBJ=    28199.913012318848     
 iteration         8990 MCMCOBJ=    28127.907083408933     
 iteration         9000 MCMCOBJ=    28278.314172094597     
 iteration         9010 MCMCOBJ=    28228.195341796461     
 iteration         9020 MCMCOBJ=    28201.524793036482     
 iteration         9030 MCMCOBJ=    28139.506895132330     
 iteration         9040 MCMCOBJ=    28176.867920289948     
 iteration         9050 MCMCOBJ=    28225.398598905285     
 iteration         9060 MCMCOBJ=    28286.754562546663     
 iteration         9070 MCMCOBJ=    28140.924476081735     
 iteration         9080 MCMCOBJ=    28219.671167572778     
 iteration         9090 MCMCOBJ=    28166.810349021620     
 iteration         9100 MCMCOBJ=    28158.009813522014     
 iteration         9110 MCMCOBJ=    28225.706765722593     
 iteration         9120 MCMCOBJ=    28227.889890946200     
 iteration         9130 MCMCOBJ=    28177.685941752556     
 iteration         9140 MCMCOBJ=    28164.260297728219     
 iteration         9150 MCMCOBJ=    28197.094400685175     
 iteration         9160 MCMCOBJ=    28186.212243084014     
 iteration         9170 MCMCOBJ=    28141.387193085873     
 iteration         9180 MCMCOBJ=    28207.590113730010     
 iteration         9190 MCMCOBJ=    28230.873073550036     
 iteration         9200 MCMCOBJ=    28259.145106296091     
 iteration         9210 MCMCOBJ=    28178.622963749389     
 iteration         9220 MCMCOBJ=    28250.871551348027     
 iteration         9230 MCMCOBJ=    28186.071179716218     
 iteration         9240 MCMCOBJ=    28197.651946246358     
 iteration         9250 MCMCOBJ=    28147.763086731982     
 iteration         9260 MCMCOBJ=    28191.144597054728     
 iteration         9270 MCMCOBJ=    28205.948471018775     
 iteration         9280 MCMCOBJ=    28256.721399677375     
 iteration         9290 MCMCOBJ=    28203.862770698437     
 iteration         9300 MCMCOBJ=    28123.196888009450     
 iteration         9310 MCMCOBJ=    28176.406278141760     
 iteration         9320 MCMCOBJ=    28237.424817674859     
 iteration         9330 MCMCOBJ=    28128.035466499769     
 iteration         9340 MCMCOBJ=    28169.849659081905     
 iteration         9350 MCMCOBJ=    28257.527097828086     
 iteration         9360 MCMCOBJ=    28221.692448835965     
 iteration         9370 MCMCOBJ=    28169.454482145578     
 iteration         9380 MCMCOBJ=    28207.679925429962     
 iteration         9390 MCMCOBJ=    28202.178335596240     
 iteration         9400 MCMCOBJ=    28215.051162382573     
 iteration         9410 MCMCOBJ=    28146.271677245881     
 iteration         9420 MCMCOBJ=    28166.218845679345     
 iteration         9430 MCMCOBJ=    28270.358944878448     
 iteration         9440 MCMCOBJ=    28241.502279343254     
 iteration         9450 MCMCOBJ=    28261.825963454034     
 iteration         9460 MCMCOBJ=    28159.582661468059     
 iteration         9470 MCMCOBJ=    28248.597618904732     
 iteration         9480 MCMCOBJ=    28099.677362721326     
 iteration         9490 MCMCOBJ=    28241.244065847066     
 iteration         9500 MCMCOBJ=    28148.740288020537     
 iteration         9510 MCMCOBJ=    28191.793606234543     
 iteration         9520 MCMCOBJ=    28281.754943582851     
 iteration         9530 MCMCOBJ=    28221.766632385381     
 iteration         9540 MCMCOBJ=    28223.503538273857     
 iteration         9550 MCMCOBJ=    28223.557977047269     
 iteration         9560 MCMCOBJ=    28259.604093549780     
 iteration         9570 MCMCOBJ=    28207.951004537594     
 iteration         9580 MCMCOBJ=    28136.170878523353     
 iteration         9590 MCMCOBJ=    28129.453722572889     
 iteration         9600 MCMCOBJ=    28290.051647343113     
 iteration         9610 MCMCOBJ=    28125.651660771840     
 iteration         9620 MCMCOBJ=    28201.153405914098     
 iteration         9630 MCMCOBJ=    28196.420984989199     
 iteration         9640 MCMCOBJ=    28173.726991094180     
 iteration         9650 MCMCOBJ=    28266.954192961053     
 iteration         9660 MCMCOBJ=    28212.661352110026     
 iteration         9670 MCMCOBJ=    28167.520751291344     
 iteration         9680 MCMCOBJ=    28148.460854649820     
 iteration         9690 MCMCOBJ=    28163.394398562665     
 iteration         9700 MCMCOBJ=    28228.431474568766     
 iteration         9710 MCMCOBJ=    28149.487482101023     
 iteration         9720 MCMCOBJ=    28309.651449205296     
 iteration         9730 MCMCOBJ=    28173.890543167901     
 iteration         9740 MCMCOBJ=    28174.676059990790     
 iteration         9750 MCMCOBJ=    28124.723249044084     
 iteration         9760 MCMCOBJ=    28229.793957416892     
 iteration         9770 MCMCOBJ=    28192.962481709808     
 iteration         9780 MCMCOBJ=    28229.885315179086     
 iteration         9790 MCMCOBJ=    28248.323714221515     
 iteration         9800 MCMCOBJ=    28256.190097707582     
 iteration         9810 MCMCOBJ=    28168.054857440715     
 iteration         9820 MCMCOBJ=    28228.567386091734     
 iteration         9830 MCMCOBJ=    28238.601627113865     
 iteration         9840 MCMCOBJ=    28111.980786586246     
 iteration         9850 MCMCOBJ=    28161.972640648171     
 iteration         9860 MCMCOBJ=    28232.379359746228     
 iteration         9870 MCMCOBJ=    28262.160342318148     
 iteration         9880 MCMCOBJ=    28191.102188014687     
 iteration         9890 MCMCOBJ=    28252.302875150497     
 iteration         9900 MCMCOBJ=    28179.484397527445     
 iteration         9910 MCMCOBJ=    28178.052300607527     
 iteration         9920 MCMCOBJ=    28114.463348702644     
 iteration         9930 MCMCOBJ=    28218.895778049038     
 iteration         9940 MCMCOBJ=    28226.821439572308     
 iteration         9950 MCMCOBJ=    28265.817304049724     
 iteration         9960 MCMCOBJ=    28194.821017156337     
 iteration         9970 MCMCOBJ=    28270.213805264772     
 iteration         9980 MCMCOBJ=    28284.237039944801     
 iteration         9990 MCMCOBJ=    28229.142474846158     
 iteration        10000 MCMCOBJ=    28251.091138730608     
 Elapsed estimation  time in seconds:   892.11
 BURN-IN WAS NOT TESTED FOR CONVERGENCE
 STATISTICAL PORTION WAS COMPLETED

 Elapsed covariance  time in seconds:     0.00
 Minimum value for a list item exceeded:      1
 Parallelization Warnings are in FPWARN
 Minimum value for a list item exceeded:      1
 Parallelization Warnings are in FPWARN
 Elapsed postprocess time in seconds:     3.96
 Elapsed finaloutput time in seconds:     0.24
Done with nonmem execution
