PARAFILE=1000_4.pnm, PROTOCOL=MPI, NODES= 2
TABLE NO.     1: MCMC Bayesian Analysis: Goal Function=AVERAGE VALUE OF LIKELIHOOD FUNCTION: Problem=1 Subproblem=0 Superproblem1=0 Iteration1=0 Superproblem2=0 Iteration2=0
 ITERATION        -1000
 STARTING SUBJECTS          1 TO       80 ON MANAGER: OK
 STARTING SUBJECTS         81 TO      160 ON WORKER1: OK
 COLLECTING SUBJECTS        1 TO       80 ON MANAGER
 COLLECTING SUBJECTS       81 TO      160 ON WORKER1
 Tot. mngr. proc.   Time for this  Iteration  (DDD:HH:MM:SS.DD) 000:00:00:00.02
 Total Load         Time for this  Iteration  (DDD:HH:MM:SS.DD) 000:00:00:00.00
 Total Computation  Time for this  Iteration  (DDD:HH:MM:SS.DD) 000:00:00:00.11
 Accum. mngr. proc. Time among all Iterations (DDD:HH:MM:SS.DD) 000:00:00:15.68
 Accumulated Load   Time among all Iterations (DDD:HH:MM:SS.DD) 000:00:00:01.67
 Accumulated Comp.  Time among all Iterations (DDD:HH:MM:SS.DD) 000:00:01:48.15
 Accumulated CPU    Time of present job       (DDD:HH:MM:SS.DD) 000:00:01:39.78

 ITERATION           -1
 STARTING SUBJECTS          1 TO       79 ON MANAGER: OK
 STARTING SUBJECTS         80 TO      160 ON WORKER1: OK
 COLLECTING SUBJECTS        1 TO       79 ON MANAGER
 COLLECTING SUBJECTS       80 TO      160 ON WORKER1
 Tot. mngr. proc.   Time for this  Iteration  (DDD:HH:MM:SS.DD) 000:00:00:00.02
 Total Load         Time for this  Iteration  (DDD:HH:MM:SS.DD) 000:00:00:00.00
 Total Computation  Time for this  Iteration  (DDD:HH:MM:SS.DD) 000:00:00:00.11
 Accum. mngr. proc. Time among all Iterations (DDD:HH:MM:SS.DD) 000:00:00:15.69
 Accumulated Load   Time among all Iterations (DDD:HH:MM:SS.DD) 000:00:00:01.68
 Accumulated Comp.  Time among all Iterations (DDD:HH:MM:SS.DD) 000:00:01:48.26
 Accumulated CPU    Time of present job       (DDD:HH:MM:SS.DD) 000:00:01:39.78

 ITERATION            0
 STARTING SUBJECTS          1 TO       78 ON MANAGER: OK
 STARTING SUBJECTS         79 TO      160 ON WORKER1: OK
 COLLECTING SUBJECTS        1 TO       78 ON MANAGER
 COLLECTING SUBJECTS       79 TO      160 ON WORKER1
 Tot. mngr. proc.   Time for this  Iteration  (DDD:HH:MM:SS.DD) 000:00:00:00.01
 Total Load         Time for this  Iteration  (DDD:HH:MM:SS.DD) 000:00:00:00.00
 Total Computation  Time for this  Iteration  (DDD:HH:MM:SS.DD) 000:00:00:00.05
 Accum. mngr. proc. Time among all Iterations (DDD:HH:MM:SS.DD) 000:00:02:51.79
 Accumulated Load   Time among all Iterations (DDD:HH:MM:SS.DD) 000:00:00:21.21
 Accumulated Comp.  Time among all Iterations (DDD:HH:MM:SS.DD) 000:00:19:44.82
 Accumulated CPU    Time of present job       (DDD:HH:MM:SS.DD) 000:00:24:22.55

 ITERATION        10000
 STARTING SUBJECTS          1 TO       78 ON MANAGER: OK
 STARTING SUBJECTS         79 TO      160 ON WORKER1: OK
 COLLECTING SUBJECTS        1 TO       78 ON MANAGER
 COLLECTING SUBJECTS       79 TO      160 ON WORKER1
 ITERATION        10000
 STARTING SUBJECTS          1 TO       78 ON MANAGER: OK
 STARTING SUBJECTS         79 TO      160 ON WORKER1: OK
 COLLECTING SUBJECTS        1 TO       78 ON MANAGER
 COLLECTING SUBJECTS       79 TO      160 ON WORKER1
PARAFILE=1000_4.pnm, PROTOCOL=MPI, NODES= 2
FNLETA STEP : Problem=1 Subproblem=0 Superproblem1=0 Iteration1=0 Superproblem2=0 Iteration2=0
 ITERATION            0
 STARTING SUBJECTS          1 TO       80 ON MANAGER: OK
 STARTING SUBJECTS         81 TO      160 ON WORKER1: OK
 COLLECTING SUBJECTS        1 TO       80 ON MANAGER
 COLLECTING SUBJECTS       81 TO      160 ON WORKER1
PARAFILE=1000_4.pnm, PROTOCOL=MPI, NODES= 2
WRES STEP : Problem=1 Subproblem=0 Superproblem1=0 Iteration1=0 Superproblem2=0 Iteration2=0
 ITERATION            0
 STARTING SUBJECTS          1 TO       80 ON MANAGER: OK
 STARTING SUBJECTS         81 TO      160 ON WORKER1: OK
 COLLECTING SUBJECTS        1 TO       80 ON MANAGER
 COLLECTING SUBJECTS       81 TO      160 ON WORKER1
 Tot. mngr. proc.   Time for this  Iteration  (DDD:HH:MM:SS.DD) 000:00:00:00.00
 Total Load         Time for this  Iteration  (DDD:HH:MM:SS.DD) 000:00:00:00.00
 Total Computation  Time for this  Iteration  (DDD:HH:MM:SS.DD) 000:00:00:00.01
 Accum. mngr. proc. Time among all Iterations (DDD:HH:MM:SS.DD) 000:00:00:00.00
 Accumulated Load   Time among all Iterations (DDD:HH:MM:SS.DD) 000:00:00:00.00
 Accumulated Comp.  Time among all Iterations (DDD:HH:MM:SS.DD) 000:00:00:00.01
 Accumulated CPU    Time of present job       (DDD:HH:MM:SS.DD) 000:00:24:22.55

 ITERATION            1
 STARTING SUBJECTS          1 TO       66 ON MANAGER: OK
 STARTING SUBJECTS         67 TO      160 ON WORKER1: OK
 COLLECTING SUBJECTS        1 TO       66 ON MANAGER
 COLLECTING SUBJECTS       67 TO      160 ON WORKER1
