PARAFILE=2000_1.pnm, PROTOCOL=MPI, NODES= 2
TABLE NO.     1: MCMC Bayesian Analysis: Goal Function=AVERAGE VALUE OF LIKELIHOOD FUNCTION: Problem=1 Subproblem=0 Superproblem1=0 Iteration1=0 Superproblem2=0 Iteration2=0
 ITERATION        -1000
 STARTING SUBJECTS          1 TO       20 ON MANAGER: OK
 STARTING SUBJECTS         21 TO       39 ON WORKER1: OK
 COLLECTING SUBJECTS        1 TO       20 ON MANAGER
 COLLECTING SUBJECTS       21 TO       39 ON WORKER1
 ITERATION        -1000
 STARTING SUBJECTS          1 TO       20 ON MANAGER: OK
 STARTING SUBJECTS         21 TO       39 ON WORKER1: OK
 COLLECTING SUBJECTS        1 TO       20 ON MANAGER
 COLLECTING SUBJECTS       21 TO       39 ON WORKER1
 ITERATION        -1000
 STARTING SUBJECTS          1 TO       20 ON MANAGER: OK
 STARTING SUBJECTS         21 TO       39 ON WORKER1: OK
 COLLECTING SUBJECTS        1 TO       20 ON MANAGER
 COLLECTING SUBJECTS       21 TO       39 ON WORKER1
 ITERATION        -1000
 STARTING SUBJECTS          1 TO       20 ON MANAGER: OK
 STARTING SUBJECTS         21 TO       39 ON WORKER1: OK
 COLLECTING SUBJECTS        1 TO       20 ON MANAGER
 COLLECTING SUBJECTS       21 TO       39 ON WORKER1
 ITERATION        -1000
 STARTING SUBJECTS          1 TO       20 ON MANAGER: OK
 STARTING SUBJECTS         21 TO       39 ON WORKER1: OK
 COLLECTING SUBJECTS        1 TO       20 ON MANAGER
 COLLECTING SUBJECTS       21 TO       39 ON WORKER1
 ITERATION        -1000
 STARTING SUBJECTS          1 TO       20 ON MANAGER: OK
 STARTING SUBJECTS         21 TO       39 ON WORKER1: OK
 COLLECTING SUBJECTS        1 TO       20 ON MANAGER
 COLLECTING SUBJECTS       21 TO       39 ON WORKER1
 ITERATION        -1000
 STARTING SUBJECTS          1 TO       20 ON MANAGER: OK
 STARTING SUBJECTS         21 TO       39 ON WORKER1: OK
 COLLECTING SUBJECTS        1 TO       20 ON MANAGER
 COLLECTING SUBJECTS       21 TO       39 ON WORKER1
 ITERATION        -1000
 STARTING SUBJECTS          1 TO       20 ON MANAGER: OK
 STARTING SUBJECTS         21 TO       39 ON WORKER1: OK
 COLLECTING SUBJECTS        1 TO       20 ON MANAGER
 COLLECTING SUBJECTS       21 TO       39 ON WORKER1
 ITERATION        -1000
 STARTING SUBJECTS          1 TO       20 ON MANAGER: OK
 STARTING SUBJECTS         21 TO       39 ON WORKER1: OK
 COLLECTING SUBJECTS        1 TO       20 ON MANAGER
 COLLECTING SUBJECTS       21 TO       39 ON WORKER1
 Tot. mngr. proc.   Time for this  Iteration  (DDD:HH:MM:SS.DD) 000:00:00:00.00
 Total Load         Time for this  Iteration  (DDD:HH:MM:SS.DD) 000:00:00:00.01
 Total Computation  Time for this  Iteration  (DDD:HH:MM:SS.DD) 000:00:00:00.05
 Accum. mngr. proc. Time among all Iterations (DDD:HH:MM:SS.DD) 000:00:00:00.41
 Accumulated Load   Time among all Iterations (DDD:HH:MM:SS.DD) 000:00:00:16.50
 Accumulated Comp.  Time among all Iterations (DDD:HH:MM:SS.DD) 000:00:00:59.97
 Accumulated CPU    Time of present job       (DDD:HH:MM:SS.DD) 000:00:03:39.06

 ITERATION            0
 STARTING SUBJECTS          1 TO       20 ON MANAGER: OK
 STARTING SUBJECTS         21 TO       39 ON WORKER1: OK
 COLLECTING SUBJECTS        1 TO       20 ON MANAGER
 COLLECTING SUBJECTS       21 TO       39 ON WORKER1
 ITERATION            0
 STARTING SUBJECTS          1 TO       20 ON MANAGER: OK
 STARTING SUBJECTS         21 TO       39 ON WORKER1: OK
 COLLECTING SUBJECTS        1 TO       20 ON MANAGER
 COLLECTING SUBJECTS       21 TO       39 ON WORKER1
 ITERATION            0
 STARTING SUBJECTS          1 TO       20 ON MANAGER: OK
 STARTING SUBJECTS         21 TO       39 ON WORKER1: OK
 COLLECTING SUBJECTS        1 TO       20 ON MANAGER
 COLLECTING SUBJECTS       21 TO       39 ON WORKER1
 ITERATION            0
 STARTING SUBJECTS          1 TO       20 ON MANAGER: OK
 STARTING SUBJECTS         21 TO       39 ON WORKER1: OK
 COLLECTING SUBJECTS        1 TO       20 ON MANAGER
 COLLECTING SUBJECTS       21 TO       39 ON WORKER1
 ITERATION            0
 STARTING SUBJECTS          1 TO       20 ON MANAGER: OK
 STARTING SUBJECTS         21 TO       39 ON WORKER1: OK
 COLLECTING SUBJECTS        1 TO       20 ON MANAGER
 COLLECTING SUBJECTS       21 TO       39 ON WORKER1
 ITERATION            0
 STARTING SUBJECTS          1 TO       20 ON MANAGER: OK
 STARTING SUBJECTS         21 TO       39 ON WORKER1: OK
 COLLECTING SUBJECTS        1 TO       20 ON MANAGER
 COLLECTING SUBJECTS       21 TO       39 ON WORKER1
 ITERATION            0
 STARTING SUBJECTS          1 TO       20 ON MANAGER: OK
 STARTING SUBJECTS         21 TO       39 ON WORKER1: OK
 COLLECTING SUBJECTS        1 TO       20 ON MANAGER
 COLLECTING SUBJECTS       21 TO       39 ON WORKER1
 ITERATION            0
 STARTING SUBJECTS          1 TO       20 ON MANAGER: OK
 STARTING SUBJECTS         21 TO       39 ON WORKER1: OK
 COLLECTING SUBJECTS        1 TO       20 ON MANAGER
 COLLECTING SUBJECTS       21 TO       39 ON WORKER1
 ITERATION            0
 STARTING SUBJECTS          1 TO       20 ON MANAGER: OK
 STARTING SUBJECTS         21 TO       39 ON WORKER1: OK
 COLLECTING SUBJECTS        1 TO       20 ON MANAGER
 COLLECTING SUBJECTS       21 TO       39 ON WORKER1
 ITERATION            0
 STARTING SUBJECTS          1 TO       20 ON MANAGER: OK
 STARTING SUBJECTS         21 TO       39 ON WORKER1: OK
 COLLECTING SUBJECTS        1 TO       20 ON MANAGER
 COLLECTING SUBJECTS       21 TO       39 ON WORKER1
 ITERATION            0
 STARTING SUBJECTS          1 TO       20 ON MANAGER: OK
 STARTING SUBJECTS         21 TO       39 ON WORKER1: OK
 COLLECTING SUBJECTS        1 TO       20 ON MANAGER
 COLLECTING SUBJECTS       21 TO       39 ON WORKER1
 ITERATION            0
 STARTING SUBJECTS          1 TO       20 ON MANAGER: OK
 STARTING SUBJECTS         21 TO       39 ON WORKER1: OK
 COLLECTING SUBJECTS        1 TO       20 ON MANAGER
 COLLECTING SUBJECTS       21 TO       39 ON WORKER1
 ITERATION            0
 STARTING SUBJECTS          1 TO       20 ON MANAGER: OK
 STARTING SUBJECTS         21 TO       39 ON WORKER1: OK
 COLLECTING SUBJECTS        1 TO       20 ON MANAGER
 COLLECTING SUBJECTS       21 TO       39 ON WORKER1
 ITERATION            0
 STARTING SUBJECTS          1 TO       20 ON MANAGER: OK
 STARTING SUBJECTS         21 TO       39 ON WORKER1: OK
 COLLECTING SUBJECTS        1 TO       20 ON MANAGER
 COLLECTING SUBJECTS       21 TO       39 ON WORKER1
 ITERATION            0
 STARTING SUBJECTS          1 TO       20 ON MANAGER: OK
 STARTING SUBJECTS         21 TO       39 ON WORKER1: OK
 COLLECTING SUBJECTS        1 TO       20 ON MANAGER
 COLLECTING SUBJECTS       21 TO       39 ON WORKER1
 ITERATION            0
 STARTING SUBJECTS          1 TO       20 ON MANAGER: OK
 STARTING SUBJECTS         21 TO       39 ON WORKER1: OK
 COLLECTING SUBJECTS        1 TO       20 ON MANAGER
 COLLECTING SUBJECTS       21 TO       39 ON WORKER1
 ITERATION            0
 STARTING SUBJECTS          1 TO       20 ON MANAGER: OK
 STARTING SUBJECTS         21 TO       39 ON WORKER1: OK
 COLLECTING SUBJECTS        1 TO       20 ON MANAGER
 COLLECTING SUBJECTS       21 TO       39 ON WORKER1
 ITERATION            0
 STARTING SUBJECTS          1 TO       20 ON MANAGER: OK
 STARTING SUBJECTS         21 TO       39 ON WORKER1: OK
 COLLECTING SUBJECTS        1 TO       20 ON MANAGER
 COLLECTING SUBJECTS       21 TO       39 ON WORKER1
 ITERATION            0
 STARTING SUBJECTS          1 TO       20 ON MANAGER: OK
 STARTING SUBJECTS         21 TO       39 ON WORKER1: OK
 COLLECTING SUBJECTS        1 TO       20 ON MANAGER
 COLLECTING SUBJECTS       21 TO       39 ON WORKER1
 ITERATION            0
 STARTING SUBJECTS          1 TO       20 ON MANAGER: OK
 STARTING SUBJECTS         21 TO       39 ON WORKER1: OK
 COLLECTING SUBJECTS        1 TO       20 ON MANAGER
 COLLECTING SUBJECTS       21 TO       39 ON WORKER1
 ITERATION            0
 STARTING SUBJECTS          1 TO       20 ON MANAGER: OK
 STARTING SUBJECTS         21 TO       39 ON WORKER1: OK
 COLLECTING SUBJECTS        1 TO       20 ON MANAGER
 COLLECTING SUBJECTS       21 TO       39 ON WORKER1
 ITERATION            0
 STARTING SUBJECTS          1 TO       20 ON MANAGER: OK
 STARTING SUBJECTS         21 TO       39 ON WORKER1: OK
 COLLECTING SUBJECTS        1 TO       20 ON MANAGER
 COLLECTING SUBJECTS       21 TO       39 ON WORKER1
 ITERATION            0
 STARTING SUBJECTS          1 TO       20 ON MANAGER: OK
 STARTING SUBJECTS         21 TO       39 ON WORKER1: OK
 COLLECTING SUBJECTS        1 TO       20 ON MANAGER
 COLLECTING SUBJECTS       21 TO       39 ON WORKER1
 ITERATION            0
 STARTING SUBJECTS          1 TO       20 ON MANAGER: OK
 STARTING SUBJECTS         21 TO       39 ON WORKER1: OK
 COLLECTING SUBJECTS        1 TO       20 ON MANAGER
 COLLECTING SUBJECTS       21 TO       39 ON WORKER1
 ITERATION            0
 STARTING SUBJECTS          1 TO       20 ON MANAGER: OK
 STARTING SUBJECTS         21 TO       39 ON WORKER1: OK
 COLLECTING SUBJECTS        1 TO       20 ON MANAGER
 COLLECTING SUBJECTS       21 TO       39 ON WORKER1
 ITERATION            0
 STARTING SUBJECTS          1 TO       20 ON MANAGER: OK
 STARTING SUBJECTS         21 TO       39 ON WORKER1: OK
 COLLECTING SUBJECTS        1 TO       20 ON MANAGER
 COLLECTING SUBJECTS       21 TO       39 ON WORKER1
 ITERATION            0
 STARTING SUBJECTS          1 TO       20 ON MANAGER: OK
 STARTING SUBJECTS         21 TO       39 ON WORKER1: OK
 COLLECTING SUBJECTS        1 TO       20 ON MANAGER
 COLLECTING SUBJECTS       21 TO       39 ON WORKER1
 ITERATION            0
 STARTING SUBJECTS          1 TO       20 ON MANAGER: OK
 STARTING SUBJECTS         21 TO       39 ON WORKER1: OK
 COLLECTING SUBJECTS        1 TO       20 ON MANAGER
 COLLECTING SUBJECTS       21 TO       39 ON WORKER1
 ITERATION            0
 STARTING SUBJECTS          1 TO       20 ON MANAGER: OK
 STARTING SUBJECTS         21 TO       39 ON WORKER1: OK
 COLLECTING SUBJECTS        1 TO       20 ON MANAGER
 COLLECTING SUBJECTS       21 TO       39 ON WORKER1
 ITERATION            0
 STARTING SUBJECTS          1 TO       20 ON MANAGER: OK
 STARTING SUBJECTS         21 TO       39 ON WORKER1: OK
 COLLECTING SUBJECTS        1 TO       20 ON MANAGER
 COLLECTING SUBJECTS       21 TO       39 ON WORKER1
 ITERATION            0
 STARTING SUBJECTS          1 TO       20 ON MANAGER: OK
 STARTING SUBJECTS         21 TO       39 ON WORKER1: OK
 COLLECTING SUBJECTS        1 TO       20 ON MANAGER
 COLLECTING SUBJECTS       21 TO       39 ON WORKER1
 ITERATION            0
 STARTING SUBJECTS          1 TO       20 ON MANAGER: OK
 STARTING SUBJECTS         21 TO       39 ON WORKER1: OK
 COLLECTING SUBJECTS        1 TO       20 ON MANAGER
 COLLECTING SUBJECTS       21 TO       39 ON WORKER1
 ITERATION            0
 STARTING SUBJECTS          1 TO       20 ON MANAGER: OK
 STARTING SUBJECTS         21 TO       39 ON WORKER1: OK
 COLLECTING SUBJECTS        1 TO       20 ON MANAGER
 COLLECTING SUBJECTS       21 TO       39 ON WORKER1
 ITERATION            0
 STARTING SUBJECTS          1 TO       20 ON MANAGER: OK
 STARTING SUBJECTS         21 TO       39 ON WORKER1: OK
 COLLECTING SUBJECTS        1 TO       20 ON MANAGER
 COLLECTING SUBJECTS       21 TO       39 ON WORKER1
 ITERATION            0
 STARTING SUBJECTS          1 TO       20 ON MANAGER: OK
 STARTING SUBJECTS         21 TO       39 ON WORKER1: OK
 COLLECTING SUBJECTS        1 TO       20 ON MANAGER
 COLLECTING SUBJECTS       21 TO       39 ON WORKER1
 Tot. mngr. proc.   Time for this  Iteration  (DDD:HH:MM:SS.DD) 000:00:00:00.00
 Total Load         Time for this  Iteration  (DDD:HH:MM:SS.DD) 000:00:00:00.05
 Total Computation  Time for this  Iteration  (DDD:HH:MM:SS.DD) 000:00:00:00.17
 Accum. mngr. proc. Time among all Iterations (DDD:HH:MM:SS.DD) 000:00:00:03.60
 Accumulated Load   Time among all Iterations (DDD:HH:MM:SS.DD) 000:00:00:51.56
 Accumulated Comp.  Time among all Iterations (DDD:HH:MM:SS.DD) 000:00:03:06.39
 Accumulated CPU    Time of present job       (DDD:HH:MM:SS.DD) 000:00:14:33.83

 ITERATION         2000
 STARTING SUBJECTS          1 TO       19 ON MANAGER: OK
 STARTING SUBJECTS         20 TO       39 ON WORKER1: OK
 COLLECTING SUBJECTS        1 TO       19 ON MANAGER
 COLLECTING SUBJECTS       20 TO       39 ON WORKER1
 ITERATION         2000
 STARTING SUBJECTS          1 TO       19 ON MANAGER: OK
 STARTING SUBJECTS         20 TO       39 ON WORKER1: OK
 COLLECTING SUBJECTS        1 TO       19 ON MANAGER
 COLLECTING SUBJECTS       20 TO       39 ON WORKER1
 ITERATION         2000
 STARTING SUBJECTS          1 TO       19 ON MANAGER: OK
 STARTING SUBJECTS         20 TO       39 ON WORKER1: OK
 COLLECTING SUBJECTS        1 TO       19 ON MANAGER
 COLLECTING SUBJECTS       20 TO       39 ON WORKER1
 ITERATION         2000
 STARTING SUBJECTS          1 TO       19 ON MANAGER: OK
 STARTING SUBJECTS         20 TO       39 ON WORKER1: OK
 COLLECTING SUBJECTS        1 TO       19 ON MANAGER
 COLLECTING SUBJECTS       20 TO       39 ON WORKER1
 ITERATION         2000
 STARTING SUBJECTS          1 TO       19 ON MANAGER: OK
 STARTING SUBJECTS         20 TO       39 ON WORKER1: OK
 COLLECTING SUBJECTS        1 TO       19 ON MANAGER
 COLLECTING SUBJECTS       20 TO       39 ON WORKER1
 ITERATION         2000
 STARTING SUBJECTS          1 TO       19 ON MANAGER: OK
 STARTING SUBJECTS         20 TO       39 ON WORKER1: OK
 COLLECTING SUBJECTS        1 TO       19 ON MANAGER
 COLLECTING SUBJECTS       20 TO       39 ON WORKER1
 ITERATION         2000
 STARTING SUBJECTS          1 TO       19 ON MANAGER: OK
 STARTING SUBJECTS         20 TO       39 ON WORKER1: OK
 COLLECTING SUBJECTS        1 TO       19 ON MANAGER
 COLLECTING SUBJECTS       20 TO       39 ON WORKER1
 ITERATION         2000
 STARTING SUBJECTS          1 TO       19 ON MANAGER: OK
 STARTING SUBJECTS         20 TO       39 ON WORKER1: OK
 COLLECTING SUBJECTS        1 TO       19 ON MANAGER
 COLLECTING SUBJECTS       20 TO       39 ON WORKER1
 ITERATION         2000
 STARTING SUBJECTS          1 TO       19 ON MANAGER: OK
 STARTING SUBJECTS         20 TO       39 ON WORKER1: OK
 COLLECTING SUBJECTS        1 TO       19 ON MANAGER
 COLLECTING SUBJECTS       20 TO       39 ON WORKER1
 ITERATION         2000
 STARTING SUBJECTS          1 TO       19 ON MANAGER: OK
 STARTING SUBJECTS         20 TO       39 ON WORKER1: OK
 COLLECTING SUBJECTS        1 TO       19 ON MANAGER
 COLLECTING SUBJECTS       20 TO       39 ON WORKER1
 ITERATION         2000
 STARTING SUBJECTS          1 TO       19 ON MANAGER: OK
 STARTING SUBJECTS         20 TO       39 ON WORKER1: OK
 COLLECTING SUBJECTS        1 TO       19 ON MANAGER
 COLLECTING SUBJECTS       20 TO       39 ON WORKER1
 ITERATION         2000
 STARTING SUBJECTS          1 TO       19 ON MANAGER: OK
 STARTING SUBJECTS         20 TO       39 ON WORKER1: OK
 COLLECTING SUBJECTS        1 TO       19 ON MANAGER
 COLLECTING SUBJECTS       20 TO       39 ON WORKER1
 ITERATION         2000
 STARTING SUBJECTS          1 TO       19 ON MANAGER: OK
 STARTING SUBJECTS         20 TO       39 ON WORKER1: OK
 COLLECTING SUBJECTS        1 TO       19 ON MANAGER
 COLLECTING SUBJECTS       20 TO       39 ON WORKER1
 ITERATION         2000
 STARTING SUBJECTS          1 TO       19 ON MANAGER: OK
 STARTING SUBJECTS         20 TO       39 ON WORKER1: OK
 COLLECTING SUBJECTS        1 TO       19 ON MANAGER
 COLLECTING SUBJECTS       20 TO       39 ON WORKER1
 ITERATION         2000
 STARTING SUBJECTS          1 TO       19 ON MANAGER: OK
 STARTING SUBJECTS         20 TO       39 ON WORKER1: OK
 COLLECTING SUBJECTS        1 TO       19 ON MANAGER
 COLLECTING SUBJECTS       20 TO       39 ON WORKER1
 ITERATION         2000
 STARTING SUBJECTS          1 TO       19 ON MANAGER: OK
 STARTING SUBJECTS         20 TO       39 ON WORKER1: OK
 COLLECTING SUBJECTS        1 TO       19 ON MANAGER
 COLLECTING SUBJECTS       20 TO       39 ON WORKER1
 ITERATION         2000
 STARTING SUBJECTS          1 TO       19 ON MANAGER: OK
 STARTING SUBJECTS         20 TO       39 ON WORKER1: OK
 COLLECTING SUBJECTS        1 TO       19 ON MANAGER
 COLLECTING SUBJECTS       20 TO       39 ON WORKER1
 ITERATION         2000
 STARTING SUBJECTS          1 TO       19 ON MANAGER: OK
 STARTING SUBJECTS         20 TO       39 ON WORKER1: OK
 COLLECTING SUBJECTS        1 TO       19 ON MANAGER
 COLLECTING SUBJECTS       20 TO       39 ON WORKER1
 ITERATION         2000
 STARTING SUBJECTS          1 TO       19 ON MANAGER: OK
 STARTING SUBJECTS         20 TO       39 ON WORKER1: OK
 COLLECTING SUBJECTS        1 TO       19 ON MANAGER
 COLLECTING SUBJECTS       20 TO       39 ON WORKER1
 ITERATION         2000
 STARTING SUBJECTS          1 TO       19 ON MANAGER: OK
 STARTING SUBJECTS         20 TO       39 ON WORKER1: OK
 COLLECTING SUBJECTS        1 TO       19 ON MANAGER
 COLLECTING SUBJECTS       20 TO       39 ON WORKER1
 ITERATION         2000
 STARTING SUBJECTS          1 TO       19 ON MANAGER: OK
 STARTING SUBJECTS         20 TO       39 ON WORKER1: OK
 COLLECTING SUBJECTS        1 TO       19 ON MANAGER
 COLLECTING SUBJECTS       20 TO       39 ON WORKER1
 ITERATION         2000
 STARTING SUBJECTS          1 TO       19 ON MANAGER: OK
 STARTING SUBJECTS         20 TO       39 ON WORKER1: OK
 COLLECTING SUBJECTS        1 TO       19 ON MANAGER
 COLLECTING SUBJECTS       20 TO       39 ON WORKER1
 ITERATION         2000
 STARTING SUBJECTS          1 TO       19 ON MANAGER: OK
 STARTING SUBJECTS         20 TO       39 ON WORKER1: OK
 COLLECTING SUBJECTS        1 TO       19 ON MANAGER
 COLLECTING SUBJECTS       20 TO       39 ON WORKER1
 ITERATION         2000
 STARTING SUBJECTS          1 TO       19 ON MANAGER: OK
 STARTING SUBJECTS         20 TO       39 ON WORKER1: OK
 COLLECTING SUBJECTS        1 TO       19 ON MANAGER
 COLLECTING SUBJECTS       20 TO       39 ON WORKER1
 ITERATION         2000
 STARTING SUBJECTS          1 TO       19 ON MANAGER: OK
 STARTING SUBJECTS         20 TO       39 ON WORKER1: OK
 COLLECTING SUBJECTS        1 TO       19 ON MANAGER
 COLLECTING SUBJECTS       20 TO       39 ON WORKER1
 ITERATION         2000
 STARTING SUBJECTS          1 TO       19 ON MANAGER: OK
 STARTING SUBJECTS         20 TO       39 ON WORKER1: OK
 COLLECTING SUBJECTS        1 TO       19 ON MANAGER
 COLLECTING SUBJECTS       20 TO       39 ON WORKER1
 ITERATION         2000
 STARTING SUBJECTS          1 TO       19 ON MANAGER: OK
 STARTING SUBJECTS         20 TO       39 ON WORKER1: OK
 COLLECTING SUBJECTS        1 TO       19 ON MANAGER
 COLLECTING SUBJECTS       20 TO       39 ON WORKER1
 ITERATION         2000
 STARTING SUBJECTS          1 TO       19 ON MANAGER: OK
 STARTING SUBJECTS         20 TO       39 ON WORKER1: OK
 COLLECTING SUBJECTS        1 TO       19 ON MANAGER
 COLLECTING SUBJECTS       20 TO       39 ON WORKER1
 ITERATION         2000
 STARTING SUBJECTS          1 TO       19 ON MANAGER: OK
 STARTING SUBJECTS         20 TO       39 ON WORKER1: OK
 COLLECTING SUBJECTS        1 TO       19 ON MANAGER
 COLLECTING SUBJECTS       20 TO       39 ON WORKER1
 ITERATION         2000
 STARTING SUBJECTS          1 TO       19 ON MANAGER: OK
 STARTING SUBJECTS         20 TO       39 ON WORKER1: OK
 COLLECTING SUBJECTS        1 TO       19 ON MANAGER
 COLLECTING SUBJECTS       20 TO       39 ON WORKER1
 ITERATION         2000
 STARTING SUBJECTS          1 TO       19 ON MANAGER: OK
 STARTING SUBJECTS         20 TO       39 ON WORKER1: OK
 COLLECTING SUBJECTS        1 TO       19 ON MANAGER
 COLLECTING SUBJECTS       20 TO       39 ON WORKER1
 ITERATION         2000
 STARTING SUBJECTS          1 TO       19 ON MANAGER: OK
 STARTING SUBJECTS         20 TO       39 ON WORKER1: OK
 COLLECTING SUBJECTS        1 TO       19 ON MANAGER
 COLLECTING SUBJECTS       20 TO       39 ON WORKER1
 ITERATION         2000
 STARTING SUBJECTS          1 TO       19 ON MANAGER: OK
 STARTING SUBJECTS         20 TO       39 ON WORKER1: OK
 COLLECTING SUBJECTS        1 TO       19 ON MANAGER
 COLLECTING SUBJECTS       20 TO       39 ON WORKER1
 ITERATION         2000
 STARTING SUBJECTS          1 TO       19 ON MANAGER: OK
 STARTING SUBJECTS         20 TO       39 ON WORKER1: OK
 COLLECTING SUBJECTS        1 TO       19 ON MANAGER
 COLLECTING SUBJECTS       20 TO       39 ON WORKER1
 ITERATION         2000
 STARTING SUBJECTS          1 TO       19 ON MANAGER: OK
 STARTING SUBJECTS         20 TO       39 ON WORKER1: OK
 COLLECTING SUBJECTS        1 TO       19 ON MANAGER
 COLLECTING SUBJECTS       20 TO       39 ON WORKER1
 ITERATION         2000
 STARTING SUBJECTS          1 TO       19 ON MANAGER: OK
 STARTING SUBJECTS         20 TO       39 ON WORKER1: OK
 COLLECTING SUBJECTS        1 TO       19 ON MANAGER
 COLLECTING SUBJECTS       20 TO       39 ON WORKER1
PARAFILE=2000_1.pnm, PROTOCOL=MPI, NODES= 2
FNLETA STEP : Problem=1 Subproblem=0 Superproblem1=0 Iteration1=0 Superproblem2=0 Iteration2=0
 ITERATION            0
 STARTING SUBJECTS          1 TO       20 ON MANAGER: OK
 STARTING SUBJECTS         21 TO       39 ON WORKER1: OK
 COLLECTING SUBJECTS        1 TO       20 ON MANAGER
 COLLECTING SUBJECTS       21 TO       39 ON WORKER1
PARAFILE=2000_1.pnm, PROTOCOL=MPI, NODES= 2
WRES STEP : Problem=1 Subproblem=0 Superproblem1=0 Iteration1=0 Superproblem2=0 Iteration2=0
 ITERATION            0
 STARTING SUBJECTS          1 TO       20 ON MANAGER: OK
 STARTING SUBJECTS         21 TO       39 ON WORKER1: OK
 COLLECTING SUBJECTS        1 TO       20 ON MANAGER
 COLLECTING SUBJECTS       21 TO       39 ON WORKER1
 Tot. mngr. proc.   Time for this  Iteration  (DDD:HH:MM:SS.DD) 000:00:00:00.00
 Total Load         Time for this  Iteration  (DDD:HH:MM:SS.DD) 000:00:00:00.00
 Total Computation  Time for this  Iteration  (DDD:HH:MM:SS.DD) 000:00:00:00.00
 Accum. mngr. proc. Time among all Iterations (DDD:HH:MM:SS.DD) 000:00:00:00.00
 Accumulated Load   Time among all Iterations (DDD:HH:MM:SS.DD) 000:00:00:00.00
 Accumulated Comp.  Time among all Iterations (DDD:HH:MM:SS.DD) 000:00:00:00.00
 Accumulated CPU    Time of present job       (DDD:HH:MM:SS.DD) 000:00:14:33.83

 ITERATION            1
 STARTING SUBJECTS          1 TO       20 ON MANAGER: OK
 STARTING SUBJECTS         21 TO       39 ON WORKER1: OK
 COLLECTING SUBJECTS        1 TO       20 ON MANAGER
 COLLECTING SUBJECTS       21 TO       39 ON WORKER1
