Starting NMTRAN
  
 WARNINGS AND ERRORS (IF ANY) FOR PROBLEM    1
             
 (WARNING  2) NM-TRAN INFERS THAT THE DATA ARE POPULATION.

 (MU_WARNING 26) DATA ITEM(S) USED IN DEFINITION OF MU_(S) SHOULD BE CONSTANT FOR INDIV. REC.:
  WT
             
 (WARNING  121) INTERACTION IS IMPLIED WITH EM/BAYES ESTIMATION METHODS

 LIM VALUES MAXLIM ASSESSED BY NMTRAN: 1,2,3,4,5,6,7,8,10,11,13,15,16        
  
Note: Analytical 2nd Derivatives are constructed in FSUBS but are never used.
      You may insert $ABBR DERIV2=NO after the first $PROB to save FSUBS construction and compilation time
  
Recompiling certain components
 Minimum value for a list item exceeded:      1

 USING PARALLEL PROFILE 1000-1.pnm
 MPI TRANSFER TYPE SELECTED
Building NONMEM Executable
 Minimum value for a list item exceeded:      1
 Parallelization Warnings are in FPWARN
Starting MPI version of nonmem execution ...
Manager Location ip-10-128-23-14//data/NMBayesTutorial/model/pk/1000/1000-1
 Minimum value for a list item exceeded:      1
 Parallelization Warnings are in FPWARN
License Registered to: Metrum Research Group
Expiration Date:    14 JUL 2024
Current Date:       24 NOV 2023
Days until program expires : 235
 Minimum value for a list item exceeded:      1
 Parallelization Warnings are in FPWARN


 Chain Method Processing


 Minimum value for a list item exceeded:      1
 Parallelization Warnings are in FPWARN


 MCMC Bayesian Analysis
 MONITORING OF SEARCH:

 Burn-in Mode
 iteration        -1000 MCMCOBJ=    33254.574776414505     
 iteration         -990 MCMCOBJ=    29022.720990087659     
 iteration         -980 MCMCOBJ=    28545.861788798669     
 iteration         -970 MCMCOBJ=    28400.834270670493     
 iteration         -960 MCMCOBJ=    28278.559412752526     
 iteration         -950 MCMCOBJ=    28257.928285267677     
 iteration         -940 MCMCOBJ=    28322.361552696697     
 iteration         -930 MCMCOBJ=    28227.078139139714     
 iteration         -920 MCMCOBJ=    28268.665291373112     
 iteration         -910 MCMCOBJ=    28135.156878359423     
 iteration         -900 MCMCOBJ=    28091.453389658964     
 iteration         -890 MCMCOBJ=    28249.784177907964     
 iteration         -880 MCMCOBJ=    28195.704790988792     
 iteration         -870 MCMCOBJ=    28294.231952619171     
 iteration         -860 MCMCOBJ=    28202.602371670942     
 iteration         -850 MCMCOBJ=    28208.811136135348     
 iteration         -840 MCMCOBJ=    28211.220922900848     
 iteration         -830 MCMCOBJ=    28205.964717480831     
 iteration         -820 MCMCOBJ=    28308.826025552367     
 iteration         -810 MCMCOBJ=    28186.543806379763     
 iteration         -800 MCMCOBJ=    28184.163993511342     
 iteration         -790 MCMCOBJ=    28124.468065634785     
 iteration         -780 MCMCOBJ=    28220.400948040136     
 iteration         -770 MCMCOBJ=    28162.951053888693     
 iteration         -760 MCMCOBJ=    28155.083269762261     
 iteration         -750 MCMCOBJ=    28227.707887713746     
 iteration         -740 MCMCOBJ=    28174.535706171326     
 iteration         -730 MCMCOBJ=    28215.222189819779     
 iteration         -720 MCMCOBJ=    28111.872911237071     
 iteration         -710 MCMCOBJ=    28150.087410653781     
 iteration         -700 MCMCOBJ=    28221.813126725985     
 iteration         -690 MCMCOBJ=    28194.229288556915     
 iteration         -680 MCMCOBJ=    28226.381462287867     
 iteration         -670 MCMCOBJ=    28158.165062922526     
 iteration         -660 MCMCOBJ=    28210.929260481025     
 iteration         -650 MCMCOBJ=    28185.341324249857     
 iteration         -640 MCMCOBJ=    28190.861342802789     
 iteration         -630 MCMCOBJ=    28165.729993705383     
 iteration         -620 MCMCOBJ=    28177.773130388610     
 iteration         -610 MCMCOBJ=    28102.242055350933     
 iteration         -600 MCMCOBJ=    28187.855762310632     
 iteration         -590 MCMCOBJ=    28193.324991201491     
 iteration         -580 MCMCOBJ=    28195.673184253676     
 iteration         -570 MCMCOBJ=    28183.727827359617     
 iteration         -560 MCMCOBJ=    28106.595383771513     
 iteration         -550 MCMCOBJ=    28332.935631867240     
 iteration         -540 MCMCOBJ=    28192.231421476921     
 iteration         -530 MCMCOBJ=    28199.074385172757     
 iteration         -520 MCMCOBJ=    28144.849533691522     
 iteration         -510 MCMCOBJ=    28167.187821913933     
 iteration         -500 MCMCOBJ=    28184.858860511638     
 iteration         -490 MCMCOBJ=    28152.444369259691     
 iteration         -480 MCMCOBJ=    28126.078368400067     
 iteration         -470 MCMCOBJ=    28150.011310767444     
 iteration         -460 MCMCOBJ=    28181.785540197790     
 iteration         -450 MCMCOBJ=    28203.531499914629     
 iteration         -440 MCMCOBJ=    28142.739557583369     
 iteration         -430 MCMCOBJ=    28208.788478823848     
 iteration         -420 MCMCOBJ=    28230.437690400122     
 iteration         -410 MCMCOBJ=    28238.156683578116     
 iteration         -400 MCMCOBJ=    28127.215477152040     
 iteration         -390 MCMCOBJ=    28178.925310365608     
 iteration         -380 MCMCOBJ=    28108.511303929496     
 iteration         -370 MCMCOBJ=    28224.520281282297     
 iteration         -360 MCMCOBJ=    28214.846777569244     
 iteration         -350 MCMCOBJ=    28209.082151857034     
 iteration         -340 MCMCOBJ=    28155.752623655659     
 iteration         -330 MCMCOBJ=    28138.380740307224     
 iteration         -320 MCMCOBJ=    28198.914500492836     
 iteration         -310 MCMCOBJ=    28267.675852150423     
 iteration         -300 MCMCOBJ=    28224.796506453793     
 iteration         -290 MCMCOBJ=    28204.490553188461     
 iteration         -280 MCMCOBJ=    28144.690208509572     
 iteration         -270 MCMCOBJ=    28174.990882405426     
 iteration         -260 MCMCOBJ=    28226.284670988833     
 iteration         -250 MCMCOBJ=    28219.871261180368     
 iteration         -240 MCMCOBJ=    28206.120932083457     
 iteration         -230 MCMCOBJ=    28155.068035133492     
 iteration         -220 MCMCOBJ=    28099.588622782288     
 iteration         -210 MCMCOBJ=    28248.467094638425     
 iteration         -200 MCMCOBJ=    28211.944779370206     
 iteration         -190 MCMCOBJ=    28271.362209408162     
 iteration         -180 MCMCOBJ=    28096.944224430830     
 iteration         -170 MCMCOBJ=    28180.904665630347     
 iteration         -160 MCMCOBJ=    28181.571992506910     
 iteration         -150 MCMCOBJ=    28192.983191458145     
 iteration         -140 MCMCOBJ=    28196.546483309103     
 iteration         -130 MCMCOBJ=    28148.620360481385     
 iteration         -120 MCMCOBJ=    28197.494367050484     
 iteration         -110 MCMCOBJ=    28269.518553082049     
 iteration         -100 MCMCOBJ=    28285.386909758465     
 iteration          -90 MCMCOBJ=    28263.732642258150     
 iteration          -80 MCMCOBJ=    28161.505674208263     
 iteration          -70 MCMCOBJ=    28225.343899806870     
 iteration          -60 MCMCOBJ=    28227.192131365249     
 iteration          -50 MCMCOBJ=    28277.710432680778     
 iteration          -40 MCMCOBJ=    28248.267510156591     
 iteration          -30 MCMCOBJ=    28242.249628999252     
 iteration          -20 MCMCOBJ=    28223.836233969600     
 iteration          -10 MCMCOBJ=    28156.962247644937     
 Sampling Mode
 iteration            0 MCMCOBJ=    28217.602350054643     
 iteration           10 MCMCOBJ=    28242.465435976741     
 iteration           20 MCMCOBJ=    28210.142404648232     
 iteration           30 MCMCOBJ=    28152.306468773411     
 iteration           40 MCMCOBJ=    28077.967421204114     
 iteration           50 MCMCOBJ=    28238.345047128787     
 iteration           60 MCMCOBJ=    28198.242967755144     
 iteration           70 MCMCOBJ=    28284.146034003297     
 iteration           80 MCMCOBJ=    28187.999680893707     
 iteration           90 MCMCOBJ=    28192.252774129476     
 iteration          100 MCMCOBJ=    28227.330245740533     
 iteration          110 MCMCOBJ=    28215.274061636897     
 iteration          120 MCMCOBJ=    28187.850564491506     
 iteration          130 MCMCOBJ=    28244.395402967533     
 iteration          140 MCMCOBJ=    28139.363055785809     
 iteration          150 MCMCOBJ=    28267.030179357487     
 iteration          160 MCMCOBJ=    28216.263326755699     
 iteration          170 MCMCOBJ=    28160.829608621953     
 iteration          180 MCMCOBJ=    28168.860285138300     
 iteration          190 MCMCOBJ=    28190.171765499545     
 iteration          200 MCMCOBJ=    28119.168959189101     
 iteration          210 MCMCOBJ=    28158.911379930985     
 iteration          220 MCMCOBJ=    28243.523160045548     
 iteration          230 MCMCOBJ=    28144.008175238909     
 iteration          240 MCMCOBJ=    28285.569991368378     
 iteration          250 MCMCOBJ=    28238.226084562273     
 iteration          260 MCMCOBJ=    28257.864299603567     
 iteration          270 MCMCOBJ=    28172.187892890015     
 iteration          280 MCMCOBJ=    28182.477567661794     
 iteration          290 MCMCOBJ=    28188.688331398138     
 iteration          300 MCMCOBJ=    28109.872948421806     
 iteration          310 MCMCOBJ=    28136.590390645906     
 iteration          320 MCMCOBJ=    28211.299891726485     
 iteration          330 MCMCOBJ=    28095.475526726084     
 iteration          340 MCMCOBJ=    28243.673217990836     
 iteration          350 MCMCOBJ=    28190.307886178114     
 iteration          360 MCMCOBJ=    28240.144972641134     
 iteration          370 MCMCOBJ=    28255.571450125146     
 iteration          380 MCMCOBJ=    28206.503843404833     
 iteration          390 MCMCOBJ=    28162.396267002146     
 iteration          400 MCMCOBJ=    28212.918262931624     
 iteration          410 MCMCOBJ=    28189.946009475116     
 iteration          420 MCMCOBJ=    28264.868393041950     
 iteration          430 MCMCOBJ=    28180.410601682666     
 iteration          440 MCMCOBJ=    28217.409956825206     
 iteration          450 MCMCOBJ=    28235.754860313940     
 iteration          460 MCMCOBJ=    28224.155856703652     
 iteration          470 MCMCOBJ=    28161.294983566571     
 iteration          480 MCMCOBJ=    28231.757475789982     
 iteration          490 MCMCOBJ=    28122.248074273510     
 iteration          500 MCMCOBJ=    28201.406047626002     
 iteration          510 MCMCOBJ=    28176.556992800488     
 iteration          520 MCMCOBJ=    28299.187700663289     
 iteration          530 MCMCOBJ=    28139.755475196740     
 iteration          540 MCMCOBJ=    28206.631532091862     
 iteration          550 MCMCOBJ=    28191.932186783917     
 iteration          560 MCMCOBJ=    28203.209672206205     
 iteration          570 MCMCOBJ=    28264.418089556533     
 iteration          580 MCMCOBJ=    28236.957983471078     
 iteration          590 MCMCOBJ=    28157.037096554799     
 iteration          600 MCMCOBJ=    28203.966389075973     
 iteration          610 MCMCOBJ=    28209.655014908814     
 iteration          620 MCMCOBJ=    28321.269063269985     
 iteration          630 MCMCOBJ=    28149.056305476119     
 iteration          640 MCMCOBJ=    28179.216441741504     
 iteration          650 MCMCOBJ=    28261.886389154308     
 iteration          660 MCMCOBJ=    28172.091455686099     
 iteration          670 MCMCOBJ=    28100.497589438783     
 iteration          680 MCMCOBJ=    28210.390136936625     
 iteration          690 MCMCOBJ=    28198.278117866193     
 iteration          700 MCMCOBJ=    28201.604858281007     
 iteration          710 MCMCOBJ=    28239.944513993647     
 iteration          720 MCMCOBJ=    28269.878592943267     
 iteration          730 MCMCOBJ=    28199.164671661081     
 iteration          740 MCMCOBJ=    28221.690943346042     
 iteration          750 MCMCOBJ=    28106.226494882714     
 iteration          760 MCMCOBJ=    28149.288876695453     
 iteration          770 MCMCOBJ=    28256.218796657777     
 iteration          780 MCMCOBJ=    28254.294388008238     
 iteration          790 MCMCOBJ=    28244.855236831267     
 iteration          800 MCMCOBJ=    28153.490216121405     
 iteration          810 MCMCOBJ=    28110.253406901978     
 iteration          820 MCMCOBJ=    28092.184078166611     
 iteration          830 MCMCOBJ=    28233.590224292268     
 iteration          840 MCMCOBJ=    28197.550372717331     
 iteration          850 MCMCOBJ=    28128.826917887291     
 iteration          860 MCMCOBJ=    28134.808844033050     
 iteration          870 MCMCOBJ=    28170.284376469732     
 iteration          880 MCMCOBJ=    28193.588086145352     
 iteration          890 MCMCOBJ=    28132.276378229533     
 iteration          900 MCMCOBJ=    28180.967371822997     
 iteration          910 MCMCOBJ=    28182.654759241399     
 iteration          920 MCMCOBJ=    28159.885149362322     
 iteration          930 MCMCOBJ=    28132.516021399126     
 iteration          940 MCMCOBJ=    28151.701994624989     
 iteration          950 MCMCOBJ=    28234.609391789432     
 iteration          960 MCMCOBJ=    28247.374484764543     
 iteration          970 MCMCOBJ=    28200.143130883724     
 iteration          980 MCMCOBJ=    28215.540287251672     
 iteration          990 MCMCOBJ=    28191.671633471429     
 iteration         1000 MCMCOBJ=    28215.124773759897     
 iteration         1010 MCMCOBJ=    28174.582089739626     
 iteration         1020 MCMCOBJ=    28237.877010283060     
 iteration         1030 MCMCOBJ=    28155.769334062326     
 iteration         1040 MCMCOBJ=    28234.049336404474     
 iteration         1050 MCMCOBJ=    28223.671599626305     
 iteration         1060 MCMCOBJ=    28184.463058456844     
 iteration         1070 MCMCOBJ=    28185.854064011950     
 iteration         1080 MCMCOBJ=    28246.847938823365     
 iteration         1090 MCMCOBJ=    28240.538089492911     
 iteration         1100 MCMCOBJ=    28204.286143027723     
 iteration         1110 MCMCOBJ=    28183.260604594660     
 iteration         1120 MCMCOBJ=    28218.484704078648     
 iteration         1130 MCMCOBJ=    28164.312164988165     
 iteration         1140 MCMCOBJ=    28170.869472104798     
 iteration         1150 MCMCOBJ=    28130.518916363893     
 iteration         1160 MCMCOBJ=    28235.958892816390     
 iteration         1170 MCMCOBJ=    28141.555301871806     
 iteration         1180 MCMCOBJ=    28198.372817920357     
 iteration         1190 MCMCOBJ=    28215.026652757191     
 iteration         1200 MCMCOBJ=    28271.197454413748     
 iteration         1210 MCMCOBJ=    28254.743318750850     
 iteration         1220 MCMCOBJ=    28200.886533025019     
 iteration         1230 MCMCOBJ=    28240.995453645126     
 iteration         1240 MCMCOBJ=    28234.229102178509     
 iteration         1250 MCMCOBJ=    28244.371818867621     
 iteration         1260 MCMCOBJ=    28246.872802637456     
 iteration         1270 MCMCOBJ=    28172.532768410263     
 iteration         1280 MCMCOBJ=    28257.899450543358     
 iteration         1290 MCMCOBJ=    28250.467479986131     
 iteration         1300 MCMCOBJ=    28236.200285789011     
 iteration         1310 MCMCOBJ=    28150.883918663963     
 iteration         1320 MCMCOBJ=    28308.495323490115     
 iteration         1330 MCMCOBJ=    28185.900948844275     
 iteration         1340 MCMCOBJ=    28187.565775386145     
 iteration         1350 MCMCOBJ=    28217.189384769663     
 iteration         1360 MCMCOBJ=    28211.751289348951     
 iteration         1370 MCMCOBJ=    28202.622466123077     
 iteration         1380 MCMCOBJ=    28143.098068453583     
 iteration         1390 MCMCOBJ=    28179.759181742978     
 iteration         1400 MCMCOBJ=    28192.668645639103     
 iteration         1410 MCMCOBJ=    28222.252481900185     
 iteration         1420 MCMCOBJ=    28289.500716571187     
 iteration         1430 MCMCOBJ=    28140.348979500082     
 iteration         1440 MCMCOBJ=    28200.085293289354     
 iteration         1450 MCMCOBJ=    28245.026603325117     
 iteration         1460 MCMCOBJ=    28242.461077024112     
 iteration         1470 MCMCOBJ=    28231.243729012425     
 iteration         1480 MCMCOBJ=    28101.258730063368     
 iteration         1490 MCMCOBJ=    28196.807660718234     
 iteration         1500 MCMCOBJ=    28206.543793428686     
 iteration         1510 MCMCOBJ=    28155.592164022342     
 iteration         1520 MCMCOBJ=    28200.876864189817     
 iteration         1530 MCMCOBJ=    28242.890502511345     
 iteration         1540 MCMCOBJ=    28254.860172550212     
 iteration         1550 MCMCOBJ=    28123.191513861126     
 iteration         1560 MCMCOBJ=    28233.451835182306     
 iteration         1570 MCMCOBJ=    28109.514042460429     
 iteration         1580 MCMCOBJ=    28180.029850755476     
 iteration         1590 MCMCOBJ=    28153.772398661524     
 iteration         1600 MCMCOBJ=    28224.260635235423     
 iteration         1610 MCMCOBJ=    28195.175109946642     
 iteration         1620 MCMCOBJ=    28186.369561033644     
 iteration         1630 MCMCOBJ=    28246.102402149940     
 iteration         1640 MCMCOBJ=    28199.964447487262     
 iteration         1650 MCMCOBJ=    28236.075580046378     
 iteration         1660 MCMCOBJ=    28255.673411604384     
 iteration         1670 MCMCOBJ=    28246.128111798585     
 iteration         1680 MCMCOBJ=    28175.133169983605     
 iteration         1690 MCMCOBJ=    28199.184406158725     
 iteration         1700 MCMCOBJ=    28206.977504955943     
 iteration         1710 MCMCOBJ=    28177.869671713146     
 iteration         1720 MCMCOBJ=    28217.705523916895     
 iteration         1730 MCMCOBJ=    28162.163349028426     
 iteration         1740 MCMCOBJ=    28199.743740224800     
 iteration         1750 MCMCOBJ=    28188.853894209431     
 iteration         1760 MCMCOBJ=    28169.479566606806     
 iteration         1770 MCMCOBJ=    28152.626159896998     
 iteration         1780 MCMCOBJ=    28166.125836147938     
 iteration         1790 MCMCOBJ=    28208.124154074045     
 iteration         1800 MCMCOBJ=    28257.300359142388     
 iteration         1810 MCMCOBJ=    28230.936289107198     
 iteration         1820 MCMCOBJ=    28261.610545907537     
 iteration         1830 MCMCOBJ=    28213.380391341430     
 iteration         1840 MCMCOBJ=    28193.236829412101     
 iteration         1850 MCMCOBJ=    28206.252422348411     
 iteration         1860 MCMCOBJ=    28239.399637072071     
 iteration         1870 MCMCOBJ=    28136.291372442021     
 iteration         1880 MCMCOBJ=    28265.522489977429     
 iteration         1890 MCMCOBJ=    28184.139975783368     
 iteration         1900 MCMCOBJ=    28128.674710305815     
 iteration         1910 MCMCOBJ=    28267.148735012855     
 iteration         1920 MCMCOBJ=    28241.051911874598     
 iteration         1930 MCMCOBJ=    28174.854289633597     
 iteration         1940 MCMCOBJ=    28224.850348011827     
 iteration         1950 MCMCOBJ=    28183.353350652276     
 iteration         1960 MCMCOBJ=    28184.498448017879     
 iteration         1970 MCMCOBJ=    28160.299025549430     
 iteration         1980 MCMCOBJ=    28227.466628959352     
 iteration         1990 MCMCOBJ=    28245.056857988286     
 iteration         2000 MCMCOBJ=    28171.681190074127     
 iteration         2010 MCMCOBJ=    28065.878909856154     
 iteration         2020 MCMCOBJ=    28080.726361741370     
 iteration         2030 MCMCOBJ=    28102.534283811976     
 iteration         2040 MCMCOBJ=    28122.228727040492     
 iteration         2050 MCMCOBJ=    28132.892638042937     
 iteration         2060 MCMCOBJ=    28166.248959549393     
 iteration         2070 MCMCOBJ=    28159.877770730200     
 iteration         2080 MCMCOBJ=    28166.307610189830     
 iteration         2090 MCMCOBJ=    28242.453763340010     
 iteration         2100 MCMCOBJ=    28238.832400991130     
 iteration         2110 MCMCOBJ=    28292.782696272159     
 iteration         2120 MCMCOBJ=    28204.617185019368     
 iteration         2130 MCMCOBJ=    28144.135865057277     
 iteration         2140 MCMCOBJ=    28164.540359839142     
 iteration         2150 MCMCOBJ=    28177.656219399927     
 iteration         2160 MCMCOBJ=    28210.492046391817     
 iteration         2170 MCMCOBJ=    28200.491931884939     
 iteration         2180 MCMCOBJ=    28178.107950683854     
 iteration         2190 MCMCOBJ=    28200.201574776598     
 iteration         2200 MCMCOBJ=    28249.631316998511     
 iteration         2210 MCMCOBJ=    28246.226235440470     
 iteration         2220 MCMCOBJ=    28217.874225439115     
 iteration         2230 MCMCOBJ=    28249.602146474419     
 iteration         2240 MCMCOBJ=    28132.567041135288     
 iteration         2250 MCMCOBJ=    28180.502810754315     
 iteration         2260 MCMCOBJ=    28154.321676608513     
 iteration         2270 MCMCOBJ=    28238.943619773203     
 iteration         2280 MCMCOBJ=    28284.639514443756     
 iteration         2290 MCMCOBJ=    28196.999241717018     
 iteration         2300 MCMCOBJ=    28179.650391433999     
 iteration         2310 MCMCOBJ=    28186.562377645147     
 iteration         2320 MCMCOBJ=    28190.802552522822     
 iteration         2330 MCMCOBJ=    28188.465604165249     
 iteration         2340 MCMCOBJ=    28263.290484592570     
 iteration         2350 MCMCOBJ=    28235.255581491190     
 iteration         2360 MCMCOBJ=    28229.413044194320     
 iteration         2370 MCMCOBJ=    28106.573742577933     
 iteration         2380 MCMCOBJ=    28207.574482511274     
 iteration         2390 MCMCOBJ=    28228.149617031395     
 iteration         2400 MCMCOBJ=    28139.613057885883     
 iteration         2410 MCMCOBJ=    28229.001659184742     
 iteration         2420 MCMCOBJ=    28180.847615680366     
 iteration         2430 MCMCOBJ=    28246.475886378561     
 iteration         2440 MCMCOBJ=    28279.412356133373     
 iteration         2450 MCMCOBJ=    28188.023597013686     
 iteration         2460 MCMCOBJ=    28237.505235660614     
 iteration         2470 MCMCOBJ=    28164.059288210978     
 iteration         2480 MCMCOBJ=    28194.801540107095     
 iteration         2490 MCMCOBJ=    28240.489617524341     
 iteration         2500 MCMCOBJ=    28171.871121247983     
 iteration         2510 MCMCOBJ=    28240.519206536283     
 iteration         2520 MCMCOBJ=    28154.010463472150     
 iteration         2530 MCMCOBJ=    28193.221237395952     
 iteration         2540 MCMCOBJ=    28221.861274314440     
 iteration         2550 MCMCOBJ=    28233.379851659982     
 iteration         2560 MCMCOBJ=    28189.171889473451     
 iteration         2570 MCMCOBJ=    28242.097827985348     
 iteration         2580 MCMCOBJ=    28136.418101470044     
 iteration         2590 MCMCOBJ=    28223.349876356653     
 iteration         2600 MCMCOBJ=    28270.284260655291     
 iteration         2610 MCMCOBJ=    28123.234725728802     
 iteration         2620 MCMCOBJ=    28278.735224420925     
 iteration         2630 MCMCOBJ=    28150.046923756454     
 iteration         2640 MCMCOBJ=    28225.373867801802     
 iteration         2650 MCMCOBJ=    28144.021434075628     
 iteration         2660 MCMCOBJ=    28222.131749436056     
 iteration         2670 MCMCOBJ=    28199.377795634893     
 iteration         2680 MCMCOBJ=    28187.858705657225     
 iteration         2690 MCMCOBJ=    28293.184951323292     
 iteration         2700 MCMCOBJ=    28262.678309705156     
 iteration         2710 MCMCOBJ=    28241.746888617788     
 iteration         2720 MCMCOBJ=    28244.703276613123     
 iteration         2730 MCMCOBJ=    28235.675255550195     
 iteration         2740 MCMCOBJ=    28150.670360328058     
 iteration         2750 MCMCOBJ=    28241.417070695585     
 iteration         2760 MCMCOBJ=    28221.260638259319     
 iteration         2770 MCMCOBJ=    28147.153674850233     
 iteration         2780 MCMCOBJ=    28161.458727269543     
 iteration         2790 MCMCOBJ=    28247.550949493769     
 iteration         2800 MCMCOBJ=    28179.975986258247     
 iteration         2810 MCMCOBJ=    28216.060406031542     
 iteration         2820 MCMCOBJ=    28186.154001706916     
 iteration         2830 MCMCOBJ=    28214.169176118787     
 iteration         2840 MCMCOBJ=    28303.824622892589     
 iteration         2850 MCMCOBJ=    28231.425096016334     
 iteration         2860 MCMCOBJ=    28240.100331226025     
 iteration         2870 MCMCOBJ=    28196.682965189055     
 iteration         2880 MCMCOBJ=    28172.653707274108     
 iteration         2890 MCMCOBJ=    28250.711993619203     
 iteration         2900 MCMCOBJ=    28215.808980237132     
 iteration         2910 MCMCOBJ=    28125.528625319232     
 iteration         2920 MCMCOBJ=    28209.529592200353     
 iteration         2930 MCMCOBJ=    28251.126511838142     
 iteration         2940 MCMCOBJ=    28130.693181286239     
 iteration         2950 MCMCOBJ=    28242.236259350218     
 iteration         2960 MCMCOBJ=    28144.426644791005     
 iteration         2970 MCMCOBJ=    28143.599521886004     
 iteration         2980 MCMCOBJ=    28173.466289823442     
 iteration         2990 MCMCOBJ=    28175.419844141186     
 iteration         3000 MCMCOBJ=    28131.740573292893     
 iteration         3010 MCMCOBJ=    28091.437178383665     
 iteration         3020 MCMCOBJ=    28172.399175840441     
 iteration         3030 MCMCOBJ=    28253.649784736928     
 iteration         3040 MCMCOBJ=    28039.588426900566     
 iteration         3050 MCMCOBJ=    28134.463580631898     
 iteration         3060 MCMCOBJ=    28203.889507770917     
 iteration         3070 MCMCOBJ=    28233.076858677658     
 iteration         3080 MCMCOBJ=    28219.343892962130     
 iteration         3090 MCMCOBJ=    28142.498070389262     
 iteration         3100 MCMCOBJ=    28285.618590634254     
 iteration         3110 MCMCOBJ=    28245.179190538940     
 iteration         3120 MCMCOBJ=    28221.924533041325     
 iteration         3130 MCMCOBJ=    28243.761401191332     
 iteration         3140 MCMCOBJ=    28256.199415458112     
 iteration         3150 MCMCOBJ=    28192.093652612315     
 iteration         3160 MCMCOBJ=    28153.272226964582     
 iteration         3170 MCMCOBJ=    28147.792189757587     
 iteration         3180 MCMCOBJ=    28154.753877586681     
 iteration         3190 MCMCOBJ=    28140.408899880447     
 iteration         3200 MCMCOBJ=    28190.723455734238     
 iteration         3210 MCMCOBJ=    28166.283888010505     
 iteration         3220 MCMCOBJ=    28181.024060611024     
 iteration         3230 MCMCOBJ=    28177.250520024954     
 iteration         3240 MCMCOBJ=    28077.514135574995     
 iteration         3250 MCMCOBJ=    28240.471795228630     
 iteration         3260 MCMCOBJ=    28176.530817811945     
 iteration         3270 MCMCOBJ=    28256.819414096288     
 iteration         3280 MCMCOBJ=    28152.404666427385     
 iteration         3290 MCMCOBJ=    28139.026552685602     
 iteration         3300 MCMCOBJ=    28179.111762972221     
 iteration         3310 MCMCOBJ=    28166.311757570700     
 iteration         3320 MCMCOBJ=    28184.096131418079     
 iteration         3330 MCMCOBJ=    28199.367256996116     
 iteration         3340 MCMCOBJ=    28191.020937530531     
 iteration         3350 MCMCOBJ=    28206.198348055317     
 iteration         3360 MCMCOBJ=    28289.425898756628     
 iteration         3370 MCMCOBJ=    28118.607263084963     
 iteration         3380 MCMCOBJ=    28141.791035085116     
 iteration         3390 MCMCOBJ=    28236.723655621332     
 iteration         3400 MCMCOBJ=    28270.064616971478     
 iteration         3410 MCMCOBJ=    28215.970035998474     
 iteration         3420 MCMCOBJ=    28217.659889263305     
 iteration         3430 MCMCOBJ=    28227.353165502132     
 iteration         3440 MCMCOBJ=    28185.752609866824     
 iteration         3450 MCMCOBJ=    28232.843408235949     
 iteration         3460 MCMCOBJ=    28157.572239670677     
 iteration         3470 MCMCOBJ=    28067.443404731355     
 iteration         3480 MCMCOBJ=    28186.818689235446     
 iteration         3490 MCMCOBJ=    28225.878201249445     
 iteration         3500 MCMCOBJ=    28135.931593072026     
 iteration         3510 MCMCOBJ=    28075.689198939475     
 iteration         3520 MCMCOBJ=    28244.514596059020     
 iteration         3530 MCMCOBJ=    28117.573348544127     
 iteration         3540 MCMCOBJ=    28222.810675499270     
 iteration         3550 MCMCOBJ=    28141.009456107502     
 iteration         3560 MCMCOBJ=    28124.062753732051     
 iteration         3570 MCMCOBJ=    28163.202817305289     
 iteration         3580 MCMCOBJ=    28182.755982652452     
 iteration         3590 MCMCOBJ=    28228.927944318209     
 iteration         3600 MCMCOBJ=    28219.089053916861     
 iteration         3610 MCMCOBJ=    28123.719762665034     
 iteration         3620 MCMCOBJ=    28140.395559657311     
 iteration         3630 MCMCOBJ=    28115.486742255191     
 iteration         3640 MCMCOBJ=    28158.508909891993     
 iteration         3650 MCMCOBJ=    28244.510495252060     
 iteration         3660 MCMCOBJ=    28154.814749407560     
 iteration         3670 MCMCOBJ=    28096.353267678216     
 iteration         3680 MCMCOBJ=    28206.112165464579     
 iteration         3690 MCMCOBJ=    28182.647735056984     
 iteration         3700 MCMCOBJ=    28250.233560203298     
 iteration         3710 MCMCOBJ=    28098.292117678684     
 iteration         3720 MCMCOBJ=    28195.552907663587     
 iteration         3730 MCMCOBJ=    28143.410429391253     
 iteration         3740 MCMCOBJ=    28151.292265549127     
 iteration         3750 MCMCOBJ=    28120.849927048966     
 iteration         3760 MCMCOBJ=    28185.702037454506     
 iteration         3770 MCMCOBJ=    28238.928070164424     
 iteration         3780 MCMCOBJ=    28241.319368947006     
 iteration         3790 MCMCOBJ=    28135.988475652117     
 iteration         3800 MCMCOBJ=    28153.210927635137     
 iteration         3810 MCMCOBJ=    28163.528732424427     
 iteration         3820 MCMCOBJ=    28317.903163112900     
 iteration         3830 MCMCOBJ=    28182.447141273726     
 iteration         3840 MCMCOBJ=    28189.883477584761     
 iteration         3850 MCMCOBJ=    28269.548358225144     
 iteration         3860 MCMCOBJ=    28193.231541174260     
 iteration         3870 MCMCOBJ=    28241.296755726788     
 iteration         3880 MCMCOBJ=    28222.606496102577     
 iteration         3890 MCMCOBJ=    28211.180958142748     
 iteration         3900 MCMCOBJ=    28218.318255238311     
 iteration         3910 MCMCOBJ=    28287.270700990895     
 iteration         3920 MCMCOBJ=    28205.198406262884     
 iteration         3930 MCMCOBJ=    28237.462723902467     
 iteration         3940 MCMCOBJ=    28212.493739989859     
 iteration         3950 MCMCOBJ=    28147.786824092706     
 iteration         3960 MCMCOBJ=    28184.956601369773     
 iteration         3970 MCMCOBJ=    28171.634685487352     
 iteration         3980 MCMCOBJ=    28218.924964704976     
 iteration         3990 MCMCOBJ=    28220.030431763320     
 iteration         4000 MCMCOBJ=    28293.831922834041     
 iteration         4010 MCMCOBJ=    28204.207904802985     
 iteration         4020 MCMCOBJ=    28199.264095918086     
 iteration         4030 MCMCOBJ=    28222.829061453394     
 iteration         4040 MCMCOBJ=    28220.088155113455     
 iteration         4050 MCMCOBJ=    28148.863749500400     
 iteration         4060 MCMCOBJ=    28234.031418365481     
 iteration         4070 MCMCOBJ=    28150.092839297173     
 iteration         4080 MCMCOBJ=    28117.550388381296     
 iteration         4090 MCMCOBJ=    28196.312988453414     
 iteration         4100 MCMCOBJ=    28151.230263461966     
 iteration         4110 MCMCOBJ=    28138.869026232063     
 iteration         4120 MCMCOBJ=    28163.881531635103     
 iteration         4130 MCMCOBJ=    28212.393099467889     
 iteration         4140 MCMCOBJ=    28209.494523672776     
 iteration         4150 MCMCOBJ=    28242.491547317462     
 iteration         4160 MCMCOBJ=    28228.539320548578     
 iteration         4170 MCMCOBJ=    28132.390176416684     
 iteration         4180 MCMCOBJ=    28189.775945301892     
 iteration         4190 MCMCOBJ=    28211.018793102528     
 iteration         4200 MCMCOBJ=    28206.306886697083     
 iteration         4210 MCMCOBJ=    28209.278987368503     
 iteration         4220 MCMCOBJ=    28211.309727422427     
 iteration         4230 MCMCOBJ=    28074.664358523849     
 iteration         4240 MCMCOBJ=    28127.278898920245     
 iteration         4250 MCMCOBJ=    28225.975451838138     
 iteration         4260 MCMCOBJ=    28229.537247858079     
 iteration         4270 MCMCOBJ=    28153.171535426034     
 iteration         4280 MCMCOBJ=    28213.400537454105     
 iteration         4290 MCMCOBJ=    28130.868122558852     
 iteration         4300 MCMCOBJ=    28274.149283976090     
 iteration         4310 MCMCOBJ=    28334.331216056882     
 iteration         4320 MCMCOBJ=    28240.268688291002     
 iteration         4330 MCMCOBJ=    28264.496235896509     
 iteration         4340 MCMCOBJ=    28228.768810941416     
 iteration         4350 MCMCOBJ=    28173.783248983073     
 iteration         4360 MCMCOBJ=    28126.157207265234     
 iteration         4370 MCMCOBJ=    28272.095561491966     
 iteration         4380 MCMCOBJ=    28202.988053273231     
 iteration         4390 MCMCOBJ=    28130.967285141123     
 iteration         4400 MCMCOBJ=    28264.987257756984     
 iteration         4410 MCMCOBJ=    28232.989714135987     
 iteration         4420 MCMCOBJ=    28249.248945955565     
 iteration         4430 MCMCOBJ=    28195.172179379872     
 iteration         4440 MCMCOBJ=    28245.632556750526     
 iteration         4450 MCMCOBJ=    28278.018604963196     
 iteration         4460 MCMCOBJ=    28322.548190103291     
 iteration         4470 MCMCOBJ=    28289.412362348594     
 iteration         4480 MCMCOBJ=    28133.811588923967     
 iteration         4490 MCMCOBJ=    28210.628697020627     
 iteration         4500 MCMCOBJ=    28131.838203578471     
 iteration         4510 MCMCOBJ=    28162.287519059933     
 iteration         4520 MCMCOBJ=    28211.339764872129     
 iteration         4530 MCMCOBJ=    28124.857286110702     
 iteration         4540 MCMCOBJ=    28175.411397494026     
 iteration         4550 MCMCOBJ=    28225.202464579266     
 iteration         4560 MCMCOBJ=    28161.364343613233     
 iteration         4570 MCMCOBJ=    28206.647918538412     
 iteration         4580 MCMCOBJ=    28204.970305549035     
 iteration         4590 MCMCOBJ=    28199.909364018593     
 iteration         4600 MCMCOBJ=    28102.256743531550     
 iteration         4610 MCMCOBJ=    28039.907351730650     
 iteration         4620 MCMCOBJ=    28134.692397048617     
 iteration         4630 MCMCOBJ=    28277.777509683801     
 iteration         4640 MCMCOBJ=    28212.927268451549     
 iteration         4650 MCMCOBJ=    28164.279034868603     
 iteration         4660 MCMCOBJ=    28262.578213291141     
 iteration         4670 MCMCOBJ=    28194.530206790900     
 iteration         4680 MCMCOBJ=    28241.280794152502     
 iteration         4690 MCMCOBJ=    28090.287343255201     
 iteration         4700 MCMCOBJ=    28168.838501682381     
 iteration         4710 MCMCOBJ=    28051.360686583354     
 iteration         4720 MCMCOBJ=    28168.728295187484     
 iteration         4730 MCMCOBJ=    28184.999824113733     
 iteration         4740 MCMCOBJ=    28235.838991282526     
 iteration         4750 MCMCOBJ=    28197.957364743674     
 iteration         4760 MCMCOBJ=    28122.754757681476     
 iteration         4770 MCMCOBJ=    28247.190790280347     
 iteration         4780 MCMCOBJ=    28174.045016077085     
 iteration         4790 MCMCOBJ=    28182.232951316524     
 iteration         4800 MCMCOBJ=    28211.042120169575     
 iteration         4810 MCMCOBJ=    28234.840152066474     
 iteration         4820 MCMCOBJ=    28207.281190796744     
 iteration         4830 MCMCOBJ=    28222.599208642536     
 iteration         4840 MCMCOBJ=    28249.651158416382     
 iteration         4850 MCMCOBJ=    28164.058428276949     
 iteration         4860 MCMCOBJ=    28170.983638831567     
 iteration         4870 MCMCOBJ=    28167.785139268555     
 iteration         4880 MCMCOBJ=    28217.361421137561     
 iteration         4890 MCMCOBJ=    28164.417431138576     
 iteration         4900 MCMCOBJ=    28223.752565865489     
 iteration         4910 MCMCOBJ=    28213.491392404150     
 iteration         4920 MCMCOBJ=    28128.338765815948     
 iteration         4930 MCMCOBJ=    28189.072347135851     
 iteration         4940 MCMCOBJ=    28158.613293206825     
 iteration         4950 MCMCOBJ=    28110.214433257006     
 iteration         4960 MCMCOBJ=    28207.414818003981     
 iteration         4970 MCMCOBJ=    28149.538530411657     
 iteration         4980 MCMCOBJ=    28119.956125420718     
 iteration         4990 MCMCOBJ=    28230.033130059190     
 iteration         5000 MCMCOBJ=    28212.391481618131     
 iteration         5010 MCMCOBJ=    28186.513197906643     
 iteration         5020 MCMCOBJ=    28151.914410539441     
 iteration         5030 MCMCOBJ=    28173.262897287175     
 iteration         5040 MCMCOBJ=    28148.186143212515     
 iteration         5050 MCMCOBJ=    28126.554798216399     
 iteration         5060 MCMCOBJ=    28215.726875986358     
 iteration         5070 MCMCOBJ=    28243.476058076190     
 iteration         5080 MCMCOBJ=    28333.374188469141     
 iteration         5090 MCMCOBJ=    28169.052851661225     
 iteration         5100 MCMCOBJ=    28206.650864655898     
 iteration         5110 MCMCOBJ=    28283.846201156561     
 iteration         5120 MCMCOBJ=    28109.056479263825     
 iteration         5130 MCMCOBJ=    28199.348896513453     
 iteration         5140 MCMCOBJ=    28309.153264153636     
 iteration         5150 MCMCOBJ=    28143.248624560289     
 iteration         5160 MCMCOBJ=    28194.237169452103     
 iteration         5170 MCMCOBJ=    28224.138820265096     
 iteration         5180 MCMCOBJ=    28135.501692297596     
 iteration         5190 MCMCOBJ=    28145.340477950504     
 iteration         5200 MCMCOBJ=    28132.445411081761     
 iteration         5210 MCMCOBJ=    28085.953431880658     
 iteration         5220 MCMCOBJ=    28184.728971323970     
 iteration         5230 MCMCOBJ=    28231.490934558547     
 iteration         5240 MCMCOBJ=    28236.601271780844     
 iteration         5250 MCMCOBJ=    28183.169011428236     
 iteration         5260 MCMCOBJ=    28125.125874009966     
 iteration         5270 MCMCOBJ=    28136.743761557162     
 iteration         5280 MCMCOBJ=    28165.673732545227     
 iteration         5290 MCMCOBJ=    28152.408105169940     
 iteration         5300 MCMCOBJ=    28152.012976308008     
 iteration         5310 MCMCOBJ=    28123.020399840341     
 iteration         5320 MCMCOBJ=    28199.097807005062     
 iteration         5330 MCMCOBJ=    28269.658631707436     
 iteration         5340 MCMCOBJ=    28154.218973998588     
 iteration         5350 MCMCOBJ=    28270.480742066360     
 iteration         5360 MCMCOBJ=    28262.049655338102     
 iteration         5370 MCMCOBJ=    28261.382727726985     
 iteration         5380 MCMCOBJ=    28245.069204587966     
 iteration         5390 MCMCOBJ=    28192.456463068465     
 iteration         5400 MCMCOBJ=    28166.788274461785     
 iteration         5410 MCMCOBJ=    28231.371558347924     
 iteration         5420 MCMCOBJ=    28188.012585225450     
 iteration         5430 MCMCOBJ=    28250.370613058050     
 iteration         5440 MCMCOBJ=    28207.695686060477     
 iteration         5450 MCMCOBJ=    28153.973747225631     
 iteration         5460 MCMCOBJ=    28236.856513883238     
 iteration         5470 MCMCOBJ=    28194.517015115598     
 iteration         5480 MCMCOBJ=    28249.218551767171     
 iteration         5490 MCMCOBJ=    28263.802065319160     
 iteration         5500 MCMCOBJ=    28175.780518480507     
 iteration         5510 MCMCOBJ=    28161.647723346989     
 iteration         5520 MCMCOBJ=    28148.870780867710     
 iteration         5530 MCMCOBJ=    28110.971856389187     
 iteration         5540 MCMCOBJ=    28259.671506308445     
 iteration         5550 MCMCOBJ=    28156.310517989008     
 iteration         5560 MCMCOBJ=    28109.167012042250     
 iteration         5570 MCMCOBJ=    28058.643901853175     
 iteration         5580 MCMCOBJ=    28158.309469634321     
 iteration         5590 MCMCOBJ=    28149.658116900329     
 iteration         5600 MCMCOBJ=    28230.245858872142     
 iteration         5610 MCMCOBJ=    28227.374198553949     
 iteration         5620 MCMCOBJ=    28213.180630668834     
 iteration         5630 MCMCOBJ=    28193.161302150773     
 iteration         5640 MCMCOBJ=    28138.345305197021     
 iteration         5650 MCMCOBJ=    28199.479474751985     
 iteration         5660 MCMCOBJ=    28229.342103734700     
 iteration         5670 MCMCOBJ=    28218.720484788970     
 iteration         5680 MCMCOBJ=    28140.051477138131     
 iteration         5690 MCMCOBJ=    28275.921973424691     
 iteration         5700 MCMCOBJ=    28196.175798042619     
 iteration         5710 MCMCOBJ=    28069.164480807784     
 iteration         5720 MCMCOBJ=    28279.636835009878     
 iteration         5730 MCMCOBJ=    28125.904357151998     
 iteration         5740 MCMCOBJ=    28154.250165080088     
 iteration         5750 MCMCOBJ=    28135.446388823784     
 iteration         5760 MCMCOBJ=    28214.580917189112     
 iteration         5770 MCMCOBJ=    28228.657963445028     
 iteration         5780 MCMCOBJ=    28186.231493322761     
 iteration         5790 MCMCOBJ=    28169.594712229260     
 iteration         5800 MCMCOBJ=    28211.871038321060     
 iteration         5810 MCMCOBJ=    28232.828942052744     
 iteration         5820 MCMCOBJ=    28207.599014391511     
 iteration         5830 MCMCOBJ=    28224.753365520748     
 iteration         5840 MCMCOBJ=    28177.911765613833     
 iteration         5850 MCMCOBJ=    28230.648656668240     
 iteration         5860 MCMCOBJ=    28239.059021473440     
 iteration         5870 MCMCOBJ=    28209.208573556600     
 iteration         5880 MCMCOBJ=    28191.129216642090     
 iteration         5890 MCMCOBJ=    28143.835747881123     
 iteration         5900 MCMCOBJ=    28198.681675516862     
 iteration         5910 MCMCOBJ=    28133.455258051767     
 iteration         5920 MCMCOBJ=    28237.754391500464     
 iteration         5930 MCMCOBJ=    28160.307267624674     
 iteration         5940 MCMCOBJ=    28199.864563911346     
 iteration         5950 MCMCOBJ=    28209.930313181048     
 iteration         5960 MCMCOBJ=    28146.423649970031     
 iteration         5970 MCMCOBJ=    28236.041294361115     
 iteration         5980 MCMCOBJ=    28260.590036705100     
 iteration         5990 MCMCOBJ=    28206.349644755392     
 iteration         6000 MCMCOBJ=    28101.101130244038     
 iteration         6010 MCMCOBJ=    28183.453030143835     
 iteration         6020 MCMCOBJ=    28199.933557871889     
 iteration         6030 MCMCOBJ=    28186.208724567859     
 iteration         6040 MCMCOBJ=    28217.859197157617     
 iteration         6050 MCMCOBJ=    28195.637296557325     
 iteration         6060 MCMCOBJ=    28176.811327241652     
 iteration         6070 MCMCOBJ=    28098.921191804959     
 iteration         6080 MCMCOBJ=    28158.995908247605     
 iteration         6090 MCMCOBJ=    28207.187926625578     
 iteration         6100 MCMCOBJ=    28138.845831469087     
 iteration         6110 MCMCOBJ=    28202.449836469263     
 iteration         6120 MCMCOBJ=    28185.668522010110     
 iteration         6130 MCMCOBJ=    28210.541713037648     
 iteration         6140 MCMCOBJ=    28247.824879832879     
 iteration         6150 MCMCOBJ=    28163.169363386554     
 iteration         6160 MCMCOBJ=    28217.319695032860     
 iteration         6170 MCMCOBJ=    28143.986332094581     
 iteration         6180 MCMCOBJ=    28189.569176218847     
 iteration         6190 MCMCOBJ=    28175.205495823917     
 iteration         6200 MCMCOBJ=    28251.177985182861     
 iteration         6210 MCMCOBJ=    28184.343348963666     
 iteration         6220 MCMCOBJ=    28171.870316106677     
 iteration         6230 MCMCOBJ=    28223.905882125444     
 iteration         6240 MCMCOBJ=    28180.874305307520     
 iteration         6250 MCMCOBJ=    28231.571198957023     
 iteration         6260 MCMCOBJ=    28169.461006019599     
 iteration         6270 MCMCOBJ=    28146.463198937181     
 iteration         6280 MCMCOBJ=    28245.151222423417     
 iteration         6290 MCMCOBJ=    28192.271237329111     
 iteration         6300 MCMCOBJ=    28135.041968604972     
 iteration         6310 MCMCOBJ=    28174.070374523857     
 iteration         6320 MCMCOBJ=    28229.695649347763     
 iteration         6330 MCMCOBJ=    28138.446878729446     
 iteration         6340 MCMCOBJ=    28097.100710689960     
 iteration         6350 MCMCOBJ=    28189.841459506875     
 iteration         6360 MCMCOBJ=    28227.700087719531     
 iteration         6370 MCMCOBJ=    28263.813338808392     
 iteration         6380 MCMCOBJ=    28275.131074945701     
 iteration         6390 MCMCOBJ=    28294.926497079858     
 iteration         6400 MCMCOBJ=    28291.281386812807     
 iteration         6410 MCMCOBJ=    28200.582351747358     
 iteration         6420 MCMCOBJ=    28221.158462224150     
 iteration         6430 MCMCOBJ=    28238.645618469902     
 iteration         6440 MCMCOBJ=    28165.032586269477     
 iteration         6450 MCMCOBJ=    28217.837416102913     
 iteration         6460 MCMCOBJ=    28213.208731428364     
 iteration         6470 MCMCOBJ=    28197.395866073231     
 iteration         6480 MCMCOBJ=    28131.385198448326     
 iteration         6490 MCMCOBJ=    28169.515239629727     
 iteration         6500 MCMCOBJ=    28201.867611243295     
 iteration         6510 MCMCOBJ=    28190.979526313888     
 iteration         6520 MCMCOBJ=    28149.813840977724     
 iteration         6530 MCMCOBJ=    28207.864540314637     
 iteration         6540 MCMCOBJ=    28177.473716132390     
 iteration         6550 MCMCOBJ=    28151.132330754499     
 iteration         6560 MCMCOBJ=    28159.476142869389     
 iteration         6570 MCMCOBJ=    28242.191910663281     
 iteration         6580 MCMCOBJ=    28170.183545738011     
 iteration         6590 MCMCOBJ=    28132.780168832644     
 iteration         6600 MCMCOBJ=    28143.883800951993     
 iteration         6610 MCMCOBJ=    28221.976010184011     
 iteration         6620 MCMCOBJ=    28178.890608096219     
 iteration         6630 MCMCOBJ=    28150.696758037520     
 iteration         6640 MCMCOBJ=    28214.792581655100     
 iteration         6650 MCMCOBJ=    28203.280931009631     
 iteration         6660 MCMCOBJ=    28183.956552793567     
 iteration         6670 MCMCOBJ=    28255.057447205778     
 iteration         6680 MCMCOBJ=    28195.551879687901     
 iteration         6690 MCMCOBJ=    28263.445037605841     
 iteration         6700 MCMCOBJ=    28224.909602581389     
 iteration         6710 MCMCOBJ=    28221.466744978145     
 iteration         6720 MCMCOBJ=    28229.297990999574     
 iteration         6730 MCMCOBJ=    28265.354768339359     
 iteration         6740 MCMCOBJ=    28233.456300421192     
 iteration         6750 MCMCOBJ=    28139.637254028348     
 iteration         6760 MCMCOBJ=    28169.743510123320     
 iteration         6770 MCMCOBJ=    28214.629766277667     
 iteration         6780 MCMCOBJ=    28245.250142915495     
 iteration         6790 MCMCOBJ=    28225.036392737922     
 iteration         6800 MCMCOBJ=    28167.491436639946     
 iteration         6810 MCMCOBJ=    28116.116975122335     
 iteration         6820 MCMCOBJ=    28253.212501171336     
 iteration         6830 MCMCOBJ=    28193.933187332335     
 iteration         6840 MCMCOBJ=    28242.497297164180     
 iteration         6850 MCMCOBJ=    28143.343263064286     
 iteration         6860 MCMCOBJ=    28264.777590236303     
 iteration         6870 MCMCOBJ=    28161.808904485988     
 iteration         6880 MCMCOBJ=    28199.633403880478     
 iteration         6890 MCMCOBJ=    28200.181283083904     
 iteration         6900 MCMCOBJ=    28140.922435293964     
 iteration         6910 MCMCOBJ=    28186.999139105814     
 iteration         6920 MCMCOBJ=    28216.502748184073     
 iteration         6930 MCMCOBJ=    28137.026301640439     
 iteration         6940 MCMCOBJ=    28164.718178484531     
 iteration         6950 MCMCOBJ=    28177.875330661900     
 iteration         6960 MCMCOBJ=    28237.778173230694     
 iteration         6970 MCMCOBJ=    28252.397532916097     
 iteration         6980 MCMCOBJ=    28225.983828146476     
 iteration         6990 MCMCOBJ=    28174.727890789178     
 iteration         7000 MCMCOBJ=    28244.185283214556     
 iteration         7010 MCMCOBJ=    28195.899146693413     
 iteration         7020 MCMCOBJ=    28171.762378307827     
 iteration         7030 MCMCOBJ=    28168.317011457118     
 iteration         7040 MCMCOBJ=    28118.289776528007     
 iteration         7050 MCMCOBJ=    28109.681510421371     
 iteration         7060 MCMCOBJ=    28274.464849919739     
 iteration         7070 MCMCOBJ=    28207.531607230951     
 iteration         7080 MCMCOBJ=    28211.030991408588     
 iteration         7090 MCMCOBJ=    28242.794972038140     
 iteration         7100 MCMCOBJ=    28223.450499871600     
 iteration         7110 MCMCOBJ=    28224.933439306493     
 iteration         7120 MCMCOBJ=    28197.876578761938     
 iteration         7130 MCMCOBJ=    28166.180108716308     
 iteration         7140 MCMCOBJ=    28197.428845661150     
 iteration         7150 MCMCOBJ=    28221.055004532500     
 iteration         7160 MCMCOBJ=    28123.736639717605     
 iteration         7170 MCMCOBJ=    28239.005689683087     
 iteration         7180 MCMCOBJ=    28103.678608868504     
 iteration         7190 MCMCOBJ=    28173.827951062482     
 iteration         7200 MCMCOBJ=    28126.893340965657     
 iteration         7210 MCMCOBJ=    28213.802559020514     
 iteration         7220 MCMCOBJ=    28147.573003847272     
 iteration         7230 MCMCOBJ=    28195.371170524046     
 iteration         7240 MCMCOBJ=    28120.723176693056     
 iteration         7250 MCMCOBJ=    28191.999636628992     
 iteration         7260 MCMCOBJ=    28260.149103164200     
 iteration         7270 MCMCOBJ=    28164.899166889772     
 iteration         7280 MCMCOBJ=    28163.349031960188     
 iteration         7290 MCMCOBJ=    28244.744821525182     
 iteration         7300 MCMCOBJ=    28264.778597174311     
 iteration         7310 MCMCOBJ=    28162.223791747852     
 iteration         7320 MCMCOBJ=    28263.258548484999     
 iteration         7330 MCMCOBJ=    28267.331087152455     
 iteration         7340 MCMCOBJ=    28154.861772385153     
 iteration         7350 MCMCOBJ=    28240.026952959910     
 iteration         7360 MCMCOBJ=    28200.639155137807     
 iteration         7370 MCMCOBJ=    28238.139576839007     
 iteration         7380 MCMCOBJ=    28247.443829726450     
 iteration         7390 MCMCOBJ=    28175.277520093474     
 iteration         7400 MCMCOBJ=    28190.531367358588     
 iteration         7410 MCMCOBJ=    28235.426543255351     
 iteration         7420 MCMCOBJ=    28169.773295123141     
 iteration         7430 MCMCOBJ=    28217.641834623806     
 iteration         7440 MCMCOBJ=    28203.589701835423     
 iteration         7450 MCMCOBJ=    28145.163080763246     
 iteration         7460 MCMCOBJ=    28153.750573664951     
 iteration         7470 MCMCOBJ=    28135.234546606687     
 iteration         7480 MCMCOBJ=    28146.077197224400     
 iteration         7490 MCMCOBJ=    28108.689750563230     
 iteration         7500 MCMCOBJ=    28224.494966385810     
 iteration         7510 MCMCOBJ=    28074.449567681037     
 iteration         7520 MCMCOBJ=    28210.106322655829     
 iteration         7530 MCMCOBJ=    28138.587537564774     
 iteration         7540 MCMCOBJ=    28207.498006776623     
 iteration         7550 MCMCOBJ=    28222.475802890138     
 iteration         7560 MCMCOBJ=    28147.488163380054     
 iteration         7570 MCMCOBJ=    28191.948157815288     
 iteration         7580 MCMCOBJ=    28222.302435292117     
 iteration         7590 MCMCOBJ=    28209.330519237086     
 iteration         7600 MCMCOBJ=    28150.213347135093     
 iteration         7610 MCMCOBJ=    28221.107864503196     
 iteration         7620 MCMCOBJ=    28240.052404432525     
 iteration         7630 MCMCOBJ=    28073.610082090236     
 iteration         7640 MCMCOBJ=    28171.400250082857     
 iteration         7650 MCMCOBJ=    28148.003861700527     
 iteration         7660 MCMCOBJ=    28123.233288103937     
 iteration         7670 MCMCOBJ=    28142.769633450971     
 iteration         7680 MCMCOBJ=    28165.927439466879     
 iteration         7690 MCMCOBJ=    28186.031163849617     
 iteration         7700 MCMCOBJ=    28199.848133520336     
 iteration         7710 MCMCOBJ=    28155.421661132339     
 iteration         7720 MCMCOBJ=    28106.591167242324     
 iteration         7730 MCMCOBJ=    28275.773354842873     
 iteration         7740 MCMCOBJ=    28280.014707641109     
 iteration         7750 MCMCOBJ=    28110.738031240937     
 iteration         7760 MCMCOBJ=    28279.738275348696     
 iteration         7770 MCMCOBJ=    28182.913348305130     
 iteration         7780 MCMCOBJ=    28150.508820393414     
 iteration         7790 MCMCOBJ=    28154.735985791838     
 iteration         7800 MCMCOBJ=    28169.974369249481     
 iteration         7810 MCMCOBJ=    28169.722146996584     
 iteration         7820 MCMCOBJ=    28157.854797418164     
 iteration         7830 MCMCOBJ=    28202.695721402863     
 iteration         7840 MCMCOBJ=    28117.213579044765     
 iteration         7850 MCMCOBJ=    28218.740378551312     
 iteration         7860 MCMCOBJ=    28114.540083185904     
 iteration         7870 MCMCOBJ=    28123.232816865671     
 iteration         7880 MCMCOBJ=    28173.950669461454     
 iteration         7890 MCMCOBJ=    28138.624843365007     
 iteration         7900 MCMCOBJ=    28301.403169170113     
 iteration         7910 MCMCOBJ=    28160.559261287362     
 iteration         7920 MCMCOBJ=    28221.777100453299     
 iteration         7930 MCMCOBJ=    28188.365488359974     
 iteration         7940 MCMCOBJ=    28221.305901890428     
 iteration         7950 MCMCOBJ=    28261.382355392423     
 iteration         7960 MCMCOBJ=    28204.010038748449     
 iteration         7970 MCMCOBJ=    28192.363296523494     
 iteration         7980 MCMCOBJ=    28204.480943519182     
 iteration         7990 MCMCOBJ=    28203.191513533340     
 iteration         8000 MCMCOBJ=    28159.043909899054     
 iteration         8010 MCMCOBJ=    28162.051699502576     
 iteration         8020 MCMCOBJ=    28104.011403680659     
 iteration         8030 MCMCOBJ=    28209.785159088366     
 iteration         8040 MCMCOBJ=    28182.707132386528     
 iteration         8050 MCMCOBJ=    28162.199769105504     
 iteration         8060 MCMCOBJ=    28181.546946379462     
 iteration         8070 MCMCOBJ=    28146.647039244122     
 iteration         8080 MCMCOBJ=    28190.169134115280     
 iteration         8090 MCMCOBJ=    28217.590838546206     
 iteration         8100 MCMCOBJ=    28224.179554695460     
 iteration         8110 MCMCOBJ=    28229.054383265164     
 iteration         8120 MCMCOBJ=    28282.540352875920     
 iteration         8130 MCMCOBJ=    28128.133995424494     
 iteration         8140 MCMCOBJ=    28217.526581453592     
 iteration         8150 MCMCOBJ=    28135.140583831428     
 iteration         8160 MCMCOBJ=    28237.882412743482     
 iteration         8170 MCMCOBJ=    28186.197272480640     
 iteration         8180 MCMCOBJ=    28130.678029734529     
 iteration         8190 MCMCOBJ=    28139.081108533901     
 iteration         8200 MCMCOBJ=    28171.597657120201     
 iteration         8210 MCMCOBJ=    28223.778325840012     
 iteration         8220 MCMCOBJ=    28104.666786988513     
 iteration         8230 MCMCOBJ=    28139.055173298832     
 iteration         8240 MCMCOBJ=    28148.115467496558     
 iteration         8250 MCMCOBJ=    28210.059200562529     
 iteration         8260 MCMCOBJ=    28165.299606136035     
 iteration         8270 MCMCOBJ=    28199.356526940082     
 iteration         8280 MCMCOBJ=    28187.896049000381     
 iteration         8290 MCMCOBJ=    28209.023200316275     
 iteration         8300 MCMCOBJ=    28185.233921419531     
 iteration         8310 MCMCOBJ=    28251.176522847058     
 iteration         8320 MCMCOBJ=    28199.437106565132     
 iteration         8330 MCMCOBJ=    28163.604300101630     
 iteration         8340 MCMCOBJ=    28283.809154610630     
 iteration         8350 MCMCOBJ=    28196.442252231755     
 iteration         8360 MCMCOBJ=    28193.821117958090     
 iteration         8370 MCMCOBJ=    28162.649996072672     
 iteration         8380 MCMCOBJ=    28208.931740277269     
 iteration         8390 MCMCOBJ=    28212.872245232131     
 iteration         8400 MCMCOBJ=    28161.669663249693     
 iteration         8410 MCMCOBJ=    28182.573981494857     
 iteration         8420 MCMCOBJ=    28172.085616417899     
 iteration         8430 MCMCOBJ=    28164.305704731200     
 iteration         8440 MCMCOBJ=    28131.450331625027     
 iteration         8450 MCMCOBJ=    28180.124943944287     
 iteration         8460 MCMCOBJ=    28330.933443280806     
 iteration         8470 MCMCOBJ=    28236.781810108754     
 iteration         8480 MCMCOBJ=    28261.957021507831     
 iteration         8490 MCMCOBJ=    28201.697469972023     
 iteration         8500 MCMCOBJ=    28210.559811964788     
 iteration         8510 MCMCOBJ=    28275.296216125098     
 iteration         8520 MCMCOBJ=    28191.873784668936     
 iteration         8530 MCMCOBJ=    28278.780773174316     
 iteration         8540 MCMCOBJ=    28165.729169424627     
 iteration         8550 MCMCOBJ=    28166.959685401460     
 iteration         8560 MCMCOBJ=    28202.684207536273     
 iteration         8570 MCMCOBJ=    28156.837786417240     
 iteration         8580 MCMCOBJ=    28146.290304574810     
 iteration         8590 MCMCOBJ=    28140.462198572717     
 iteration         8600 MCMCOBJ=    28261.838351396684     
 iteration         8610 MCMCOBJ=    28216.991175396783     
 iteration         8620 MCMCOBJ=    28131.462582427292     
 iteration         8630 MCMCOBJ=    28215.554753452881     
 iteration         8640 MCMCOBJ=    28275.223803840825     
 iteration         8650 MCMCOBJ=    28187.798477951914     
 iteration         8660 MCMCOBJ=    28243.029897912675     
 iteration         8670 MCMCOBJ=    28256.323799654794     
 iteration         8680 MCMCOBJ=    28194.580490273805     
 iteration         8690 MCMCOBJ=    28161.249375384043     
 iteration         8700 MCMCOBJ=    28173.409719248088     
 iteration         8710 MCMCOBJ=    28168.636079856082     
 iteration         8720 MCMCOBJ=    28124.566009501516     
 iteration         8730 MCMCOBJ=    28209.000425232138     
 iteration         8740 MCMCOBJ=    28235.313207517989     
 iteration         8750 MCMCOBJ=    28188.723866668002     
 iteration         8760 MCMCOBJ=    28131.466019554660     
 iteration         8770 MCMCOBJ=    28232.051215334901     
 iteration         8780 MCMCOBJ=    28188.853092824909     
 iteration         8790 MCMCOBJ=    28152.279823995970     
 iteration         8800 MCMCOBJ=    28236.626589808388     
 iteration         8810 MCMCOBJ=    28225.019432393397     
 iteration         8820 MCMCOBJ=    28275.713592833068     
 iteration         8830 MCMCOBJ=    28281.795401030427     
 iteration         8840 MCMCOBJ=    28253.611553657571     
 iteration         8850 MCMCOBJ=    28187.313095572841     
 iteration         8860 MCMCOBJ=    28213.243748397341     
 iteration         8870 MCMCOBJ=    28182.516367616867     
 iteration         8880 MCMCOBJ=    28273.972974155189     
 iteration         8890 MCMCOBJ=    28163.099111098938     
 iteration         8900 MCMCOBJ=    28183.170194200542     
 iteration         8910 MCMCOBJ=    28221.951283064533     
 iteration         8920 MCMCOBJ=    28229.755576952804     
 iteration         8930 MCMCOBJ=    28168.167518642585     
 iteration         8940 MCMCOBJ=    28142.454530511557     
 iteration         8950 MCMCOBJ=    28158.529195581337     
 iteration         8960 MCMCOBJ=    28196.758034492021     
 iteration         8970 MCMCOBJ=    28195.971743553677     
 iteration         8980 MCMCOBJ=    28186.157167221951     
 iteration         8990 MCMCOBJ=    28127.507601326302     
 iteration         9000 MCMCOBJ=    28237.817966859307     
 iteration         9010 MCMCOBJ=    28202.458689205541     
 iteration         9020 MCMCOBJ=    28217.376524235860     
 iteration         9030 MCMCOBJ=    28156.352452365183     
 iteration         9040 MCMCOBJ=    28117.123828551950     
 iteration         9050 MCMCOBJ=    28170.647632169192     
 iteration         9060 MCMCOBJ=    28283.054493552401     
 iteration         9070 MCMCOBJ=    28126.609245772495     
 iteration         9080 MCMCOBJ=    28254.123825216640     
 iteration         9090 MCMCOBJ=    28123.838895445348     
 iteration         9100 MCMCOBJ=    28106.282708831124     
 iteration         9110 MCMCOBJ=    28200.632960372863     
 iteration         9120 MCMCOBJ=    28180.266801948830     
 iteration         9130 MCMCOBJ=    28222.409756210676     
 iteration         9140 MCMCOBJ=    28153.892962438353     
 iteration         9150 MCMCOBJ=    28232.180024886802     
 iteration         9160 MCMCOBJ=    28210.996320587059     
 iteration         9170 MCMCOBJ=    28165.915233448686     
 iteration         9180 MCMCOBJ=    28207.824642568867     
 iteration         9190 MCMCOBJ=    28189.760878409477     
 iteration         9200 MCMCOBJ=    28178.935308728185     
 iteration         9210 MCMCOBJ=    28198.622234892904     
 iteration         9220 MCMCOBJ=    28229.957848634032     
 iteration         9230 MCMCOBJ=    28203.879184741756     
 iteration         9240 MCMCOBJ=    28193.853021040151     
 iteration         9250 MCMCOBJ=    28138.832621320409     
 iteration         9260 MCMCOBJ=    28118.870345371521     
 iteration         9270 MCMCOBJ=    28207.360153782200     
 iteration         9280 MCMCOBJ=    28196.350012742339     
 iteration         9290 MCMCOBJ=    28286.371877444111     
 iteration         9300 MCMCOBJ=    28149.446386825803     
 iteration         9310 MCMCOBJ=    28167.343216196023     
 iteration         9320 MCMCOBJ=    28221.153868303521     
 iteration         9330 MCMCOBJ=    28146.235602824538     
 iteration         9340 MCMCOBJ=    28196.559075459965     
 iteration         9350 MCMCOBJ=    28210.813300574577     
 iteration         9360 MCMCOBJ=    28174.230685944782     
 iteration         9370 MCMCOBJ=    28203.061394170294     
 iteration         9380 MCMCOBJ=    28268.063555406115     
 iteration         9390 MCMCOBJ=    28208.737918189025     
 iteration         9400 MCMCOBJ=    28206.821998666568     
 iteration         9410 MCMCOBJ=    28089.203450314722     
 iteration         9420 MCMCOBJ=    28156.775084087811     
 iteration         9430 MCMCOBJ=    28192.793432714385     
 iteration         9440 MCMCOBJ=    28196.394311077835     
 iteration         9450 MCMCOBJ=    28236.807150702189     
 iteration         9460 MCMCOBJ=    28191.343175211190     
 iteration         9470 MCMCOBJ=    28199.903172450959     
 iteration         9480 MCMCOBJ=    28121.884256995425     
 iteration         9490 MCMCOBJ=    28209.286582139259     
 iteration         9500 MCMCOBJ=    28211.379636358197     
 iteration         9510 MCMCOBJ=    28222.198440499109     
 iteration         9520 MCMCOBJ=    28270.871642021651     
 iteration         9530 MCMCOBJ=    28187.868917610154     
 iteration         9540 MCMCOBJ=    28188.068304526634     
 iteration         9550 MCMCOBJ=    28262.304130338081     
 iteration         9560 MCMCOBJ=    28257.103015857887     
 iteration         9570 MCMCOBJ=    28230.749279669923     
 iteration         9580 MCMCOBJ=    28125.687199896351     
 iteration         9590 MCMCOBJ=    28078.391694772348     
 iteration         9600 MCMCOBJ=    28231.024115828968     
 iteration         9610 MCMCOBJ=    28167.126085009935     
 iteration         9620 MCMCOBJ=    28140.875564471327     
 iteration         9630 MCMCOBJ=    28139.848523419529     
 iteration         9640 MCMCOBJ=    28169.323500064958     
 iteration         9650 MCMCOBJ=    28265.695347607987     
 iteration         9660 MCMCOBJ=    28214.849948843643     
 iteration         9670 MCMCOBJ=    28076.202636479109     
 iteration         9680 MCMCOBJ=    28118.441554330075     
 iteration         9690 MCMCOBJ=    28173.133968190014     
 iteration         9700 MCMCOBJ=    28254.306305264916     
 iteration         9710 MCMCOBJ=    28193.595459900942     
 iteration         9720 MCMCOBJ=    28274.910866763479     
 iteration         9730 MCMCOBJ=    28200.879125258834     
 iteration         9740 MCMCOBJ=    28170.403312370454     
 iteration         9750 MCMCOBJ=    28157.928695748345     
 iteration         9760 MCMCOBJ=    28262.462294543522     
 iteration         9770 MCMCOBJ=    28187.567643693023     
 iteration         9780 MCMCOBJ=    28231.677384689458     
 iteration         9790 MCMCOBJ=    28220.621190413822     
 iteration         9800 MCMCOBJ=    28259.294596396001     
 iteration         9810 MCMCOBJ=    28179.878450211552     
 iteration         9820 MCMCOBJ=    28164.835622775980     
 iteration         9830 MCMCOBJ=    28260.706712983560     
 iteration         9840 MCMCOBJ=    28167.803153271885     
 iteration         9850 MCMCOBJ=    28156.843653860666     
 iteration         9860 MCMCOBJ=    28121.318873577777     
 iteration         9870 MCMCOBJ=    28272.495484802806     
 iteration         9880 MCMCOBJ=    28154.867080135900     
 iteration         9890 MCMCOBJ=    28223.136562170377     
 iteration         9900 MCMCOBJ=    28227.613356856324     
 iteration         9910 MCMCOBJ=    28215.666706587552     
 iteration         9920 MCMCOBJ=    28180.169347476942     
 iteration         9930 MCMCOBJ=    28294.020464717589     
 iteration         9940 MCMCOBJ=    28234.778594366941     
 iteration         9950 MCMCOBJ=    28297.362794951256     
 iteration         9960 MCMCOBJ=    28201.621905804037     
 iteration         9970 MCMCOBJ=    28225.057446206760     
 iteration         9980 MCMCOBJ=    28281.635632078465     
 iteration         9990 MCMCOBJ=    28289.875018359722     
 iteration        10000 MCMCOBJ=    28307.458156816767     
 Elapsed estimation  time in seconds:   901.39
 BURN-IN WAS NOT TESTED FOR CONVERGENCE
 STATISTICAL PORTION WAS COMPLETED

 Elapsed covariance  time in seconds:     0.00
 Minimum value for a list item exceeded:      1
 Parallelization Warnings are in FPWARN
 Minimum value for a list item exceeded:      1
 Parallelization Warnings are in FPWARN
 Elapsed postprocess time in seconds:     4.04
 Elapsed finaloutput time in seconds:     0.28
Done with nonmem execution
