PARAFILE=1000-1.pnm, PROTOCOL=MPI, NODES= 2
TABLE NO.     1: MCMC Bayesian Analysis: Goal Function=AVERAGE VALUE OF LIKELIHOOD FUNCTION: Problem=1 Subproblem=0 Superproblem1=0 Iteration1=0 Superproblem2=0 Iteration2=0
 ITERATION        -1000
 STARTING SUBJECTS          1 TO       80 ON MANAGER: OK
 STARTING SUBJECTS         81 TO      160 ON WORKER1: OK
 COLLECTING SUBJECTS        1 TO       80 ON MANAGER
 COLLECTING SUBJECTS       81 TO      160 ON WORKER1
 Tot. mngr. proc.   Time for this  Iteration  (DDD:HH:MM:SS.DD) 000:00:00:00.02
 Total Load         Time for this  Iteration  (DDD:HH:MM:SS.DD) 000:00:00:00.00
 Total Computation  Time for this  Iteration  (DDD:HH:MM:SS.DD) 000:00:00:00.10
 Accum. mngr. proc. Time among all Iterations (DDD:HH:MM:SS.DD) 000:00:00:15.60
 Accumulated Load   Time among all Iterations (DDD:HH:MM:SS.DD) 000:00:00:01.93
 Accumulated Comp.  Time among all Iterations (DDD:HH:MM:SS.DD) 000:00:01:45.08
 Accumulated CPU    Time of present job       (DDD:HH:MM:SS.DD) 000:00:01:32.99

 ITERATION           -1
 STARTING SUBJECTS          1 TO       79 ON MANAGER: OK
 STARTING SUBJECTS         80 TO      160 ON WORKER1: OK
 COLLECTING SUBJECTS        1 TO       79 ON MANAGER
 COLLECTING SUBJECTS       80 TO      160 ON WORKER1
 Tot. mngr. proc.   Time for this  Iteration  (DDD:HH:MM:SS.DD) 000:00:00:00.02
 Total Load         Time for this  Iteration  (DDD:HH:MM:SS.DD) 000:00:00:00.00
 Total Computation  Time for this  Iteration  (DDD:HH:MM:SS.DD) 000:00:00:00.10
 Accum. mngr. proc. Time among all Iterations (DDD:HH:MM:SS.DD) 000:00:00:15.61
 Accumulated Load   Time among all Iterations (DDD:HH:MM:SS.DD) 000:00:00:01.93
 Accumulated Comp.  Time among all Iterations (DDD:HH:MM:SS.DD) 000:00:01:45.18
 Accumulated CPU    Time of present job       (DDD:HH:MM:SS.DD) 000:00:01:32.99

 ITERATION            0
 STARTING SUBJECTS          1 TO       79 ON MANAGER: OK
 STARTING SUBJECTS         80 TO      160 ON WORKER1: OK
 COLLECTING SUBJECTS        1 TO       79 ON MANAGER
 COLLECTING SUBJECTS       80 TO      160 ON WORKER1
 Tot. mngr. proc.   Time for this  Iteration  (DDD:HH:MM:SS.DD) 000:00:00:00.02
 Total Load         Time for this  Iteration  (DDD:HH:MM:SS.DD) 000:00:00:00.00
 Total Computation  Time for this  Iteration  (DDD:HH:MM:SS.DD) 000:00:00:00.11
 Accum. mngr. proc. Time among all Iterations (DDD:HH:MM:SS.DD) 000:00:02:52.51
 Accumulated Load   Time among all Iterations (DDD:HH:MM:SS.DD) 000:00:00:20.32
 Accumulated Comp.  Time among all Iterations (DDD:HH:MM:SS.DD) 000:00:19:21.08
 Accumulated CPU    Time of present job       (DDD:HH:MM:SS.DD) 000:00:23:32.48

 ITERATION        10000
 STARTING SUBJECTS          1 TO       78 ON MANAGER: OK
 STARTING SUBJECTS         79 TO      160 ON WORKER1: OK
 COLLECTING SUBJECTS        1 TO       78 ON MANAGER
 COLLECTING SUBJECTS       79 TO      160 ON WORKER1
 ITERATION        10000
 STARTING SUBJECTS          1 TO       78 ON MANAGER: OK
 STARTING SUBJECTS         79 TO      160 ON WORKER1: OK
 COLLECTING SUBJECTS        1 TO       78 ON MANAGER
 COLLECTING SUBJECTS       79 TO      160 ON WORKER1
PARAFILE=1000-1.pnm, PROTOCOL=MPI, NODES= 2
FNLETA STEP : Problem=1 Subproblem=0 Superproblem1=0 Iteration1=0 Superproblem2=0 Iteration2=0
 ITERATION            0
 STARTING SUBJECTS          1 TO       80 ON MANAGER: OK
 STARTING SUBJECTS         81 TO      160 ON WORKER1: OK
 COLLECTING SUBJECTS        1 TO       80 ON MANAGER
 COLLECTING SUBJECTS       81 TO      160 ON WORKER1
PARAFILE=1000-1.pnm, PROTOCOL=MPI, NODES= 2
WRES STEP : Problem=1 Subproblem=0 Superproblem1=0 Iteration1=0 Superproblem2=0 Iteration2=0
 ITERATION            0
 STARTING SUBJECTS          1 TO       80 ON MANAGER: OK
 STARTING SUBJECTS         81 TO      160 ON WORKER1: OK
 COLLECTING SUBJECTS        1 TO       80 ON MANAGER
 COLLECTING SUBJECTS       81 TO      160 ON WORKER1
 Tot. mngr. proc.   Time for this  Iteration  (DDD:HH:MM:SS.DD) 000:00:00:00.01
 Total Load         Time for this  Iteration  (DDD:HH:MM:SS.DD) 000:00:00:00.01
 Total Computation  Time for this  Iteration  (DDD:HH:MM:SS.DD) 000:00:00:00.02
 Accum. mngr. proc. Time among all Iterations (DDD:HH:MM:SS.DD) 000:00:00:00.01
 Accumulated Load   Time among all Iterations (DDD:HH:MM:SS.DD) 000:00:00:00.01
 Accumulated Comp.  Time among all Iterations (DDD:HH:MM:SS.DD) 000:00:00:00.02
 Accumulated CPU    Time of present job       (DDD:HH:MM:SS.DD) 000:00:23:32.48

 ITERATION            1
 STARTING SUBJECTS          1 TO       58 ON MANAGER: OK
 STARTING SUBJECTS         59 TO      160 ON WORKER1: OK
 COLLECTING SUBJECTS        1 TO       58 ON MANAGER
 COLLECTING SUBJECTS       59 TO      160 ON WORKER1
