PARAFILE=2004_1.pnm, PROTOCOL=MPI, NODES= 2
TABLE NO.     1: MCMC Bayesian Analysis: Goal Function=AVERAGE VALUE OF LIKELIHOOD FUNCTION: Problem=1 Subproblem=0 Superproblem1=0 Iteration1=0 Superproblem2=0 Iteration2=0
 ITERATION        -1000
 STARTING SUBJECTS          1 TO       20 ON MANAGER: OK
 STARTING SUBJECTS         21 TO       39 ON WORKER1: OK
 COLLECTING SUBJECTS        1 TO       20 ON MANAGER
 COLLECTING SUBJECTS       21 TO       39 ON WORKER1
 ITERATION        -1000
 STARTING SUBJECTS          1 TO       20 ON MANAGER: OK
 STARTING SUBJECTS         21 TO       39 ON WORKER1: OK
 COLLECTING SUBJECTS        1 TO       20 ON MANAGER
 COLLECTING SUBJECTS       21 TO       39 ON WORKER1
 ITERATION        -1000
 STARTING SUBJECTS          1 TO       20 ON MANAGER: OK
 STARTING SUBJECTS         21 TO       39 ON WORKER1: OK
 COLLECTING SUBJECTS        1 TO       20 ON MANAGER
 COLLECTING SUBJECTS       21 TO       39 ON WORKER1
 ITERATION        -1000
 STARTING SUBJECTS          1 TO       20 ON MANAGER: OK
 STARTING SUBJECTS         21 TO       39 ON WORKER1: OK
 COLLECTING SUBJECTS        1 TO       20 ON MANAGER
 COLLECTING SUBJECTS       21 TO       39 ON WORKER1
 ITERATION        -1000
 STARTING SUBJECTS          1 TO       20 ON MANAGER: OK
 STARTING SUBJECTS         21 TO       39 ON WORKER1: OK
 COLLECTING SUBJECTS        1 TO       20 ON MANAGER
 COLLECTING SUBJECTS       21 TO       39 ON WORKER1
 ITERATION        -1000
 STARTING SUBJECTS          1 TO       20 ON MANAGER: OK
 STARTING SUBJECTS         21 TO       39 ON WORKER1: OK
 COLLECTING SUBJECTS        1 TO       20 ON MANAGER
 COLLECTING SUBJECTS       21 TO       39 ON WORKER1
 ITERATION        -1000
 STARTING SUBJECTS          1 TO       20 ON MANAGER: OK
 STARTING SUBJECTS         21 TO       39 ON WORKER1: OK
 COLLECTING SUBJECTS        1 TO       20 ON MANAGER
 COLLECTING SUBJECTS       21 TO       39 ON WORKER1
 ITERATION        -1000
 STARTING SUBJECTS          1 TO       20 ON MANAGER: OK
 STARTING SUBJECTS         21 TO       39 ON WORKER1: OK
 COLLECTING SUBJECTS        1 TO       20 ON MANAGER
 COLLECTING SUBJECTS       21 TO       39 ON WORKER1
 ITERATION        -1000
 STARTING SUBJECTS          1 TO       20 ON MANAGER: OK
 STARTING SUBJECTS         21 TO       39 ON WORKER1: OK
 COLLECTING SUBJECTS        1 TO       20 ON MANAGER
 COLLECTING SUBJECTS       21 TO       39 ON WORKER1
 Tot. mngr. proc.   Time for this  Iteration  (DDD:HH:MM:SS.DD) 000:00:00:00.00
 Total Load         Time for this  Iteration  (DDD:HH:MM:SS.DD) 000:00:00:00.07
 Total Computation  Time for this  Iteration  (DDD:HH:MM:SS.DD) 000:00:00:00.18
 Accum. mngr. proc. Time among all Iterations (DDD:HH:MM:SS.DD) 000:00:00:00.75
 Accumulated Load   Time among all Iterations (DDD:HH:MM:SS.DD) 000:00:00:26.29
 Accumulated Comp.  Time among all Iterations (DDD:HH:MM:SS.DD) 000:00:01:42.66
 Accumulated CPU    Time of present job       (DDD:HH:MM:SS.DD) 000:00:03:15.98

 ITERATION            0
 STARTING SUBJECTS          1 TO       19 ON MANAGER: OK
 STARTING SUBJECTS         20 TO       39 ON WORKER1: OK
 COLLECTING SUBJECTS        1 TO       19 ON MANAGER
 COLLECTING SUBJECTS       20 TO       39 ON WORKER1
 ITERATION            0
 STARTING SUBJECTS          1 TO       19 ON MANAGER: OK
 STARTING SUBJECTS         20 TO       39 ON WORKER1: OK
 COLLECTING SUBJECTS        1 TO       19 ON MANAGER
 COLLECTING SUBJECTS       20 TO       39 ON WORKER1
 ITERATION            0
 STARTING SUBJECTS          1 TO       19 ON MANAGER: OK
 STARTING SUBJECTS         20 TO       39 ON WORKER1: OK
 COLLECTING SUBJECTS        1 TO       19 ON MANAGER
 COLLECTING SUBJECTS       20 TO       39 ON WORKER1
 ITERATION            0
 STARTING SUBJECTS          1 TO       19 ON MANAGER: OK
 STARTING SUBJECTS         20 TO       39 ON WORKER1: OK
 COLLECTING SUBJECTS        1 TO       19 ON MANAGER
 COLLECTING SUBJECTS       20 TO       39 ON WORKER1
 ITERATION            0
 STARTING SUBJECTS          1 TO       19 ON MANAGER: OK
 STARTING SUBJECTS         20 TO       39 ON WORKER1: OK
 COLLECTING SUBJECTS        1 TO       19 ON MANAGER
 COLLECTING SUBJECTS       20 TO       39 ON WORKER1
 ITERATION            0
 STARTING SUBJECTS          1 TO       19 ON MANAGER: OK
 STARTING SUBJECTS         20 TO       39 ON WORKER1: OK
 COLLECTING SUBJECTS        1 TO       19 ON MANAGER
 COLLECTING SUBJECTS       20 TO       39 ON WORKER1
 ITERATION            0
 STARTING SUBJECTS          1 TO       19 ON MANAGER: OK
 STARTING SUBJECTS         20 TO       39 ON WORKER1: OK
 COLLECTING SUBJECTS        1 TO       19 ON MANAGER
 COLLECTING SUBJECTS       20 TO       39 ON WORKER1
 ITERATION            0
 STARTING SUBJECTS          1 TO       19 ON MANAGER: OK
 STARTING SUBJECTS         20 TO       39 ON WORKER1: OK
 COLLECTING SUBJECTS        1 TO       19 ON MANAGER
 COLLECTING SUBJECTS       20 TO       39 ON WORKER1
 ITERATION            0
 STARTING SUBJECTS          1 TO       19 ON MANAGER: OK
 STARTING SUBJECTS         20 TO       39 ON WORKER1: OK
 COLLECTING SUBJECTS        1 TO       19 ON MANAGER
 COLLECTING SUBJECTS       20 TO       39 ON WORKER1
 ITERATION            0
 STARTING SUBJECTS          1 TO       19 ON MANAGER: OK
 STARTING SUBJECTS         20 TO       39 ON WORKER1: OK
 COLLECTING SUBJECTS        1 TO       19 ON MANAGER
 COLLECTING SUBJECTS       20 TO       39 ON WORKER1
 ITERATION            0
 STARTING SUBJECTS          1 TO       19 ON MANAGER: OK
 STARTING SUBJECTS         20 TO       39 ON WORKER1: OK
 COLLECTING SUBJECTS        1 TO       19 ON MANAGER
 COLLECTING SUBJECTS       20 TO       39 ON WORKER1
 ITERATION            0
 STARTING SUBJECTS          1 TO       19 ON MANAGER: OK
 STARTING SUBJECTS         20 TO       39 ON WORKER1: OK
 COLLECTING SUBJECTS        1 TO       19 ON MANAGER
 COLLECTING SUBJECTS       20 TO       39 ON WORKER1
 ITERATION            0
 STARTING SUBJECTS          1 TO       19 ON MANAGER: OK
 STARTING SUBJECTS         20 TO       39 ON WORKER1: OK
 COLLECTING SUBJECTS        1 TO       19 ON MANAGER
 COLLECTING SUBJECTS       20 TO       39 ON WORKER1
 ITERATION            0
 STARTING SUBJECTS          1 TO       19 ON MANAGER: OK
 STARTING SUBJECTS         20 TO       39 ON WORKER1: OK
 COLLECTING SUBJECTS        1 TO       19 ON MANAGER
 COLLECTING SUBJECTS       20 TO       39 ON WORKER1
 ITERATION            0
 STARTING SUBJECTS          1 TO       19 ON MANAGER: OK
 STARTING SUBJECTS         20 TO       39 ON WORKER1: OK
 COLLECTING SUBJECTS        1 TO       19 ON MANAGER
 COLLECTING SUBJECTS       20 TO       39 ON WORKER1
 ITERATION            0
 STARTING SUBJECTS          1 TO       19 ON MANAGER: OK
 STARTING SUBJECTS         20 TO       39 ON WORKER1: OK
 COLLECTING SUBJECTS        1 TO       19 ON MANAGER
 COLLECTING SUBJECTS       20 TO       39 ON WORKER1
 ITERATION            0
 STARTING SUBJECTS          1 TO       19 ON MANAGER: OK
 STARTING SUBJECTS         20 TO       39 ON WORKER1: OK
 COLLECTING SUBJECTS        1 TO       19 ON MANAGER
 COLLECTING SUBJECTS       20 TO       39 ON WORKER1
 ITERATION            0
 STARTING SUBJECTS          1 TO       19 ON MANAGER: OK
 STARTING SUBJECTS         20 TO       39 ON WORKER1: OK
 COLLECTING SUBJECTS        1 TO       19 ON MANAGER
 COLLECTING SUBJECTS       20 TO       39 ON WORKER1
 ITERATION            0
 STARTING SUBJECTS          1 TO       19 ON MANAGER: OK
 STARTING SUBJECTS         20 TO       39 ON WORKER1: OK
 COLLECTING SUBJECTS        1 TO       19 ON MANAGER
 COLLECTING SUBJECTS       20 TO       39 ON WORKER1
 ITERATION            0
 STARTING SUBJECTS          1 TO       19 ON MANAGER: OK
 STARTING SUBJECTS         20 TO       39 ON WORKER1: OK
 COLLECTING SUBJECTS        1 TO       19 ON MANAGER
 COLLECTING SUBJECTS       20 TO       39 ON WORKER1
 ITERATION            0
 STARTING SUBJECTS          1 TO       19 ON MANAGER: OK
 STARTING SUBJECTS         20 TO       39 ON WORKER1: OK
 COLLECTING SUBJECTS        1 TO       19 ON MANAGER
 COLLECTING SUBJECTS       20 TO       39 ON WORKER1
 ITERATION            0
 STARTING SUBJECTS          1 TO       19 ON MANAGER: OK
 STARTING SUBJECTS         20 TO       39 ON WORKER1: OK
 COLLECTING SUBJECTS        1 TO       19 ON MANAGER
 COLLECTING SUBJECTS       20 TO       39 ON WORKER1
 ITERATION            0
 STARTING SUBJECTS          1 TO       19 ON MANAGER: OK
 STARTING SUBJECTS         20 TO       39 ON WORKER1: OK
 COLLECTING SUBJECTS        1 TO       19 ON MANAGER
 COLLECTING SUBJECTS       20 TO       39 ON WORKER1
 ITERATION            0
 STARTING SUBJECTS          1 TO       19 ON MANAGER: OK
 STARTING SUBJECTS         20 TO       39 ON WORKER1: OK
 COLLECTING SUBJECTS        1 TO       19 ON MANAGER
 COLLECTING SUBJECTS       20 TO       39 ON WORKER1
 ITERATION            0
 STARTING SUBJECTS          1 TO       19 ON MANAGER: OK
 STARTING SUBJECTS         20 TO       39 ON WORKER1: OK
 COLLECTING SUBJECTS        1 TO       19 ON MANAGER
 COLLECTING SUBJECTS       20 TO       39 ON WORKER1
 ITERATION            0
 STARTING SUBJECTS          1 TO       19 ON MANAGER: OK
 STARTING SUBJECTS         20 TO       39 ON WORKER1: OK
 COLLECTING SUBJECTS        1 TO       19 ON MANAGER
 COLLECTING SUBJECTS       20 TO       39 ON WORKER1
 ITERATION            0
 STARTING SUBJECTS          1 TO       19 ON MANAGER: OK
 STARTING SUBJECTS         20 TO       39 ON WORKER1: OK
 COLLECTING SUBJECTS        1 TO       19 ON MANAGER
 COLLECTING SUBJECTS       20 TO       39 ON WORKER1
 ITERATION            0
 STARTING SUBJECTS          1 TO       19 ON MANAGER: OK
 STARTING SUBJECTS         20 TO       39 ON WORKER1: OK
 COLLECTING SUBJECTS        1 TO       19 ON MANAGER
 COLLECTING SUBJECTS       20 TO       39 ON WORKER1
 ITERATION            0
 STARTING SUBJECTS          1 TO       19 ON MANAGER: OK
 STARTING SUBJECTS         20 TO       39 ON WORKER1: OK
 COLLECTING SUBJECTS        1 TO       19 ON MANAGER
 COLLECTING SUBJECTS       20 TO       39 ON WORKER1
 ITERATION            0
 STARTING SUBJECTS          1 TO       19 ON MANAGER: OK
 STARTING SUBJECTS         20 TO       39 ON WORKER1: OK
 COLLECTING SUBJECTS        1 TO       19 ON MANAGER
 COLLECTING SUBJECTS       20 TO       39 ON WORKER1
 ITERATION            0
 STARTING SUBJECTS          1 TO       19 ON MANAGER: OK
 STARTING SUBJECTS         20 TO       39 ON WORKER1: OK
 COLLECTING SUBJECTS        1 TO       19 ON MANAGER
 COLLECTING SUBJECTS       20 TO       39 ON WORKER1
 ITERATION            0
 STARTING SUBJECTS          1 TO       19 ON MANAGER: OK
 STARTING SUBJECTS         20 TO       39 ON WORKER1: OK
 COLLECTING SUBJECTS        1 TO       19 ON MANAGER
 COLLECTING SUBJECTS       20 TO       39 ON WORKER1
 ITERATION            0
 STARTING SUBJECTS          1 TO       19 ON MANAGER: OK
 STARTING SUBJECTS         20 TO       39 ON WORKER1: OK
 COLLECTING SUBJECTS        1 TO       19 ON MANAGER
 COLLECTING SUBJECTS       20 TO       39 ON WORKER1
 ITERATION            0
 STARTING SUBJECTS          1 TO       19 ON MANAGER: OK
 STARTING SUBJECTS         20 TO       39 ON WORKER1: OK
 COLLECTING SUBJECTS        1 TO       19 ON MANAGER
 COLLECTING SUBJECTS       20 TO       39 ON WORKER1
 ITERATION            0
 STARTING SUBJECTS          1 TO       19 ON MANAGER: OK
 STARTING SUBJECTS         20 TO       39 ON WORKER1: OK
 COLLECTING SUBJECTS        1 TO       19 ON MANAGER
 COLLECTING SUBJECTS       20 TO       39 ON WORKER1
 ITERATION            0
 STARTING SUBJECTS          1 TO       19 ON MANAGER: OK
 STARTING SUBJECTS         20 TO       39 ON WORKER1: OK
 COLLECTING SUBJECTS        1 TO       19 ON MANAGER
 COLLECTING SUBJECTS       20 TO       39 ON WORKER1
 ITERATION            0
 STARTING SUBJECTS          1 TO       19 ON MANAGER: OK
 STARTING SUBJECTS         20 TO       39 ON WORKER1: OK
 COLLECTING SUBJECTS        1 TO       19 ON MANAGER
 COLLECTING SUBJECTS       20 TO       39 ON WORKER1
 ITERATION            0
 STARTING SUBJECTS          1 TO       19 ON MANAGER: OK
 STARTING SUBJECTS         20 TO       39 ON WORKER1: OK
 COLLECTING SUBJECTS        1 TO       19 ON MANAGER
 COLLECTING SUBJECTS       20 TO       39 ON WORKER1
 ITERATION            0
 STARTING SUBJECTS          1 TO       19 ON MANAGER: OK
 STARTING SUBJECTS         20 TO       39 ON WORKER1: OK
 COLLECTING SUBJECTS        1 TO       19 ON MANAGER
 COLLECTING SUBJECTS       20 TO       39 ON WORKER1
 ITERATION            0
 STARTING SUBJECTS          1 TO       19 ON MANAGER: OK
 STARTING SUBJECTS         20 TO       39 ON WORKER1: OK
 COLLECTING SUBJECTS        1 TO       19 ON MANAGER
 COLLECTING SUBJECTS       20 TO       39 ON WORKER1
 ITERATION            0
 STARTING SUBJECTS          1 TO       19 ON MANAGER: OK
 STARTING SUBJECTS         20 TO       39 ON WORKER1: OK
 COLLECTING SUBJECTS        1 TO       19 ON MANAGER
 COLLECTING SUBJECTS       20 TO       39 ON WORKER1
 ITERATION            0
 STARTING SUBJECTS          1 TO       19 ON MANAGER: OK
 STARTING SUBJECTS         20 TO       39 ON WORKER1: OK
 COLLECTING SUBJECTS        1 TO       19 ON MANAGER
 COLLECTING SUBJECTS       20 TO       39 ON WORKER1
 ITERATION            0
 STARTING SUBJECTS          1 TO       19 ON MANAGER: OK
 STARTING SUBJECTS         20 TO       39 ON WORKER1: OK
 COLLECTING SUBJECTS        1 TO       19 ON MANAGER
 COLLECTING SUBJECTS       20 TO       39 ON WORKER1
 ITERATION            0
 STARTING SUBJECTS          1 TO       19 ON MANAGER: OK
 STARTING SUBJECTS         20 TO       39 ON WORKER1: OK
 COLLECTING SUBJECTS        1 TO       19 ON MANAGER
 COLLECTING SUBJECTS       20 TO       39 ON WORKER1
 ITERATION            0
 STARTING SUBJECTS          1 TO       19 ON MANAGER: OK
 STARTING SUBJECTS         20 TO       39 ON WORKER1: OK
 COLLECTING SUBJECTS        1 TO       19 ON MANAGER
 COLLECTING SUBJECTS       20 TO       39 ON WORKER1
 ITERATION            0
 STARTING SUBJECTS          1 TO       19 ON MANAGER: OK
 STARTING SUBJECTS         20 TO       39 ON WORKER1: OK
 COLLECTING SUBJECTS        1 TO       19 ON MANAGER
 COLLECTING SUBJECTS       20 TO       39 ON WORKER1
 ITERATION            0
 STARTING SUBJECTS          1 TO       19 ON MANAGER: OK
 STARTING SUBJECTS         20 TO       39 ON WORKER1: OK
 COLLECTING SUBJECTS        1 TO       19 ON MANAGER
 COLLECTING SUBJECTS       20 TO       39 ON WORKER1
 ITERATION            0
 STARTING SUBJECTS          1 TO       19 ON MANAGER: OK
 STARTING SUBJECTS         20 TO       39 ON WORKER1: OK
 COLLECTING SUBJECTS        1 TO       19 ON MANAGER
 COLLECTING SUBJECTS       20 TO       39 ON WORKER1
 ITERATION            0
 STARTING SUBJECTS          1 TO       19 ON MANAGER: OK
 STARTING SUBJECTS         20 TO       39 ON WORKER1: OK
 COLLECTING SUBJECTS        1 TO       19 ON MANAGER
 COLLECTING SUBJECTS       20 TO       39 ON WORKER1
 ITERATION            0
 STARTING SUBJECTS          1 TO       19 ON MANAGER: OK
 STARTING SUBJECTS         20 TO       39 ON WORKER1: OK
 COLLECTING SUBJECTS        1 TO       19 ON MANAGER
 COLLECTING SUBJECTS       20 TO       39 ON WORKER1
 ITERATION            0
 STARTING SUBJECTS          1 TO       19 ON MANAGER: OK
 STARTING SUBJECTS         20 TO       39 ON WORKER1: OK
 COLLECTING SUBJECTS        1 TO       19 ON MANAGER
 COLLECTING SUBJECTS       20 TO       39 ON WORKER1
 ITERATION            0
 STARTING SUBJECTS          1 TO       19 ON MANAGER: OK
 STARTING SUBJECTS         20 TO       39 ON WORKER1: OK
 COLLECTING SUBJECTS        1 TO       19 ON MANAGER
 COLLECTING SUBJECTS       20 TO       39 ON WORKER1
 ITERATION            0
 STARTING SUBJECTS          1 TO       19 ON MANAGER: OK
 STARTING SUBJECTS         20 TO       39 ON WORKER1: OK
 COLLECTING SUBJECTS        1 TO       19 ON MANAGER
 COLLECTING SUBJECTS       20 TO       39 ON WORKER1
 ITERATION            0
 STARTING SUBJECTS          1 TO       19 ON MANAGER: OK
 STARTING SUBJECTS         20 TO       39 ON WORKER1: OK
 COLLECTING SUBJECTS        1 TO       19 ON MANAGER
 COLLECTING SUBJECTS       20 TO       39 ON WORKER1
 ITERATION            0
 STARTING SUBJECTS          1 TO       19 ON MANAGER: OK
 STARTING SUBJECTS         20 TO       39 ON WORKER1: OK
 COLLECTING SUBJECTS        1 TO       19 ON MANAGER
 COLLECTING SUBJECTS       20 TO       39 ON WORKER1
 ITERATION            0
 STARTING SUBJECTS          1 TO       19 ON MANAGER: OK
 STARTING SUBJECTS         20 TO       39 ON WORKER1: OK
 COLLECTING SUBJECTS        1 TO       19 ON MANAGER
 COLLECTING SUBJECTS       20 TO       39 ON WORKER1
 ITERATION            0
 STARTING SUBJECTS          1 TO       19 ON MANAGER: OK
 STARTING SUBJECTS         20 TO       39 ON WORKER1: OK
 COLLECTING SUBJECTS        1 TO       19 ON MANAGER
 COLLECTING SUBJECTS       20 TO       39 ON WORKER1
 ITERATION            0
 STARTING SUBJECTS          1 TO       19 ON MANAGER: OK
 STARTING SUBJECTS         20 TO       39 ON WORKER1: OK
 COLLECTING SUBJECTS        1 TO       19 ON MANAGER
 COLLECTING SUBJECTS       20 TO       39 ON WORKER1
 ITERATION            0
 STARTING SUBJECTS          1 TO       19 ON MANAGER: OK
 STARTING SUBJECTS         20 TO       39 ON WORKER1: OK
 COLLECTING SUBJECTS        1 TO       19 ON MANAGER
 COLLECTING SUBJECTS       20 TO       39 ON WORKER1
 ITERATION            0
 STARTING SUBJECTS          1 TO       19 ON MANAGER: OK
 STARTING SUBJECTS         20 TO       39 ON WORKER1: OK
 COLLECTING SUBJECTS        1 TO       19 ON MANAGER
 COLLECTING SUBJECTS       20 TO       39 ON WORKER1
 ITERATION            0
 STARTING SUBJECTS          1 TO       19 ON MANAGER: OK
 STARTING SUBJECTS         20 TO       39 ON WORKER1: OK
 COLLECTING SUBJECTS        1 TO       19 ON MANAGER
 COLLECTING SUBJECTS       20 TO       39 ON WORKER1
 ITERATION            0
 STARTING SUBJECTS          1 TO       19 ON MANAGER: OK
 STARTING SUBJECTS         20 TO       39 ON WORKER1: OK
 COLLECTING SUBJECTS        1 TO       19 ON MANAGER
 COLLECTING SUBJECTS       20 TO       39 ON WORKER1
 ITERATION            0
 STARTING SUBJECTS          1 TO       19 ON MANAGER: OK
 STARTING SUBJECTS         20 TO       39 ON WORKER1: OK
 COLLECTING SUBJECTS        1 TO       19 ON MANAGER
 COLLECTING SUBJECTS       20 TO       39 ON WORKER1
 ITERATION            0
 STARTING SUBJECTS          1 TO       19 ON MANAGER: OK
 STARTING SUBJECTS         20 TO       39 ON WORKER1: OK
 COLLECTING SUBJECTS        1 TO       19 ON MANAGER
 COLLECTING SUBJECTS       20 TO       39 ON WORKER1
 ITERATION            0
 STARTING SUBJECTS          1 TO       19 ON MANAGER: OK
 STARTING SUBJECTS         20 TO       39 ON WORKER1: OK
 COLLECTING SUBJECTS        1 TO       19 ON MANAGER
 COLLECTING SUBJECTS       20 TO       39 ON WORKER1
 ITERATION            0
 STARTING SUBJECTS          1 TO       19 ON MANAGER: OK
 STARTING SUBJECTS         20 TO       39 ON WORKER1: OK
 COLLECTING SUBJECTS        1 TO       19 ON MANAGER
 COLLECTING SUBJECTS       20 TO       39 ON WORKER1
 ITERATION            0
 STARTING SUBJECTS          1 TO       19 ON MANAGER: OK
 STARTING SUBJECTS         20 TO       39 ON WORKER1: OK
 COLLECTING SUBJECTS        1 TO       19 ON MANAGER
 COLLECTING SUBJECTS       20 TO       39 ON WORKER1
 ITERATION            0
 STARTING SUBJECTS          1 TO       19 ON MANAGER: OK
 STARTING SUBJECTS         20 TO       39 ON WORKER1: OK
 COLLECTING SUBJECTS        1 TO       19 ON MANAGER
 COLLECTING SUBJECTS       20 TO       39 ON WORKER1
 ITERATION            0
 STARTING SUBJECTS          1 TO       19 ON MANAGER: OK
 STARTING SUBJECTS         20 TO       39 ON WORKER1: OK
 COLLECTING SUBJECTS        1 TO       19 ON MANAGER
 COLLECTING SUBJECTS       20 TO       39 ON WORKER1
 ITERATION            0
 STARTING SUBJECTS          1 TO       19 ON MANAGER: OK
 STARTING SUBJECTS         20 TO       39 ON WORKER1: OK
 COLLECTING SUBJECTS        1 TO       19 ON MANAGER
 COLLECTING SUBJECTS       20 TO       39 ON WORKER1
 ITERATION            0
 STARTING SUBJECTS          1 TO       19 ON MANAGER: OK
 STARTING SUBJECTS         20 TO       39 ON WORKER1: OK
 COLLECTING SUBJECTS        1 TO       19 ON MANAGER
 COLLECTING SUBJECTS       20 TO       39 ON WORKER1
 ITERATION            0
 STARTING SUBJECTS          1 TO       19 ON MANAGER: OK
 STARTING SUBJECTS         20 TO       39 ON WORKER1: OK
 COLLECTING SUBJECTS        1 TO       19 ON MANAGER
 COLLECTING SUBJECTS       20 TO       39 ON WORKER1
 ITERATION            0
 STARTING SUBJECTS          1 TO       19 ON MANAGER: OK
 STARTING SUBJECTS         20 TO       39 ON WORKER1: OK
 COLLECTING SUBJECTS        1 TO       19 ON MANAGER
 COLLECTING SUBJECTS       20 TO       39 ON WORKER1
 ITERATION            0
 STARTING SUBJECTS          1 TO       19 ON MANAGER: OK
 STARTING SUBJECTS         20 TO       39 ON WORKER1: OK
 COLLECTING SUBJECTS        1 TO       19 ON MANAGER
 COLLECTING SUBJECTS       20 TO       39 ON WORKER1
 ITERATION            0
 STARTING SUBJECTS          1 TO       19 ON MANAGER: OK
 STARTING SUBJECTS         20 TO       39 ON WORKER1: OK
 COLLECTING SUBJECTS        1 TO       19 ON MANAGER
 COLLECTING SUBJECTS       20 TO       39 ON WORKER1
 ITERATION            0
 STARTING SUBJECTS          1 TO       19 ON MANAGER: OK
 STARTING SUBJECTS         20 TO       39 ON WORKER1: OK
 COLLECTING SUBJECTS        1 TO       19 ON MANAGER
 COLLECTING SUBJECTS       20 TO       39 ON WORKER1
 ITERATION            0
 STARTING SUBJECTS          1 TO       19 ON MANAGER: OK
 STARTING SUBJECTS         20 TO       39 ON WORKER1: OK
 COLLECTING SUBJECTS        1 TO       19 ON MANAGER
 COLLECTING SUBJECTS       20 TO       39 ON WORKER1
 ITERATION            0
 STARTING SUBJECTS          1 TO       19 ON MANAGER: OK
 STARTING SUBJECTS         20 TO       39 ON WORKER1: OK
 COLLECTING SUBJECTS        1 TO       19 ON MANAGER
 COLLECTING SUBJECTS       20 TO       39 ON WORKER1
 ITERATION            0
 STARTING SUBJECTS          1 TO       19 ON MANAGER: OK
 STARTING SUBJECTS         20 TO       39 ON WORKER1: OK
 COLLECTING SUBJECTS        1 TO       19 ON MANAGER
 COLLECTING SUBJECTS       20 TO       39 ON WORKER1
 ITERATION            0
 STARTING SUBJECTS          1 TO       19 ON MANAGER: OK
 STARTING SUBJECTS         20 TO       39 ON WORKER1: OK
 COLLECTING SUBJECTS        1 TO       19 ON MANAGER
 COLLECTING SUBJECTS       20 TO       39 ON WORKER1
 ITERATION            0
 STARTING SUBJECTS          1 TO       19 ON MANAGER: OK
 STARTING SUBJECTS         20 TO       39 ON WORKER1: OK
 COLLECTING SUBJECTS        1 TO       19 ON MANAGER
 COLLECTING SUBJECTS       20 TO       39 ON WORKER1
 ITERATION            0
 STARTING SUBJECTS          1 TO       19 ON MANAGER: OK
 STARTING SUBJECTS         20 TO       39 ON WORKER1: OK
 COLLECTING SUBJECTS        1 TO       19 ON MANAGER
 COLLECTING SUBJECTS       20 TO       39 ON WORKER1
 ITERATION            0
 STARTING SUBJECTS          1 TO       19 ON MANAGER: OK
 STARTING SUBJECTS         20 TO       39 ON WORKER1: OK
 COLLECTING SUBJECTS        1 TO       19 ON MANAGER
 COLLECTING SUBJECTS       20 TO       39 ON WORKER1
 ITERATION            0
 STARTING SUBJECTS          1 TO       19 ON MANAGER: OK
 STARTING SUBJECTS         20 TO       39 ON WORKER1: OK
 COLLECTING SUBJECTS        1 TO       19 ON MANAGER
 COLLECTING SUBJECTS       20 TO       39 ON WORKER1
 ITERATION            0
 STARTING SUBJECTS          1 TO       19 ON MANAGER: OK
 STARTING SUBJECTS         20 TO       39 ON WORKER1: OK
 COLLECTING SUBJECTS        1 TO       19 ON MANAGER
 COLLECTING SUBJECTS       20 TO       39 ON WORKER1
 ITERATION            0
 STARTING SUBJECTS          1 TO       19 ON MANAGER: OK
 STARTING SUBJECTS         20 TO       39 ON WORKER1: OK
 COLLECTING SUBJECTS        1 TO       19 ON MANAGER
 COLLECTING SUBJECTS       20 TO       39 ON WORKER1
 ITERATION            0
 STARTING SUBJECTS          1 TO       19 ON MANAGER: OK
 STARTING SUBJECTS         20 TO       39 ON WORKER1: OK
 COLLECTING SUBJECTS        1 TO       19 ON MANAGER
 COLLECTING SUBJECTS       20 TO       39 ON WORKER1
 ITERATION            0
 STARTING SUBJECTS          1 TO       19 ON MANAGER: OK
 STARTING SUBJECTS         20 TO       39 ON WORKER1: OK
 COLLECTING SUBJECTS        1 TO       19 ON MANAGER
 COLLECTING SUBJECTS       20 TO       39 ON WORKER1
 ITERATION            0
 STARTING SUBJECTS          1 TO       19 ON MANAGER: OK
 STARTING SUBJECTS         20 TO       39 ON WORKER1: OK
 COLLECTING SUBJECTS        1 TO       19 ON MANAGER
 COLLECTING SUBJECTS       20 TO       39 ON WORKER1
 ITERATION            0
 STARTING SUBJECTS          1 TO       19 ON MANAGER: OK
 STARTING SUBJECTS         20 TO       39 ON WORKER1: OK
 COLLECTING SUBJECTS        1 TO       19 ON MANAGER
 COLLECTING SUBJECTS       20 TO       39 ON WORKER1
 ITERATION            0
 STARTING SUBJECTS          1 TO       19 ON MANAGER: OK
 STARTING SUBJECTS         20 TO       39 ON WORKER1: OK
 COLLECTING SUBJECTS        1 TO       19 ON MANAGER
 COLLECTING SUBJECTS       20 TO       39 ON WORKER1
 ITERATION            0
 STARTING SUBJECTS          1 TO       19 ON MANAGER: OK
 STARTING SUBJECTS         20 TO       39 ON WORKER1: OK
 COLLECTING SUBJECTS        1 TO       19 ON MANAGER
 COLLECTING SUBJECTS       20 TO       39 ON WORKER1
 ITERATION            0
 STARTING SUBJECTS          1 TO       19 ON MANAGER: OK
 STARTING SUBJECTS         20 TO       39 ON WORKER1: OK
 COLLECTING SUBJECTS        1 TO       19 ON MANAGER
 COLLECTING SUBJECTS       20 TO       39 ON WORKER1
 ITERATION            0
 STARTING SUBJECTS          1 TO       19 ON MANAGER: OK
 STARTING SUBJECTS         20 TO       39 ON WORKER1: OK
 COLLECTING SUBJECTS        1 TO       19 ON MANAGER
 COLLECTING SUBJECTS       20 TO       39 ON WORKER1
 ITERATION            0
 STARTING SUBJECTS          1 TO       19 ON MANAGER: OK
 STARTING SUBJECTS         20 TO       39 ON WORKER1: OK
 COLLECTING SUBJECTS        1 TO       19 ON MANAGER
 COLLECTING SUBJECTS       20 TO       39 ON WORKER1
 ITERATION            0
 STARTING SUBJECTS          1 TO       19 ON MANAGER: OK
 STARTING SUBJECTS         20 TO       39 ON WORKER1: OK
 COLLECTING SUBJECTS        1 TO       19 ON MANAGER
 COLLECTING SUBJECTS       20 TO       39 ON WORKER1
 ITERATION            0
 STARTING SUBJECTS          1 TO       19 ON MANAGER: OK
 STARTING SUBJECTS         20 TO       39 ON WORKER1: OK
 COLLECTING SUBJECTS        1 TO       19 ON MANAGER
 COLLECTING SUBJECTS       20 TO       39 ON WORKER1
 ITERATION            0
 STARTING SUBJECTS          1 TO       19 ON MANAGER: OK
 STARTING SUBJECTS         20 TO       39 ON WORKER1: OK
 COLLECTING SUBJECTS        1 TO       19 ON MANAGER
 COLLECTING SUBJECTS       20 TO       39 ON WORKER1
 ITERATION            0
 STARTING SUBJECTS          1 TO       19 ON MANAGER: OK
 STARTING SUBJECTS         20 TO       39 ON WORKER1: OK
 COLLECTING SUBJECTS        1 TO       19 ON MANAGER
 COLLECTING SUBJECTS       20 TO       39 ON WORKER1
 ITERATION            0
 STARTING SUBJECTS          1 TO       19 ON MANAGER: OK
 STARTING SUBJECTS         20 TO       39 ON WORKER1: OK
 COLLECTING SUBJECTS        1 TO       19 ON MANAGER
 COLLECTING SUBJECTS       20 TO       39 ON WORKER1
 ITERATION            0
 STARTING SUBJECTS          1 TO       19 ON MANAGER: OK
 STARTING SUBJECTS         20 TO       39 ON WORKER1: OK
 COLLECTING SUBJECTS        1 TO       19 ON MANAGER
 COLLECTING SUBJECTS       20 TO       39 ON WORKER1
 ITERATION            0
 STARTING SUBJECTS          1 TO       19 ON MANAGER: OK
 STARTING SUBJECTS         20 TO       39 ON WORKER1: OK
 COLLECTING SUBJECTS        1 TO       19 ON MANAGER
 COLLECTING SUBJECTS       20 TO       39 ON WORKER1
 ITERATION            0
 STARTING SUBJECTS          1 TO       19 ON MANAGER: OK
 STARTING SUBJECTS         20 TO       39 ON WORKER1: OK
 COLLECTING SUBJECTS        1 TO       19 ON MANAGER
 COLLECTING SUBJECTS       20 TO       39 ON WORKER1
 ITERATION            0
 STARTING SUBJECTS          1 TO       19 ON MANAGER: OK
 STARTING SUBJECTS         20 TO       39 ON WORKER1: OK
 COLLECTING SUBJECTS        1 TO       19 ON MANAGER
 COLLECTING SUBJECTS       20 TO       39 ON WORKER1
 ITERATION            0
 STARTING SUBJECTS          1 TO       19 ON MANAGER: OK
 STARTING SUBJECTS         20 TO       39 ON WORKER1: OK
 COLLECTING SUBJECTS        1 TO       19 ON MANAGER
 COLLECTING SUBJECTS       20 TO       39 ON WORKER1
 ITERATION            0
 STARTING SUBJECTS          1 TO       19 ON MANAGER: OK
 STARTING SUBJECTS         20 TO       39 ON WORKER1: OK
 COLLECTING SUBJECTS        1 TO       19 ON MANAGER
 COLLECTING SUBJECTS       20 TO       39 ON WORKER1
 ITERATION            0
 STARTING SUBJECTS          1 TO       19 ON MANAGER: OK
 STARTING SUBJECTS         20 TO       39 ON WORKER1: OK
 COLLECTING SUBJECTS        1 TO       19 ON MANAGER
 COLLECTING SUBJECTS       20 TO       39 ON WORKER1
 ITERATION            0
 STARTING SUBJECTS          1 TO       19 ON MANAGER: OK
 STARTING SUBJECTS         20 TO       39 ON WORKER1: OK
 COLLECTING SUBJECTS        1 TO       19 ON MANAGER
 COLLECTING SUBJECTS       20 TO       39 ON WORKER1
 ITERATION            0
 STARTING SUBJECTS          1 TO       19 ON MANAGER: OK
 STARTING SUBJECTS         20 TO       39 ON WORKER1: OK
 COLLECTING SUBJECTS        1 TO       19 ON MANAGER
 COLLECTING SUBJECTS       20 TO       39 ON WORKER1
 ITERATION            0
 STARTING SUBJECTS          1 TO       19 ON MANAGER: OK
 STARTING SUBJECTS         20 TO       39 ON WORKER1: OK
 COLLECTING SUBJECTS        1 TO       19 ON MANAGER
 COLLECTING SUBJECTS       20 TO       39 ON WORKER1
 ITERATION            0
 STARTING SUBJECTS          1 TO       19 ON MANAGER: OK
 STARTING SUBJECTS         20 TO       39 ON WORKER1: OK
 COLLECTING SUBJECTS        1 TO       19 ON MANAGER
 COLLECTING SUBJECTS       20 TO       39 ON WORKER1
 ITERATION            0
 STARTING SUBJECTS          1 TO       19 ON MANAGER: OK
 STARTING SUBJECTS         20 TO       39 ON WORKER1: OK
 COLLECTING SUBJECTS        1 TO       19 ON MANAGER
 COLLECTING SUBJECTS       20 TO       39 ON WORKER1
 ITERATION            0
 STARTING SUBJECTS          1 TO       19 ON MANAGER: OK
 STARTING SUBJECTS         20 TO       39 ON WORKER1: OK
 COLLECTING SUBJECTS        1 TO       19 ON MANAGER
 COLLECTING SUBJECTS       20 TO       39 ON WORKER1
 ITERATION            0
 STARTING SUBJECTS          1 TO       19 ON MANAGER: OK
 STARTING SUBJECTS         20 TO       39 ON WORKER1: OK
 COLLECTING SUBJECTS        1 TO       19 ON MANAGER
 COLLECTING SUBJECTS       20 TO       39 ON WORKER1
 ITERATION            0
 STARTING SUBJECTS          1 TO       19 ON MANAGER: OK
 STARTING SUBJECTS         20 TO       39 ON WORKER1: OK
 COLLECTING SUBJECTS        1 TO       19 ON MANAGER
 COLLECTING SUBJECTS       20 TO       39 ON WORKER1
 ITERATION            0
 STARTING SUBJECTS          1 TO       19 ON MANAGER: OK
 STARTING SUBJECTS         20 TO       39 ON WORKER1: OK
 COLLECTING SUBJECTS        1 TO       19 ON MANAGER
 COLLECTING SUBJECTS       20 TO       39 ON WORKER1
 ITERATION            0
 STARTING SUBJECTS          1 TO       19 ON MANAGER: OK
 STARTING SUBJECTS         20 TO       39 ON WORKER1: OK
 COLLECTING SUBJECTS        1 TO       19 ON MANAGER
 COLLECTING SUBJECTS       20 TO       39 ON WORKER1
 ITERATION            0
 STARTING SUBJECTS          1 TO       19 ON MANAGER: OK
 STARTING SUBJECTS         20 TO       39 ON WORKER1: OK
 COLLECTING SUBJECTS        1 TO       19 ON MANAGER
 COLLECTING SUBJECTS       20 TO       39 ON WORKER1
 ITERATION            0
 STARTING SUBJECTS          1 TO       19 ON MANAGER: OK
 STARTING SUBJECTS         20 TO       39 ON WORKER1: OK
 COLLECTING SUBJECTS        1 TO       19 ON MANAGER
 COLLECTING SUBJECTS       20 TO       39 ON WORKER1
 ITERATION            0
 STARTING SUBJECTS          1 TO       19 ON MANAGER: OK
 STARTING SUBJECTS         20 TO       39 ON WORKER1: OK
 COLLECTING SUBJECTS        1 TO       19 ON MANAGER
 COLLECTING SUBJECTS       20 TO       39 ON WORKER1
 ITERATION            0
 STARTING SUBJECTS          1 TO       19 ON MANAGER: OK
 STARTING SUBJECTS         20 TO       39 ON WORKER1: OK
 COLLECTING SUBJECTS        1 TO       19 ON MANAGER
 COLLECTING SUBJECTS       20 TO       39 ON WORKER1
 ITERATION            0
 STARTING SUBJECTS          1 TO       19 ON MANAGER: OK
 STARTING SUBJECTS         20 TO       39 ON WORKER1: OK
 COLLECTING SUBJECTS        1 TO       19 ON MANAGER
 COLLECTING SUBJECTS       20 TO       39 ON WORKER1
 ITERATION            0
 STARTING SUBJECTS          1 TO       19 ON MANAGER: OK
 STARTING SUBJECTS         20 TO       39 ON WORKER1: OK
 COLLECTING SUBJECTS        1 TO       19 ON MANAGER
 COLLECTING SUBJECTS       20 TO       39 ON WORKER1
 ITERATION            0
 STARTING SUBJECTS          1 TO       19 ON MANAGER: OK
 STARTING SUBJECTS         20 TO       39 ON WORKER1: OK
 COLLECTING SUBJECTS        1 TO       19 ON MANAGER
 COLLECTING SUBJECTS       20 TO       39 ON WORKER1
 ITERATION            0
 STARTING SUBJECTS          1 TO       19 ON MANAGER: OK
 STARTING SUBJECTS         20 TO       39 ON WORKER1: OK
 COLLECTING SUBJECTS        1 TO       19 ON MANAGER
 COLLECTING SUBJECTS       20 TO       39 ON WORKER1
 ITERATION            0
 STARTING SUBJECTS          1 TO       19 ON MANAGER: OK
 STARTING SUBJECTS         20 TO       39 ON WORKER1: OK
 COLLECTING SUBJECTS        1 TO       19 ON MANAGER
 COLLECTING SUBJECTS       20 TO       39 ON WORKER1
 ITERATION            0
 STARTING SUBJECTS          1 TO       19 ON MANAGER: OK
 STARTING SUBJECTS         20 TO       39 ON WORKER1: OK
 COLLECTING SUBJECTS        1 TO       19 ON MANAGER
 COLLECTING SUBJECTS       20 TO       39 ON WORKER1
 ITERATION            0
 STARTING SUBJECTS          1 TO       19 ON MANAGER: OK
 STARTING SUBJECTS         20 TO       39 ON WORKER1: OK
 COLLECTING SUBJECTS        1 TO       19 ON MANAGER
 COLLECTING SUBJECTS       20 TO       39 ON WORKER1
 ITERATION            0
 STARTING SUBJECTS          1 TO       19 ON MANAGER: OK
 STARTING SUBJECTS         20 TO       39 ON WORKER1: OK
 COLLECTING SUBJECTS        1 TO       19 ON MANAGER
 COLLECTING SUBJECTS       20 TO       39 ON WORKER1
 ITERATION            0
 STARTING SUBJECTS          1 TO       19 ON MANAGER: OK
 STARTING SUBJECTS         20 TO       39 ON WORKER1: OK
 COLLECTING SUBJECTS        1 TO       19 ON MANAGER
 COLLECTING SUBJECTS       20 TO       39 ON WORKER1
 ITERATION            0
 STARTING SUBJECTS          1 TO       19 ON MANAGER: OK
 STARTING SUBJECTS         20 TO       39 ON WORKER1: OK
 COLLECTING SUBJECTS        1 TO       19 ON MANAGER
 COLLECTING SUBJECTS       20 TO       39 ON WORKER1
 Tot. mngr. proc.   Time for this  Iteration  (DDD:HH:MM:SS.DD) 000:00:00:00.00
 Total Load         Time for this  Iteration  (DDD:HH:MM:SS.DD) 000:00:00:00.05
 Total Computation  Time for this  Iteration  (DDD:HH:MM:SS.DD) 000:00:00:00.17
 Accum. mngr. proc. Time among all Iterations (DDD:HH:MM:SS.DD) 000:00:00:05.58
 Accumulated Load   Time among all Iterations (DDD:HH:MM:SS.DD) 000:00:01:34.06
 Accumulated Comp.  Time among all Iterations (DDD:HH:MM:SS.DD) 000:00:06:03.02
 Accumulated CPU    Time of present job       (DDD:HH:MM:SS.DD) 000:00:16:44.99

 ITERATION         2000
 STARTING SUBJECTS          1 TO       20 ON MANAGER: OK
 STARTING SUBJECTS         21 TO       39 ON WORKER1: OK
 COLLECTING SUBJECTS        1 TO       20 ON MANAGER
 COLLECTING SUBJECTS       21 TO       39 ON WORKER1
 ITERATION         2000
 STARTING SUBJECTS          1 TO       20 ON MANAGER: OK
 STARTING SUBJECTS         21 TO       39 ON WORKER1: OK
 COLLECTING SUBJECTS        1 TO       20 ON MANAGER
 COLLECTING SUBJECTS       21 TO       39 ON WORKER1
 ITERATION         2000
 STARTING SUBJECTS          1 TO       20 ON MANAGER: OK
 STARTING SUBJECTS         21 TO       39 ON WORKER1: OK
 COLLECTING SUBJECTS        1 TO       20 ON MANAGER
 COLLECTING SUBJECTS       21 TO       39 ON WORKER1
 ITERATION         2000
 STARTING SUBJECTS          1 TO       20 ON MANAGER: OK
 STARTING SUBJECTS         21 TO       39 ON WORKER1: OK
 COLLECTING SUBJECTS        1 TO       20 ON MANAGER
 COLLECTING SUBJECTS       21 TO       39 ON WORKER1
 ITERATION         2000
 STARTING SUBJECTS          1 TO       20 ON MANAGER: OK
 STARTING SUBJECTS         21 TO       39 ON WORKER1: OK
 COLLECTING SUBJECTS        1 TO       20 ON MANAGER
 COLLECTING SUBJECTS       21 TO       39 ON WORKER1
 ITERATION         2000
 STARTING SUBJECTS          1 TO       20 ON MANAGER: OK
 STARTING SUBJECTS         21 TO       39 ON WORKER1: OK
 COLLECTING SUBJECTS        1 TO       20 ON MANAGER
 COLLECTING SUBJECTS       21 TO       39 ON WORKER1
 ITERATION         2000
 STARTING SUBJECTS          1 TO       20 ON MANAGER: OK
 STARTING SUBJECTS         21 TO       39 ON WORKER1: OK
 COLLECTING SUBJECTS        1 TO       20 ON MANAGER
 COLLECTING SUBJECTS       21 TO       39 ON WORKER1
 ITERATION         2000
 STARTING SUBJECTS          1 TO       20 ON MANAGER: OK
 STARTING SUBJECTS         21 TO       39 ON WORKER1: OK
 COLLECTING SUBJECTS        1 TO       20 ON MANAGER
 COLLECTING SUBJECTS       21 TO       39 ON WORKER1
 ITERATION         2000
 STARTING SUBJECTS          1 TO       20 ON MANAGER: OK
 STARTING SUBJECTS         21 TO       39 ON WORKER1: OK
 COLLECTING SUBJECTS        1 TO       20 ON MANAGER
 COLLECTING SUBJECTS       21 TO       39 ON WORKER1
 ITERATION         2000
 STARTING SUBJECTS          1 TO       20 ON MANAGER: OK
 STARTING SUBJECTS         21 TO       39 ON WORKER1: OK
 COLLECTING SUBJECTS        1 TO       20 ON MANAGER
 COLLECTING SUBJECTS       21 TO       39 ON WORKER1
 ITERATION         2000
 STARTING SUBJECTS          1 TO       20 ON MANAGER: OK
 STARTING SUBJECTS         21 TO       39 ON WORKER1: OK
 COLLECTING SUBJECTS        1 TO       20 ON MANAGER
 COLLECTING SUBJECTS       21 TO       39 ON WORKER1
 ITERATION         2000
 STARTING SUBJECTS          1 TO       20 ON MANAGER: OK
 STARTING SUBJECTS         21 TO       39 ON WORKER1: OK
 COLLECTING SUBJECTS        1 TO       20 ON MANAGER
 COLLECTING SUBJECTS       21 TO       39 ON WORKER1
 ITERATION         2000
 STARTING SUBJECTS          1 TO       20 ON MANAGER: OK
 STARTING SUBJECTS         21 TO       39 ON WORKER1: OK
 COLLECTING SUBJECTS        1 TO       20 ON MANAGER
 COLLECTING SUBJECTS       21 TO       39 ON WORKER1
 ITERATION         2000
 STARTING SUBJECTS          1 TO       20 ON MANAGER: OK
 STARTING SUBJECTS         21 TO       39 ON WORKER1: OK
 COLLECTING SUBJECTS        1 TO       20 ON MANAGER
 COLLECTING SUBJECTS       21 TO       39 ON WORKER1
 ITERATION         2000
 STARTING SUBJECTS          1 TO       20 ON MANAGER: OK
 STARTING SUBJECTS         21 TO       39 ON WORKER1: OK
 COLLECTING SUBJECTS        1 TO       20 ON MANAGER
 COLLECTING SUBJECTS       21 TO       39 ON WORKER1
 ITERATION         2000
 STARTING SUBJECTS          1 TO       20 ON MANAGER: OK
 STARTING SUBJECTS         21 TO       39 ON WORKER1: OK
 COLLECTING SUBJECTS        1 TO       20 ON MANAGER
 COLLECTING SUBJECTS       21 TO       39 ON WORKER1
 ITERATION         2000
 STARTING SUBJECTS          1 TO       20 ON MANAGER: OK
 STARTING SUBJECTS         21 TO       39 ON WORKER1: OK
 COLLECTING SUBJECTS        1 TO       20 ON MANAGER
 COLLECTING SUBJECTS       21 TO       39 ON WORKER1
 ITERATION         2000
 STARTING SUBJECTS          1 TO       20 ON MANAGER: OK
 STARTING SUBJECTS         21 TO       39 ON WORKER1: OK
 COLLECTING SUBJECTS        1 TO       20 ON MANAGER
 COLLECTING SUBJECTS       21 TO       39 ON WORKER1
 ITERATION         2000
 STARTING SUBJECTS          1 TO       20 ON MANAGER: OK
 STARTING SUBJECTS         21 TO       39 ON WORKER1: OK
 COLLECTING SUBJECTS        1 TO       20 ON MANAGER
 COLLECTING SUBJECTS       21 TO       39 ON WORKER1
 ITERATION         2000
 STARTING SUBJECTS          1 TO       20 ON MANAGER: OK
 STARTING SUBJECTS         21 TO       39 ON WORKER1: OK
 COLLECTING SUBJECTS        1 TO       20 ON MANAGER
 COLLECTING SUBJECTS       21 TO       39 ON WORKER1
 ITERATION         2000
 STARTING SUBJECTS          1 TO       20 ON MANAGER: OK
 STARTING SUBJECTS         21 TO       39 ON WORKER1: OK
 COLLECTING SUBJECTS        1 TO       20 ON MANAGER
 COLLECTING SUBJECTS       21 TO       39 ON WORKER1
 ITERATION         2000
 STARTING SUBJECTS          1 TO       20 ON MANAGER: OK
 STARTING SUBJECTS         21 TO       39 ON WORKER1: OK
 COLLECTING SUBJECTS        1 TO       20 ON MANAGER
 COLLECTING SUBJECTS       21 TO       39 ON WORKER1
 ITERATION         2000
 STARTING SUBJECTS          1 TO       20 ON MANAGER: OK
 STARTING SUBJECTS         21 TO       39 ON WORKER1: OK
 COLLECTING SUBJECTS        1 TO       20 ON MANAGER
 COLLECTING SUBJECTS       21 TO       39 ON WORKER1
 ITERATION         2000
 STARTING SUBJECTS          1 TO       20 ON MANAGER: OK
 STARTING SUBJECTS         21 TO       39 ON WORKER1: OK
 COLLECTING SUBJECTS        1 TO       20 ON MANAGER
 COLLECTING SUBJECTS       21 TO       39 ON WORKER1
 ITERATION         2000
 STARTING SUBJECTS          1 TO       20 ON MANAGER: OK
 STARTING SUBJECTS         21 TO       39 ON WORKER1: OK
 COLLECTING SUBJECTS        1 TO       20 ON MANAGER
 COLLECTING SUBJECTS       21 TO       39 ON WORKER1
 ITERATION         2000
 STARTING SUBJECTS          1 TO       20 ON MANAGER: OK
 STARTING SUBJECTS         21 TO       39 ON WORKER1: OK
 COLLECTING SUBJECTS        1 TO       20 ON MANAGER
 COLLECTING SUBJECTS       21 TO       39 ON WORKER1
 ITERATION         2000
 STARTING SUBJECTS          1 TO       20 ON MANAGER: OK
 STARTING SUBJECTS         21 TO       39 ON WORKER1: OK
 COLLECTING SUBJECTS        1 TO       20 ON MANAGER
 COLLECTING SUBJECTS       21 TO       39 ON WORKER1
 ITERATION         2000
 STARTING SUBJECTS          1 TO       20 ON MANAGER: OK
 STARTING SUBJECTS         21 TO       39 ON WORKER1: OK
 COLLECTING SUBJECTS        1 TO       20 ON MANAGER
 COLLECTING SUBJECTS       21 TO       39 ON WORKER1
 ITERATION         2000
 STARTING SUBJECTS          1 TO       20 ON MANAGER: OK
 STARTING SUBJECTS         21 TO       39 ON WORKER1: OK
 COLLECTING SUBJECTS        1 TO       20 ON MANAGER
 COLLECTING SUBJECTS       21 TO       39 ON WORKER1
 ITERATION         2000
 STARTING SUBJECTS          1 TO       20 ON MANAGER: OK
 STARTING SUBJECTS         21 TO       39 ON WORKER1: OK
 COLLECTING SUBJECTS        1 TO       20 ON MANAGER
 COLLECTING SUBJECTS       21 TO       39 ON WORKER1
 ITERATION         2000
 STARTING SUBJECTS          1 TO       20 ON MANAGER: OK
 STARTING SUBJECTS         21 TO       39 ON WORKER1: OK
 COLLECTING SUBJECTS        1 TO       20 ON MANAGER
 COLLECTING SUBJECTS       21 TO       39 ON WORKER1
 ITERATION         2000
 STARTING SUBJECTS          1 TO       20 ON MANAGER: OK
 STARTING SUBJECTS         21 TO       39 ON WORKER1: OK
 COLLECTING SUBJECTS        1 TO       20 ON MANAGER
 COLLECTING SUBJECTS       21 TO       39 ON WORKER1
 ITERATION         2000
 STARTING SUBJECTS          1 TO       20 ON MANAGER: OK
 STARTING SUBJECTS         21 TO       39 ON WORKER1: OK
 COLLECTING SUBJECTS        1 TO       20 ON MANAGER
 COLLECTING SUBJECTS       21 TO       39 ON WORKER1
 ITERATION         2000
 STARTING SUBJECTS          1 TO       20 ON MANAGER: OK
 STARTING SUBJECTS         21 TO       39 ON WORKER1: OK
 COLLECTING SUBJECTS        1 TO       20 ON MANAGER
 COLLECTING SUBJECTS       21 TO       39 ON WORKER1
 ITERATION         2000
 STARTING SUBJECTS          1 TO       20 ON MANAGER: OK
 STARTING SUBJECTS         21 TO       39 ON WORKER1: OK
 COLLECTING SUBJECTS        1 TO       20 ON MANAGER
 COLLECTING SUBJECTS       21 TO       39 ON WORKER1
 ITERATION         2000
 STARTING SUBJECTS          1 TO       20 ON MANAGER: OK
 STARTING SUBJECTS         21 TO       39 ON WORKER1: OK
 COLLECTING SUBJECTS        1 TO       20 ON MANAGER
 COLLECTING SUBJECTS       21 TO       39 ON WORKER1
 ITERATION         2000
 STARTING SUBJECTS          1 TO       20 ON MANAGER: OK
 STARTING SUBJECTS         21 TO       39 ON WORKER1: OK
 COLLECTING SUBJECTS        1 TO       20 ON MANAGER
 COLLECTING SUBJECTS       21 TO       39 ON WORKER1
 ITERATION         2000
 STARTING SUBJECTS          1 TO       20 ON MANAGER: OK
 STARTING SUBJECTS         21 TO       39 ON WORKER1: OK
 COLLECTING SUBJECTS        1 TO       20 ON MANAGER
 COLLECTING SUBJECTS       21 TO       39 ON WORKER1
 ITERATION         2000
 STARTING SUBJECTS          1 TO       20 ON MANAGER: OK
 STARTING SUBJECTS         21 TO       39 ON WORKER1: OK
 COLLECTING SUBJECTS        1 TO       20 ON MANAGER
 COLLECTING SUBJECTS       21 TO       39 ON WORKER1
 ITERATION         2000
 STARTING SUBJECTS          1 TO       20 ON MANAGER: OK
 STARTING SUBJECTS         21 TO       39 ON WORKER1: OK
 COLLECTING SUBJECTS        1 TO       20 ON MANAGER
 COLLECTING SUBJECTS       21 TO       39 ON WORKER1
 ITERATION         2000
 STARTING SUBJECTS          1 TO       20 ON MANAGER: OK
 STARTING SUBJECTS         21 TO       39 ON WORKER1: OK
 COLLECTING SUBJECTS        1 TO       20 ON MANAGER
 COLLECTING SUBJECTS       21 TO       39 ON WORKER1
 ITERATION         2000
 STARTING SUBJECTS          1 TO       20 ON MANAGER: OK
 STARTING SUBJECTS         21 TO       39 ON WORKER1: OK
 COLLECTING SUBJECTS        1 TO       20 ON MANAGER
 COLLECTING SUBJECTS       21 TO       39 ON WORKER1
 ITERATION         2000
 STARTING SUBJECTS          1 TO       20 ON MANAGER: OK
 STARTING SUBJECTS         21 TO       39 ON WORKER1: OK
 COLLECTING SUBJECTS        1 TO       20 ON MANAGER
 COLLECTING SUBJECTS       21 TO       39 ON WORKER1
 ITERATION         2000
 STARTING SUBJECTS          1 TO       20 ON MANAGER: OK
 STARTING SUBJECTS         21 TO       39 ON WORKER1: OK
 COLLECTING SUBJECTS        1 TO       20 ON MANAGER
 COLLECTING SUBJECTS       21 TO       39 ON WORKER1
 ITERATION         2000
 STARTING SUBJECTS          1 TO       20 ON MANAGER: OK
 STARTING SUBJECTS         21 TO       39 ON WORKER1: OK
 COLLECTING SUBJECTS        1 TO       20 ON MANAGER
 COLLECTING SUBJECTS       21 TO       39 ON WORKER1
 ITERATION         2000
 STARTING SUBJECTS          1 TO       20 ON MANAGER: OK
 STARTING SUBJECTS         21 TO       39 ON WORKER1: OK
 COLLECTING SUBJECTS        1 TO       20 ON MANAGER
 COLLECTING SUBJECTS       21 TO       39 ON WORKER1
 ITERATION         2000
 STARTING SUBJECTS          1 TO       20 ON MANAGER: OK
 STARTING SUBJECTS         21 TO       39 ON WORKER1: OK
 COLLECTING SUBJECTS        1 TO       20 ON MANAGER
 COLLECTING SUBJECTS       21 TO       39 ON WORKER1
 ITERATION         2000
 STARTING SUBJECTS          1 TO       20 ON MANAGER: OK
 STARTING SUBJECTS         21 TO       39 ON WORKER1: OK
 COLLECTING SUBJECTS        1 TO       20 ON MANAGER
 COLLECTING SUBJECTS       21 TO       39 ON WORKER1
 ITERATION         2000
 STARTING SUBJECTS          1 TO       20 ON MANAGER: OK
 STARTING SUBJECTS         21 TO       39 ON WORKER1: OK
 COLLECTING SUBJECTS        1 TO       20 ON MANAGER
 COLLECTING SUBJECTS       21 TO       39 ON WORKER1
 ITERATION         2000
 STARTING SUBJECTS          1 TO       20 ON MANAGER: OK
 STARTING SUBJECTS         21 TO       39 ON WORKER1: OK
 COLLECTING SUBJECTS        1 TO       20 ON MANAGER
 COLLECTING SUBJECTS       21 TO       39 ON WORKER1
 ITERATION         2000
 STARTING SUBJECTS          1 TO       20 ON MANAGER: OK
 STARTING SUBJECTS         21 TO       39 ON WORKER1: OK
 COLLECTING SUBJECTS        1 TO       20 ON MANAGER
 COLLECTING SUBJECTS       21 TO       39 ON WORKER1
 ITERATION         2000
 STARTING SUBJECTS          1 TO       20 ON MANAGER: OK
 STARTING SUBJECTS         21 TO       39 ON WORKER1: OK
 COLLECTING SUBJECTS        1 TO       20 ON MANAGER
 COLLECTING SUBJECTS       21 TO       39 ON WORKER1
 ITERATION         2000
 STARTING SUBJECTS          1 TO       20 ON MANAGER: OK
 STARTING SUBJECTS         21 TO       39 ON WORKER1: OK
 COLLECTING SUBJECTS        1 TO       20 ON MANAGER
 COLLECTING SUBJECTS       21 TO       39 ON WORKER1
 ITERATION         2000
 STARTING SUBJECTS          1 TO       20 ON MANAGER: OK
 STARTING SUBJECTS         21 TO       39 ON WORKER1: OK
 COLLECTING SUBJECTS        1 TO       20 ON MANAGER
 COLLECTING SUBJECTS       21 TO       39 ON WORKER1
 ITERATION         2000
 STARTING SUBJECTS          1 TO       20 ON MANAGER: OK
 STARTING SUBJECTS         21 TO       39 ON WORKER1: OK
 COLLECTING SUBJECTS        1 TO       20 ON MANAGER
 COLLECTING SUBJECTS       21 TO       39 ON WORKER1
 ITERATION         2000
 STARTING SUBJECTS          1 TO       20 ON MANAGER: OK
 STARTING SUBJECTS         21 TO       39 ON WORKER1: OK
 COLLECTING SUBJECTS        1 TO       20 ON MANAGER
 COLLECTING SUBJECTS       21 TO       39 ON WORKER1
 ITERATION         2000
 STARTING SUBJECTS          1 TO       20 ON MANAGER: OK
 STARTING SUBJECTS         21 TO       39 ON WORKER1: OK
 COLLECTING SUBJECTS        1 TO       20 ON MANAGER
 COLLECTING SUBJECTS       21 TO       39 ON WORKER1
 ITERATION         2000
 STARTING SUBJECTS          1 TO       20 ON MANAGER: OK
 STARTING SUBJECTS         21 TO       39 ON WORKER1: OK
 COLLECTING SUBJECTS        1 TO       20 ON MANAGER
 COLLECTING SUBJECTS       21 TO       39 ON WORKER1
 ITERATION         2000
 STARTING SUBJECTS          1 TO       20 ON MANAGER: OK
 STARTING SUBJECTS         21 TO       39 ON WORKER1: OK
 COLLECTING SUBJECTS        1 TO       20 ON MANAGER
 COLLECTING SUBJECTS       21 TO       39 ON WORKER1
 ITERATION         2000
 STARTING SUBJECTS          1 TO       20 ON MANAGER: OK
 STARTING SUBJECTS         21 TO       39 ON WORKER1: OK
 COLLECTING SUBJECTS        1 TO       20 ON MANAGER
 COLLECTING SUBJECTS       21 TO       39 ON WORKER1
 ITERATION         2000
 STARTING SUBJECTS          1 TO       20 ON MANAGER: OK
 STARTING SUBJECTS         21 TO       39 ON WORKER1: OK
 COLLECTING SUBJECTS        1 TO       20 ON MANAGER
 COLLECTING SUBJECTS       21 TO       39 ON WORKER1
 ITERATION         2000
 STARTING SUBJECTS          1 TO       20 ON MANAGER: OK
 STARTING SUBJECTS         21 TO       39 ON WORKER1: OK
 COLLECTING SUBJECTS        1 TO       20 ON MANAGER
 COLLECTING SUBJECTS       21 TO       39 ON WORKER1
 ITERATION         2000
 STARTING SUBJECTS          1 TO       20 ON MANAGER: OK
 STARTING SUBJECTS         21 TO       39 ON WORKER1: OK
 COLLECTING SUBJECTS        1 TO       20 ON MANAGER
 COLLECTING SUBJECTS       21 TO       39 ON WORKER1
 ITERATION         2000
 STARTING SUBJECTS          1 TO       20 ON MANAGER: OK
 STARTING SUBJECTS         21 TO       39 ON WORKER1: OK
 COLLECTING SUBJECTS        1 TO       20 ON MANAGER
 COLLECTING SUBJECTS       21 TO       39 ON WORKER1
 ITERATION         2000
 STARTING SUBJECTS          1 TO       20 ON MANAGER: OK
 STARTING SUBJECTS         21 TO       39 ON WORKER1: OK
 COLLECTING SUBJECTS        1 TO       20 ON MANAGER
 COLLECTING SUBJECTS       21 TO       39 ON WORKER1
 ITERATION         2000
 STARTING SUBJECTS          1 TO       20 ON MANAGER: OK
 STARTING SUBJECTS         21 TO       39 ON WORKER1: OK
 COLLECTING SUBJECTS        1 TO       20 ON MANAGER
 COLLECTING SUBJECTS       21 TO       39 ON WORKER1
 ITERATION         2000
 STARTING SUBJECTS          1 TO       20 ON MANAGER: OK
 STARTING SUBJECTS         21 TO       39 ON WORKER1: OK
 COLLECTING SUBJECTS        1 TO       20 ON MANAGER
 COLLECTING SUBJECTS       21 TO       39 ON WORKER1
 ITERATION         2000
 STARTING SUBJECTS          1 TO       20 ON MANAGER: OK
 STARTING SUBJECTS         21 TO       39 ON WORKER1: OK
 COLLECTING SUBJECTS        1 TO       20 ON MANAGER
 COLLECTING SUBJECTS       21 TO       39 ON WORKER1
 ITERATION         2000
 STARTING SUBJECTS          1 TO       20 ON MANAGER: OK
 STARTING SUBJECTS         21 TO       39 ON WORKER1: OK
 COLLECTING SUBJECTS        1 TO       20 ON MANAGER
 COLLECTING SUBJECTS       21 TO       39 ON WORKER1
 ITERATION         2000
 STARTING SUBJECTS          1 TO       20 ON MANAGER: OK
 STARTING SUBJECTS         21 TO       39 ON WORKER1: OK
 COLLECTING SUBJECTS        1 TO       20 ON MANAGER
 COLLECTING SUBJECTS       21 TO       39 ON WORKER1
 ITERATION         2000
 STARTING SUBJECTS          1 TO       20 ON MANAGER: OK
 STARTING SUBJECTS         21 TO       39 ON WORKER1: OK
 COLLECTING SUBJECTS        1 TO       20 ON MANAGER
 COLLECTING SUBJECTS       21 TO       39 ON WORKER1
 ITERATION         2000
 STARTING SUBJECTS          1 TO       20 ON MANAGER: OK
 STARTING SUBJECTS         21 TO       39 ON WORKER1: OK
 COLLECTING SUBJECTS        1 TO       20 ON MANAGER
 COLLECTING SUBJECTS       21 TO       39 ON WORKER1
 ITERATION         2000
 STARTING SUBJECTS          1 TO       20 ON MANAGER: OK
 STARTING SUBJECTS         21 TO       39 ON WORKER1: OK
 COLLECTING SUBJECTS        1 TO       20 ON MANAGER
 COLLECTING SUBJECTS       21 TO       39 ON WORKER1
 ITERATION         2000
 STARTING SUBJECTS          1 TO       20 ON MANAGER: OK
 STARTING SUBJECTS         21 TO       39 ON WORKER1: OK
 COLLECTING SUBJECTS        1 TO       20 ON MANAGER
 COLLECTING SUBJECTS       21 TO       39 ON WORKER1
 ITERATION         2000
 STARTING SUBJECTS          1 TO       20 ON MANAGER: OK
 STARTING SUBJECTS         21 TO       39 ON WORKER1: OK
 COLLECTING SUBJECTS        1 TO       20 ON MANAGER
 COLLECTING SUBJECTS       21 TO       39 ON WORKER1
 ITERATION         2000
 STARTING SUBJECTS          1 TO       20 ON MANAGER: OK
 STARTING SUBJECTS         21 TO       39 ON WORKER1: OK
 COLLECTING SUBJECTS        1 TO       20 ON MANAGER
 COLLECTING SUBJECTS       21 TO       39 ON WORKER1
 ITERATION         2000
 STARTING SUBJECTS          1 TO       20 ON MANAGER: OK
 STARTING SUBJECTS         21 TO       39 ON WORKER1: OK
 COLLECTING SUBJECTS        1 TO       20 ON MANAGER
 COLLECTING SUBJECTS       21 TO       39 ON WORKER1
 ITERATION         2000
 STARTING SUBJECTS          1 TO       20 ON MANAGER: OK
 STARTING SUBJECTS         21 TO       39 ON WORKER1: OK
 COLLECTING SUBJECTS        1 TO       20 ON MANAGER
 COLLECTING SUBJECTS       21 TO       39 ON WORKER1
 ITERATION         2000
 STARTING SUBJECTS          1 TO       20 ON MANAGER: OK
 STARTING SUBJECTS         21 TO       39 ON WORKER1: OK
 COLLECTING SUBJECTS        1 TO       20 ON MANAGER
 COLLECTING SUBJECTS       21 TO       39 ON WORKER1
 ITERATION         2000
 STARTING SUBJECTS          1 TO       20 ON MANAGER: OK
 STARTING SUBJECTS         21 TO       39 ON WORKER1: OK
 COLLECTING SUBJECTS        1 TO       20 ON MANAGER
 COLLECTING SUBJECTS       21 TO       39 ON WORKER1
 ITERATION         2000
 STARTING SUBJECTS          1 TO       20 ON MANAGER: OK
 STARTING SUBJECTS         21 TO       39 ON WORKER1: OK
 COLLECTING SUBJECTS        1 TO       20 ON MANAGER
 COLLECTING SUBJECTS       21 TO       39 ON WORKER1
 ITERATION         2000
 STARTING SUBJECTS          1 TO       20 ON MANAGER: OK
 STARTING SUBJECTS         21 TO       39 ON WORKER1: OK
 COLLECTING SUBJECTS        1 TO       20 ON MANAGER
 COLLECTING SUBJECTS       21 TO       39 ON WORKER1
 ITERATION         2000
 STARTING SUBJECTS          1 TO       20 ON MANAGER: OK
 STARTING SUBJECTS         21 TO       39 ON WORKER1: OK
 COLLECTING SUBJECTS        1 TO       20 ON MANAGER
 COLLECTING SUBJECTS       21 TO       39 ON WORKER1
 ITERATION         2000
 STARTING SUBJECTS          1 TO       20 ON MANAGER: OK
 STARTING SUBJECTS         21 TO       39 ON WORKER1: OK
 COLLECTING SUBJECTS        1 TO       20 ON MANAGER
 COLLECTING SUBJECTS       21 TO       39 ON WORKER1
 ITERATION         2000
 STARTING SUBJECTS          1 TO       20 ON MANAGER: OK
 STARTING SUBJECTS         21 TO       39 ON WORKER1: OK
 COLLECTING SUBJECTS        1 TO       20 ON MANAGER
 COLLECTING SUBJECTS       21 TO       39 ON WORKER1
 ITERATION         2000
 STARTING SUBJECTS          1 TO       20 ON MANAGER: OK
 STARTING SUBJECTS         21 TO       39 ON WORKER1: OK
 COLLECTING SUBJECTS        1 TO       20 ON MANAGER
 COLLECTING SUBJECTS       21 TO       39 ON WORKER1
 ITERATION         2000
 STARTING SUBJECTS          1 TO       20 ON MANAGER: OK
 STARTING SUBJECTS         21 TO       39 ON WORKER1: OK
 COLLECTING SUBJECTS        1 TO       20 ON MANAGER
 COLLECTING SUBJECTS       21 TO       39 ON WORKER1
 ITERATION         2000
 STARTING SUBJECTS          1 TO       20 ON MANAGER: OK
 STARTING SUBJECTS         21 TO       39 ON WORKER1: OK
 COLLECTING SUBJECTS        1 TO       20 ON MANAGER
 COLLECTING SUBJECTS       21 TO       39 ON WORKER1
 ITERATION         2000
 STARTING SUBJECTS          1 TO       20 ON MANAGER: OK
 STARTING SUBJECTS         21 TO       39 ON WORKER1: OK
 COLLECTING SUBJECTS        1 TO       20 ON MANAGER
 COLLECTING SUBJECTS       21 TO       39 ON WORKER1
 ITERATION         2000
 STARTING SUBJECTS          1 TO       20 ON MANAGER: OK
 STARTING SUBJECTS         21 TO       39 ON WORKER1: OK
 COLLECTING SUBJECTS        1 TO       20 ON MANAGER
 COLLECTING SUBJECTS       21 TO       39 ON WORKER1
 ITERATION         2000
 STARTING SUBJECTS          1 TO       20 ON MANAGER: OK
 STARTING SUBJECTS         21 TO       39 ON WORKER1: OK
 COLLECTING SUBJECTS        1 TO       20 ON MANAGER
 COLLECTING SUBJECTS       21 TO       39 ON WORKER1
 ITERATION         2000
 STARTING SUBJECTS          1 TO       20 ON MANAGER: OK
 STARTING SUBJECTS         21 TO       39 ON WORKER1: OK
 COLLECTING SUBJECTS        1 TO       20 ON MANAGER
 COLLECTING SUBJECTS       21 TO       39 ON WORKER1
 ITERATION         2000
 STARTING SUBJECTS          1 TO       20 ON MANAGER: OK
 STARTING SUBJECTS         21 TO       39 ON WORKER1: OK
 COLLECTING SUBJECTS        1 TO       20 ON MANAGER
 COLLECTING SUBJECTS       21 TO       39 ON WORKER1
 ITERATION         2000
 STARTING SUBJECTS          1 TO       20 ON MANAGER: OK
 STARTING SUBJECTS         21 TO       39 ON WORKER1: OK
 COLLECTING SUBJECTS        1 TO       20 ON MANAGER
 COLLECTING SUBJECTS       21 TO       39 ON WORKER1
 ITERATION         2000
 STARTING SUBJECTS          1 TO       20 ON MANAGER: OK
 STARTING SUBJECTS         21 TO       39 ON WORKER1: OK
 COLLECTING SUBJECTS        1 TO       20 ON MANAGER
 COLLECTING SUBJECTS       21 TO       39 ON WORKER1
 ITERATION         2000
 STARTING SUBJECTS          1 TO       20 ON MANAGER: OK
 STARTING SUBJECTS         21 TO       39 ON WORKER1: OK
 COLLECTING SUBJECTS        1 TO       20 ON MANAGER
 COLLECTING SUBJECTS       21 TO       39 ON WORKER1
 ITERATION         2000
 STARTING SUBJECTS          1 TO       20 ON MANAGER: OK
 STARTING SUBJECTS         21 TO       39 ON WORKER1: OK
 COLLECTING SUBJECTS        1 TO       20 ON MANAGER
 COLLECTING SUBJECTS       21 TO       39 ON WORKER1
 ITERATION         2000
 STARTING SUBJECTS          1 TO       20 ON MANAGER: OK
 STARTING SUBJECTS         21 TO       39 ON WORKER1: OK
 COLLECTING SUBJECTS        1 TO       20 ON MANAGER
 COLLECTING SUBJECTS       21 TO       39 ON WORKER1
 ITERATION         2000
 STARTING SUBJECTS          1 TO       20 ON MANAGER: OK
 STARTING SUBJECTS         21 TO       39 ON WORKER1: OK
 COLLECTING SUBJECTS        1 TO       20 ON MANAGER
 COLLECTING SUBJECTS       21 TO       39 ON WORKER1
 ITERATION         2000
 STARTING SUBJECTS          1 TO       20 ON MANAGER: OK
 STARTING SUBJECTS         21 TO       39 ON WORKER1: OK
 COLLECTING SUBJECTS        1 TO       20 ON MANAGER
 COLLECTING SUBJECTS       21 TO       39 ON WORKER1
 ITERATION         2000
 STARTING SUBJECTS          1 TO       20 ON MANAGER: OK
 STARTING SUBJECTS         21 TO       39 ON WORKER1: OK
 COLLECTING SUBJECTS        1 TO       20 ON MANAGER
 COLLECTING SUBJECTS       21 TO       39 ON WORKER1
 ITERATION         2000
 STARTING SUBJECTS          1 TO       20 ON MANAGER: OK
 STARTING SUBJECTS         21 TO       39 ON WORKER1: OK
 COLLECTING SUBJECTS        1 TO       20 ON MANAGER
 COLLECTING SUBJECTS       21 TO       39 ON WORKER1
 ITERATION         2000
 STARTING SUBJECTS          1 TO       20 ON MANAGER: OK
 STARTING SUBJECTS         21 TO       39 ON WORKER1: OK
 COLLECTING SUBJECTS        1 TO       20 ON MANAGER
 COLLECTING SUBJECTS       21 TO       39 ON WORKER1
 ITERATION         2000
 STARTING SUBJECTS          1 TO       20 ON MANAGER: OK
 STARTING SUBJECTS         21 TO       39 ON WORKER1: OK
 COLLECTING SUBJECTS        1 TO       20 ON MANAGER
 COLLECTING SUBJECTS       21 TO       39 ON WORKER1
 ITERATION         2000
 STARTING SUBJECTS          1 TO       20 ON MANAGER: OK
 STARTING SUBJECTS         21 TO       39 ON WORKER1: OK
 COLLECTING SUBJECTS        1 TO       20 ON MANAGER
 COLLECTING SUBJECTS       21 TO       39 ON WORKER1
 ITERATION         2000
 STARTING SUBJECTS          1 TO       20 ON MANAGER: OK
 STARTING SUBJECTS         21 TO       39 ON WORKER1: OK
 COLLECTING SUBJECTS        1 TO       20 ON MANAGER
 COLLECTING SUBJECTS       21 TO       39 ON WORKER1
 ITERATION         2000
 STARTING SUBJECTS          1 TO       20 ON MANAGER: OK
 STARTING SUBJECTS         21 TO       39 ON WORKER1: OK
 COLLECTING SUBJECTS        1 TO       20 ON MANAGER
 COLLECTING SUBJECTS       21 TO       39 ON WORKER1
 ITERATION         2000
 STARTING SUBJECTS          1 TO       20 ON MANAGER: OK
 STARTING SUBJECTS         21 TO       39 ON WORKER1: OK
 COLLECTING SUBJECTS        1 TO       20 ON MANAGER
 COLLECTING SUBJECTS       21 TO       39 ON WORKER1
 ITERATION         2000
 STARTING SUBJECTS          1 TO       20 ON MANAGER: OK
 STARTING SUBJECTS         21 TO       39 ON WORKER1: OK
 COLLECTING SUBJECTS        1 TO       20 ON MANAGER
 COLLECTING SUBJECTS       21 TO       39 ON WORKER1
 ITERATION         2000
 STARTING SUBJECTS          1 TO       20 ON MANAGER: OK
 STARTING SUBJECTS         21 TO       39 ON WORKER1: OK
 COLLECTING SUBJECTS        1 TO       20 ON MANAGER
 COLLECTING SUBJECTS       21 TO       39 ON WORKER1
 ITERATION         2000
 STARTING SUBJECTS          1 TO       20 ON MANAGER: OK
 STARTING SUBJECTS         21 TO       39 ON WORKER1: OK
 COLLECTING SUBJECTS        1 TO       20 ON MANAGER
 COLLECTING SUBJECTS       21 TO       39 ON WORKER1
 ITERATION         2000
 STARTING SUBJECTS          1 TO       20 ON MANAGER: OK
 STARTING SUBJECTS         21 TO       39 ON WORKER1: OK
 COLLECTING SUBJECTS        1 TO       20 ON MANAGER
 COLLECTING SUBJECTS       21 TO       39 ON WORKER1
 ITERATION         2000
 STARTING SUBJECTS          1 TO       20 ON MANAGER: OK
 STARTING SUBJECTS         21 TO       39 ON WORKER1: OK
 COLLECTING SUBJECTS        1 TO       20 ON MANAGER
 COLLECTING SUBJECTS       21 TO       39 ON WORKER1
 ITERATION         2000
 STARTING SUBJECTS          1 TO       20 ON MANAGER: OK
 STARTING SUBJECTS         21 TO       39 ON WORKER1: OK
 COLLECTING SUBJECTS        1 TO       20 ON MANAGER
 COLLECTING SUBJECTS       21 TO       39 ON WORKER1
 ITERATION         2000
 STARTING SUBJECTS          1 TO       20 ON MANAGER: OK
 STARTING SUBJECTS         21 TO       39 ON WORKER1: OK
 COLLECTING SUBJECTS        1 TO       20 ON MANAGER
 COLLECTING SUBJECTS       21 TO       39 ON WORKER1
 ITERATION         2000
 STARTING SUBJECTS          1 TO       20 ON MANAGER: OK
 STARTING SUBJECTS         21 TO       39 ON WORKER1: OK
 COLLECTING SUBJECTS        1 TO       20 ON MANAGER
 COLLECTING SUBJECTS       21 TO       39 ON WORKER1
 ITERATION         2000
 STARTING SUBJECTS          1 TO       20 ON MANAGER: OK
 STARTING SUBJECTS         21 TO       39 ON WORKER1: OK
 COLLECTING SUBJECTS        1 TO       20 ON MANAGER
 COLLECTING SUBJECTS       21 TO       39 ON WORKER1
 ITERATION         2000
 STARTING SUBJECTS          1 TO       20 ON MANAGER: OK
 STARTING SUBJECTS         21 TO       39 ON WORKER1: OK
 COLLECTING SUBJECTS        1 TO       20 ON MANAGER
 COLLECTING SUBJECTS       21 TO       39 ON WORKER1
 ITERATION         2000
 STARTING SUBJECTS          1 TO       20 ON MANAGER: OK
 STARTING SUBJECTS         21 TO       39 ON WORKER1: OK
 COLLECTING SUBJECTS        1 TO       20 ON MANAGER
 COLLECTING SUBJECTS       21 TO       39 ON WORKER1
 ITERATION         2000
 STARTING SUBJECTS          1 TO       20 ON MANAGER: OK
 STARTING SUBJECTS         21 TO       39 ON WORKER1: OK
 COLLECTING SUBJECTS        1 TO       20 ON MANAGER
 COLLECTING SUBJECTS       21 TO       39 ON WORKER1
 ITERATION         2000
 STARTING SUBJECTS          1 TO       20 ON MANAGER: OK
 STARTING SUBJECTS         21 TO       39 ON WORKER1: OK
 COLLECTING SUBJECTS        1 TO       20 ON MANAGER
 COLLECTING SUBJECTS       21 TO       39 ON WORKER1
 ITERATION         2000
 STARTING SUBJECTS          1 TO       20 ON MANAGER: OK
 STARTING SUBJECTS         21 TO       39 ON WORKER1: OK
 COLLECTING SUBJECTS        1 TO       20 ON MANAGER
 COLLECTING SUBJECTS       21 TO       39 ON WORKER1
 ITERATION         2000
 STARTING SUBJECTS          1 TO       20 ON MANAGER: OK
 STARTING SUBJECTS         21 TO       39 ON WORKER1: OK
 COLLECTING SUBJECTS        1 TO       20 ON MANAGER
 COLLECTING SUBJECTS       21 TO       39 ON WORKER1
 ITERATION         2000
 STARTING SUBJECTS          1 TO       20 ON MANAGER: OK
 STARTING SUBJECTS         21 TO       39 ON WORKER1: OK
 COLLECTING SUBJECTS        1 TO       20 ON MANAGER
 COLLECTING SUBJECTS       21 TO       39 ON WORKER1
 ITERATION         2000
 STARTING SUBJECTS          1 TO       20 ON MANAGER: OK
 STARTING SUBJECTS         21 TO       39 ON WORKER1: OK
 COLLECTING SUBJECTS        1 TO       20 ON MANAGER
 COLLECTING SUBJECTS       21 TO       39 ON WORKER1
 ITERATION         2000
 STARTING SUBJECTS          1 TO       20 ON MANAGER: OK
 STARTING SUBJECTS         21 TO       39 ON WORKER1: OK
 COLLECTING SUBJECTS        1 TO       20 ON MANAGER
 COLLECTING SUBJECTS       21 TO       39 ON WORKER1
 ITERATION         2000
 STARTING SUBJECTS          1 TO       20 ON MANAGER: OK
 STARTING SUBJECTS         21 TO       39 ON WORKER1: OK
 COLLECTING SUBJECTS        1 TO       20 ON MANAGER
 COLLECTING SUBJECTS       21 TO       39 ON WORKER1
 ITERATION         2000
 STARTING SUBJECTS          1 TO       20 ON MANAGER: OK
 STARTING SUBJECTS         21 TO       39 ON WORKER1: OK
 COLLECTING SUBJECTS        1 TO       20 ON MANAGER
 COLLECTING SUBJECTS       21 TO       39 ON WORKER1
 ITERATION         2000
 STARTING SUBJECTS          1 TO       20 ON MANAGER: OK
 STARTING SUBJECTS         21 TO       39 ON WORKER1: OK
 COLLECTING SUBJECTS        1 TO       20 ON MANAGER
 COLLECTING SUBJECTS       21 TO       39 ON WORKER1
 ITERATION         2000
 STARTING SUBJECTS          1 TO       20 ON MANAGER: OK
 STARTING SUBJECTS         21 TO       39 ON WORKER1: OK
 COLLECTING SUBJECTS        1 TO       20 ON MANAGER
 COLLECTING SUBJECTS       21 TO       39 ON WORKER1
 ITERATION         2000
 STARTING SUBJECTS          1 TO       20 ON MANAGER: OK
 STARTING SUBJECTS         21 TO       39 ON WORKER1: OK
 COLLECTING SUBJECTS        1 TO       20 ON MANAGER
 COLLECTING SUBJECTS       21 TO       39 ON WORKER1
 ITERATION         2000
 STARTING SUBJECTS          1 TO       20 ON MANAGER: OK
 STARTING SUBJECTS         21 TO       39 ON WORKER1: OK
 COLLECTING SUBJECTS        1 TO       20 ON MANAGER
 COLLECTING SUBJECTS       21 TO       39 ON WORKER1
PARAFILE=2004_1.pnm, PROTOCOL=MPI, NODES= 2
FNLETA STEP : Problem=1 Subproblem=0 Superproblem1=0 Iteration1=0 Superproblem2=0 Iteration2=0
 ITERATION            0
 STARTING SUBJECTS          1 TO       20 ON MANAGER: OK
 STARTING SUBJECTS         21 TO       39 ON WORKER1: OK
 COLLECTING SUBJECTS        1 TO       20 ON MANAGER
 COLLECTING SUBJECTS       21 TO       39 ON WORKER1
PARAFILE=2004_1.pnm, PROTOCOL=MPI, NODES= 2
WRES STEP : Problem=1 Subproblem=0 Superproblem1=0 Iteration1=0 Superproblem2=0 Iteration2=0
 ITERATION            0
 STARTING SUBJECTS          1 TO       20 ON MANAGER: OK
 STARTING SUBJECTS         21 TO       39 ON WORKER1: OK
 COLLECTING SUBJECTS        1 TO       20 ON MANAGER
 COLLECTING SUBJECTS       21 TO       39 ON WORKER1
 Tot. mngr. proc.   Time for this  Iteration  (DDD:HH:MM:SS.DD) 000:00:00:00.00
 Total Load         Time for this  Iteration  (DDD:HH:MM:SS.DD) 000:00:00:00.00
 Total Computation  Time for this  Iteration  (DDD:HH:MM:SS.DD) 000:00:00:00.00
 Accum. mngr. proc. Time among all Iterations (DDD:HH:MM:SS.DD) 000:00:00:00.00
 Accumulated Load   Time among all Iterations (DDD:HH:MM:SS.DD) 000:00:00:00.00
 Accumulated Comp.  Time among all Iterations (DDD:HH:MM:SS.DD) 000:00:00:00.00
 Accumulated CPU    Time of present job       (DDD:HH:MM:SS.DD) 000:00:16:44.99

 ITERATION            1
 STARTING SUBJECTS          1 TO       19 ON MANAGER: OK
 STARTING SUBJECTS         20 TO       39 ON WORKER1: OK
 COLLECTING SUBJECTS        1 TO       19 ON MANAGER
 COLLECTING SUBJECTS       20 TO       39 ON WORKER1
