PARAFILE=2005-2.pnm, PROTOCOL=MPI, NODES= 2
TABLE NO.     1: MCMC Bayesian Analysis: Goal Function=AVERAGE VALUE OF LIKELIHOOD FUNCTION: Problem=1 Subproblem=0 Superproblem1=0 Iteration1=0 Superproblem2=0 Iteration2=0
 ITERATION        -1000
 STARTING SUBJECTS          1 TO       20 ON MANAGER: OK
 STARTING SUBJECTS         21 TO       39 ON WORKER1: OK
 COLLECTING SUBJECTS        1 TO       20 ON MANAGER
 COLLECTING SUBJECTS       21 TO       39 ON WORKER1
 ITERATION        -1000
 STARTING SUBJECTS          1 TO       20 ON MANAGER: OK
 STARTING SUBJECTS         21 TO       39 ON WORKER1: OK
 COLLECTING SUBJECTS        1 TO       20 ON MANAGER
 COLLECTING SUBJECTS       21 TO       39 ON WORKER1
 ITERATION        -1000
 STARTING SUBJECTS          1 TO       20 ON MANAGER: OK
 STARTING SUBJECTS         21 TO       39 ON WORKER1: OK
 COLLECTING SUBJECTS        1 TO       20 ON MANAGER
 COLLECTING SUBJECTS       21 TO       39 ON WORKER1
 ITERATION        -1000
 STARTING SUBJECTS          1 TO       20 ON MANAGER: OK
 STARTING SUBJECTS         21 TO       39 ON WORKER1: OK
 COLLECTING SUBJECTS        1 TO       20 ON MANAGER
 COLLECTING SUBJECTS       21 TO       39 ON WORKER1
 ITERATION        -1000
 STARTING SUBJECTS          1 TO       20 ON MANAGER: OK
 STARTING SUBJECTS         21 TO       39 ON WORKER1: OK
 COLLECTING SUBJECTS        1 TO       20 ON MANAGER
 COLLECTING SUBJECTS       21 TO       39 ON WORKER1
 ITERATION        -1000
 STARTING SUBJECTS          1 TO       20 ON MANAGER: OK
 STARTING SUBJECTS         21 TO       39 ON WORKER1: OK
 COLLECTING SUBJECTS        1 TO       20 ON MANAGER
 COLLECTING SUBJECTS       21 TO       39 ON WORKER1
 ITERATION        -1000
 STARTING SUBJECTS          1 TO       20 ON MANAGER: OK
 STARTING SUBJECTS         21 TO       39 ON WORKER1: OK
 COLLECTING SUBJECTS        1 TO       20 ON MANAGER
 COLLECTING SUBJECTS       21 TO       39 ON WORKER1
 ITERATION        -1000
 STARTING SUBJECTS          1 TO       20 ON MANAGER: OK
 STARTING SUBJECTS         21 TO       39 ON WORKER1: OK
 COLLECTING SUBJECTS        1 TO       20 ON MANAGER
 COLLECTING SUBJECTS       21 TO       39 ON WORKER1
 ITERATION        -1000
 STARTING SUBJECTS          1 TO       20 ON MANAGER: OK
 STARTING SUBJECTS         21 TO       39 ON WORKER1: OK
 COLLECTING SUBJECTS        1 TO       20 ON MANAGER
 COLLECTING SUBJECTS       21 TO       39 ON WORKER1
 ITERATION        -1000
 STARTING SUBJECTS          1 TO       20 ON MANAGER: OK
 STARTING SUBJECTS         21 TO       39 ON WORKER1: OK
 COLLECTING SUBJECTS        1 TO       20 ON MANAGER
 COLLECTING SUBJECTS       21 TO       39 ON WORKER1
 ITERATION        -1000
 STARTING SUBJECTS          1 TO       20 ON MANAGER: OK
 STARTING SUBJECTS         21 TO       39 ON WORKER1: OK
 COLLECTING SUBJECTS        1 TO       20 ON MANAGER
 COLLECTING SUBJECTS       21 TO       39 ON WORKER1
 ITERATION        -1000
 STARTING SUBJECTS          1 TO       20 ON MANAGER: OK
 STARTING SUBJECTS         21 TO       39 ON WORKER1: OK
 COLLECTING SUBJECTS        1 TO       20 ON MANAGER
 COLLECTING SUBJECTS       21 TO       39 ON WORKER1
 ITERATION        -1000
 STARTING SUBJECTS          1 TO       20 ON MANAGER: OK
 STARTING SUBJECTS         21 TO       39 ON WORKER1: OK
 COLLECTING SUBJECTS        1 TO       20 ON MANAGER
 COLLECTING SUBJECTS       21 TO       39 ON WORKER1
 ITERATION        -1000
 STARTING SUBJECTS          1 TO       20 ON MANAGER: OK
 STARTING SUBJECTS         21 TO       39 ON WORKER1: OK
 COLLECTING SUBJECTS        1 TO       20 ON MANAGER
 COLLECTING SUBJECTS       21 TO       39 ON WORKER1
 Tot. mngr. proc.   Time for this  Iteration  (DDD:HH:MM:SS.DD) 000:00:00:00.00
 Total Load         Time for this  Iteration  (DDD:HH:MM:SS.DD) 000:00:00:00.05
 Total Computation  Time for this  Iteration  (DDD:HH:MM:SS.DD) 000:00:00:00.24
 Accum. mngr. proc. Time among all Iterations (DDD:HH:MM:SS.DD) 000:00:00:00.69
 Accumulated Load   Time among all Iterations (DDD:HH:MM:SS.DD) 000:00:00:34.58
 Accumulated Comp.  Time among all Iterations (DDD:HH:MM:SS.DD) 000:00:02:38.92
 Accumulated CPU    Time of present job       (DDD:HH:MM:SS.DD) 000:00:04:34.63

 ITERATION            0
 STARTING SUBJECTS          1 TO       20 ON MANAGER: OK
 STARTING SUBJECTS         21 TO       39 ON WORKER1: OK
 COLLECTING SUBJECTS        1 TO       20 ON MANAGER
 COLLECTING SUBJECTS       21 TO       39 ON WORKER1
 ITERATION            0
 STARTING SUBJECTS          1 TO       20 ON MANAGER: OK
 STARTING SUBJECTS         21 TO       39 ON WORKER1: OK
 COLLECTING SUBJECTS        1 TO       20 ON MANAGER
 COLLECTING SUBJECTS       21 TO       39 ON WORKER1
 ITERATION            0
 STARTING SUBJECTS          1 TO       20 ON MANAGER: OK
 STARTING SUBJECTS         21 TO       39 ON WORKER1: OK
 COLLECTING SUBJECTS        1 TO       20 ON MANAGER
 COLLECTING SUBJECTS       21 TO       39 ON WORKER1
 ITERATION            0
 STARTING SUBJECTS          1 TO       20 ON MANAGER: OK
 STARTING SUBJECTS         21 TO       39 ON WORKER1: OK
 COLLECTING SUBJECTS        1 TO       20 ON MANAGER
 COLLECTING SUBJECTS       21 TO       39 ON WORKER1
 ITERATION            0
 STARTING SUBJECTS          1 TO       20 ON MANAGER: OK
 STARTING SUBJECTS         21 TO       39 ON WORKER1: OK
 COLLECTING SUBJECTS        1 TO       20 ON MANAGER
 COLLECTING SUBJECTS       21 TO       39 ON WORKER1
 ITERATION            0
 STARTING SUBJECTS          1 TO       20 ON MANAGER: OK
 STARTING SUBJECTS         21 TO       39 ON WORKER1: OK
 COLLECTING SUBJECTS        1 TO       20 ON MANAGER
 COLLECTING SUBJECTS       21 TO       39 ON WORKER1
 ITERATION            0
 STARTING SUBJECTS          1 TO       20 ON MANAGER: OK
 STARTING SUBJECTS         21 TO       39 ON WORKER1: OK
 COLLECTING SUBJECTS        1 TO       20 ON MANAGER
 COLLECTING SUBJECTS       21 TO       39 ON WORKER1
 ITERATION            0
 STARTING SUBJECTS          1 TO       20 ON MANAGER: OK
 STARTING SUBJECTS         21 TO       39 ON WORKER1: OK
 COLLECTING SUBJECTS        1 TO       20 ON MANAGER
 COLLECTING SUBJECTS       21 TO       39 ON WORKER1
 ITERATION            0
 STARTING SUBJECTS          1 TO       20 ON MANAGER: OK
 STARTING SUBJECTS         21 TO       39 ON WORKER1: OK
 COLLECTING SUBJECTS        1 TO       20 ON MANAGER
 COLLECTING SUBJECTS       21 TO       39 ON WORKER1
 ITERATION            0
 STARTING SUBJECTS          1 TO       20 ON MANAGER: OK
 STARTING SUBJECTS         21 TO       39 ON WORKER1: OK
 COLLECTING SUBJECTS        1 TO       20 ON MANAGER
 COLLECTING SUBJECTS       21 TO       39 ON WORKER1
 ITERATION            0
 STARTING SUBJECTS          1 TO       20 ON MANAGER: OK
 STARTING SUBJECTS         21 TO       39 ON WORKER1: OK
 COLLECTING SUBJECTS        1 TO       20 ON MANAGER
 COLLECTING SUBJECTS       21 TO       39 ON WORKER1
 ITERATION            0
 STARTING SUBJECTS          1 TO       20 ON MANAGER: OK
 STARTING SUBJECTS         21 TO       39 ON WORKER1: OK
 COLLECTING SUBJECTS        1 TO       20 ON MANAGER
 COLLECTING SUBJECTS       21 TO       39 ON WORKER1
 ITERATION            0
 STARTING SUBJECTS          1 TO       20 ON MANAGER: OK
 STARTING SUBJECTS         21 TO       39 ON WORKER1: OK
 COLLECTING SUBJECTS        1 TO       20 ON MANAGER
 COLLECTING SUBJECTS       21 TO       39 ON WORKER1
 ITERATION            0
 STARTING SUBJECTS          1 TO       20 ON MANAGER: OK
 STARTING SUBJECTS         21 TO       39 ON WORKER1: OK
 COLLECTING SUBJECTS        1 TO       20 ON MANAGER
 COLLECTING SUBJECTS       21 TO       39 ON WORKER1
 ITERATION            0
 STARTING SUBJECTS          1 TO       20 ON MANAGER: OK
 STARTING SUBJECTS         21 TO       39 ON WORKER1: OK
 COLLECTING SUBJECTS        1 TO       20 ON MANAGER
 COLLECTING SUBJECTS       21 TO       39 ON WORKER1
 ITERATION            0
 STARTING SUBJECTS          1 TO       20 ON MANAGER: OK
 STARTING SUBJECTS         21 TO       39 ON WORKER1: OK
 COLLECTING SUBJECTS        1 TO       20 ON MANAGER
 COLLECTING SUBJECTS       21 TO       39 ON WORKER1
 ITERATION            0
 STARTING SUBJECTS          1 TO       20 ON MANAGER: OK
 STARTING SUBJECTS         21 TO       39 ON WORKER1: OK
 COLLECTING SUBJECTS        1 TO       20 ON MANAGER
 COLLECTING SUBJECTS       21 TO       39 ON WORKER1
 ITERATION            0
 STARTING SUBJECTS          1 TO       20 ON MANAGER: OK
 STARTING SUBJECTS         21 TO       39 ON WORKER1: OK
 COLLECTING SUBJECTS        1 TO       20 ON MANAGER
 COLLECTING SUBJECTS       21 TO       39 ON WORKER1
 ITERATION            0
 STARTING SUBJECTS          1 TO       20 ON MANAGER: OK
 STARTING SUBJECTS         21 TO       39 ON WORKER1: OK
 COLLECTING SUBJECTS        1 TO       20 ON MANAGER
 COLLECTING SUBJECTS       21 TO       39 ON WORKER1
 ITERATION            0
 STARTING SUBJECTS          1 TO       20 ON MANAGER: OK
 STARTING SUBJECTS         21 TO       39 ON WORKER1: OK
 COLLECTING SUBJECTS        1 TO       20 ON MANAGER
 COLLECTING SUBJECTS       21 TO       39 ON WORKER1
 ITERATION            0
 STARTING SUBJECTS          1 TO       20 ON MANAGER: OK
 STARTING SUBJECTS         21 TO       39 ON WORKER1: OK
 COLLECTING SUBJECTS        1 TO       20 ON MANAGER
 COLLECTING SUBJECTS       21 TO       39 ON WORKER1
 ITERATION            0
 STARTING SUBJECTS          1 TO       20 ON MANAGER: OK
 STARTING SUBJECTS         21 TO       39 ON WORKER1: OK
 COLLECTING SUBJECTS        1 TO       20 ON MANAGER
 COLLECTING SUBJECTS       21 TO       39 ON WORKER1
 ITERATION            0
 STARTING SUBJECTS          1 TO       20 ON MANAGER: OK
 STARTING SUBJECTS         21 TO       39 ON WORKER1: OK
 COLLECTING SUBJECTS        1 TO       20 ON MANAGER
 COLLECTING SUBJECTS       21 TO       39 ON WORKER1
 ITERATION            0
 STARTING SUBJECTS          1 TO       20 ON MANAGER: OK
 STARTING SUBJECTS         21 TO       39 ON WORKER1: OK
 COLLECTING SUBJECTS        1 TO       20 ON MANAGER
 COLLECTING SUBJECTS       21 TO       39 ON WORKER1
 ITERATION            0
 STARTING SUBJECTS          1 TO       20 ON MANAGER: OK
 STARTING SUBJECTS         21 TO       39 ON WORKER1: OK
 COLLECTING SUBJECTS        1 TO       20 ON MANAGER
 COLLECTING SUBJECTS       21 TO       39 ON WORKER1
 ITERATION            0
 STARTING SUBJECTS          1 TO       20 ON MANAGER: OK
 STARTING SUBJECTS         21 TO       39 ON WORKER1: OK
 COLLECTING SUBJECTS        1 TO       20 ON MANAGER
 COLLECTING SUBJECTS       21 TO       39 ON WORKER1
 ITERATION            0
 STARTING SUBJECTS          1 TO       20 ON MANAGER: OK
 STARTING SUBJECTS         21 TO       39 ON WORKER1: OK
 COLLECTING SUBJECTS        1 TO       20 ON MANAGER
 COLLECTING SUBJECTS       21 TO       39 ON WORKER1
 ITERATION            0
 STARTING SUBJECTS          1 TO       20 ON MANAGER: OK
 STARTING SUBJECTS         21 TO       39 ON WORKER1: OK
 COLLECTING SUBJECTS        1 TO       20 ON MANAGER
 COLLECTING SUBJECTS       21 TO       39 ON WORKER1
 ITERATION            0
 STARTING SUBJECTS          1 TO       20 ON MANAGER: OK
 STARTING SUBJECTS         21 TO       39 ON WORKER1: OK
 COLLECTING SUBJECTS        1 TO       20 ON MANAGER
 COLLECTING SUBJECTS       21 TO       39 ON WORKER1
 ITERATION            0
 STARTING SUBJECTS          1 TO       20 ON MANAGER: OK
 STARTING SUBJECTS         21 TO       39 ON WORKER1: OK
 COLLECTING SUBJECTS        1 TO       20 ON MANAGER
 COLLECTING SUBJECTS       21 TO       39 ON WORKER1
 ITERATION            0
 STARTING SUBJECTS          1 TO       20 ON MANAGER: OK
 STARTING SUBJECTS         21 TO       39 ON WORKER1: OK
 COLLECTING SUBJECTS        1 TO       20 ON MANAGER
 COLLECTING SUBJECTS       21 TO       39 ON WORKER1
 ITERATION            0
 STARTING SUBJECTS          1 TO       20 ON MANAGER: OK
 STARTING SUBJECTS         21 TO       39 ON WORKER1: OK
 COLLECTING SUBJECTS        1 TO       20 ON MANAGER
 COLLECTING SUBJECTS       21 TO       39 ON WORKER1
 ITERATION            0
 STARTING SUBJECTS          1 TO       20 ON MANAGER: OK
 STARTING SUBJECTS         21 TO       39 ON WORKER1: OK
 COLLECTING SUBJECTS        1 TO       20 ON MANAGER
 COLLECTING SUBJECTS       21 TO       39 ON WORKER1
 ITERATION            0
 STARTING SUBJECTS          1 TO       20 ON MANAGER: OK
 STARTING SUBJECTS         21 TO       39 ON WORKER1: OK
 COLLECTING SUBJECTS        1 TO       20 ON MANAGER
 COLLECTING SUBJECTS       21 TO       39 ON WORKER1
 ITERATION            0
 STARTING SUBJECTS          1 TO       20 ON MANAGER: OK
 STARTING SUBJECTS         21 TO       39 ON WORKER1: OK
 COLLECTING SUBJECTS        1 TO       20 ON MANAGER
 COLLECTING SUBJECTS       21 TO       39 ON WORKER1
 Tot. mngr. proc.   Time for this  Iteration  (DDD:HH:MM:SS.DD) 000:00:00:00.00
 Total Load         Time for this  Iteration  (DDD:HH:MM:SS.DD) 000:00:00:00.17
 Total Computation  Time for this  Iteration  (DDD:HH:MM:SS.DD) 000:00:00:00.95
 Accum. mngr. proc. Time among all Iterations (DDD:HH:MM:SS.DD) 000:00:00:06.04
 Accumulated Load   Time among all Iterations (DDD:HH:MM:SS.DD) 000:00:02:25.55
 Accumulated Comp.  Time among all Iterations (DDD:HH:MM:SS.DD) 000:00:11:31.01
 Accumulated CPU    Time of present job       (DDD:HH:MM:SS.DD) 000:00:23:20.90

 ITERATION         2000
 STARTING SUBJECTS          1 TO       20 ON MANAGER: OK
 STARTING SUBJECTS         21 TO       39 ON WORKER1: OK
 COLLECTING SUBJECTS        1 TO       20 ON MANAGER
 COLLECTING SUBJECTS       21 TO       39 ON WORKER1
 ITERATION         2000
 STARTING SUBJECTS          1 TO       20 ON MANAGER: OK
 STARTING SUBJECTS         21 TO       39 ON WORKER1: OK
 COLLECTING SUBJECTS        1 TO       20 ON MANAGER
 COLLECTING SUBJECTS       21 TO       39 ON WORKER1
 ITERATION         2000
 STARTING SUBJECTS          1 TO       20 ON MANAGER: OK
 STARTING SUBJECTS         21 TO       39 ON WORKER1: OK
 COLLECTING SUBJECTS        1 TO       20 ON MANAGER
 COLLECTING SUBJECTS       21 TO       39 ON WORKER1
 ITERATION         2000
 STARTING SUBJECTS          1 TO       20 ON MANAGER: OK
 STARTING SUBJECTS         21 TO       39 ON WORKER1: OK
 COLLECTING SUBJECTS        1 TO       20 ON MANAGER
 COLLECTING SUBJECTS       21 TO       39 ON WORKER1
 ITERATION         2000
 STARTING SUBJECTS          1 TO       20 ON MANAGER: OK
 STARTING SUBJECTS         21 TO       39 ON WORKER1: OK
 COLLECTING SUBJECTS        1 TO       20 ON MANAGER
 COLLECTING SUBJECTS       21 TO       39 ON WORKER1
 ITERATION         2000
 STARTING SUBJECTS          1 TO       20 ON MANAGER: OK
 STARTING SUBJECTS         21 TO       39 ON WORKER1: OK
 COLLECTING SUBJECTS        1 TO       20 ON MANAGER
 COLLECTING SUBJECTS       21 TO       39 ON WORKER1
 ITERATION         2000
 STARTING SUBJECTS          1 TO       20 ON MANAGER: OK
 STARTING SUBJECTS         21 TO       39 ON WORKER1: OK
 COLLECTING SUBJECTS        1 TO       20 ON MANAGER
 COLLECTING SUBJECTS       21 TO       39 ON WORKER1
 ITERATION         2000
 STARTING SUBJECTS          1 TO       20 ON MANAGER: OK
 STARTING SUBJECTS         21 TO       39 ON WORKER1: OK
 COLLECTING SUBJECTS        1 TO       20 ON MANAGER
 COLLECTING SUBJECTS       21 TO       39 ON WORKER1
 ITERATION         2000
 STARTING SUBJECTS          1 TO       20 ON MANAGER: OK
 STARTING SUBJECTS         21 TO       39 ON WORKER1: OK
 COLLECTING SUBJECTS        1 TO       20 ON MANAGER
 COLLECTING SUBJECTS       21 TO       39 ON WORKER1
 ITERATION         2000
 STARTING SUBJECTS          1 TO       20 ON MANAGER: OK
 STARTING SUBJECTS         21 TO       39 ON WORKER1: OK
 COLLECTING SUBJECTS        1 TO       20 ON MANAGER
 COLLECTING SUBJECTS       21 TO       39 ON WORKER1
 ITERATION         2000
 STARTING SUBJECTS          1 TO       20 ON MANAGER: OK
 STARTING SUBJECTS         21 TO       39 ON WORKER1: OK
 COLLECTING SUBJECTS        1 TO       20 ON MANAGER
 COLLECTING SUBJECTS       21 TO       39 ON WORKER1
 ITERATION         2000
 STARTING SUBJECTS          1 TO       20 ON MANAGER: OK
 STARTING SUBJECTS         21 TO       39 ON WORKER1: OK
 COLLECTING SUBJECTS        1 TO       20 ON MANAGER
 COLLECTING SUBJECTS       21 TO       39 ON WORKER1
 ITERATION         2000
 STARTING SUBJECTS          1 TO       20 ON MANAGER: OK
 STARTING SUBJECTS         21 TO       39 ON WORKER1: OK
 COLLECTING SUBJECTS        1 TO       20 ON MANAGER
 COLLECTING SUBJECTS       21 TO       39 ON WORKER1
 ITERATION         2000
 STARTING SUBJECTS          1 TO       20 ON MANAGER: OK
 STARTING SUBJECTS         21 TO       39 ON WORKER1: OK
 COLLECTING SUBJECTS        1 TO       20 ON MANAGER
 COLLECTING SUBJECTS       21 TO       39 ON WORKER1
 ITERATION         2000
 STARTING SUBJECTS          1 TO       20 ON MANAGER: OK
 STARTING SUBJECTS         21 TO       39 ON WORKER1: OK
 COLLECTING SUBJECTS        1 TO       20 ON MANAGER
 COLLECTING SUBJECTS       21 TO       39 ON WORKER1
 ITERATION         2000
 STARTING SUBJECTS          1 TO       20 ON MANAGER: OK
 STARTING SUBJECTS         21 TO       39 ON WORKER1: OK
 COLLECTING SUBJECTS        1 TO       20 ON MANAGER
 COLLECTING SUBJECTS       21 TO       39 ON WORKER1
 ITERATION         2000
 STARTING SUBJECTS          1 TO       20 ON MANAGER: OK
 STARTING SUBJECTS         21 TO       39 ON WORKER1: OK
 COLLECTING SUBJECTS        1 TO       20 ON MANAGER
 COLLECTING SUBJECTS       21 TO       39 ON WORKER1
 ITERATION         2000
 STARTING SUBJECTS          1 TO       20 ON MANAGER: OK
 STARTING SUBJECTS         21 TO       39 ON WORKER1: OK
 COLLECTING SUBJECTS        1 TO       20 ON MANAGER
 COLLECTING SUBJECTS       21 TO       39 ON WORKER1
 ITERATION         2000
 STARTING SUBJECTS          1 TO       20 ON MANAGER: OK
 STARTING SUBJECTS         21 TO       39 ON WORKER1: OK
 COLLECTING SUBJECTS        1 TO       20 ON MANAGER
 COLLECTING SUBJECTS       21 TO       39 ON WORKER1
 ITERATION         2000
 STARTING SUBJECTS          1 TO       20 ON MANAGER: OK
 STARTING SUBJECTS         21 TO       39 ON WORKER1: OK
 COLLECTING SUBJECTS        1 TO       20 ON MANAGER
 COLLECTING SUBJECTS       21 TO       39 ON WORKER1
 ITERATION         2000
 STARTING SUBJECTS          1 TO       20 ON MANAGER: OK
 STARTING SUBJECTS         21 TO       39 ON WORKER1: OK
 COLLECTING SUBJECTS        1 TO       20 ON MANAGER
 COLLECTING SUBJECTS       21 TO       39 ON WORKER1
 ITERATION         2000
 STARTING SUBJECTS          1 TO       20 ON MANAGER: OK
 STARTING SUBJECTS         21 TO       39 ON WORKER1: OK
 COLLECTING SUBJECTS        1 TO       20 ON MANAGER
 COLLECTING SUBJECTS       21 TO       39 ON WORKER1
 ITERATION         2000
 STARTING SUBJECTS          1 TO       20 ON MANAGER: OK
 STARTING SUBJECTS         21 TO       39 ON WORKER1: OK
 COLLECTING SUBJECTS        1 TO       20 ON MANAGER
 COLLECTING SUBJECTS       21 TO       39 ON WORKER1
 ITERATION         2000
 STARTING SUBJECTS          1 TO       20 ON MANAGER: OK
 STARTING SUBJECTS         21 TO       39 ON WORKER1: OK
 COLLECTING SUBJECTS        1 TO       20 ON MANAGER
 COLLECTING SUBJECTS       21 TO       39 ON WORKER1
 ITERATION         2000
 STARTING SUBJECTS          1 TO       20 ON MANAGER: OK
 STARTING SUBJECTS         21 TO       39 ON WORKER1: OK
 COLLECTING SUBJECTS        1 TO       20 ON MANAGER
 COLLECTING SUBJECTS       21 TO       39 ON WORKER1
 ITERATION         2000
 STARTING SUBJECTS          1 TO       20 ON MANAGER: OK
 STARTING SUBJECTS         21 TO       39 ON WORKER1: OK
 COLLECTING SUBJECTS        1 TO       20 ON MANAGER
 COLLECTING SUBJECTS       21 TO       39 ON WORKER1
 ITERATION         2000
 STARTING SUBJECTS          1 TO       20 ON MANAGER: OK
 STARTING SUBJECTS         21 TO       39 ON WORKER1: OK
 COLLECTING SUBJECTS        1 TO       20 ON MANAGER
 COLLECTING SUBJECTS       21 TO       39 ON WORKER1
 ITERATION         2000
 STARTING SUBJECTS          1 TO       20 ON MANAGER: OK
 STARTING SUBJECTS         21 TO       39 ON WORKER1: OK
 COLLECTING SUBJECTS        1 TO       20 ON MANAGER
 COLLECTING SUBJECTS       21 TO       39 ON WORKER1
 ITERATION         2000
 STARTING SUBJECTS          1 TO       20 ON MANAGER: OK
 STARTING SUBJECTS         21 TO       39 ON WORKER1: OK
 COLLECTING SUBJECTS        1 TO       20 ON MANAGER
 COLLECTING SUBJECTS       21 TO       39 ON WORKER1
 ITERATION         2000
 STARTING SUBJECTS          1 TO       20 ON MANAGER: OK
 STARTING SUBJECTS         21 TO       39 ON WORKER1: OK
 COLLECTING SUBJECTS        1 TO       20 ON MANAGER
 COLLECTING SUBJECTS       21 TO       39 ON WORKER1
 ITERATION         2000
 STARTING SUBJECTS          1 TO       20 ON MANAGER: OK
 STARTING SUBJECTS         21 TO       39 ON WORKER1: OK
 COLLECTING SUBJECTS        1 TO       20 ON MANAGER
 COLLECTING SUBJECTS       21 TO       39 ON WORKER1
 ITERATION         2000
 STARTING SUBJECTS          1 TO       20 ON MANAGER: OK
 STARTING SUBJECTS         21 TO       39 ON WORKER1: OK
 COLLECTING SUBJECTS        1 TO       20 ON MANAGER
 COLLECTING SUBJECTS       21 TO       39 ON WORKER1
 ITERATION         2000
 STARTING SUBJECTS          1 TO       20 ON MANAGER: OK
 STARTING SUBJECTS         21 TO       39 ON WORKER1: OK
 COLLECTING SUBJECTS        1 TO       20 ON MANAGER
 COLLECTING SUBJECTS       21 TO       39 ON WORKER1
 ITERATION         2000
 STARTING SUBJECTS          1 TO       20 ON MANAGER: OK
 STARTING SUBJECTS         21 TO       39 ON WORKER1: OK
 COLLECTING SUBJECTS        1 TO       20 ON MANAGER
 COLLECTING SUBJECTS       21 TO       39 ON WORKER1
 ITERATION         2000
 STARTING SUBJECTS          1 TO       20 ON MANAGER: OK
 STARTING SUBJECTS         21 TO       39 ON WORKER1: OK
 COLLECTING SUBJECTS        1 TO       20 ON MANAGER
 COLLECTING SUBJECTS       21 TO       39 ON WORKER1
 ITERATION         2000
 STARTING SUBJECTS          1 TO       20 ON MANAGER: OK
 STARTING SUBJECTS         21 TO       39 ON WORKER1: OK
 COLLECTING SUBJECTS        1 TO       20 ON MANAGER
 COLLECTING SUBJECTS       21 TO       39 ON WORKER1
 ITERATION         2000
 STARTING SUBJECTS          1 TO       20 ON MANAGER: OK
 STARTING SUBJECTS         21 TO       39 ON WORKER1: OK
 COLLECTING SUBJECTS        1 TO       20 ON MANAGER
 COLLECTING SUBJECTS       21 TO       39 ON WORKER1
 ITERATION         2000
 STARTING SUBJECTS          1 TO       20 ON MANAGER: OK
 STARTING SUBJECTS         21 TO       39 ON WORKER1: OK
 COLLECTING SUBJECTS        1 TO       20 ON MANAGER
 COLLECTING SUBJECTS       21 TO       39 ON WORKER1
 ITERATION         2000
 STARTING SUBJECTS          1 TO       20 ON MANAGER: OK
 STARTING SUBJECTS         21 TO       39 ON WORKER1: OK
 COLLECTING SUBJECTS        1 TO       20 ON MANAGER
 COLLECTING SUBJECTS       21 TO       39 ON WORKER1
 ITERATION         2000
 STARTING SUBJECTS          1 TO       20 ON MANAGER: OK
 STARTING SUBJECTS         21 TO       39 ON WORKER1: OK
 COLLECTING SUBJECTS        1 TO       20 ON MANAGER
 COLLECTING SUBJECTS       21 TO       39 ON WORKER1
 ITERATION         2000
 STARTING SUBJECTS          1 TO       20 ON MANAGER: OK
 STARTING SUBJECTS         21 TO       39 ON WORKER1: OK
 COLLECTING SUBJECTS        1 TO       20 ON MANAGER
 COLLECTING SUBJECTS       21 TO       39 ON WORKER1
 ITERATION         2000
 STARTING SUBJECTS          1 TO       20 ON MANAGER: OK
 STARTING SUBJECTS         21 TO       39 ON WORKER1: OK
 COLLECTING SUBJECTS        1 TO       20 ON MANAGER
 COLLECTING SUBJECTS       21 TO       39 ON WORKER1
 ITERATION         2000
 STARTING SUBJECTS          1 TO       20 ON MANAGER: OK
 STARTING SUBJECTS         21 TO       39 ON WORKER1: OK
 COLLECTING SUBJECTS        1 TO       20 ON MANAGER
 COLLECTING SUBJECTS       21 TO       39 ON WORKER1
 ITERATION         2000
 STARTING SUBJECTS          1 TO       20 ON MANAGER: OK
 STARTING SUBJECTS         21 TO       39 ON WORKER1: OK
 COLLECTING SUBJECTS        1 TO       20 ON MANAGER
 COLLECTING SUBJECTS       21 TO       39 ON WORKER1
 ITERATION         2000
 STARTING SUBJECTS          1 TO       20 ON MANAGER: OK
 STARTING SUBJECTS         21 TO       39 ON WORKER1: OK
 COLLECTING SUBJECTS        1 TO       20 ON MANAGER
 COLLECTING SUBJECTS       21 TO       39 ON WORKER1
 ITERATION         2000
 STARTING SUBJECTS          1 TO       20 ON MANAGER: OK
 STARTING SUBJECTS         21 TO       39 ON WORKER1: OK
 COLLECTING SUBJECTS        1 TO       20 ON MANAGER
 COLLECTING SUBJECTS       21 TO       39 ON WORKER1
 ITERATION         2000
 STARTING SUBJECTS          1 TO       20 ON MANAGER: OK
 STARTING SUBJECTS         21 TO       39 ON WORKER1: OK
 COLLECTING SUBJECTS        1 TO       20 ON MANAGER
 COLLECTING SUBJECTS       21 TO       39 ON WORKER1
 ITERATION         2000
 STARTING SUBJECTS          1 TO       20 ON MANAGER: OK
 STARTING SUBJECTS         21 TO       39 ON WORKER1: OK
 COLLECTING SUBJECTS        1 TO       20 ON MANAGER
 COLLECTING SUBJECTS       21 TO       39 ON WORKER1
 ITERATION         2000
 STARTING SUBJECTS          1 TO       20 ON MANAGER: OK
 STARTING SUBJECTS         21 TO       39 ON WORKER1: OK
 COLLECTING SUBJECTS        1 TO       20 ON MANAGER
 COLLECTING SUBJECTS       21 TO       39 ON WORKER1
 ITERATION         2000
 STARTING SUBJECTS          1 TO       20 ON MANAGER: OK
 STARTING SUBJECTS         21 TO       39 ON WORKER1: OK
 COLLECTING SUBJECTS        1 TO       20 ON MANAGER
 COLLECTING SUBJECTS       21 TO       39 ON WORKER1
 ITERATION         2000
 STARTING SUBJECTS          1 TO       20 ON MANAGER: OK
 STARTING SUBJECTS         21 TO       39 ON WORKER1: OK
 COLLECTING SUBJECTS        1 TO       20 ON MANAGER
 COLLECTING SUBJECTS       21 TO       39 ON WORKER1
 ITERATION         2000
 STARTING SUBJECTS          1 TO       20 ON MANAGER: OK
 STARTING SUBJECTS         21 TO       39 ON WORKER1: OK
 COLLECTING SUBJECTS        1 TO       20 ON MANAGER
 COLLECTING SUBJECTS       21 TO       39 ON WORKER1
 ITERATION         2000
 STARTING SUBJECTS          1 TO       20 ON MANAGER: OK
 STARTING SUBJECTS         21 TO       39 ON WORKER1: OK
 COLLECTING SUBJECTS        1 TO       20 ON MANAGER
 COLLECTING SUBJECTS       21 TO       39 ON WORKER1
 ITERATION         2000
 STARTING SUBJECTS          1 TO       20 ON MANAGER: OK
 STARTING SUBJECTS         21 TO       39 ON WORKER1: OK
 COLLECTING SUBJECTS        1 TO       20 ON MANAGER
 COLLECTING SUBJECTS       21 TO       39 ON WORKER1
 ITERATION         2000
 STARTING SUBJECTS          1 TO       20 ON MANAGER: OK
 STARTING SUBJECTS         21 TO       39 ON WORKER1: OK
 COLLECTING SUBJECTS        1 TO       20 ON MANAGER
 COLLECTING SUBJECTS       21 TO       39 ON WORKER1
 ITERATION         2000
 STARTING SUBJECTS          1 TO       20 ON MANAGER: OK
 STARTING SUBJECTS         21 TO       39 ON WORKER1: OK
 COLLECTING SUBJECTS        1 TO       20 ON MANAGER
 COLLECTING SUBJECTS       21 TO       39 ON WORKER1
 ITERATION         2000
 STARTING SUBJECTS          1 TO       20 ON MANAGER: OK
 STARTING SUBJECTS         21 TO       39 ON WORKER1: OK
 COLLECTING SUBJECTS        1 TO       20 ON MANAGER
 COLLECTING SUBJECTS       21 TO       39 ON WORKER1
 ITERATION         2000
 STARTING SUBJECTS          1 TO       20 ON MANAGER: OK
 STARTING SUBJECTS         21 TO       39 ON WORKER1: OK
 COLLECTING SUBJECTS        1 TO       20 ON MANAGER
 COLLECTING SUBJECTS       21 TO       39 ON WORKER1
 ITERATION         2000
 STARTING SUBJECTS          1 TO       20 ON MANAGER: OK
 STARTING SUBJECTS         21 TO       39 ON WORKER1: OK
 COLLECTING SUBJECTS        1 TO       20 ON MANAGER
 COLLECTING SUBJECTS       21 TO       39 ON WORKER1
 ITERATION         2000
 STARTING SUBJECTS          1 TO       20 ON MANAGER: OK
 STARTING SUBJECTS         21 TO       39 ON WORKER1: OK
 COLLECTING SUBJECTS        1 TO       20 ON MANAGER
 COLLECTING SUBJECTS       21 TO       39 ON WORKER1
 ITERATION         2000
 STARTING SUBJECTS          1 TO       20 ON MANAGER: OK
 STARTING SUBJECTS         21 TO       39 ON WORKER1: OK
 COLLECTING SUBJECTS        1 TO       20 ON MANAGER
 COLLECTING SUBJECTS       21 TO       39 ON WORKER1
 ITERATION         2000
 STARTING SUBJECTS          1 TO       20 ON MANAGER: OK
 STARTING SUBJECTS         21 TO       39 ON WORKER1: OK
 COLLECTING SUBJECTS        1 TO       20 ON MANAGER
 COLLECTING SUBJECTS       21 TO       39 ON WORKER1
 ITERATION         2000
 STARTING SUBJECTS          1 TO       20 ON MANAGER: OK
 STARTING SUBJECTS         21 TO       39 ON WORKER1: OK
 COLLECTING SUBJECTS        1 TO       20 ON MANAGER
 COLLECTING SUBJECTS       21 TO       39 ON WORKER1
 ITERATION         2000
 STARTING SUBJECTS          1 TO       20 ON MANAGER: OK
 STARTING SUBJECTS         21 TO       39 ON WORKER1: OK
 COLLECTING SUBJECTS        1 TO       20 ON MANAGER
 COLLECTING SUBJECTS       21 TO       39 ON WORKER1
 ITERATION         2000
 STARTING SUBJECTS          1 TO       20 ON MANAGER: OK
 STARTING SUBJECTS         21 TO       39 ON WORKER1: OK
 COLLECTING SUBJECTS        1 TO       20 ON MANAGER
 COLLECTING SUBJECTS       21 TO       39 ON WORKER1
 ITERATION         2000
 STARTING SUBJECTS          1 TO       20 ON MANAGER: OK
 STARTING SUBJECTS         21 TO       39 ON WORKER1: OK
 COLLECTING SUBJECTS        1 TO       20 ON MANAGER
 COLLECTING SUBJECTS       21 TO       39 ON WORKER1
 ITERATION         2000
 STARTING SUBJECTS          1 TO       20 ON MANAGER: OK
 STARTING SUBJECTS         21 TO       39 ON WORKER1: OK
 COLLECTING SUBJECTS        1 TO       20 ON MANAGER
 COLLECTING SUBJECTS       21 TO       39 ON WORKER1
 ITERATION         2000
 STARTING SUBJECTS          1 TO       20 ON MANAGER: OK
 STARTING SUBJECTS         21 TO       39 ON WORKER1: OK
 COLLECTING SUBJECTS        1 TO       20 ON MANAGER
 COLLECTING SUBJECTS       21 TO       39 ON WORKER1
PARAFILE=2005-2.pnm, PROTOCOL=MPI, NODES= 2
FNLETA STEP : Problem=1 Subproblem=0 Superproblem1=0 Iteration1=0 Superproblem2=0 Iteration2=0
 ITERATION            0
 STARTING SUBJECTS          1 TO       20 ON MANAGER: OK
 STARTING SUBJECTS         21 TO       39 ON WORKER1: OK
 COLLECTING SUBJECTS        1 TO       20 ON MANAGER
 COLLECTING SUBJECTS       21 TO       39 ON WORKER1
PARAFILE=2005-2.pnm, PROTOCOL=MPI, NODES= 2
WRES STEP : Problem=1 Subproblem=0 Superproblem1=0 Iteration1=0 Superproblem2=0 Iteration2=0
 ITERATION            0
 STARTING SUBJECTS          1 TO       20 ON MANAGER: OK
 STARTING SUBJECTS         21 TO       39 ON WORKER1: OK
 COLLECTING SUBJECTS        1 TO       20 ON MANAGER
 COLLECTING SUBJECTS       21 TO       39 ON WORKER1
 Tot. mngr. proc.   Time for this  Iteration  (DDD:HH:MM:SS.DD) 000:00:00:00.00
 Total Load         Time for this  Iteration  (DDD:HH:MM:SS.DD) 000:00:00:00.00
 Total Computation  Time for this  Iteration  (DDD:HH:MM:SS.DD) 000:00:00:00.00
 Accum. mngr. proc. Time among all Iterations (DDD:HH:MM:SS.DD) 000:00:00:00.00
 Accumulated Load   Time among all Iterations (DDD:HH:MM:SS.DD) 000:00:00:00.00
 Accumulated Comp.  Time among all Iterations (DDD:HH:MM:SS.DD) 000:00:00:00.00
 Accumulated CPU    Time of present job       (DDD:HH:MM:SS.DD) 000:00:23:20.90

 ITERATION            1
 STARTING SUBJECTS          1 TO       18 ON MANAGER: OK
 STARTING SUBJECTS         19 TO       39 ON WORKER1: OK
 COLLECTING SUBJECTS        1 TO       18 ON MANAGER
 COLLECTING SUBJECTS       19 TO       39 ON WORKER1
